TN:
SF:src/api/queryClient.ts
FNF:0
FNH:0
DA:4,12
LF:1
LH:1
BRF:0
BRH:0
end_of_record
TN:
SF:src/api/utils.ts
FN:31,(anonymous_0)
FN:39,(anonymous_1)
FNF:2
FNH:2
FNDA:5,(anonymous_0)
FNDA:5,(anonymous_1)
DA:3,113
DA:31,113
DA:32,5
DA:33,5
DA:35,2
DA:39,113
DA:40,5
DA:42,4
DA:43,3
LF:9
LH:9
BRDA:40,0,0,1
BRDA:40,0,1,4
BRDA:42,1,0,1
BRDA:42,1,1,3
BRF:4
BRH:4
end_of_record
TN:
SF:src/api/hooks/useCombiners/useCreateCombiner.ts
FN:11,(anonymous_0)
FN:15,(anonymous_1)
FN:21,(anonymous_2)
FNF:3
FNH:3
FNDA:4,(anonymous_0)
FNDA:1,(anonymous_1)
FNDA:1,(anonymous_2)
DA:11,1
DA:12,4
DA:13,4
DA:15,4
DA:16,1
DA:19,4
DA:22,1
LF:7
LH:7
BRF:0
BRH:0
end_of_record
TN:
SF:src/api/hooks/useCombiners/useDeleteCombiner.ts
FN:11,(anonymous_0)
FN:15,(anonymous_1)
FN:21,(anonymous_2)
FNF:3
FNH:3
FNDA:3,(anonymous_0)
FNDA:1,(anonymous_1)
FNDA:1,(anonymous_2)
DA:11,1
DA:12,3
DA:13,3
DA:15,3
DA:16,1
DA:19,3
DA:22,1
LF:7
LH:7
BRF:0
BRH:0
end_of_record
TN:
SF:src/api/hooks/useCombiners/useGetCombiner.ts
FN:7,(anonymous_0)
FN:12,(anonymous_1)
FNF:2
FNH:2
FNDA:3,(anonymous_0)
FNDA:1,(anonymous_1)
DA:7,1
DA:8,3
DA:10,3
DA:12,1
LF:4
LH:4
BRF:0
BRH:0
end_of_record
TN:
SF:src/api/hooks/useCombiners/useListCombinerMappingInstructions.ts
FN:7,(anonymous_0)
FN:18,(anonymous_1)
FNF:2
FNH:2
FNDA:3,(anonymous_0)
FNDA:1,(anonymous_1)
DA:7,1
DA:8,3
DA:10,3
DA:18,1
LF:4
LH:4
BRF:0
BRH:0
end_of_record
TN:
SF:src/api/hooks/useCombiners/useListCombinerMappings.ts
FN:7,(anonymous_0)
FN:12,(anonymous_1)
FNF:2
FNH:2
FNDA:3,(anonymous_0)
FNDA:1,(anonymous_1)
DA:7,1
DA:8,3
DA:10,3
DA:12,1
LF:4
LH:4
BRF:0
BRH:0
end_of_record
TN:
SF:src/api/hooks/useCombiners/useListCombiners.ts
FN:7,(anonymous_0)
FN:12,(anonymous_1)
FNF:2
FNH:2
FNDA:15,(anonymous_0)
FNDA:4,(anonymous_1)
DA:7,2
DA:8,15
DA:10,15
DA:12,4
LF:4
LH:4
BRF:0
BRH:0
end_of_record
TN:
SF:src/api/hooks/useCombiners/useUpdateCombiner.ts
FN:12,(anonymous_0)
FN:16,(anonymous_1)
FN:22,(anonymous_2)
FNF:3
FNH:3
FNDA:4,(anonymous_0)
FNDA:1,(anonymous_1)
FNDA:1,(anonymous_2)
DA:12,1
DA:13,4
DA:14,4
DA:16,4
DA:17,1
DA:20,4
DA:23,1
LF:7
LH:7
BRF:0
BRH:0
end_of_record
TN:
SF:src/api/hooks/useConnection/useGetAdaptersStatus.ts
FN:6,(anonymous_0)
FN:11,(anonymous_1)
FNF:2
FNH:2
FNDA:3,(anonymous_0)
FNDA:1,(anonymous_1)
DA:6,1
DA:7,3
DA:9,3
DA:11,1
LF:4
LH:4
BRF:0
BRH:0
end_of_record
TN:
SF:src/api/hooks/useConnection/useGetBridgesStatus.ts
FN:6,(anonymous_0)
FN:11,(anonymous_1)
FNF:2
FNH:2
FNDA:3,(anonymous_0)
FNDA:1,(anonymous_1)
DA:6,1
DA:7,3
DA:9,3
DA:11,1
LF:4
LH:4
BRF:0
BRH:0
end_of_record
TN:
SF:src/api/hooks/useDomainModel/useGetCombinedDataSchemas.ts
FN:13,(anonymous_0)
FN:17,(anonymous_1)
FN:21,(anonymous_2)
FN:30,(anonymous_3)
FN:33,(anonymous_4)
FNF:5
FNH:5
FNDA:60,(anonymous_0)
FNDA:81,(anonymous_1)
FNDA:17,(anonymous_2)
FNDA:10,(anonymous_3)
FNDA:10,(anonymous_4)
DA:13,3
DA:14,60
DA:16,60
DA:18,81
DA:22,17
DA:31,10
DA:33,10
LF:7
LH:7
BRDA:18,0,0,51
BRDA:18,0,1,30
BRF:2
BRH:2
end_of_record
TN:
SF:src/api/hooks/useDomainModel/useGetCombinedEntities.ts
FN:8,(anonymous_0)
FN:13,(anonymous_1)
FN:17,(anonymous_2)
FN:22,(anonymous_3)
FNF:4
FNH:4
FNDA:30,(anonymous_0)
FNDA:60,(anonymous_1)
FNDA:10,(anonymous_2)
FNDA:10,(anonymous_3)
DA:8,2
DA:9,30
DA:12,30
DA:14,60
DA:17,10
DA:22,10
LF:6
LH:6
BRDA:14,0,0,30
BRDA:14,0,1,30
BRF:2
BRH:2
end_of_record
TN:
SF:src/api/hooks/useDomainModel/useGetDomainTag.ts
FN:8,(anonymous_0)
FN:13,(anonymous_1)
FNF:2
FNH:2
FNDA:6,(anonymous_0)
FNDA:2,(anonymous_1)
DA:8,1
DA:9,6
DA:11,6
DA:13,2
LF:4
LH:4
BRF:0
BRH:0
end_of_record
TN:
SF:src/api/hooks/useDomainModel/useGetDomainTagSchema.ts
FN:8,(anonymous_0)
FN:13,(anonymous_1)
FNF:2
FNH:2
FNDA:16,(anonymous_0)
FNDA:3,(anonymous_1)
DA:8,2
DA:9,16
DA:11,16
DA:13,3
LF:4
LH:4
BRF:0
BRH:0
end_of_record
TN:
SF:src/api/hooks/useDomainModel/useGetSamplesForTopic.ts
FN:8,(anonymous_0)
FN:13,(anonymous_1)
FNF:2
FNH:2
FNDA:10,(anonymous_0)
FNDA:2,(anonymous_1)
DA:8,4
DA:9,10
DA:11,10
DA:13,2
LF:4
LH:4
BRDA:8,0,0,2
BRF:1
BRH:1
end_of_record
TN:
SF:src/api/hooks/useDomainModel/useGetSchemaForTopic.ts
FN:8,(anonymous_0)
FN:13,(anonymous_1)
FNF:2
FNH:2
FNDA:10,(anonymous_0)
FNDA:2,(anonymous_1)
DA:8,4
DA:9,10
DA:11,10
DA:13,2
LF:4
LH:4
BRDA:8,0,0,2
BRF:1
BRH:1
end_of_record
TN:
SF:src/api/hooks/useDomainModel/useListDomainNorthboundMappings.ts
FN:8,(anonymous_0)
FN:13,(anonymous_1)
FNF:2
FNH:2
FNDA:30,(anonymous_0)
FNDA:10,(anonymous_1)
DA:8,6
DA:9,30
DA:11,30
DA:13,10
LF:4
LH:4
BRF:0
BRH:0
end_of_record
TN:
SF:src/api/hooks/useDomainModel/useListDomainSouthboundMappings.ts
FN:8,(anonymous_0)
FN:13,(anonymous_1)
FNF:2
FNH:2
FNDA:30,(anonymous_0)
FNDA:10,(anonymous_1)
DA:8,6
DA:9,30
DA:11,30
DA:13,10
LF:4
LH:4
BRF:0
BRH:0
end_of_record
TN:
SF:src/api/hooks/useDomainModel/useListDomainTags.ts
FN:8,(anonymous_0)
FN:13,(anonymous_1)
FNF:2
FNH:2
FNDA:30,(anonymous_0)
FNDA:10,(anonymous_1)
DA:8,6
DA:9,30
DA:11,30
DA:13,10
LF:4
LH:4
BRF:0
BRH:0
end_of_record
TN:
SF:src/api/hooks/useDomainModel/useSamplingForTopic.ts
FN:7,(anonymous_0)
FN:30,(anonymous_1)
FN:34,(anonymous_2)
FNF:3
FNH:3
FNDA:5,(anonymous_0)
FNDA:1,(anonymous_1)
FNDA:3,(anonymous_2)
DA:7,3
DA:14,5
DA:21,5
DA:28,5
DA:30,5
DA:31,1
DA:34,5
DA:35,3
DA:36,2
DA:37,2
DA:38,1
DA:39,1
DA:40,0
DA:41,0
DA:44,2
DA:47,5
DA:48,5
DA:49,5
DA:50,5
DA:52,5
LF:20
LH:18
BRDA:35,0,0,1
BRDA:35,0,1,2
BRDA:37,1,0,1
BRDA:37,1,1,1
BRDA:39,2,0,0
BRDA:39,2,1,1
BRDA:47,3,0,5
BRDA:47,3,1,4
BRDA:47,3,2,3
BRDA:48,4,0,5
BRDA:48,4,1,5
BRDA:48,4,2,5
BRDA:49,5,0,5
BRDA:49,5,1,5
BRDA:49,5,2,5
BRDA:50,6,0,5
BRDA:50,6,1,2
BRF:17
BRH:16
end_of_record
TN:
SF:src/api/hooks/useDomainModel/useStartSamplingForTopic.ts
FN:6,(anonymous_0)
FN:9,(anonymous_1)
FNF:2
FNH:2
FNDA:8,(anonymous_0)
FNDA:2,(anonymous_1)
DA:6,4
DA:7,8
DA:9,8
DA:10,2
DA:13,8
LF:5
LH:5
BRF:0
BRH:0
end_of_record
TN:
SF:src/api/hooks/useEvents/useGetEvents.ts
FN:6,(anonymous_0)
FN:11,(anonymous_1)
FNF:2
FNH:2
FNDA:3,(anonymous_0)
FNDA:1,(anonymous_1)
DA:6,1
DA:7,3
DA:9,3
DA:11,1
LF:4
LH:4
BRF:0
BRH:0
end_of_record
TN:
SF:src/api/hooks/useFrontendServices/useGetCapabilities.ts
FN:6,(anonymous_0)
FN:11,(anonymous_1)
FNF:2
FNH:2
FNDA:38,(anonymous_0)
FNDA:11,(anonymous_1)
DA:6,5
DA:7,38
DA:9,38
DA:11,11
LF:4
LH:4
BRF:0
BRH:0
end_of_record
TN:
SF:src/api/hooks/useFrontendServices/useGetCapability.ts
FN:6,(anonymous_0)
FN:9,(anonymous_1)
FN:12,(anonymous_2)
FNF:3
FNH:3
FNDA:32,(anonymous_0)
FNDA:18,(anonymous_1)
FNDA:17,(anonymous_2)
DA:6,4
DA:7,32
DA:9,32
DA:10,18
DA:12,17
DA:13,9
DA:15,7
LF:7
LH:7
BRDA:10,0,0,9
BRDA:10,0,1,9
BRDA:10,1,0,18
BRDA:10,1,1,9
BRDA:10,1,2,9
BRDA:13,2,0,2
BRDA:13,2,1,7
BRDA:13,3,0,9
BRDA:13,3,1,7
BRF:9
BRH:9
end_of_record
TN:
SF:src/api/hooks/useFrontendServices/useGetConfiguration.ts
FN:6,(anonymous_0)
FN:11,(anonymous_1)
FNF:2
FNH:2
FNDA:22,(anonymous_0)
FNDA:6,(anonymous_1)
DA:6,5
DA:7,22
DA:9,22
DA:11,6
LF:4
LH:4
BRF:0
BRH:0
end_of_record
TN:
SF:src/api/hooks/useFrontendServices/useGetNotifications.ts
FN:6,(anonymous_0)
FN:11,(anonymous_1)
FNF:2
FNH:2
FNDA:17,(anonymous_0)
FNDA:4,(anonymous_1)
DA:6,3
DA:7,17
DA:9,17
DA:11,4
LF:4
LH:4
BRF:0
BRH:0
end_of_record
TN:
SF:src/api/hooks/useGateway/useGetListeners.ts
FN:6,(anonymous_0)
FN:11,(anonymous_1)
FNF:2
FNH:2
FNDA:15,(anonymous_0)
FNDA:4,(anonymous_1)
DA:6,2
DA:7,15
DA:9,15
DA:11,4
LF:4
LH:4
BRF:0
BRH:0
end_of_record
TN:
SF:src/api/hooks/useGetBridges/useCreateBridge.ts
FN:7,(anonymous_0)
FN:11,(anonymous_1)
FN:17,(anonymous_2)
FNF:3
FNH:3
FNDA:4,(anonymous_0)
FNDA:1,(anonymous_1)
FNDA:1,(anonymous_2)
DA:7,1
DA:8,4
DA:9,4
DA:11,4
DA:12,1
DA:15,4
DA:18,1
LF:7
LH:7
BRF:0
BRH:0
end_of_record
TN:
SF:src/api/hooks/useGetBridges/useDeleteBridge.ts
FN:7,(anonymous_0)
FN:11,(anonymous_1)
FN:17,(anonymous_2)
FNF:3
FNH:3
FNDA:3,(anonymous_0)
FNDA:1,(anonymous_1)
FNDA:1,(anonymous_2)
DA:7,1
DA:8,3
DA:9,3
DA:11,3
DA:12,1
DA:15,3
DA:18,1
LF:7
LH:7
BRF:0
BRH:0
end_of_record
TN:
SF:src/api/hooks/useGetBridges/useGetBridge.ts
FN:5,(anonymous_0)
FN:10,(anonymous_1)
FNF:2
FNH:2
FNDA:3,(anonymous_0)
FNDA:1,(anonymous_1)
DA:5,1
DA:6,3
DA:8,3
DA:10,1
LF:4
LH:4
BRF:0
BRH:0
end_of_record
TN:
SF:src/api/hooks/useGetBridges/useGetBridgeConnectionStatus.ts
FN:10,(anonymous_0)
FN:15,(anonymous_1)
FNF:2
FNH:2
FNDA:3,(anonymous_0)
FNDA:1,(anonymous_1)
DA:10,1
DA:11,3
DA:13,3
DA:15,1
LF:4
LH:4
BRF:0
BRH:0
end_of_record
TN:
SF:src/api/hooks/useGetBridges/useListBridges.ts
FN:6,(anonymous_0)
FN:11,(anonymous_1)
FNF:2
FNH:2
FNDA:60,(anonymous_0)
FNDA:19,(anonymous_1)
DA:6,12
DA:7,60
DA:9,60
DA:12,19
DA:13,19
LF:5
LH:5
BRF:0
BRH:0
end_of_record
TN:
SF:src/api/hooks/useGetBridges/useSetConnectionStatus.ts
FN:12,(anonymous_0)
FN:16,(anonymous_1)
FN:22,(anonymous_2)
FNF:3
FNH:3
FNDA:4,(anonymous_0)
FNDA:1,(anonymous_1)
FNDA:1,(anonymous_2)
DA:12,1
DA:13,4
DA:14,4
DA:16,4
DA:17,1
DA:20,4
DA:24,1
LF:7
LH:7
BRF:0
BRH:0
end_of_record
TN:
SF:src/api/hooks/useGetBridges/useUpdateBridge.ts
FN:11,(anonymous_0)
FN:15,(anonymous_1)
FN:21,(anonymous_2)
FNF:3
FNH:3
FNDA:4,(anonymous_0)
FNDA:1,(anonymous_1)
FNDA:1,(anonymous_2)
DA:11,1
DA:12,4
DA:13,4
DA:15,4
DA:16,1
DA:19,4
DA:22,1
LF:7
LH:7
BRF:0
BRH:0
end_of_record
TN:
SF:src/api/hooks/useGetMetrics/useGetMetrics.ts
FN:6,(anonymous_0)
FN:11,(anonymous_1)
FNF:2
FNH:2
FNDA:3,(anonymous_0)
FNDA:1,(anonymous_1)
DA:6,1
DA:7,3
DA:9,3
DA:11,1
LF:4
LH:4
BRF:0
BRH:0
end_of_record
TN:
SF:src/api/hooks/useGetMetrics/useGetSample.ts
FN:7,(anonymous_0)
FN:12,(anonymous_1)
FNF:2
FNH:2
FNDA:3,(anonymous_0)
FNDA:1,(anonymous_1)
DA:7,1
DA:8,3
DA:10,3
DA:12,1
LF:4
LH:4
BRF:0
BRH:0
end_of_record
TN:
SF:src/api/hooks/useGitHub/useGetReleases.ts
FN:8,(anonymous_0)
FN:11,(anonymous_1)
FN:12,(anonymous_2)
FNF:3
FNH:3
FNDA:16,(anonymous_0)
FNDA:4,(anonymous_1)
FNDA:4,(anonymous_2)
DA:8,3
DA:9,16
DA:12,4
DA:13,4
DA:14,4
DA:17,4
LF:6
LH:6
BRF:0
BRH:0
end_of_record
TN:
SF:src/api/hooks/useHttpClient/useHttpClient.ts
FN:17,(anonymous_0)
FN:21,(anonymous_1)
FN:26,(anonymous_2)
FN:31,createInstance
FN:35,(anonymous_4)
FN:41,(anonymous_5)
FN:52,(anonymous_6)
FN:56,(anonymous_7)
FN:74,(anonymous_8)
FN:77,createInstance
FNF:10
FNH:9
FNDA:290,(anonymous_0)
FNDA:289,(anonymous_1)
FNDA:931,(anonymous_2)
FNDA:290,createInstance
FNDA:289,(anonymous_4)
FNDA:280,(anonymous_5)
FNDA:9,(anonymous_6)
FNDA:0,(anonymous_7)
FNDA:22,(anonymous_8)
FNDA:6,createInstance
DA:14,103
DA:18,290
DA:22,289
DA:26,103
DA:27,931
DA:28,931
DA:29,931
DA:33,290
DA:34,290
DA:35,290
DA:36,289
DA:37,289
DA:40,290
DA:44,280
DA:46,280
DA:50,280
DA:55,9
DA:56,1
DA:58,9
DA:62,290
DA:71,931
DA:74,103
DA:75,22
DA:78,6
DA:83,22
LF:25
LH:25
BRDA:55,0,0,1
BRDA:55,0,1,8
BRF:2
BRH:2
end_of_record
TN:
SF:src/api/hooks/usePostAuthentication/index.ts
FN:6,(anonymous_0)
FN:7,(anonymous_1)
FNF:2
FNH:2
FNDA:3,(anonymous_0)
FNDA:1,(anonymous_1)
DA:6,2
DA:7,3
DA:8,1
DA:12,1
DA:15,3
LF:5
LH:5
BRF:0
BRH:0
end_of_record
TN:
SF:src/api/hooks/useProtocolAdapters/useCreateDomainTags.ts
FN:13,(anonymous_0)
FN:17,(anonymous_1)
FN:23,(anonymous_2)
FNF:3
FNH:3
FNDA:15,(anonymous_0)
FNDA:2,(anonymous_1)
FNDA:1,(anonymous_2)
DA:13,2
DA:14,15
DA:15,15
DA:17,15
DA:18,2
DA:21,15
DA:24,1
LF:7
LH:7
BRF:0
BRH:0
end_of_record
TN:
SF:src/api/hooks/useProtocolAdapters/useCreateProtocolAdapter.ts
FN:13,(anonymous_0)
FN:17,(anonymous_1)
FN:23,(anonymous_2)
FN:24,(anonymous_3)
FN:35,(anonymous_4)
FNF:5
FNH:5
FNDA:4,(anonymous_0)
FNDA:1,(anonymous_1)
FNDA:1,(anonymous_2)
FNDA:1,(anonymous_3)
FNDA:1,(anonymous_4)
DA:13,1
DA:14,4
DA:15,4
DA:17,4
DA:18,1
DA:21,4
DA:24,1
DA:25,1
DA:30,1
DA:36,1
LF:10
LH:10
BRDA:31,0,0,1
BRDA:31,0,1,1
BRF:2
BRH:2
end_of_record
TN:
SF:src/api/hooks/useProtocolAdapters/useDeleteDomainTags.ts
FN:12,(anonymous_0)
FN:16,(anonymous_1)
FN:22,(anonymous_2)
FNF:3
FNH:3
FNDA:14,(anonymous_0)
FNDA:2,(anonymous_1)
FNDA:1,(anonymous_2)
DA:12,2
DA:13,14
DA:14,14
DA:16,14
DA:17,2
DA:20,14
DA:23,1
LF:7
LH:7
BRF:0
BRH:0
end_of_record
TN:
SF:src/api/hooks/useProtocolAdapters/useDeleteProtocolAdapter.ts
FN:7,(anonymous_0)
FN:11,(anonymous_1)
FN:17,(anonymous_2)
FNF:3
FNH:3
FNDA:3,(anonymous_0)
FNDA:1,(anonymous_1)
FNDA:1,(anonymous_2)
DA:7,1
DA:8,3
DA:9,3
DA:11,3
DA:12,1
DA:15,3
DA:18,1
LF:7
LH:7
BRF:0
BRH:0
end_of_record
TN:
SF:src/api/hooks/useProtocolAdapters/useGetAdapterTypes.ts
FN:6,(anonymous_0)
FN:11,(anonymous_1)
FNF:2
FNH:2
FNDA:107,(anonymous_0)
FNDA:34,(anonymous_1)
DA:6,9
DA:7,107
DA:9,107
DA:11,34
LF:4
LH:4
BRF:0
BRH:0
end_of_record
TN:
SF:src/api/hooks/useProtocolAdapters/useGetDataPoints.ts
FN:6,(anonymous_0)
FN:16,(anonymous_1)
FNF:2
FNH:2
FNDA:3,(anonymous_0)
FNDA:1,(anonymous_1)
DA:6,1
DA:12,3
DA:14,3
DA:16,1
LF:4
LH:4
BRDA:16,0,0,1
BRDA:16,0,1,0
BRDA:17,1,0,3
BRDA:17,1,1,3
BRF:4
BRH:3
end_of_record
TN:
SF:src/api/hooks/useProtocolAdapters/useGetDomainTags.ts
FN:7,(anonymous_0)
FN:12,(anonymous_1)
FNF:2
FNH:2
FNDA:20,(anonymous_0)
FNDA:6,(anonymous_1)
DA:7,4
DA:8,20
DA:10,20
DA:12,6
LF:4
LH:4
BRF:0
BRH:0
end_of_record
TN:
SF:src/api/hooks/useProtocolAdapters/useGetProtocolAdapter.ts
FN:6,(anonymous_0)
FN:11,(anonymous_1)
FNF:2
FNH:2
FNDA:3,(anonymous_0)
FNDA:1,(anonymous_1)
DA:6,1
DA:7,3
DA:9,3
DA:11,1
LF:4
LH:4
BRF:0
BRH:0
end_of_record
TN:
SF:src/api/hooks/useProtocolAdapters/useGetWritingSchema.ts
FN:7,(anonymous_0)
FN:12,(anonymous_1)
FNF:2
FNH:2
FNDA:3,(anonymous_0)
FNDA:1,(anonymous_1)
DA:7,3
DA:8,3
DA:10,3
DA:12,1
LF:4
LH:4
BRF:0
BRH:0
end_of_record
TN:
SF:src/api/hooks/useProtocolAdapters/useListNorthboundMappings.ts
FN:7,(anonymous_0)
FN:12,(anonymous_1)
FNF:2
FNH:2
FNDA:9,(anonymous_0)
FNDA:3,(anonymous_1)
DA:7,2
DA:8,9
DA:10,9
DA:12,3
LF:4
LH:4
BRF:0
BRH:0
end_of_record
TN:
SF:src/api/hooks/useProtocolAdapters/useListProtocolAdapters.ts
FN:6,(anonymous_0)
FN:11,(anonymous_1)
FNF:2
FNH:2
FNDA:98,(anonymous_0)
FNDA:31,(anonymous_1)
DA:6,9
DA:7,98
DA:9,98
DA:12,31
DA:13,31
LF:5
LH:5
BRF:0
BRH:0
end_of_record
TN:
SF:src/api/hooks/useProtocolAdapters/useListSouthboundMappings.ts
FN:7,(anonymous_0)
FN:12,(anonymous_1)
FNF:2
FNH:2
FNDA:9,(anonymous_0)
FNDA:3,(anonymous_1)
DA:7,2
DA:8,9
DA:10,9
DA:12,3
LF:4
LH:4
BRF:0
BRH:0
end_of_record
TN:
SF:src/api/hooks/useProtocolAdapters/useSetConnectionStatus.ts
FN:12,(anonymous_0)
FN:16,(anonymous_1)
FN:22,(anonymous_2)
FNF:3
FNH:3
FNDA:4,(anonymous_0)
FNDA:1,(anonymous_1)
FNDA:1,(anonymous_2)
DA:12,1
DA:13,4
DA:14,4
DA:16,4
DA:17,1
DA:20,4
DA:23,1
LF:7
LH:7
BRF:0
BRH:0
end_of_record
TN:
SF:src/api/hooks/useProtocolAdapters/useUpdateAllDomainTags.ts
FN:13,(anonymous_0)
FN:17,(anonymous_1)
FN:23,(anonymous_2)
FNF:3
FNH:3
FNDA:15,(anonymous_0)
FNDA:2,(anonymous_1)
FNDA:1,(anonymous_2)
DA:13,2
DA:14,15
DA:15,15
DA:17,15
DA:18,2
DA:21,15
DA:24,1
LF:7
LH:7
BRF:0
BRH:0
end_of_record
TN:
SF:src/api/hooks/useProtocolAdapters/useUpdateDomainTags.ts
FN:14,(anonymous_0)
FN:18,(anonymous_1)
FN:24,(anonymous_2)
FNF:3
FNH:3
FNDA:15,(anonymous_0)
FNDA:2,(anonymous_1)
FNDA:1,(anonymous_2)
DA:14,2
DA:15,15
DA:16,15
DA:18,15
DA:19,2
DA:22,15
DA:25,1
LF:7
LH:7
BRF:0
BRH:0
end_of_record
TN:
SF:src/api/hooks/useProtocolAdapters/useUpdateNorthboundMappings.ts
FN:12,(anonymous_0)
FN:16,(anonymous_1)
FN:22,(anonymous_2)
FNF:3
FNH:3
FNDA:10,(anonymous_0)
FNDA:2,(anonymous_1)
FNDA:1,(anonymous_2)
DA:12,2
DA:13,10
DA:14,10
DA:16,10
DA:17,2
DA:20,10
DA:23,1
LF:7
LH:7
BRF:0
BRH:0
end_of_record
TN:
SF:src/api/hooks/useProtocolAdapters/useUpdateProtocolAdapter.ts
FN:11,(anonymous_0)
FN:15,(anonymous_1)
FN:21,(anonymous_2)
FNF:3
FNH:3
FNDA:4,(anonymous_0)
FNDA:1,(anonymous_1)
FNDA:1,(anonymous_2)
DA:11,1
DA:12,4
DA:13,4
DA:15,4
DA:16,1
DA:19,4
DA:22,1
LF:7
LH:7
BRF:0
BRH:0
end_of_record
TN:
SF:src/api/hooks/useProtocolAdapters/useUpdateSouthboundMappings.ts
FN:12,(anonymous_0)
FN:16,(anonymous_1)
FN:22,(anonymous_2)
FNF:3
FNH:3
FNDA:10,(anonymous_0)
FNDA:2,(anonymous_1)
FNDA:1,(anonymous_2)
DA:12,2
DA:13,10
DA:14,10
DA:16,10
DA:17,2
DA:20,10
DA:23,1
LF:7
LH:7
BRF:0
BRH:0
end_of_record
TN:
SF:src/api/hooks/useTopicFilters/useCreateTopicFilter.ts
FN:12,(anonymous_0)
FN:16,(anonymous_1)
FN:22,(anonymous_2)
FNF:3
FNH:3
FNDA:7,(anonymous_0)
FNDA:1,(anonymous_1)
FNDA:1,(anonymous_2)
DA:12,2
DA:13,7
DA:14,7
DA:16,7
DA:17,1
DA:20,7
DA:23,1
LF:7
LH:7
BRF:0
BRH:0
end_of_record
TN:
SF:src/api/hooks/useTopicFilters/useDeleteTopicFilter.ts
FN:11,(anonymous_0)
FN:15,(anonymous_1)
FN:21,(anonymous_2)
FNF:3
FNH:3
FNDA:6,(anonymous_0)
FNDA:1,(anonymous_1)
FNDA:1,(anonymous_2)
DA:11,2
DA:12,6
DA:13,6
DA:15,6
DA:16,1
DA:19,6
DA:22,1
LF:7
LH:7
BRF:0
BRH:0
end_of_record
TN:
SF:src/api/hooks/useTopicFilters/useListTopicFilters.ts
FN:8,(anonymous_0)
FN:13,(anonymous_1)
FNF:2
FNH:2
FNDA:33,(anonymous_0)
FNDA:11,(anonymous_1)
DA:8,10
DA:9,33
DA:11,33
DA:13,11
LF:4
LH:4
BRF:0
BRH:0
end_of_record
TN:
SF:src/api/hooks/useTopicFilters/useUpdateAllTopicFilters.ts
FN:12,(anonymous_0)
FN:17,(anonymous_1)
FN:20,(anonymous_2)
FNF:3
FNH:3
FNDA:7,(anonymous_0)
FNDA:1,(anonymous_1)
FNDA:1,(anonymous_2)
DA:12,2
DA:13,7
DA:14,7
DA:16,7
DA:18,1
DA:21,1
LF:6
LH:6
BRF:0
BRH:0
end_of_record
TN:
SF:src/api/hooks/useTopicFilters/useUpdateTopicFilter.ts
FN:13,(anonymous_0)
FN:17,(anonymous_1)
FN:23,(anonymous_2)
FNF:3
FNH:3
FNDA:7,(anonymous_0)
FNDA:1,(anonymous_1)
FNDA:1,(anonymous_2)
DA:13,2
DA:14,7
DA:15,7
DA:17,7
DA:18,1
DA:21,7
DA:24,1
LF:7
LH:7
BRF:0
BRH:0
end_of_record
TN:
SF:src/api/hooks/useUnifiedNamespace/useGetUnifiedNamespace.ts
FN:6,(anonymous_0)
FN:11,(anonymous_1)
FNF:2
FNH:2
FNDA:3,(anonymous_0)
FNDA:1,(anonymous_1)
DA:6,1
DA:7,3
DA:9,3
DA:11,1
LF:4
LH:4
BRF:0
BRH:0
end_of_record
TN:
SF:src/api/hooks/useUnifiedNamespace/useSetUnifiedNamespace.ts
FN:10,(anonymous_0)
FN:14,(anonymous_1)
FN:20,(anonymous_2)
FNF:3
FNH:3
FNDA:4,(anonymous_0)
FNDA:1,(anonymous_1)
FNDA:1,(anonymous_2)
DA:10,1
DA:11,4
DA:12,4
DA:14,4
DA:15,1
DA:18,4
DA:21,1
LF:7
LH:7
BRF:0
BRH:0
end_of_record
TN:
SF:src/api/hooks/useValidationRules/useValidationRules.ts
FN:5,(anonymous_0)
FN:8,(anonymous_1)
FN:11,(anonymous_2)
FNF:3
FNH:3
FNDA:9,(anonymous_0)
FNDA:9,(anonymous_1)
FNDA:6,(anonymous_2)
DA:5,1
DA:6,9
DA:8,9
DA:9,9
DA:11,9
DA:12,6
DA:15,9
DA:16,1
DA:18,9
DA:19,2
DA:20,2
DA:21,2
DA:23,9
DA:25,1
DA:26,1
DA:27,1
DA:29,9
DA:31,1
DA:32,1
DA:33,1
DA:35,9
DA:36,2
DA:37,2
DA:42,2
DA:43,2
DA:44,1
DA:46,1
DA:47,1
DA:51,9
DA:54,9
LF:30
LH:30
BRDA:12,0,0,1
BRDA:12,0,1,5
BRDA:15,1,0,1
BRDA:15,1,1,8
BRDA:18,2,0,2
BRDA:18,2,1,7
BRDA:23,3,0,1
BRDA:23,3,1,8
BRDA:29,4,0,1
BRDA:29,4,1,8
BRDA:35,5,0,2
BRDA:35,5,1,7
BRF:12
BRH:12
end_of_record
TN:
SF:src/api/types/api-devices.ts
FN:1,(anonymous_0)
FNF:1
FNH:1
FNDA:1,(anonymous_0)
DA:1,1
DA:2,1
DA:3,1
LF:3
LH:3
BRDA:1,0,0,1
BRDA:1,0,1,1
BRF:2
BRH:2
end_of_record
TN:
SF:src/api/types/json-schema.ts
FN:1,(anonymous_0)
FNF:1
FNH:1
FNDA:11,(anonymous_0)
DA:1,11
DA:2,11
DA:3,11
DA:4,11
LF:4
LH:4
BRDA:1,0,0,11
BRDA:1,0,1,11
BRF:2
BRH:2
end_of_record
TN:
SF:src/components/DateTime/hooks/useRangeTranslation.ts
FN:5,(anonymous_0)
FN:8,(anonymous_1)
FNF:2
FNH:2
FNDA:15,(anonymous_0)
FNDA:15,(anonymous_1)
DA:5,4
DA:6,15
DA:8,15
DA:9,15
DA:11,14
DA:12,14
DA:14,13
DA:15,13
DA:18,15
LF:9
LH:9
BRDA:9,0,0,1
BRDA:9,0,1,14
BRDA:12,1,0,1
BRDA:12,1,1,13
BRF:4
BRH:4
end_of_record
TN:
SF:src/components/DateTime/utils/duration.utils.ts
FN:4,(anonymous_0)
FN:13,(anonymous_1)
FNF:2
FNH:2
FNDA:8,(anonymous_0)
FNDA:40,(anonymous_1)
DA:4,1
DA:5,8
DA:11,8
DA:13,40
DA:16,8
DA:17,6
DA:18,2
DA:22,4
LF:8
LH:8
BRDA:16,0,0,2
BRDA:16,0,1,6
BRDA:17,1,0,2
BRDA:17,1,1,4
BRF:4
BRH:4
end_of_record
TN:
SF:src/components/DateTime/utils/range-option.mocks.ts
FNF:0
FNH:0
DA:4,3
DA:12,3
LF:2
LH:2
BRF:0
BRH:0
end_of_record
TN:
SF:src/components/DateTime/utils/range-option.utils.ts
FN:9,(anonymous_0)
FN:18,(anonymous_1)
FNF:2
FNH:2
FNDA:12,(anonymous_0)
FNDA:7,(anonymous_1)
DA:5,4
DA:9,4
DA:11,12
DA:13,10
DA:14,6
DA:15,2
DA:18,4
DA:19,7
DA:22,5
DA:23,5
DA:25,5
DA:26,1
DA:33,5
DA:34,1
DA:41,5
DA:42,1
DA:49,5
DA:50,1
DA:73,5
DA:74,1
DA:104,5
DA:105,5
DA:107,5
LF:23
LH:23
BRDA:11,0,0,2
BRDA:11,0,1,10
BRDA:11,1,0,12
BRDA:11,1,1,11
BRDA:13,2,0,2
BRDA:13,2,1,8
BRDA:13,3,0,6
BRDA:13,3,1,2
BRDA:19,4,0,2
BRDA:19,4,1,5
BRDA:19,5,0,7
BRDA:19,5,1,6
BRDA:25,6,0,1
BRDA:25,6,1,4
BRDA:33,7,0,1
BRDA:33,7,1,4
BRDA:41,8,0,1
BRDA:41,8,1,4
BRDA:49,9,0,1
BRDA:49,9,1,4
BRDA:73,10,0,1
BRDA:73,10,1,4
BRF:22
BRH:22
end_of_record
TN:
SF:src/components/MQTT/topic-utils.ts
FN:3,(anonymous_0)
FNF:1
FNH:1
FNDA:5,(anonymous_0)
DA:1,4
DA:3,5
LF:2
LH:2
BRF:0
BRH:0
end_of_record
TN:
SF:src/components/PaginatedTable/utils/table-utils.ts
FN:4,(anonymous_0)
FNF:1
FNH:1
FNDA:6,(anonymous_0)
DA:4,4
DA:5,6
DA:6,3
DA:7,2
DA:10,1
LF:5
LH:5
BRDA:5,0,0,3
BRDA:5,0,1,3
BRDA:6,1,0,1
BRDA:6,1,1,2
BRDA:7,2,0,1
BRDA:7,2,1,1
BRF:6
BRH:6
end_of_record
TN:
SF:src/components/rjsf/BatchModeMappings/hooks/useBatchModeSteps.ts
FN:14,(anonymous_0)
FN:20,(anonymous_1)
FN:30,(anonymous_2)
FN:31,(anonymous_3)
FNF:4
FNH:4
FNDA:9,(anonymous_0)
FNDA:5,(anonymous_1)
FNDA:1,(anonymous_2)
FNDA:1,(anonymous_3)
DA:14,3
DA:15,9
DA:16,9
DA:17,9
DA:19,9
DA:21,5
DA:22,3
DA:23,2
DA:25,1
DA:30,9
DA:31,1
DA:34,9
DA:62,9
LF:13
LH:13
BRDA:21,0,0,2
BRDA:21,0,1,3
BRDA:22,1,0,1
BRDA:22,1,1,2
BRDA:23,2,0,1
BRDA:23,2,1,1
BRF:6
BRH:6
end_of_record
TN:
SF:src/components/rjsf/BatchModeMappings/utils/config.utils.ts
FNF:0
FNH:0
DA:4,5
DA:10,5
LF:2
LH:2
BRF:0
BRH:0
end_of_record
TN:
SF:src/components/rjsf/BatchModeMappings/utils/levenshtein.utils.ts
FN:6,(anonymous_0)
FN:10,(anonymous_1)
FN:104,(anonymous_2)
FN:109,(anonymous_3)
FNF:4
FNH:4
FNDA:639,(anonymous_0)
FNDA:27,(anonymous_1)
FNDA:3,(anonymous_2)
FNDA:6,(anonymous_3)
DA:6,4
DA:7,639
DA:10,4
DA:11,27
DA:12,1
DA:15,26
DA:16,1
DA:17,1
DA:18,1
DA:21,26
DA:22,26
DA:24,26
DA:25,13
DA:26,13
DA:29,26
DA:31,26
DA:32,9
DA:35,26
DA:36,26
DA:38,26
DA:39,17
DA:42,9
DA:48,9
DA:56,9
DA:58,9
DA:59,68
DA:60,68
DA:63,9
DA:65,9
DA:66,17
DA:67,17
DA:68,17
DA:69,17
DA:70,17
DA:71,17
DA:72,140
DA:73,140
DA:74,140
DA:75,140
DA:76,140
DA:77,140
DA:78,140
DA:79,140
DA:80,140
DA:81,140
DA:82,140
DA:86,9
DA:87,11
DA:88,11
DA:89,11
DA:90,79
DA:91,79
DA:92,79
DA:96,9
DA:104,4
DA:109,3
DA:110,6
DA:113,6
DA:115,3
LF:59
LH:59
BRDA:7,0,0,292
BRDA:7,0,1,347
BRDA:7,1,0,639
BRDA:7,1,1,473
BRDA:7,2,0,126
BRDA:7,2,1,166
BRDA:7,3,0,48
BRDA:7,3,1,299
BRDA:11,4,0,1
BRDA:11,4,1,26
BRDA:15,5,0,1
BRDA:15,5,1,25
BRDA:24,6,0,39
BRDA:24,6,1,39
BRDA:31,7,0,35
BRDA:31,7,1,35
BRDA:38,8,0,17
BRDA:38,8,1,9
BRDA:38,9,0,26
BRDA:38,9,1,26
BRDA:107,10,0,1
BRDA:113,11,0,3
BRDA:113,11,1,3
BRDA:113,12,0,6
BRDA:113,12,1,6
BRDA:115,13,0,2
BRDA:115,13,1,1
BRF:27
BRH:27
end_of_record
TN:
SF:src/components/rjsf/Form/error-focus.utils.ts
FN:6,(anonymous_0)
FN:54,(anonymous_1)
FN:55,(anonymous_2)
FN:58,(anonymous_3)
FN:61,(anonymous_4)
FN:86,(anonymous_5)
FNF:6
FNH:6
FNDA:3,(anonymous_0)
FNDA:18,(anonymous_1)
FNDA:10,(anonymous_2)
FNDA:23,(anonymous_3)
FNDA:8,(anonymous_4)
FNDA:8,(anonymous_5)
DA:6,3
DA:54,18
DA:55,2
DA:56,10
DA:58,23
DA:61,2
DA:65,8
DA:66,8
DA:67,8
DA:69,6
DA:70,6
DA:71,4
DA:72,4
DA:73,4
DA:74,4
DA:76,3
DA:77,3
DA:78,2
DA:83,6
DA:86,2
DA:90,8
DA:91,8
DA:93,6
DA:94,6
DA:96,5
DA:97,5
DA:98,6
DA:99,6
DA:102,5
LF:29
LH:29
BRDA:56,0,0,1
BRDA:56,0,1,9
BRDA:58,1,0,23
BRDA:58,1,1,4
BRDA:67,2,0,6
BRDA:67,2,1,2
BRDA:70,3,0,4
BRDA:70,3,1,2
BRDA:74,4,0,3
BRDA:74,4,1,1
BRDA:77,5,0,2
BRDA:77,5,1,1
BRDA:91,6,0,2
BRDA:91,6,1,6
BRDA:93,7,0,6
BRDA:93,7,1,1
BRDA:94,8,0,1
BRDA:94,8,1,5
BRDA:99,9,0,2
BRDA:99,9,1,4
BRDA:99,10,0,6
BRDA:99,10,1,5
BRDA:102,11,0,2
BRDA:102,11,1,3
BRF:24
BRH:24
end_of_record
TN:
SF:src/components/rjsf/Form/useFormControlStore.ts
FN:9,(anonymous_0)
FN:11,(anonymous_1)
FN:14,(anonymous_2)
FN:14,(anonymous_3)
FN:15,(anonymous_4)
FN:15,(anonymous_5)
FNF:6
FNH:6
FNDA:3,(anonymous_0)
FNDA:5,(anonymous_1)
FNDA:2,(anonymous_2)
FNDA:2,(anonymous_3)
FNDA:2,(anonymous_4)
FNDA:2,(anonymous_5)
DA:4,3
DA:9,3
DA:12,5
DA:14,2
DA:15,2
LF:5
LH:5
BRF:0
BRH:0
end_of_record
TN:
SF:src/components/rjsf/Form/validation.utils.ts
FN:19,(anonymous_0)
FN:27,(anonymous_1)
FN:109,(anonymous_2)
FN:131,(anonymous_3)
FN:132,(anonymous_4)
FN:133,(anonymous_5)
FN:134,(anonymous_6)
FNF:7
FNH:7
FNDA:18,(anonymous_0)
FNDA:14,(anonymous_1)
FNDA:1,(anonymous_2)
FNDA:1,(anonymous_3)
FNDA:1,(anonymous_4)
FNDA:1,(anonymous_5)
FNDA:1,(anonymous_6)
DA:19,2
DA:20,18
DA:21,16
DA:22,10
DA:23,6
DA:24,4
DA:27,2
DA:28,14
DA:29,13
DA:31,12
DA:32,12
DA:33,12
DA:35,12
DA:37,12
DA:38,12
DA:39,12
DA:40,12
DA:42,12
DA:43,97
DA:46,97
DA:47,15
DA:51,97
DA:56,3
DA:60,97
DA:61,8
DA:63,1
DA:65,7
DA:67,1
DA:72,95
DA:73,4
DA:77,95
DA:78,1
DA:82,94
DA:83,3
DA:87,91
DA:88,2
DA:93,2
DA:97,89
DA:98,1
DA:100,88
DA:103,3
DA:107,2
DA:109,2
DA:110,1
DA:112,1
DA:113,4
DA:114,3
DA:115,1
DA:116,1
DA:118,2
DA:119,1
DA:121,2
DA:122,1
DA:127,2
DA:131,1
DA:132,1
DA:133,1
DA:134,1
LF:58
LH:58
BRDA:20,0,0,2
BRDA:20,0,1,16
BRDA:21,1,0,6
BRDA:21,1,1,10
BRDA:22,2,0,6
BRDA:22,2,1,4
BRDA:22,3,0,10
BRDA:22,3,1,8
BRDA:28,4,0,1
BRDA:28,4,1,13
BRDA:29,5,0,1
BRDA:29,5,1,12
BRDA:40,6,0,3
BRDA:40,6,1,9
BRDA:46,7,0,15
BRDA:46,7,1,82
BRDA:46,8,0,97
BRDA:46,8,1,55
BRDA:51,9,0,3
BRDA:51,9,1,94
BRDA:52,10,0,97
BRDA:52,10,1,10
BRDA:52,10,2,3
BRDA:60,11,0,8
BRDA:60,11,1,89
BRDA:60,12,0,97
BRDA:60,12,1,16
BRDA:61,13,0,1
BRDA:61,13,1,7
BRDA:61,14,0,8
BRDA:61,14,1,7
BRDA:65,15,0,1
BRDA:65,15,1,6
BRDA:65,16,0,7
BRDA:65,16,1,3
BRDA:72,17,0,4
BRDA:72,17,1,91
BRDA:72,18,0,95
BRDA:72,18,1,14
BRDA:77,19,0,1
BRDA:77,19,1,94
BRDA:77,20,0,95
BRDA:77,20,1,4
BRDA:77,20,2,1
BRDA:82,21,0,3
BRDA:82,21,1,91
BRDA:82,22,0,94
BRDA:82,22,1,91
BRDA:82,22,2,3
BRDA:87,23,0,2
BRDA:87,23,1,89
BRDA:87,24,0,91
BRDA:87,24,1,4
BRDA:88,25,0,2
BRDA:88,25,1,0
BRDA:89,26,0,2
BRDA:89,26,1,0
BRDA:89,26,2,0
BRDA:97,27,0,1
BRDA:97,27,1,88
BRDA:97,28,0,89
BRDA:97,28,1,2
BRDA:110,29,0,0
BRDA:110,29,1,1
BRDA:113,30,0,1
BRDA:113,30,1,3
BRDA:114,31,0,1
BRDA:114,31,1,2
BRDA:118,32,0,1
BRDA:118,32,1,1
BRDA:121,33,0,1
BRDA:121,33,1,1
BRF:72
BRH:68
end_of_record
TN:
SF:src/components/rjsf/MqttTransformation/utils/data-type.utils.ts
FN:19,(anonymous_0)
FN:23,(anonymous_1)
FN:25,(anonymous_2)
FNF:3
FNH:3
FNDA:8,(anonymous_0)
FNDA:2,(anonymous_1)
FNDA:4,(anonymous_2)
DA:9,3
DA:19,3
DA:20,8
DA:23,3
DA:25,4
LF:5
LH:5
BRDA:20,0,0,8
BRDA:20,0,1,7
BRF:2
BRH:2
end_of_record
TN:
SF:src/components/rjsf/MqttTransformation/utils/json-schema.utils.ts
FN:20,(anonymous_0)
FN:65,(anonymous_1)
FN:73,(anonymous_2)
FN:97,(anonymous_3)
FN:110,(anonymous_4)
FN:115,(anonymous_5)
FN:126,(anonymous_6)
FN:129,(anonymous_7)
FN:135,(anonymous_8)
FNF:9
FNH:7
FNDA:159,(anonymous_0)
FNDA:0,(anonymous_1)
FNDA:0,(anonymous_2)
FNDA:37,(anonymous_3)
FNDA:50,(anonymous_4)
FNDA:9,(anonymous_5)
FNDA:8,(anonymous_6)
FNDA:33,(anonymous_7)
FNDA:3,(anonymous_8)
DA:11,28
DA:20,28
DA:26,159
DA:29,159
DA:30,159
DA:32,4
DA:33,4
DA:34,4
DA:35,3
DA:39,1
DA:44,158
DA:45,158
DA:47,158
DA:48,158
DA:50,18
DA:51,18
DA:52,18
DA:53,38
DA:56,140
DA:57,17
DA:58,17
DA:59,17
DA:62,158
DA:65,28
DA:66,0
DA:73,0
DA:74,0
DA:75,0
DA:76,0
DA:83,0
DA:84,0
DA:86,0
DA:94,0
DA:97,28
DA:98,37
DA:100,37
DA:101,37
DA:103,36
DA:104,121
DA:105,121
DA:107,36
DA:110,28
DA:111,50
DA:116,9
DA:118,9
DA:119,9
DA:120,9
DA:121,45
DA:123,9
DA:127,8
DA:130,33
DA:131,4
DA:135,28
DA:136,3
DA:137,3
DA:138,1
DA:140,1
DA:141,1
DA:143,3
LF:59
LH:50
BRDA:30,0,0,4
BRDA:30,0,1,155
BRDA:34,1,0,3
BRDA:34,1,1,1
BRDA:34,2,0,4
BRDA:34,2,1,3
BRDA:34,2,2,3
BRDA:45,3,0,158
BRDA:45,3,1,36
BRDA:45,3,2,33
BRDA:48,4,0,18
BRDA:48,4,1,140
BRDA:51,5,0,18
BRDA:51,5,1,0
BRDA:56,6,0,17
BRDA:56,6,1,123
BRDA:59,7,0,16
BRDA:59,7,1,1
BRDA:59,8,0,0
BRDA:59,8,1,16
BRDA:74,9,0,0
BRDA:74,9,1,0
BRDA:79,10,0,0
BRDA:79,10,1,0
BRDA:80,11,0,0
BRDA:80,11,1,0
BRDA:89,12,0,0
BRDA:89,12,1,0
BRDA:101,13,0,1
BRDA:101,13,1,36
BRDA:116,14,0,0
BRDA:116,14,1,9
BRDA:130,15,0,29
BRDA:130,15,1,4
BRDA:137,16,0,3
BRDA:137,16,1,1
BRF:36
BRH:25
end_of_record
TN:
SF:src/components/rjsf/Widgets/utils/treeview.utils.ts
FN:7,(anonymous_0)
FN:31,(anonymous_1)
FNF:2
FNH:2
FNDA:13,(anonymous_0)
FNDA:3,(anonymous_1)
DA:7,1
DA:8,13
DA:9,13
DA:10,13
DA:12,13
DA:21,13
DA:22,13
DA:23,6
DA:24,6
DA:25,6
DA:28,13
DA:31,1
DA:32,3
DA:34,3
DA:35,3
DA:42,3
DA:43,3
DA:44,4
DA:45,4
DA:48,3
LF:20
LH:20
BRDA:10,0,0,13
BRDA:10,0,1,7
BRDA:22,1,0,13
BRDA:22,1,1,5
BRDA:31,2,0,2
BRDA:32,3,0,0
BRDA:32,3,1,3
BRDA:42,4,0,1
BRDA:42,4,1,2
BRF:9
BRH:8
end_of_record
TN:
SF:src/components/rjsf/utils/array-items.utils.ts
FN:6,(anonymous_0)
FNF:1
FNH:1
FNDA:3,(anonymous_0)
DA:1,3
DA:2,3
DA:6,3
DA:7,3
DA:8,3
DA:9,1
LF:6
LH:6
BRDA:7,0,0,3
BRDA:7,0,1,1
BRDA:8,1,0,2
BRDA:8,1,1,1
BRF:4
BRH:4
end_of_record
TN:
SF:src/components/rjsf/utils/errors.utils.ts
FN:3,(anonymous_0)
FNF:1
FNH:1
FNDA:19,(anonymous_0)
DA:3,3
DA:4,19
DA:5,18
DA:6,18
DA:7,11
DA:8,11
DA:11,14
DA:12,14
LF:8
LH:8
BRDA:4,0,0,1
BRDA:4,0,1,18
BRDA:8,1,0,4
BRDA:8,1,1,7
BRDA:12,2,0,8
BRDA:12,2,1,6
BRF:6
BRH:6
end_of_record
TN:
SF:src/config/i18n.config.ts
FNF:0
FNH:0
DA:10,58
DA:19,58
LF:2
LH:2
BRF:0
BRH:0
end_of_record
TN:
SF:src/config/index.ts
FNF:0
FNH:0
DA:30,104
LF:1
LH:1
BRF:0
BRH:0
end_of_record
TN:
SF:src/extensions/datahub/api/utils.ts
FNF:0
FNH:0
DA:1,22
LF:1
LH:1
BRF:0
BRH:0
end_of_record
TN:
SF:src/extensions/datahub/api/hooks/DataHubBehaviorPoliciesService/useCreateBehaviorPolicy.ts
FN:7,(anonymous_0)
FN:11,(anonymous_1)
FN:14,(anonymous_2)
FNF:3
FNH:3
FNDA:4,(anonymous_0)
FNDA:1,(anonymous_1)
FNDA:1,(anonymous_2)
DA:7,1
DA:8,4
DA:10,4
DA:12,1
DA:15,1
LF:5
LH:5
BRF:0
BRH:0
end_of_record
TN:
SF:src/extensions/datahub/api/hooks/DataHubBehaviorPoliciesService/useDeleteBehaviorPolicy.ts
FN:7,(anonymous_0)
FN:11,(anonymous_1)
FN:14,(anonymous_2)
FNF:3
FNH:3
FNDA:3,(anonymous_0)
FNDA:1,(anonymous_1)
FNDA:1,(anonymous_2)
DA:7,1
DA:8,3
DA:10,3
DA:12,1
DA:15,1
LF:5
LH:5
BRF:0
BRH:0
end_of_record
TN:
SF:src/extensions/datahub/api/hooks/DataHubBehaviorPoliciesService/useGetAllBehaviorPolicies.ts
FN:14,(anonymous_0)
FN:24,(anonymous_1)
FNF:2
FNH:2
FNDA:3,(anonymous_0)
FNDA:1,(anonymous_1)
DA:14,1
DA:21,3
DA:22,3
DA:25,1
LF:4
LH:4
BRF:0
BRH:0
end_of_record
TN:
SF:src/extensions/datahub/api/hooks/DataHubBehaviorPoliciesService/useGetBehaviorPolicy.ts
FN:6,(anonymous_0)
FN:10,(anonymous_1)
FNF:2
FNH:2
FNDA:3,(anonymous_0)
FNDA:1,(anonymous_1)
DA:6,1
DA:7,3
DA:8,3
DA:10,1
LF:4
LH:4
BRF:0
BRH:0
end_of_record
TN:
SF:src/extensions/datahub/api/hooks/DataHubBehaviorPoliciesService/useUpdateBehaviorPolicy.ts
FN:12,(anonymous_0)
FN:16,(anonymous_1)
FN:19,(anonymous_2)
FNF:3
FNH:3
FNDA:4,(anonymous_0)
FNDA:1,(anonymous_1)
FNDA:1,(anonymous_2)
DA:12,1
DA:13,4
DA:15,4
DA:17,1
DA:20,1
LF:5
LH:5
BRF:0
BRH:0
end_of_record
TN:
SF:src/extensions/datahub/api/hooks/DataHubDataPoliciesService/useCreateDataPolicy.ts
FN:7,(anonymous_0)
FN:11,(anonymous_1)
FN:14,(anonymous_2)
FNF:3
FNH:3
FNDA:4,(anonymous_0)
FNDA:1,(anonymous_1)
FNDA:1,(anonymous_2)
DA:7,1
DA:8,4
DA:10,4
DA:12,1
DA:15,1
LF:5
LH:5
BRF:0
BRH:0
end_of_record
TN:
SF:src/extensions/datahub/api/hooks/DataHubDataPoliciesService/useDeleteDataPolicy.ts
FN:7,(anonymous_0)
FN:11,(anonymous_1)
FN:14,(anonymous_2)
FNF:3
FNH:3
FNDA:3,(anonymous_0)
FNDA:1,(anonymous_1)
FNDA:1,(anonymous_2)
DA:7,1
DA:8,3
DA:10,3
DA:12,1
DA:15,1
LF:5
LH:5
BRF:0
BRH:0
end_of_record
TN:
SF:src/extensions/datahub/api/hooks/DataHubDataPoliciesService/useGetAllDataPolicies.ts
FN:6,(anonymous_0)
FN:10,(anonymous_1)
FNF:2
FNH:2
FNDA:18,(anonymous_0)
FNDA:6,(anonymous_1)
DA:6,2
DA:7,18
DA:8,18
DA:10,6
LF:4
LH:4
BRF:0
BRH:0
end_of_record
TN:
SF:src/extensions/datahub/api/hooks/DataHubDataPoliciesService/useGetDataPolicy.ts
FN:6,(anonymous_0)
FN:10,(anonymous_1)
FNF:2
FNH:2
FNDA:3,(anonymous_0)
FNDA:1,(anonymous_1)
DA:6,1
DA:7,3
DA:8,3
DA:10,1
LF:4
LH:4
BRF:0
BRH:0
end_of_record
TN:
SF:src/extensions/datahub/api/hooks/DataHubDataPoliciesService/useUpdateDataPolicy.ts
FN:12,(anonymous_0)
FN:16,(anonymous_1)
FN:19,(anonymous_2)
FNF:3
FNH:3
FNDA:4,(anonymous_0)
FNDA:1,(anonymous_1)
FNDA:1,(anonymous_2)
DA:12,1
DA:13,4
DA:15,4
DA:17,1
DA:20,1
LF:5
LH:5
BRF:0
BRH:0
end_of_record
TN:
SF:src/extensions/datahub/api/hooks/DataHubFsmService/useGetAllBehaviorFSM.ts
FN:7,(anonymous_0)
FN:11,(anonymous_1)
FNF:2
FNH:2
FNDA:3,(anonymous_0)
FNDA:1,(anonymous_1)
DA:7,1
DA:8,3
DA:9,3
DA:11,1
LF:4
LH:4
BRF:0
BRH:0
end_of_record
TN:
SF:src/extensions/datahub/api/hooks/DataHubFunctionsService/useGetAllFunctions.ts
FN:7,(anonymous_0)
FN:11,(anonymous_1)
FNF:2
FNH:2
FNDA:3,(anonymous_0)
FNDA:1,(anonymous_1)
DA:7,1
DA:8,3
DA:9,3
DA:11,1
LF:4
LH:4
BRF:0
BRH:0
end_of_record
TN:
SF:src/extensions/datahub/api/hooks/DataHubSchemasService/useCreateSchema.ts
FN:7,(anonymous_0)
FN:11,(anonymous_1)
FN:14,(anonymous_2)
FNF:3
FNH:3
FNDA:4,(anonymous_0)
FNDA:1,(anonymous_1)
FNDA:1,(anonymous_2)
DA:7,1
DA:8,4
DA:10,4
DA:12,1
DA:15,1
LF:5
LH:5
BRF:0
BRH:0
end_of_record
TN:
SF:src/extensions/datahub/api/hooks/DataHubSchemasService/useDeleteSchema.ts
FN:7,(anonymous_0)
FN:11,(anonymous_1)
FN:14,(anonymous_2)
FNF:3
FNH:3
FNDA:3,(anonymous_0)
FNDA:1,(anonymous_1)
FNDA:1,(anonymous_2)
DA:7,1
DA:8,3
DA:10,3
DA:12,1
DA:15,1
LF:5
LH:5
BRF:0
BRH:0
end_of_record
TN:
SF:src/extensions/datahub/api/hooks/DataHubSchemasService/useGetAllSchemas.ts
FN:6,(anonymous_0)
FN:10,(anonymous_1)
FNF:2
FNH:2
FNDA:3,(anonymous_0)
FNDA:1,(anonymous_1)
DA:6,1
DA:7,3
DA:8,3
DA:10,1
LF:4
LH:4
BRF:0
BRH:0
end_of_record
TN:
SF:src/extensions/datahub/api/hooks/DataHubSchemasService/useGetSchema.ts
FN:6,(anonymous_0)
FN:10,(anonymous_1)
FNF:2
FNH:2
FNDA:3,(anonymous_0)
FNDA:1,(anonymous_1)
DA:6,1
DA:7,3
DA:8,3
DA:10,1
LF:4
LH:4
BRF:0
BRH:0
end_of_record
TN:
SF:src/extensions/datahub/api/hooks/DataHubScriptsService/useCreateScript.ts
FN:7,(anonymous_0)
FN:11,(anonymous_1)
FN:14,(anonymous_2)
FNF:3
FNH:3
FNDA:4,(anonymous_0)
FNDA:1,(anonymous_1)
FNDA:1,(anonymous_2)
DA:7,1
DA:8,4
DA:10,4
DA:12,1
DA:15,1
LF:5
LH:5
BRF:0
BRH:0
end_of_record
TN:
SF:src/extensions/datahub/api/hooks/DataHubScriptsService/useDeleteScript.ts
FN:7,(anonymous_0)
FN:11,(anonymous_1)
FN:14,(anonymous_2)
FNF:3
FNH:3
FNDA:3,(anonymous_0)
FNDA:1,(anonymous_1)
FNDA:1,(anonymous_2)
DA:7,1
DA:8,3
DA:10,3
DA:12,1
DA:15,1
LF:5
LH:5
BRF:0
BRH:0
end_of_record
TN:
SF:src/extensions/datahub/api/hooks/DataHubScriptsService/useGetAllScripts.ts
FN:14,(anonymous_0)
FN:18,(anonymous_1)
FNF:2
FNH:2
FNDA:3,(anonymous_0)
FNDA:1,(anonymous_1)
DA:14,1
DA:15,3
DA:16,3
DA:18,1
LF:4
LH:4
BRF:0
BRH:0
end_of_record
TN:
SF:src/extensions/datahub/api/hooks/DataHubScriptsService/useGetScript.ts
FN:6,(anonymous_0)
FN:10,(anonymous_1)
FNF:2
FNH:2
FNDA:3,(anonymous_0)
FNDA:1,(anonymous_1)
DA:6,1
DA:7,3
DA:8,3
DA:10,1
LF:4
LH:4
BRF:0
BRH:0
end_of_record
TN:
SF:src/extensions/datahub/api/hooks/DataHubStateService/useGetClientState.ts
FN:7,(anonymous_0)
FN:11,(anonymous_1)
FNF:2
FNH:2
FNDA:3,(anonymous_0)
FNDA:1,(anonymous_1)
DA:7,1
DA:8,3
DA:9,3
DA:11,1
LF:4
LH:4
BRF:0
BRH:0
end_of_record
TN:
SF:src/extensions/datahub/components/interpolation/interpolation.utils.ts
FN:4,(anonymous_0)
FN:5,(anonymous_1)
FN:10,(anonymous_2)
FN:13,(anonymous_3)
FN:14,(anonymous_4)
FNF:5
FNH:5
FNDA:5,(anonymous_0)
FNDA:3,(anonymous_1)
FNDA:4,(anonymous_2)
FNDA:32,(anonymous_3)
FNDA:32,(anonymous_4)
DA:4,1
DA:5,5
DA:7,5
DA:10,1
DA:12,4
DA:13,32
DA:14,32
LF:7
LH:7
BRDA:7,0,0,5
BRDA:7,0,1,1
BRF:2
BRH:2
end_of_record
TN:
SF:src/extensions/datahub/config/schemas.config.ts
FNF:0
FNH:0
DA:13,10
LF:1
LH:1
BRF:0
BRH:0
end_of_record
TN:
SF:src/extensions/datahub/designer/checks.utils.ts
FNF:0
FNH:0
DA:4,8
DA:10,8
LF:2
LH:2
BRF:0
BRH:0
end_of_record
TN:
SF:src/extensions/datahub/designer/validation.errors.ts
FN:9,(anonymous_0)
FN:18,(anonymous_1)
FN:26,(anonymous_2)
FN:33,(anonymous_3)
FN:42,(anonymous_4)
FNF:5
FNH:5
FNDA:11,(anonymous_0)
FNDA:2,(anonymous_1)
FNDA:7,(anonymous_2)
FNDA:1,(anonymous_3)
FNDA:2,(anonymous_4)
DA:6,13
DA:8,13
DA:9,11
DA:18,2
DA:26,7
DA:34,1
DA:44,2
DA:45,1
DA:47,2
LF:9
LH:9
BRDA:11,0,0,2
BRDA:11,0,1,9
BRDA:44,1,0,1
BRDA:44,1,1,1
BRF:4
BRH:4
end_of_record
TN:
SF:src/extensions/datahub/designer/behavior_policy/BehaviorPolicyNode.utils.ts
FN:12,checkValidityModel
FN:51,(anonymous_1)
FNF:2
FNH:2
FNDA:3,checkValidityModel
FNDA:2,(anonymous_1)
DA:13,3
DA:14,1
DA:19,2
DA:51,2
DA:52,2
DA:53,2
DA:54,1
DA:58,1
DA:63,1
DA:74,1
LF:10
LH:10
BRDA:13,0,0,1
BRDA:13,0,1,2
BRDA:53,1,0,1
BRDA:53,1,1,1
BRF:4
BRH:4
end_of_record
TN:
SF:src/extensions/datahub/designer/client_filter/ClientFilterNode.utils.ts
FN:12,checkValidityClients
FN:42,(anonymous_1)
FNF:2
FNH:2
FNDA:4,checkValidityClients
FNDA:1,(anonymous_1)
DA:16,4
DA:18,4
DA:20,4
DA:21,2
DA:28,2
DA:29,1
DA:35,1
DA:42,2
DA:46,1
DA:51,1
DA:60,1
LF:11
LH:11
BRDA:20,0,0,2
BRDA:20,0,1,2
BRDA:28,1,0,1
BRDA:28,1,1,1
BRF:4
BRH:4
end_of_record
TN:
SF:src/extensions/datahub/designer/data_policy/DataPolicyNode.utils.ts
FN:48,checkValidityFilter
FN:119,(anonymous_1)
FNF:2
FNH:2
FNDA:4,checkValidityFilter
FNDA:1,(anonymous_1)
DA:52,4
DA:54,4
DA:56,4
DA:57,2
DA:64,2
DA:65,1
DA:71,1
DA:119,2
DA:120,1
DA:125,1
DA:132,1
LF:11
LH:11
BRDA:56,0,0,2
BRDA:56,0,1,2
BRDA:64,1,0,1
BRDA:64,1,1,1
BRF:4
BRH:4
end_of_record
TN:
SF:src/extensions/datahub/designer/operation/OperationNode.utils.ts
FN:34,checkValidityTransformFunction
FN:63,(anonymous_1)
FN:66,(anonymous_2)
FN:68,(anonymous_3)
FN:90,(anonymous_4)
FN:91,(anonymous_5)
FN:103,(anonymous_6)
FN:107,(anonymous_7)
FN:121,(anonymous_8)
FN:143,(anonymous_9)
FN:175,(anonymous_10)
FN:175,(anonymous_11)
FN:196,checkValidityPipeline
FN:215,(anonymous_13)
FN:221,(anonymous_14)
FN:230,(anonymous_15)
FN:247,(anonymous_16)
FN:279,(anonymous_17)
FN:296,(anonymous_18)
FN:337,(anonymous_19)
FNF:20
FNH:14
FNDA:6,checkValidityTransformFunction
FNDA:3,(anonymous_1)
FNDA:3,(anonymous_2)
FNDA:3,(anonymous_3)
FNDA:1,(anonymous_4)
FNDA:1,(anonymous_5)
FNDA:0,(anonymous_6)
FNDA:1,(anonymous_7)
FNDA:1,(anonymous_8)
FNDA:1,(anonymous_9)
FNDA:4,(anonymous_10)
FNDA:5,(anonymous_11)
FNDA:6,checkValidityPipeline
FNDA:4,(anonymous_13)
FNDA:2,(anonymous_14)
FNDA:0,(anonymous_15)
FNDA:0,(anonymous_16)
FNDA:0,(anonymous_17)
FNDA:0,(anonymous_18)
FNDA:0,(anonymous_19)
DA:38,6
DA:40,6
DA:41,1
DA:50,5
DA:51,5
DA:52,2
DA:61,3
DA:62,3
DA:64,3
DA:66,3
DA:67,3
DA:68,3
DA:71,3
DA:72,1
DA:80,2
DA:81,1
DA:90,1
DA:91,1
DA:93,1
DA:94,0
DA:102,1
DA:103,1
DA:105,1
DA:106,1
DA:107,1
DA:108,1
DA:109,1
DA:111,1
DA:117,1
DA:121,1
DA:122,1
DA:123,0
DA:130,1
DA:143,1
DA:144,1
DA:145,0
DA:153,1
DA:167,1
DA:175,4
DA:176,5
DA:177,2
DA:181,3
DA:182,1
DA:183,1
DA:185,2
DA:191,2
DA:193,5
DA:201,6
DA:215,6
DA:216,6
DA:217,5
DA:220,1
DA:221,2
DA:222,1
DA:223,2
DA:224,2
DA:227,1
DA:230,3
DA:236,0
DA:237,0
DA:238,0
DA:240,0
DA:241,0
DA:242,0
DA:244,0
DA:247,3
DA:253,0
DA:255,0
DA:256,0
DA:263,0
DA:265,0
DA:266,0
DA:273,0
DA:276,0
DA:279,3
DA:286,0
DA:287,0
DA:290,0
DA:291,0
DA:296,0
DA:297,0
DA:298,0
DA:301,0
DA:303,0
DA:309,0
DA:310,0
DA:311,0
DA:313,0
DA:314,0
DA:315,0
DA:317,0
DA:318,0
DA:319,0
DA:322,0
DA:323,0
DA:324,0
DA:326,0
DA:337,0
DA:341,0
DA:343,0
DA:350,0
DA:358,0
DA:359,0
DA:360,0
DA:361,0
DA:363,0
DA:365,0
DA:366,0
DA:378,0
DA:379,0
DA:380,0
DA:381,0
DA:387,0
DA:391,0
LF:114
LH:57
BRDA:40,0,0,1
BRDA:40,0,1,5
BRDA:40,1,0,6
BRDA:40,1,1,6
BRDA:51,2,0,2
BRDA:51,2,1,3
BRDA:64,3,0,3
BRDA:64,3,1,1
BRDA:71,4,0,1
BRDA:71,4,1,2
BRDA:71,5,0,3
BRDA:71,5,1,2
BRDA:80,6,0,1
BRDA:80,6,1,1
BRDA:80,7,0,2
BRDA:80,7,1,1
BRDA:93,8,0,0
BRDA:93,8,1,1
BRDA:103,9,0,1
BRDA:103,9,1,0
BRDA:108,10,0,1
BRDA:108,10,1,0
BRDA:122,11,0,0
BRDA:122,11,1,1
BRDA:135,12,0,0
BRDA:135,12,1,1
BRDA:135,13,0,1
BRDA:135,13,1,1
BRDA:144,14,0,0
BRDA:144,14,1,1
BRDA:158,15,0,0
BRDA:158,15,1,1
BRDA:158,16,0,1
BRDA:158,16,1,1
BRDA:176,17,0,2
BRDA:176,17,1,3
BRDA:181,18,0,1
BRDA:181,18,1,2
BRDA:187,19,0,2
BRDA:187,19,1,0
BRDA:215,20,0,4
BRDA:215,20,1,2
BRDA:216,21,0,5
BRDA:216,21,1,1
BRDA:237,22,0,0
BRDA:237,22,1,0
BRDA:241,23,0,0
BRDA:241,23,1,0
BRDA:255,24,0,0
BRDA:255,24,1,0
BRDA:255,25,0,0
BRDA:255,25,1,0
BRDA:265,26,0,0
BRDA:265,26,1,0
BRDA:265,27,0,0
BRDA:265,27,1,0
BRDA:286,28,0,0
BRDA:286,28,1,0
BRDA:290,29,0,0
BRDA:290,29,1,0
BRDA:311,30,0,0
BRDA:311,30,1,0
BRDA:311,30,2,0
BRDA:311,30,3,0
BRDA:313,31,0,0
BRDA:313,31,1,0
BRDA:317,32,0,0
BRDA:317,32,1,0
BRDA:322,33,0,0
BRDA:322,33,1,0
BRDA:365,34,0,0
BRDA:365,34,1,0
BRDA:378,35,0,0
BRDA:378,35,1,0
BRDA:379,36,0,0
BRDA:379,36,1,0
BRF:76
BRH:36
end_of_record
TN:
SF:src/extensions/datahub/designer/schema/SchemaNode.utils.ts
FN:14,(anonymous_0)
FN:15,(anonymous_1)
FN:26,(anonymous_2)
FN:27,(anonymous_3)
FN:45,checkValiditySchema
FN:114,loadSchema
FN:121,(anonymous_6)
FNF:7
FNH:7
FNDA:2,(anonymous_0)
FNDA:5,(anonymous_1)
FNDA:4,(anonymous_2)
FNDA:5,(anonymous_3)
FNDA:5,checkValiditySchema
FNDA:2,loadSchema
FNDA:2,(anonymous_6)
DA:14,5
DA:15,2
DA:16,5
DA:17,1
DA:19,4
DA:20,4
DA:22,5
DA:26,5
DA:27,4
DA:28,5
DA:29,1
DA:32,4
DA:33,4
DA:34,4
DA:38,4
DA:39,4
DA:41,5
DA:46,5
DA:47,1
DA:53,4
DA:54,4
DA:59,4
DA:62,0
DA:65,0
DA:66,0
DA:71,0
DA:72,0
DA:74,0
DA:75,0
DA:76,0
DA:79,0
DA:80,0
DA:81,0
DA:82,0
DA:83,0
DA:91,0
DA:98,0
DA:100,0
DA:101,0
DA:108,0
DA:121,2
DA:122,2
DA:123,0
DA:125,2
DA:126,2
DA:143,2
DA:154,0
DA:155,0
DA:156,0
DA:157,0
DA:159,0
DA:161,0
DA:176,0
DA:187,0
LF:54
LH:27
BRDA:16,0,0,1
BRDA:16,0,1,4
BRDA:17,1,0,1
BRDA:17,1,1,0
BRDA:20,2,0,4
BRDA:20,2,1,0
BRDA:28,3,0,1
BRDA:28,3,1,4
BRDA:29,4,0,1
BRDA:29,4,1,0
BRDA:39,5,0,4
BRDA:39,5,1,0
BRDA:46,6,0,1
BRDA:46,6,1,4
BRDA:46,7,0,5
BRDA:46,7,1,5
BRDA:46,7,2,5
BRDA:53,8,0,4
BRDA:53,8,1,0
BRDA:62,9,0,0
BRDA:62,9,1,0
BRDA:65,10,0,0
BRDA:65,10,1,0
BRDA:82,11,0,0
BRDA:82,11,1,0
BRDA:122,12,0,0
BRDA:122,12,1,2
BRDA:125,13,0,2
BRDA:125,13,1,0
BRDA:138,14,0,2
BRDA:138,14,1,0
BRDA:139,15,0,2
BRDA:139,15,1,0
BRDA:154,16,0,0
BRDA:154,16,1,0
BRF:35
BRH:18
end_of_record
TN:
SF:src/extensions/datahub/designer/script/FunctionNode.utils.ts
FN:17,(anonymous_0)
FN:21,(anonymous_1)
FN:27,checkValidityJSScript
FN:45,(anonymous_3)
FN:56,(anonymous_4)
FN:64,(anonymous_5)
FNF:6
FNH:6
FNDA:2,(anonymous_0)
FNDA:2,(anonymous_1)
FNDA:3,checkValidityJSScript
FNDA:2,(anonymous_3)
FNDA:1,(anonymous_4)
FNDA:2,(anonymous_5)
DA:17,4
DA:18,2
DA:21,4
DA:22,2
DA:23,2
DA:24,1
DA:28,3
DA:29,1
DA:35,2
DA:42,2
DA:45,4
DA:51,2
DA:56,2
DA:57,1
DA:58,1
DA:61,2
DA:62,2
DA:63,2
DA:64,2
DA:65,2
DA:66,1
DA:68,1
DA:80,1
DA:90,1
LF:24
LH:24
BRDA:23,0,0,1
BRDA:23,0,1,1
BRDA:28,1,0,1
BRDA:28,1,1,2
BRDA:28,2,0,3
BRDA:28,2,1,3
BRDA:28,2,2,3
BRDA:65,3,0,1
BRDA:65,3,1,1
BRF:9
BRH:9
end_of_record
TN:
SF:src/extensions/datahub/designer/topic_filter/TopicFilterNode.utils.ts
FN:10,(anonymous_0)
FNF:1
FNH:1
FNDA:1,(anonymous_0)
DA:10,1
DA:14,1
DA:19,1
DA:30,1
LF:4
LH:4
BRF:0
BRH:0
end_of_record
TN:
SF:src/extensions/datahub/designer/transition/TransitionNode.utils.ts
FN:23,checkValidityTransitions
FN:47,(anonymous_1)
FN:59,(anonymous_2)
FN:61,(anonymous_3)
FN:77,(anonymous_4)
FN:88,(anonymous_5)
FN:97,(anonymous_6)
FN:108,(anonymous_7)
FN:123,(anonymous_8)
FNF:9
FNH:8
FNDA:5,checkValidityTransitions
FNDA:3,(anonymous_1)
FNDA:2,(anonymous_2)
FNDA:1,(anonymous_3)
FNDA:9,(anonymous_4)
FNDA:2,(anonymous_5)
FNDA:6,(anonymous_6)
FNDA:2,(anonymous_7)
FNDA:0,(anonymous_8)
DA:30,5
DA:32,5
DA:34,5
DA:35,2
DA:45,3
DA:47,3
DA:48,3
DA:49,1
DA:55,2
DA:56,2
DA:59,2
DA:60,2
DA:61,1
DA:64,2
DA:74,3
DA:77,3
DA:78,9
DA:79,8
DA:80,6
DA:81,5
DA:82,4
DA:83,3
DA:85,2
DA:88,3
DA:92,2
DA:93,2
DA:94,2
DA:96,2
DA:97,6
DA:99,2
DA:108,3
DA:114,2
DA:115,2
DA:117,1
DA:118,1
DA:123,1
DA:124,0
DA:125,0
DA:128,1
DA:129,1
DA:130,0
DA:136,0
DA:138,0
DA:150,1
LF:44
LH:39
BRDA:34,0,0,2
BRDA:34,0,1,3
BRDA:48,1,0,1
BRDA:48,1,1,2
BRDA:48,2,0,3
BRDA:48,2,1,2
BRDA:48,2,2,2
BRDA:78,3,0,1
BRDA:78,3,1,8
BRDA:79,4,0,2
BRDA:79,4,1,6
BRDA:80,5,0,1
BRDA:80,5,1,5
BRDA:81,6,0,1
BRDA:81,6,1,4
BRDA:82,7,0,1
BRDA:82,7,1,3
BRDA:83,8,0,1
BRDA:83,8,1,2
BRDA:101,9,0,2
BRDA:101,9,1,1
BRDA:115,10,0,1
BRDA:115,10,1,1
BRDA:117,11,0,1
BRDA:117,11,1,1
BRDA:129,12,0,1
BRDA:129,12,1,1
BRF:27
BRH:27
end_of_record
TN:
SF:src/extensions/datahub/designer/validator/ValidatorNode.utils.ts
FN:17,checkValidityPolicyValidator
FN:32,(anonymous_1)
FN:37,(anonymous_2)
FN:51,checkValidityPolicyValidators
FN:59,(anonymous_4)
FN:62,(anonymous_5)
FNF:6
FNH:6
FNDA:3,checkValidityPolicyValidator
FNDA:2,(anonymous_1)
FNDA:2,(anonymous_2)
FNDA:2,checkValidityPolicyValidators
FNDA:1,(anonymous_4)
FNDA:2,(anonymous_5)
DA:21,3
DA:23,3
DA:25,3
DA:26,1
DA:32,2
DA:33,2
DA:39,2
DA:43,2
DA:48,2
DA:55,2
DA:57,2
DA:59,2
DA:62,2
DA:63,2
DA:68,2
DA:69,2
DA:70,2
DA:72,2
DA:73,2
DA:74,1
DA:78,1
DA:89,1
DA:90,1
DA:97,1
DA:98,1
DA:99,2
DA:100,2
DA:104,1
LF:28
LH:28
BRDA:25,0,0,1
BRDA:25,0,1,2
BRDA:39,1,0,0
BRDA:39,1,1,2
BRDA:39,2,0,2
BRDA:39,2,1,2
BRDA:69,3,0,2
BRDA:69,3,1,0
BRDA:73,4,0,1
BRDA:73,4,1,1
BRF:10
BRH:8
end_of_record
TN:
SF:src/extensions/datahub/hooks/useDataHubDraftStore.ts
FN:21,(anonymous_0)
FN:23,(anonymous_1)
FN:26,(anonymous_2)
FN:29,(anonymous_3)
FN:32,(anonymous_4)
FN:36,(anonymous_5)
FN:41,(anonymous_6)
FN:46,(anonymous_7)
FN:58,(anonymous_8)
FN:59,(anonymous_9)
FN:61,(anonymous_10)
FN:68,(anonymous_11)
FN:69,(anonymous_12)
FN:71,(anonymous_13)
FN:78,(anonymous_14)
FN:80,(anonymous_15)
FN:88,(anonymous_16)
FN:91,(anonymous_17)
FN:95,(anonymous_18)
FN:106,(anonymous_19)
FNF:20
FNH:19
FNDA:3,(anonymous_0)
FNDA:14,(anonymous_1)
FNDA:0,(anonymous_2)
FNDA:3,(anonymous_3)
FNDA:4,(anonymous_4)
FNDA:5,(anonymous_5)
FNDA:1,(anonymous_6)
FNDA:1,(anonymous_7)
FNDA:7,(anonymous_8)
FNDA:2,(anonymous_9)
FNDA:5,(anonymous_10)
FNDA:3,(anonymous_11)
FNDA:2,(anonymous_12)
FNDA:3,(anonymous_13)
FNDA:8,(anonymous_14)
FNDA:2,(anonymous_15)
FNDA:1,(anonymous_16)
FNDA:2,(anonymous_17)
FNDA:3,(anonymous_18)
FNDA:3,(anonymous_19)
DA:19,3
DA:21,3
DA:24,14
DA:27,0
DA:30,3
DA:32,4
DA:37,5
DA:42,1
DA:47,1
DA:59,7
DA:61,7
DA:62,7
DA:63,4
DA:69,3
DA:71,3
DA:72,3
DA:73,2
DA:79,8
DA:81,2
DA:82,1
DA:84,2
DA:89,1
DA:92,2
DA:93,1
DA:99,3
DA:100,3
DA:101,3
DA:106,3
LF:28
LH:27
BRDA:32,0,0,4
BRDA:32,0,1,3
BRDA:62,1,0,4
BRDA:62,1,1,3
BRDA:72,2,0,2
BRDA:72,2,1,1
BRDA:81,3,0,1
BRDA:81,3,1,1
BRDA:92,4,0,1
BRDA:92,4,1,1
BRDA:92,5,0,2
BRDA:92,5,1,2
BRDA:100,6,0,0
BRDA:100,6,1,3
BRDA:100,7,0,3
BRDA:100,7,1,0
BRDA:101,8,0,0
BRDA:101,8,1,3
BRF:18
BRH:15
end_of_record
TN:
SF:src/extensions/datahub/hooks/usePolicyChecksStore.ts
FN:7,(anonymous_0)
FN:15,(anonymous_1)
FN:17,(anonymous_2)
FN:20,(anonymous_3)
FN:26,(anonymous_4)
FN:31,(anonymous_5)
FN:32,(anonymous_6)
FN:38,(anonymous_7)
FN:41,(anonymous_8)
FN:42,(anonymous_9)
FNF:10
FNH:10
FNDA:9,(anonymous_0)
FNDA:2,(anonymous_1)
FNDA:7,(anonymous_2)
FNDA:1,(anonymous_3)
FNDA:2,(anonymous_4)
FNDA:5,(anonymous_5)
FNDA:5,(anonymous_6)
FNDA:3,(anonymous_7)
FNDA:2,(anonymous_8)
FNDA:1,(anonymous_9)
DA:7,2
DA:8,9
DA:15,2
DA:18,7
DA:21,1
DA:27,2
DA:32,5
DA:33,5
DA:39,3
DA:40,3
DA:41,2
DA:42,2
LF:12
LH:12
BRDA:35,0,0,2
BRDA:35,0,1,3
BRDA:40,1,0,1
BRDA:40,1,1,2
BRF:4
BRH:4
end_of_record
TN:
SF:src/extensions/datahub/hooks/usePolicyDryRun.ts
FN:32,(anonymous_0)
FN:39,(anonymous_1)
FN:40,(anonymous_2)
FN:47,(anonymous_3)
FN:86,(anonymous_4)
FN:111,(anonymous_5)
FN:128,(anonymous_6)
FN:156,(anonymous_7)
FN:166,(anonymous_8)
FNF:9
FNH:7
FNDA:2,(anonymous_0)
FNDA:0,(anonymous_1)
FNDA:0,(anonymous_2)
FNDA:5,(anonymous_3)
FNDA:1,(anonymous_4)
FNDA:1,(anonymous_5)
FNDA:1,(anonymous_6)
FNDA:1,(anonymous_7)
FNDA:3,(anonymous_8)
DA:32,1
DA:33,2
DA:34,1
DA:36,2
DA:39,1
DA:40,0
DA:41,0
DA:42,0
DA:44,0
DA:47,1
DA:48,5
DA:49,5
DA:86,5
DA:87,1
DA:88,1
DA:89,1
DA:91,1
DA:92,1
DA:93,1
DA:94,1
DA:96,1
DA:97,1
DA:98,1
DA:99,1
DA:101,1
DA:103,1
DA:111,1
DA:113,1
DA:114,0
DA:122,0
DA:125,1
DA:128,5
DA:131,1
DA:136,1
DA:138,1
DA:139,1
DA:140,1
DA:142,1
DA:144,1
DA:146,1
DA:156,1
DA:157,1
DA:158,0
DA:159,0
DA:162,1
DA:165,5
DA:167,3
DA:168,2
DA:169,1
DA:170,1
LF:50
LH:42
BRDA:33,0,0,1
BRDA:33,0,1,1
BRDA:41,1,0,0
BRDA:41,1,1,0
BRDA:113,2,0,0
BRDA:113,2,1,1
BRDA:152,3,0,1
BRDA:152,3,1,1
BRDA:153,4,0,1
BRDA:153,4,1,1
BRDA:157,5,0,0
BRDA:157,5,1,1
BRDA:167,6,0,1
BRDA:167,6,1,2
BRDA:168,7,0,1
BRDA:168,7,1,1
BRF:16
BRH:12
end_of_record
TN:
SF:src/extensions/datahub/hooks/usePolicyGuards.ts
FN:14,(anonymous_0)
FN:18,(anonymous_1)
FN:19,(anonymous_2)
FN:22,(anonymous_3)
FNF:4
FNH:4
FNDA:10,(anonymous_0)
FNDA:7,(anonymous_1)
FNDA:1,(anonymous_2)
FNDA:6,(anonymous_3)
DA:14,1
DA:15,10
DA:16,10
DA:18,10
DA:19,7
DA:22,10
DA:24,10
DA:26,10
DA:27,10
DA:28,6
DA:32,4
DA:33,2
DA:39,10
LF:13
LH:13
BRDA:24,0,0,10
BRDA:24,0,1,2
BRDA:27,1,0,6
BRDA:27,1,1,4
BRDA:32,2,0,2
BRDA:32,2,1,2
BRDA:32,3,0,4
BRDA:32,3,1,2
BRDA:42,4,0,10
BRDA:42,4,1,4
BRDA:42,4,2,2
BRF:11
BRH:11
end_of_record
TN:
SF:src/extensions/datahub/utils/datahub.utils.ts
FNF:0
FNH:0
DA:3,4
DA:4,4
DA:5,4
DA:7,4
DA:9,4
DA:17,4
LF:6
LH:6
BRF:0
BRH:0
end_of_record
TN:
SF:src/extensions/datahub/utils/edge.utils.ts
FNF:0
FNH:0
DA:5,3
LF:1
LH:1
BRF:0
BRH:0
end_of_record
TN:
SF:src/extensions/datahub/utils/hotkeys.utils.ts
FN:29,mapKey
FN:36,parseHotkey
FN:40,(anonymous_2)
FN:50,(anonymous_3)
FNF:4
FNH:4
FNDA:5,mapKey
FNDA:3,parseHotkey
FNDA:5,(anonymous_2)
FNDA:5,(anonymous_3)
DA:5,1
DA:7,1
DA:30,5
DA:37,3
DA:40,5
DA:42,3
DA:50,5
DA:51,3
LF:8
LH:8
BRDA:30,0,0,5
BRDA:30,0,1,5
BRDA:36,1,0,3
BRDA:44,2,0,3
BRDA:44,2,1,3
BRF:5
BRH:5
end_of_record
TN:
SF:src/extensions/datahub/utils/node.utils.ts
FN:38,(anonymous_0)
FN:40,(anonymous_1)
FN:95,(anonymous_2)
FN:96,(anonymous_3)
FN:97,(anonymous_4)
FN:99,(anonymous_5)
FN:134,(anonymous_6)
FN:161,(anonymous_7)
FN:164,(anonymous_8)
FN:167,(anonymous_9)
FN:169,(anonymous_10)
FN:171,(anonymous_11)
FN:173,(anonymous_12)
FN:176,(anonymous_13)
FN:179,(anonymous_14)
FN:183,(anonymous_15)
FN:309,(anonymous_16)
FN:322,(anonymous_17)
FN:330,(anonymous_18)
FN:331,(anonymous_19)
FN:338,(anonymous_20)
FN:348,(anonymous_21)
FN:349,(anonymous_22)
FN:363,(anonymous_23)
FN:366,(anonymous_24)
FN:376,(anonymous_25)
FN:379,(anonymous_26)
FN:392,(anonymous_27)
FN:403,(anonymous_28)
FNF:29
FNH:29
FNDA:6,(anonymous_0)
FNDA:6,(anonymous_1)
FNDA:9,(anonymous_2)
FNDA:11,(anonymous_3)
FNDA:11,(anonymous_4)
FNDA:6,(anonymous_5)
FNDA:7,(anonymous_6)
FNDA:9,(anonymous_7)
FNDA:3,(anonymous_8)
FNDA:7,(anonymous_9)
FNDA:5,(anonymous_10)
FNDA:1,(anonymous_11)
FNDA:5,(anonymous_12)
FNDA:4,(anonymous_13)
FNDA:4,(anonymous_14)
FNDA:21,(anonymous_15)
FNDA:6,(anonymous_16)
FNDA:4,(anonymous_17)
FNDA:2,(anonymous_18)
FNDA:1,(anonymous_19)
FNDA:3,(anonymous_20)
FNDA:3,(anonymous_21)
FNDA:12,(anonymous_22)
FNDA:9,(anonymous_23)
FNDA:13,(anonymous_24)
FNDA:5,(anonymous_25)
FNDA:3,(anonymous_26)
FNDA:2,(anonymous_27)
FNDA:2,(anonymous_28)
DA:38,10
DA:40,10
DA:41,6
DA:42,1
DA:46,5
DA:47,1
DA:52,4
DA:53,1
DA:59,3
DA:60,1
DA:64,2
DA:65,1
DA:73,1
DA:78,10
DA:95,10
DA:96,11
DA:97,11
DA:99,9
DA:100,6
DA:102,6
DA:104,6
DA:105,3
DA:106,1
DA:108,3
DA:111,9
DA:112,3
DA:115,6
DA:117,0
DA:120,6
DA:122,1
DA:125,5
DA:127,2
DA:130,3
DA:131,3
DA:132,0
DA:134,3
DA:135,7
DA:136,4
DA:139,3
DA:161,10
DA:162,9
DA:164,10
DA:165,3
DA:167,10
DA:169,10
DA:171,10
DA:173,10
DA:174,5
DA:176,10
DA:177,4
DA:179,10
DA:180,4
DA:183,10
DA:184,21
DA:185,1
DA:191,20
DA:192,1
DA:198,19
DA:199,1
DA:205,18
DA:206,1
DA:212,17
DA:216,2
DA:222,15
DA:223,1
DA:229,14
DA:230,1
DA:236,13
DA:239,1
DA:241,12
DA:242,1
DA:248,11
DA:249,1
DA:255,10
DA:261,3
DA:267,7
DA:268,1
DA:274,6
DA:276,1
DA:278,5
DA:279,1
DA:285,4
DA:286,1
DA:292,3
DA:293,1
DA:299,2
DA:300,1
DA:306,1
DA:309,10
DA:310,6
DA:311,1
DA:313,5
DA:314,1
DA:316,4
DA:317,4
DA:319,0
DA:322,10
DA:327,4
DA:329,3
DA:330,2
DA:331,1
DA:332,1
DA:333,1
DA:335,2
DA:338,10
DA:339,3
DA:340,3
DA:341,3
DA:342,2
DA:344,3
DA:348,10
DA:349,3
DA:350,12
DA:351,6
DA:352,6
DA:353,3
DA:356,12
DA:363,10
DA:364,9
DA:365,7
DA:366,7
DA:367,13
DA:371,7
DA:373,2
DA:376,10
DA:377,5
DA:379,3
DA:380,3
DA:381,1
DA:382,2
DA:383,1
DA:384,1
DA:387,3
DA:389,3
DA:392,10
DA:393,2
DA:394,2
DA:395,2
DA:396,2
DA:397,2
DA:403,10
DA:404,2
DA:405,2
DA:406,2
DA:407,2
DA:408,0
DA:409,0
DA:416,2
LF:148
LH:143
BRDA:38,0,0,6
BRDA:41,1,0,1
BRDA:41,1,1,5
BRDA:46,2,0,1
BRDA:46,2,1,4
BRDA:52,3,0,1
BRDA:52,3,1,3
BRDA:59,4,0,1
BRDA:59,4,1,2
BRDA:64,5,0,1
BRDA:64,5,1,1
BRDA:99,6,0,5
BRDA:100,7,0,0
BRDA:100,7,1,6
BRDA:105,8,0,2
BRDA:105,8,1,1
BRDA:106,9,0,1
BRDA:106,9,1,0
BRDA:111,10,0,3
BRDA:111,10,1,6
BRDA:111,11,0,9
BRDA:111,11,1,8
BRDA:115,12,0,0
BRDA:115,12,1,6
BRDA:120,13,0,1
BRDA:120,13,1,5
BRDA:125,14,0,2
BRDA:125,14,1,3
BRDA:131,15,0,0
BRDA:131,15,1,3
BRDA:135,16,0,4
BRDA:135,16,1,3
BRDA:136,17,0,4
BRDA:136,17,1,4
BRDA:184,18,0,1
BRDA:184,18,1,20
BRDA:191,19,0,1
BRDA:191,19,1,19
BRDA:198,20,0,1
BRDA:198,20,1,18
BRDA:198,21,0,19
BRDA:198,21,1,4
BRDA:205,22,0,1
BRDA:205,22,1,17
BRDA:205,23,0,18
BRDA:205,23,1,3
BRDA:212,24,0,2
BRDA:212,24,1,15
BRDA:213,25,0,17
BRDA:213,25,1,2
BRDA:213,25,2,1
BRDA:222,26,0,1
BRDA:222,26,1,14
BRDA:222,27,0,15
BRDA:222,27,1,2
BRDA:229,28,0,1
BRDA:229,28,1,13
BRDA:229,29,0,14
BRDA:229,29,1,1
BRDA:236,30,0,1
BRDA:236,30,1,12
BRDA:241,31,0,1
BRDA:241,31,1,11
BRDA:241,32,0,12
BRDA:241,32,1,6
BRDA:248,33,0,1
BRDA:248,33,1,10
BRDA:248,34,0,11
BRDA:248,34,1,5
BRDA:255,35,0,3
BRDA:255,35,1,7
BRDA:256,36,0,10
BRDA:256,36,1,4
BRDA:256,36,2,3
BRDA:256,36,3,2
BRDA:267,37,0,1
BRDA:267,37,1,6
BRDA:267,38,0,7
BRDA:267,38,1,1
BRDA:274,39,0,1
BRDA:274,39,1,5
BRDA:278,40,0,1
BRDA:278,40,1,4
BRDA:278,41,0,5
BRDA:278,41,1,2
BRDA:285,42,0,1
BRDA:285,42,1,3
BRDA:285,43,0,4
BRDA:285,43,1,1
BRDA:292,44,0,1
BRDA:292,44,1,2
BRDA:292,45,0,3
BRDA:292,45,1,2
BRDA:299,46,0,1
BRDA:299,46,1,1
BRDA:299,47,0,2
BRDA:299,47,1,1
BRDA:310,48,0,1
BRDA:310,48,1,5
BRDA:313,49,0,1
BRDA:313,49,1,4
BRDA:316,50,0,4
BRDA:316,50,1,0
BRDA:316,51,0,4
BRDA:316,51,1,3
BRDA:327,52,0,1
BRDA:327,52,1,3
BRDA:329,53,0,1
BRDA:329,53,1,2
BRDA:332,54,0,1
BRDA:332,54,1,0
BRDA:332,55,0,1
BRDA:332,55,1,1
BRDA:332,55,2,1
BRDA:332,55,3,1
BRDA:338,56,0,1
BRDA:339,57,0,0
BRDA:339,57,1,3
BRDA:350,58,0,6
BRDA:350,58,1,6
BRDA:352,59,0,3
BRDA:352,59,1,3
BRDA:352,60,0,6
BRDA:352,60,1,4
BRDA:352,60,2,4
BRDA:364,61,0,7
BRDA:364,61,1,2
BRDA:367,62,0,3
BRDA:367,62,1,10
BRDA:368,63,0,3
BRDA:368,63,1,3
BRDA:369,64,0,10
BRDA:369,64,1,6
BRDA:377,65,0,2
BRDA:377,65,1,3
BRDA:377,66,0,5
BRDA:377,66,1,4
BRDA:380,67,0,1
BRDA:380,67,1,2
BRDA:382,68,0,1
BRDA:382,68,1,1
BRDA:393,69,0,0
BRDA:393,69,1,2
BRDA:407,70,0,0
BRDA:407,70,1,2
BRDA:407,71,0,2
BRDA:407,71,1,0
BRF:147
BRH:137
end_of_record
TN:
SF:src/extensions/datahub/utils/rjsf.utils.ts
FN:1,(anonymous_0)
FN:2,(anonymous_1)
FNF:2
FNH:2
FNDA:5,(anonymous_0)
FNDA:17,(anonymous_1)
DA:1,1
DA:2,5
DA:3,17
DA:4,17
DA:5,5
DA:6,12
DA:7,5
DA:10,17
LF:8
LH:8
BRDA:4,0,0,5
BRDA:4,0,1,12
BRDA:6,1,0,5
BRDA:6,1,1,7
BRF:4
BRH:4
end_of_record
TN:
SF:src/extensions/datahub/utils/store.utils.ts
FN:8,(anonymous_0)
FN:19,(anonymous_1)
FN:34,(anonymous_2)
FNF:3
FNH:3
FNDA:23,(anonymous_0)
FNDA:164,(anonymous_1)
FNDA:18,(anonymous_2)
DA:8,4
DA:9,23
DA:11,22
DA:12,22
DA:15,21
DA:17,21
DA:19,20
DA:20,164
DA:21,164
DA:24,163
DA:25,163
DA:30,163
DA:34,4
DA:35,18
DA:36,18
DA:38,18
DA:40,18
LF:17
LH:17
BRDA:9,0,0,1
BRDA:9,0,1,22
BRDA:12,1,0,1
BRDA:12,1,1,21
BRDA:17,2,0,1
BRDA:17,2,1,20
BRDA:21,3,0,1
BRDA:21,3,1,163
BRF:8
BRH:8
end_of_record
TN:
SF:src/extensions/datahub/utils/theme.utils.ts
FN:8,(anonymous_0)
FNF:1
FNH:0
FNDA:0,(anonymous_0)
DA:1,8
DA:2,8
DA:3,8
DA:4,8
DA:6,8
DA:8,8
DA:9,0
LF:7
LH:6
BRDA:8,0,0,0
BRF:1
BRH:0
end_of_record
TN:
SF:src/hooks/useEdgeToast/toast-utils.ts
FNF:0
FNH:0
DA:3,7
DA:9,7
LF:2
LH:2
BRF:0
BRH:0
end_of_record
TN:
SF:src/hooks/useGetEdgeTopics/useGetEdgeTopics.ts
FN:26,(anonymous_0)
FN:26,(anonymous_1)
FN:38,(anonymous_2)
FN:61,(anonymous_3)
FNF:4
FNH:4
FNDA:22,(anonymous_0)
FNDA:19,(anonymous_1)
FNDA:12,(anonymous_2)
FNDA:9,(anonymous_3)
DA:24,4
DA:26,22
DA:27,19
DA:28,15
DA:29,4
DA:30,4
DA:31,4
DA:32,4
DA:34,11
DA:35,11
DA:38,4
DA:45,12
DA:52,12
DA:59,12
DA:61,12
DA:62,9
DA:64,9
DA:69,12
LF:18
LH:18
BRDA:27,0,0,4
BRDA:27,0,1,15
BRDA:27,1,0,19
BRDA:27,1,1,7
BRDA:28,2,0,4
BRDA:28,2,1,11
BRDA:31,3,0,3
BRDA:31,3,1,1
BRDA:71,4,0,12
BRDA:71,4,1,4
BRDA:71,4,2,4
BRDA:72,5,0,12
BRDA:72,5,1,4
BRDA:72,5,2,4
BRDA:73,6,0,12
BRDA:73,6,1,12
BRDA:73,6,2,12
BRDA:74,7,0,12
BRDA:74,7,1,12
BRDA:74,7,2,12
BRF:20
BRH:20
end_of_record
TN:
SF:src/hooks/usePrivateMqttClient/PrivateMqttClientContext.ts
FNF:0
FNH:0
DA:4,1
LF:1
LH:1
BRF:0
BRH:0
end_of_record
TN:
SF:src/hooks/usePrivateMqttClient/usePrivateMqttClient.ts
FN:4,(anonymous_0)
FNF:1
FNH:1
FNDA:1,(anonymous_0)
DA:4,1
DA:5,1
LF:2
LH:2
BRF:0
BRH:0
end_of_record
TN:
SF:src/modules/Auth/AuthContext.ts
FNF:0
FNH:0
DA:12,110
LF:1
LH:1
BRF:0
BRH:0
end_of_record
TN:
SF:src/modules/Auth/auth-utilities.ts
FN:6,(anonymous_0)
FN:32,(anonymous_1)
FN:39,(anonymous_2)
FN:43,(anonymous_3)
FNF:4
FNH:3
FNDA:169,(anonymous_0)
FNDA:0,(anonymous_1)
FNDA:1,(anonymous_2)
FNDA:1,(anonymous_3)
DA:6,110
DA:12,169
DA:13,166
DA:14,166
DA:15,166
DA:18,3
DA:19,3
DA:20,1
DA:21,1
DA:22,1
DA:25,2
DA:26,2
DA:27,1
DA:28,1
DA:29,1
DA:32,1
DA:33,0
DA:37,110
DA:40,1
DA:41,1
DA:44,1
DA:45,1
LF:22
LH:21
BRDA:12,0,0,166
BRDA:12,0,1,3
BRDA:19,1,0,1
BRDA:19,1,1,2
BRDA:26,2,0,1
BRDA:26,2,1,1
BRF:6
BRH:6
end_of_record
TN:
SF:src/modules/Auth/hooks/useAuth.ts
FN:4,(anonymous_0)
FNF:1
FNH:1
FNDA:928,(anonymous_0)
DA:4,102
DA:5,928
DA:6,928
DA:7,0
DA:9,928
LF:5
LH:4
BRDA:6,0,0,0
BRDA:6,0,1,928
BRF:2
BRH:1
end_of_record
TN:
SF:src/modules/Bridges/hooks/useBridgeConfig.ts
FN:17,(anonymous_0)
FNF:1
FNH:1
FNDA:5,(anonymous_0)
DA:7,1
DA:17,1
DA:18,5
DA:19,5
DA:20,4
DA:22,1
LF:6
LH:6
BRDA:19,0,0,4
BRDA:19,0,1,1
BRF:2
BRH:2
end_of_record
TN:
SF:src/modules/Device/hooks/useTagManager.ts
FN:18,(anonymous_0)
FN:31,(anonymous_1)
FN:58,(anonymous_2)
FN:73,(anonymous_3)
FN:80,(anonymous_4)
FN:84,(anonymous_5)
FN:91,(anonymous_6)
FNF:7
FNH:7
FNDA:11,(anonymous_0)
FNDA:7,(anonymous_1)
FNDA:4,(anonymous_2)
FNDA:1,(anonymous_3)
FNDA:1,(anonymous_4)
FNDA:1,(anonymous_5)
FNDA:1,(anonymous_6)
DA:18,1
DA:19,11
DA:20,11
DA:22,11
DA:23,11
DA:24,11
DA:26,11
DA:27,11
DA:28,11
DA:29,11
DA:31,11
DA:32,7
DA:34,2
DA:36,2
DA:38,2
DA:49,2
DA:58,11
DA:73,11
DA:74,1
DA:80,11
DA:81,1
DA:84,11
DA:85,1
DA:91,11
DA:92,1
DA:98,11
DA:104,11
LF:27
LH:27
BRDA:32,0,0,5
BRDA:32,0,1,2
BRDA:101,1,0,11
BRDA:101,1,1,7
BRDA:108,2,0,11
BRDA:108,2,1,7
BRDA:114,3,0,11
BRDA:114,3,1,5
BRDA:115,4,0,11
BRDA:115,4,1,10
BRDA:116,5,0,11
BRDA:116,5,1,10
BRDA:118,6,0,11
BRDA:118,6,1,11
BRDA:118,6,2,11
BRDA:118,6,3,11
BRF:16
BRH:16
end_of_record
TN:
SF:src/modules/Device/utils/tags.utils.ts
FN:6,(anonymous_0)
FN:11,(anonymous_1)
FN:13,(anonymous_2)
FN:25,(anonymous_3)
FNF:4
FNH:4
FNDA:2,(anonymous_0)
FNDA:3,(anonymous_1)
FNDA:24,(anonymous_2)
FNDA:3,(anonymous_3)
DA:6,1
DA:7,2
DA:8,1
DA:11,1
DA:12,3
DA:13,3
DA:14,24
DA:16,3
DA:25,1
DA:27,3
DA:38,3
DA:40,2
LF:12
LH:12
BRDA:7,0,0,1
BRDA:7,0,1,1
BRDA:38,1,0,1
BRDA:38,1,1,2
BRF:4
BRH:4
end_of_record
TN:
SF:src/modules/Device/utils/validation.utils.ts
FN:7,(anonymous_0)
FN:7,(anonymous_1)
FN:11,(anonymous_2)
FN:12,(anonymous_3)
FN:26,(anonymous_4)
FNF:5
FNH:5
FNDA:1,(anonymous_0)
FNDA:3,(anonymous_1)
FNDA:8,(anonymous_2)
FNDA:8,(anonymous_3)
FNDA:8,(anonymous_4)
DA:7,1
DA:11,8
DA:12,3
DA:13,8
DA:14,2
DA:16,8
DA:19,3
DA:20,2
DA:26,3
DA:27,8
DA:28,1
DA:30,8
DA:33,3
DA:34,1
DA:37,3
LF:15
LH:15
BRDA:13,0,0,2
BRDA:13,0,1,6
BRDA:27,1,0,1
BRDA:27,1,1,7
BRF:4
BRH:4
end_of_record
TN:
SF:src/modules/DomainOntology/hooks/useGetChordMatrixData.ts
FN:12,(anonymous_0)
FN:17,(anonymous_1)
FN:25,(anonymous_2)
FN:31,(anonymous_3)
FN:37,(anonymous_4)
FN:45,(anonymous_5)
FN:45,(anonymous_6)
FN:58,(anonymous_7)
FN:67,(anonymous_8)
FN:68,(anonymous_9)
FN:73,(anonymous_10)
FN:74,(anonymous_11)
FN:79,(anonymous_12)
FN:80,(anonymous_13)
FN:88,(anonymous_14)
FN:89,(anonymous_15)
FNF:16
FNH:14
FNDA:3,(anonymous_0)
FNDA:3,(anonymous_1)
FNDA:1,(anonymous_2)
FNDA:1,(anonymous_3)
FNDA:1,(anonymous_4)
FNDA:6,(anonymous_5)
FNDA:36,(anonymous_6)
FNDA:4,(anonymous_7)
FNDA:6,(anonymous_8)
FNDA:3,(anonymous_9)
FNDA:6,(anonymous_10)
FNDA:6,(anonymous_11)
FNDA:11,(anonymous_12)
FNDA:8,(anonymous_13)
FNDA:0,(anonymous_14)
FNDA:0,(anonymous_15)
DA:9,1
DA:10,1
DA:12,1
DA:13,3
DA:15,3
DA:17,3
DA:23,3
DA:24,3
DA:26,1
DA:27,1
DA:30,3
DA:32,1
DA:33,1
DA:36,3
DA:38,1
DA:39,1
DA:42,3
DA:45,36
DA:47,3
DA:48,2
DA:58,1
DA:59,4
DA:60,2
DA:61,2
DA:62,2
DA:63,2
DA:66,1
DA:67,6
DA:68,3
DA:69,1
DA:72,1
DA:73,6
DA:74,6
DA:75,1
DA:78,1
DA:79,11
DA:80,8
DA:81,2
DA:84,1
DA:85,6
DA:86,6
DA:87,6
DA:88,0
DA:89,0
DA:90,0
DA:95,1
DA:110,3
LF:47
LH:44
BRDA:25,0,0,3
BRDA:25,0,1,2
BRDA:31,1,0,3
BRDA:31,1,1,2
BRDA:37,2,0,3
BRDA:37,2,1,2
BRDA:47,3,0,2
BRDA:47,3,1,1
BRDA:59,4,0,2
BRDA:59,4,1,2
BRDA:59,5,0,4
BRDA:59,5,1,2
BRDA:66,6,0,1
BRDA:66,6,1,0
BRDA:72,7,0,1
BRDA:72,7,1,0
BRDA:78,8,0,1
BRDA:78,8,1,0
BRDA:85,9,0,6
BRDA:85,9,1,0
BRDA:87,10,0,0
BRDA:87,10,1,6
BRDA:87,11,0,6
BRDA:87,11,1,1
BRF:24
BRH:19
end_of_record
TN:
SF:src/modules/DomainOntology/hooks/useGetClusterData.ts
FN:11,(anonymous_0)
FN:17,(anonymous_1)
FN:20,(anonymous_2)
FN:24,(anonymous_3)
FN:27,(anonymous_4)
FN:31,(anonymous_5)
FN:36,(anonymous_6)
FN:44,(anonymous_7)
FN:45,(anonymous_8)
FNF:9
FNH:6
FNDA:6,(anonymous_0)
FNDA:6,(anonymous_1)
FNDA:0,(anonymous_2)
FNDA:6,(anonymous_3)
FNDA:4,(anonymous_4)
FNDA:2,(anonymous_5)
FNDA:2,(anonymous_6)
FNDA:0,(anonymous_7)
FNDA:0,(anonymous_8)
DA:11,1
DA:12,6
DA:13,6
DA:14,6
DA:15,6
DA:17,6
DA:18,6
DA:20,6
DA:21,0
DA:22,0
DA:24,6
DA:27,6
DA:28,4
DA:30,4
DA:31,2
DA:36,2
DA:44,4
DA:45,0
DA:46,0
DA:47,0
DA:50,4
DA:52,4
DA:54,4
DA:55,4
DA:58,0
DA:61,6
LF:26
LH:20
BRDA:18,0,0,0
BRDA:18,0,1,6
BRDA:18,1,0,6
BRDA:18,1,1,6
BRDA:31,2,0,4
BRDA:31,2,1,2
BRDA:36,3,0,4
BRDA:36,3,1,2
BRDA:46,4,0,0
BRDA:46,4,1,0
BRDA:52,5,0,2
BRDA:52,5,1,2
BRDA:54,6,0,4
BRDA:54,6,1,0
BRDA:62,7,0,6
BRDA:62,7,1,2
BRDA:63,8,0,6
BRDA:63,8,1,6
BRF:18
BRH:14
end_of_record
TN:
SF:src/modules/DomainOntology/hooks/useGetDomainOntology.ts
FN:10,(anonymous_0)
FN:23,(anonymous_1)
FN:33,(anonymous_2)
FN:40,(anonymous_3)
FNF:4
FNH:4
FNDA:27,(anonymous_0)
FNDA:27,(anonymous_1)
FNDA:9,(anonymous_2)
FNDA:9,(anonymous_3)
DA:10,5
DA:11,27
DA:12,27
DA:13,27
DA:14,27
DA:15,27
DA:18,27
DA:21,27
DA:23,27
DA:24,27
DA:25,27
DA:26,27
DA:28,27
DA:29,9
DA:30,9
DA:31,9
DA:32,9
DA:33,9
DA:36,9
DA:37,9
DA:38,9
DA:39,9
DA:40,9
DA:43,27
DA:46,27
LF:25
LH:25
BRDA:18,0,0,27
BRDA:18,0,1,9
BRDA:18,0,2,9
BRDA:18,0,3,9
BRDA:18,0,4,9
BRDA:21,1,0,27
BRDA:21,1,1,27
BRDA:21,1,2,27
BRDA:21,1,3,27
BRDA:21,1,4,27
BRDA:28,2,0,27
BRDA:28,2,1,18
BRDA:29,3,0,9
BRDA:29,3,1,0
BRDA:36,4,0,9
BRDA:36,4,1,0
BRF:16
BRH:14
end_of_record
TN:
SF:src/modules/DomainOntology/hooks/useGetSankeyData.ts
FN:7,(anonymous_0)
FN:12,(anonymous_1)
FN:13,(anonymous_2)
FN:14,(anonymous_3)
FN:15,(anonymous_4)
FN:19,(anonymous_5)
FN:20,(anonymous_6)
FN:31,(anonymous_7)
FN:32,(anonymous_8)
FN:103,(anonymous_9)
FNF:10
FNH:10
FNDA:3,(anonymous_0)
FNDA:3,(anonymous_1)
FNDA:1,(anonymous_2)
FNDA:1,(anonymous_3)
FNDA:1,(anonymous_4)
FNDA:1,(anonymous_5)
FNDA:1,(anonymous_6)
FNDA:1,(anonymous_7)
FNDA:1,(anonymous_8)
FNDA:6,(anonymous_9)
DA:7,1
DA:8,3
DA:10,3
DA:12,3
DA:13,3
DA:14,3
DA:15,3
DA:17,3
DA:18,3
DA:19,1
DA:20,1
DA:21,1
DA:22,0
DA:30,3
DA:31,1
DA:32,1
DA:33,1
DA:34,0
DA:42,3
DA:47,2
DA:61,3
DA:69,3
DA:71,2
DA:98,2
DA:101,1
DA:103,6
DA:107,1
DA:119,3
LF:28
LH:26
BRDA:13,0,0,3
BRDA:13,0,1,2
BRDA:14,1,0,3
BRDA:14,1,1,2
BRDA:15,2,0,3
BRDA:15,2,1,2
BRDA:18,3,0,3
BRDA:18,3,1,2
BRDA:21,4,0,0
BRDA:21,4,1,1
BRDA:21,5,0,1
BRDA:21,5,1,0
BRDA:30,6,0,3
BRDA:30,6,1,2
BRDA:33,7,0,0
BRDA:33,7,1,1
BRDA:33,8,0,1
BRDA:33,8,1,0
BRDA:33,8,2,0
BRDA:33,8,3,0
BRDA:42,9,0,3
BRDA:42,9,1,0
BRDA:69,10,0,2
BRDA:69,10,1,1
BRDA:69,11,0,3
BRDA:69,11,1,1
BRF:26
BRH:19
end_of_record
TN:
SF:src/modules/DomainOntology/hooks/useGetSunburstData.ts
FN:7,(anonymous_0)
FN:11,(anonymous_1)
FN:21,(anonymous_2)
FN:22,(anonymous_3)
FN:23,(anonymous_4)
FNF:5
FNH:5
FNDA:3,(anonymous_0)
FNDA:3,(anonymous_1)
FNDA:1,(anonymous_2)
FNDA:1,(anonymous_3)
FNDA:1,(anonymous_4)
DA:7,1
DA:8,3
DA:9,3
DA:11,3
DA:14,3
DA:19,3
DA:21,1
DA:22,1
DA:23,1
DA:25,1
DA:33,1
DA:35,1
DA:46,3
LF:13
LH:13
BRDA:19,0,0,2
BRDA:19,0,1,1
BRDA:21,1,0,1
BRDA:21,1,1,0
BRDA:22,2,0,1
BRDA:22,2,1,0
BRDA:23,3,0,1
BRDA:23,3,1,0
BRDA:33,4,0,0
BRDA:33,4,1,1
BRF:10
BRH:6
end_of_record
TN:
SF:src/modules/DomainOntology/hooks/useGetTreeData.ts
FN:7,(anonymous_0)
FN:11,(anonymous_1)
FN:13,(anonymous_2)
FN:21,(anonymous_3)
FN:29,(anonymous_4)
FN:37,(anonymous_5)
FN:45,(anonymous_6)
FN:53,(anonymous_7)
FN:58,(anonymous_8)
FNF:9
FNH:9
FNDA:3,(anonymous_0)
FNDA:3,(anonymous_1)
FNDA:2,(anonymous_2)
FNDA:1,(anonymous_3)
FNDA:1,(anonymous_4)
FNDA:1,(anonymous_5)
FNDA:1,(anonymous_6)
FNDA:1,(anonymous_7)
FNDA:1,(anonymous_8)
DA:7,1
DA:9,3
DA:11,3
DA:13,3
DA:21,3
DA:29,3
DA:37,3
DA:45,3
DA:52,3
DA:53,1
DA:54,1
DA:57,3
DA:58,1
DA:59,1
DA:62,3
DA:63,1
DA:64,1
DA:65,1
DA:69,3
DA:103,3
LF:20
LH:20
BRDA:13,0,0,3
BRDA:13,0,1,0
BRDA:21,1,0,3
BRDA:21,1,1,0
BRDA:29,2,0,3
BRDA:29,2,1,2
BRDA:37,3,0,3
BRDA:37,3,1,2
BRDA:45,4,0,3
BRDA:45,4,1,2
BRDA:52,5,0,3
BRDA:52,5,1,2
BRDA:54,6,0,0
BRDA:54,6,1,1
BRDA:57,7,0,3
BRDA:57,7,1,2
BRDA:59,8,0,0
BRDA:59,8,1,1
BRDA:59,9,0,1
BRDA:59,9,1,0
BRDA:65,10,0,0
BRDA:65,10,1,1
BRF:22
BRH:16
end_of_record
TN:
SF:src/modules/DomainOntology/utils/cluster.utils.ts
FN:4,(anonymous_0)
FN:30,(anonymous_1)
FN:34,(anonymous_2)
FN:36,(anonymous_3)
FN:37,(anonymous_4)
FNF:5
FNH:1
FNDA:2,(anonymous_0)
FNDA:0,(anonymous_1)
FNDA:0,(anonymous_2)
FNDA:0,(anonymous_3)
FNDA:0,(anonymous_4)
DA:4,2
DA:5,2
DA:6,2
DA:29,2
DA:30,0
DA:34,0
DA:36,0
DA:37,0
LF:8
LH:4
BRDA:4,0,0,2
BRDA:4,0,1,2
BRF:2
BRH:2
end_of_record
TN:
SF:src/modules/EventLog/utils/payload-utils.ts
FN:1,(anonymous_0)
FN:10,(anonymous_1)
FNF:2
FNH:2
FNDA:3,(anonymous_0)
FNDA:3,(anonymous_1)
DA:1,1
DA:2,3
DA:3,2
DA:4,2
DA:6,1
DA:10,1
DA:11,3
DA:13,2
DA:14,2
LF:9
LH:9
BRDA:2,0,0,1
BRDA:2,0,1,2
BRDA:11,1,0,1
BRDA:11,1,1,2
BRF:4
BRH:4
end_of_record
TN:
SF:src/modules/Mappings/hooks/useNorthboundMappingManager.ts
FN:13,(anonymous_0)
FN:20,(anonymous_1)
FN:35,(anonymous_2)
FN:53,(anonymous_3)
FNF:4
FNH:4
FNDA:6,(anonymous_0)
FNDA:1,(anonymous_1)
FNDA:1,(anonymous_2)
FNDA:1,(anonymous_3)
DA:13,1
DA:14,6
DA:15,6
DA:16,6
DA:18,6
DA:20,6
DA:35,6
DA:36,1
DA:37,1
DA:38,1
DA:41,6
DA:47,6
DA:53,1
LF:13
LH:13
BRF:0
BRH:0
end_of_record
TN:
SF:src/modules/Mappings/hooks/useSouthboundMappingManager.ts
FN:13,(anonymous_0)
FN:21,(anonymous_1)
FN:36,(anonymous_2)
FN:54,(anonymous_3)
FNF:4
FNH:4
FNDA:6,(anonymous_0)
FNDA:1,(anonymous_1)
FNDA:1,(anonymous_2)
FNDA:1,(anonymous_3)
DA:13,1
DA:14,6
DA:15,6
DA:17,6
DA:19,6
DA:21,6
DA:36,6
DA:37,1
DA:38,1
DA:39,1
DA:42,6
DA:48,6
DA:54,1
LF:13
LH:13
BRF:0
BRH:0
end_of_record
TN:
SF:src/modules/Mappings/hooks/useValidateCombiner.ts
FN:26,(anonymous_0)
FN:37,(anonymous_1)
FN:38,(anonymous_2)
FN:39,(anonymous_3)
FN:48,(anonymous_4)
FN:49,(anonymous_5)
FN:53,(anonymous_6)
FN:60,(anonymous_7)
FN:75,(anonymous_8)
FN:77,(anonymous_9)
FN:82,(anonymous_10)
FN:85,(anonymous_11)
FN:94,(anonymous_12)
FN:95,(anonymous_13)
FN:103,(anonymous_14)
FN:118,(anonymous_15)
FN:119,(anonymous_16)
FN:129,(anonymous_17)
FN:143,(anonymous_18)
FN:144,(anonymous_19)
FN:154,(anonymous_20)
FN:174,(anonymous_21)
FN:192,(anonymous_22)
FN:193,(anonymous_23)
FN:232,(anonymous_24)
FN:236,(anonymous_25)
FN:242,(anonymous_26)
FN:255,(anonymous_27)
FN:263,(anonymous_28)
FNF:29
FNH:29
FNDA:51,(anonymous_0)
FNDA:16,(anonymous_1)
FNDA:16,(anonymous_2)
FNDA:15,(anonymous_3)
FNDA:31,(anonymous_4)
FNDA:14,(anonymous_5)
FNDA:14,(anonymous_6)
FNDA:7,(anonymous_7)
FNDA:31,(anonymous_8)
FNDA:14,(anonymous_9)
FNDA:14,(anonymous_10)
FNDA:7,(anonymous_11)
FNDA:51,(anonymous_12)
FNDA:63,(anonymous_13)
FNDA:126,(anonymous_14)
FNDA:16,(anonymous_15)
FNDA:30,(anonymous_16)
FNDA:30,(anonymous_17)
FNDA:11,(anonymous_18)
FNDA:5,(anonymous_19)
FNDA:9,(anonymous_20)
FNDA:11,(anonymous_21)
FNDA:11,(anonymous_22)
FNDA:7,(anonymous_23)
FNDA:11,(anonymous_24)
FNDA:5,(anonymous_25)
FNDA:3,(anonymous_26)
FNDA:17,(anonymous_27)
FNDA:11,(anonymous_28)
DA:26,1
DA:30,51
DA:31,51
DA:32,51
DA:34,51
DA:36,51
DA:38,16
DA:39,16
DA:40,16
DA:42,15
DA:48,51
DA:49,31
DA:50,14
DA:51,14
DA:52,14
DA:53,14
DA:58,7
DA:59,7
DA:60,7
DA:65,7
DA:68,14
DA:72,51
DA:75,51
DA:76,31
DA:78,14
DA:79,14
DA:81,14
DA:82,14
DA:84,14
DA:85,7
DA:88,14
DA:94,51
DA:95,51
DA:97,63
DA:98,7
DA:99,7
DA:101,56
DA:103,126
DA:104,63
DA:106,63
DA:117,51
DA:119,16
DA:120,30
DA:121,16
DA:122,16
DA:123,15
DA:125,2
DA:129,30
DA:130,16
DA:131,2
DA:134,16
DA:142,51
DA:144,11
DA:145,5
DA:146,1
DA:154,11
DA:155,9
DA:156,2
DA:165,11
DA:173,51
DA:175,11
DA:176,11
DA:177,5
DA:179,6
DA:180,6
DA:181,1
DA:183,11
DA:191,51
DA:193,11
DA:194,11
DA:195,4
DA:226,11
DA:231,51
DA:233,11
DA:234,11
DA:236,11
DA:242,11
DA:243,3
DA:244,1
DA:246,3
DA:247,1
DA:250,11
DA:255,51
DA:256,17
DA:257,1
DA:258,1
DA:261,16
DA:263,16
DA:264,11
DA:266,11
DA:267,11
DA:268,11
DA:269,11
DA:272,16
DA:275,51
LF:95
LH:95
BRDA:34,0,0,51
BRDA:34,0,1,17
BRDA:39,1,0,15
BRDA:39,1,1,1
BRDA:40,2,0,1
BRDA:40,2,1,15
BRDA:40,3,0,16
BRDA:40,3,1,15
BRDA:42,4,0,15
BRDA:42,4,1,15
BRDA:51,5,0,0
BRDA:51,5,1,14
BRDA:52,6,0,7
BRDA:52,6,1,7
BRDA:59,7,0,7
BRDA:59,7,1,0
BRDA:79,8,0,0
BRDA:79,8,1,14
BRDA:81,9,0,7
BRDA:81,9,1,7
BRDA:84,10,0,7
BRDA:84,10,1,7
BRDA:97,11,0,7
BRDA:97,11,1,56
BRDA:99,12,0,7
BRDA:99,12,1,0
BRDA:101,13,0,14
BRDA:101,13,1,42
BRDA:120,14,0,16
BRDA:120,14,1,14
BRDA:122,15,0,1
BRDA:122,15,1,15
BRDA:123,16,0,2
BRDA:123,16,1,13
BRDA:130,17,0,2
BRDA:130,17,1,14
BRDA:130,18,0,16
BRDA:130,18,1,16
BRDA:145,19,0,1
BRDA:145,19,1,4
BRDA:155,20,0,2
BRDA:155,20,1,7
BRDA:176,21,0,5
BRDA:176,21,1,6
BRDA:176,22,0,11
BRDA:176,22,1,6
BRDA:177,23,0,1
BRDA:177,23,1,1
BRDA:180,24,0,1
BRDA:180,24,1,5
BRDA:193,25,0,7
BRDA:193,25,1,7
BRDA:194,26,0,4
BRDA:194,26,1,7
BRDA:234,27,0,11
BRDA:234,27,1,6
BRDA:236,28,0,11
BRDA:236,28,1,5
BRDA:243,29,0,1
BRDA:243,29,1,2
BRDA:246,30,0,1
BRDA:246,30,1,2
BRDA:256,31,0,1
BRDA:256,31,1,16
BRDA:264,32,0,0
BRDA:264,32,1,11
BRDA:275,33,0,17
BRDA:275,33,1,34
BRF:68
BRH:63
end_of_record
TN:
SF:src/modules/Mappings/utils/combining.utils.ts
FN:34,(anonymous_0)
FN:38,(anonymous_1)
FN:42,(anonymous_2)
FN:51,(anonymous_3)
FN:63,(anonymous_4)
FN:70,(anonymous_5)
FN:71,(anonymous_6)
FN:72,(anonymous_7)
FN:80,(anonymous_8)
FN:84,(anonymous_9)
FNF:10
FNH:6
FNDA:4,(anonymous_0)
FNDA:3,(anonymous_1)
FNDA:2,(anonymous_2)
FNDA:1,(anonymous_3)
FNDA:0,(anonymous_4)
FNDA:0,(anonymous_5)
FNDA:0,(anonymous_6)
FNDA:0,(anonymous_7)
FNDA:3,(anonymous_8)
FNDA:4,(anonymous_9)
DA:17,1
DA:18,1
DA:34,1
DA:38,4
DA:39,3
DA:40,3
DA:41,2
DA:42,1
DA:43,2
DA:49,1
DA:50,1
DA:51,1
DA:56,1
DA:59,2
DA:63,1
DA:64,0
DA:65,0
DA:66,0
DA:68,0
DA:70,0
DA:71,0
DA:72,0
DA:73,0
DA:74,0
DA:76,0
DA:80,1
DA:84,3
DA:85,4
DA:88,4
DA:89,1
DA:90,3
DA:91,1
DA:97,2
DA:102,4
LF:34
LH:24
BRDA:40,0,0,1
BRDA:40,0,1,2
BRDA:41,1,0,1
BRDA:41,1,1,1
BRDA:50,2,0,1
BRDA:50,2,1,0
BRDA:64,3,0,0
BRDA:64,3,1,0
BRDA:65,4,0,0
BRDA:65,4,1,0
BRDA:70,5,0,0
BRDA:70,5,1,0
BRDA:72,6,0,0
BRDA:72,6,1,0
BRDA:73,7,0,0
BRDA:73,7,1,0
BRDA:88,8,0,1
BRDA:88,8,1,3
BRDA:90,9,0,1
BRDA:90,9,1,2
BRDA:92,10,0,1
BRDA:92,10,1,0
BRF:22
BRH:10
end_of_record
TN:
SF:src/modules/Metrics/hooks/useMetricsStore.ts
FN:22,(anonymous_0)
FN:24,(anonymous_1)
FN:27,(anonymous_2)
FN:32,(anonymous_3)
FN:34,(anonymous_4)
FN:37,(anonymous_5)
FN:38,(anonymous_6)
FN:43,(anonymous_7)
FNF:8
FNH:8
FNDA:1,(anonymous_0)
FNDA:6,(anonymous_1)
FNDA:10,(anonymous_2)
FNDA:1,(anonymous_3)
FNDA:3,(anonymous_4)
FNDA:1,(anonymous_5)
FNDA:3,(anonymous_6)
FNDA:1,(anonymous_7)
DA:20,1
DA:22,1
DA:25,6
DA:28,10
DA:33,1
DA:34,3
DA:38,3
DA:43,1
LF:8
LH:8
BRDA:34,0,0,3
BRDA:34,0,1,2
BRF:2
BRH:2
end_of_record
TN:
SF:src/modules/Metrics/utils/metrics-name.utils.ts
FN:9,(anonymous_0)
FNF:1
FNH:1
FNDA:5,(anonymous_0)
DA:9,1
DA:10,5
DA:11,5
DA:12,5
DA:13,1
DA:14,1
DA:15,1
DA:17,4
DA:18,1
DA:19,1
DA:20,1
DA:22,3
DA:23,2
DA:24,2
DA:25,2
DA:27,1
DA:28,1
DA:30,1
LF:18
LH:18
BRDA:12,0,0,1
BRDA:12,0,1,4
BRDA:17,1,0,1
BRDA:17,1,1,3
BRDA:22,2,0,2
BRDA:22,2,1,1
BRF:6
BRH:6
end_of_record
TN:
SF:src/modules/ProtocolAdapters/hooks/useGetAdapterInfo.ts
FN:6,(anonymous_0)
FN:10,(anonymous_1)
FN:11,(anonymous_2)
FN:13,(anonymous_3)
FNF:4
FNH:4
FNDA:14,(anonymous_0)
FNDA:8,(anonymous_1)
FNDA:4,(anonymous_2)
FNDA:4,(anonymous_3)
DA:6,2
DA:7,14
DA:8,14
DA:10,14
DA:11,8
DA:12,8
DA:13,4
DA:15,8
DA:17,8
DA:24,14
DA:26,14
LF:11
LH:11
BRDA:15,0,0,8
BRDA:15,0,1,5
BRDA:24,1,0,14
BRDA:24,1,1,6
BRF:4
BRH:4
end_of_record
TN:
SF:src/modules/ProtocolAdapters/utils/export.utils.ts
FN:19,(anonymous_0)
FN:25,(anonymous_1)
FN:33,(anonymous_2)
FN:36,(anonymous_3)
FN:38,(anonymous_4)
FN:45,(anonymous_5)
FN:50,(anonymous_6)
FN:71,(anonymous_7)
FN:90,(anonymous_8)
FN:91,(anonymous_9)
FN:95,(anonymous_10)
FNF:11
FNH:10
FNDA:3,(anonymous_0)
FNDA:1,(anonymous_1)
FNDA:1,(anonymous_2)
FNDA:1,(anonymous_3)
FNDA:1,(anonymous_4)
FNDA:1,(anonymous_5)
FNDA:1,(anonymous_6)
FNDA:0,(anonymous_7)
FNDA:2,(anonymous_8)
FNDA:4,(anonymous_9)
FNDA:2,(anonymous_10)
DA:16,1
DA:19,3
DA:21,1
DA:26,1
DA:27,1
DA:34,1
DA:35,1
DA:36,1
DA:39,1
DA:40,0
DA:45,1
DA:47,1
DA:50,1
DA:51,1
DA:56,1
DA:57,1
DA:60,1
DA:62,1
DA:66,1
DA:68,1
DA:71,0
DA:72,0
DA:75,1
DA:80,1
DA:81,1
DA:85,1
DA:86,1
DA:87,1
DA:90,1
DA:91,2
DA:92,4
DA:95,2
DA:100,1
LF:33
LH:30
BRDA:34,0,0,0
BRDA:34,0,1,1
BRDA:35,1,0,1
BRDA:35,1,1,0
BRDA:47,2,0,1
BRDA:47,2,1,0
BRDA:51,3,0,0
BRDA:51,3,1,1
BRDA:57,4,0,0
BRDA:57,4,1,1
BRDA:62,5,0,0
BRDA:62,5,1,1
BRDA:66,6,0,1
BRDA:66,6,1,0
BRDA:68,7,0,0
BRDA:68,7,1,1
BRDA:81,8,0,0
BRDA:81,8,1,1
BRDA:92,9,0,4
BRDA:92,9,1,2
BRF:20
BRH:11
end_of_record
TN:
SF:src/modules/ProtocolAdapters/utils/facets-utils.ts
FN:4,(anonymous_0)
FN:5,(anonymous_1)
FNF:2
FNH:2
FNDA:11,(anonymous_0)
FNDA:11,(anonymous_1)
DA:4,1
DA:5,11
DA:6,11
DA:7,11
DA:11,11
DA:12,11
DA:18,11
LF:7
LH:7
BRDA:8,0,0,11
BRDA:8,0,1,3
BRDA:8,0,2,10
BRDA:8,0,3,2
BRDA:13,1,0,11
BRDA:13,1,1,3
BRDA:13,1,2,2
BRDA:18,2,0,11
BRDA:18,2,1,4
BRDA:18,2,2,9
BRDA:18,2,3,3
BRF:11
BRH:11
end_of_record
TN:
SF:src/modules/ProtocolAdapters/utils/pagination-utils.ts
FN:12,compareStatus
FN:28,compareSeverity
FNF:2
FNH:2
FNDA:6,compareStatus
FNDA:10,compareSeverity
DA:3,1
DA:4,1
DA:13,6
DA:14,6
DA:16,6
DA:17,4
DA:18,2
DA:21,1
DA:29,10
DA:30,10
DA:32,10
DA:33,6
DA:34,2
LF:13
LH:13
BRDA:13,0,0,6
BRDA:13,0,1,2
BRDA:14,1,0,6
BRDA:14,1,1,2
BRDA:16,2,0,2
BRDA:16,2,1,4
BRDA:17,3,0,2
BRDA:17,3,1,2
BRDA:29,4,0,8
BRDA:29,4,1,2
BRDA:30,5,0,8
BRDA:30,5,1,2
BRDA:32,6,0,4
BRDA:32,6,1,6
BRDA:33,7,0,4
BRDA:33,7,1,2
BRF:16
BRH:16
end_of_record
TN:
SF:src/modules/ProtocolAdapters/utils/uiSchema.utils.ts
FN:7,(anonymous_0)
FNF:1
FNH:1
FNDA:3,(anonymous_0)
DA:7,2
DA:8,3
DA:9,3
DA:23,3
DA:26,2
DA:36,2
LF:6
LH:6
BRDA:8,0,0,3
BRDA:8,0,1,2
BRF:2
BRH:2
end_of_record
TN:
SF:src/modules/ProtocolAdapters/utils/validation-utils.ts
FN:28,(anonymous_0)
FN:29,(anonymous_1)
FN:35,(anonymous_2)
FN:44,(anonymous_3)
FN:44,(anonymous_4)
FNF:5
FNH:3
FNDA:3,(anonymous_0)
FNDA:3,(anonymous_1)
FNDA:1,(anonymous_2)
FNDA:0,(anonymous_3)
FNDA:0,(anonymous_4)
DA:28,1
DA:29,3
DA:31,3
DA:35,2
DA:36,1
DA:39,3
DA:44,1
DA:45,0
LF:8
LH:7
BRDA:31,0,0,2
BRDA:31,0,1,1
BRDA:32,1,0,3
BRDA:32,1,1,3
BRDA:35,2,0,1
BRDA:35,2,1,1
BRF:6
BRH:6
end_of_record
TN:
SF:src/modules/TopicFilters/hooks/useTopicFilterManager.ts
FN:20,(anonymous_0)
FN:35,(anonymous_1)
FN:58,(anonymous_2)
FN:73,(anonymous_3)
FN:77,(anonymous_4)
FN:81,(anonymous_5)
FN:85,(anonymous_6)
FNF:7
FNH:2
FNDA:3,(anonymous_0)
FNDA:1,(anonymous_1)
FNDA:0,(anonymous_2)
FNDA:0,(anonymous_3)
FNDA:0,(anonymous_4)
FNDA:0,(anonymous_5)
FNDA:0,(anonymous_6)
DA:20,1
DA:21,3
DA:22,3
DA:24,3
DA:26,3
DA:27,3
DA:28,3
DA:29,3
DA:35,3
DA:36,1
DA:58,3
DA:73,3
DA:74,0
DA:77,3
DA:78,0
DA:81,3
DA:82,0
DA:85,3
DA:86,0
DA:89,3
DA:108,3
LF:21
LH:17
BRDA:122,0,0,3
BRDA:122,0,1,3
BRDA:122,0,2,3
BRDA:122,0,3,3
BRF:4
BRH:4
end_of_record
TN:
SF:src/modules/TopicFilters/utils/topic-filter.schema.ts
FN:27,(anonymous_0)
FN:60,(anonymous_1)
FN:71,(anonymous_2)
FNF:3
FNH:3
FNDA:29,(anonymous_0)
FNDA:1,(anonymous_1)
FNDA:32,(anonymous_2)
DA:10,3
DA:11,3
DA:12,3
DA:15,3
DA:16,3
DA:17,3
DA:18,3
DA:19,3
DA:27,3
DA:28,29
DA:29,29
DA:31,27
DA:32,27
DA:33,26
DA:35,25
DA:36,25
DA:37,24
DA:39,23
DA:40,23
DA:41,23
DA:44,22
DA:47,22
DA:48,22
DA:50,22
DA:52,1
DA:53,0
DA:54,0
DA:55,0
DA:60,3
DA:61,1
DA:71,3
DA:72,32
DA:73,11
DA:77,21
DA:78,21
DA:79,21
DA:80,0
DA:85,21
DA:91,0
LF:39
LH:34
BRDA:29,0,0,2
BRDA:29,0,1,27
BRDA:29,1,0,29
BRDA:29,1,1,27
BRDA:32,2,0,1
BRDA:32,2,1,26
BRDA:33,3,0,1
BRDA:33,3,1,25
BRDA:36,4,0,1
BRDA:36,4,1,24
BRDA:37,5,0,1
BRDA:37,5,1,23
BRDA:48,6,0,0
BRDA:48,6,1,22
BRDA:52,7,0,1
BRDA:52,7,1,0
BRDA:53,8,0,0
BRDA:53,8,1,0
BRDA:54,9,0,0
BRDA:54,9,1,0
BRDA:72,10,0,11
BRDA:72,10,1,21
BRDA:79,11,0,0
BRDA:79,11,1,21
BRF:24
BRH:17
end_of_record
TN:
SF:src/modules/UnifiedNamespace/utils/namespace.utils.ts
FN:3,(anonymous_0)
FN:6,(anonymous_1)
FNF:2
FNH:2
FNDA:6,(anonymous_0)
FNDA:30,(anonymous_1)
DA:3,1
DA:4,6
DA:5,6
DA:6,30
DA:9,1
LF:5
LH:5
BRF:0
BRH:0
end_of_record
TN:
SF:src/modules/Workspace/hooks/useContextMenu.ts
FN:6,(anonymous_0)
FN:13,(anonymous_1)
FN:19,(anonymous_2)
FNF:3
FNH:3
FNDA:2,(anonymous_0)
FNDA:2,(anonymous_1)
FNDA:2,(anonymous_2)
DA:6,1
DA:7,2
DA:9,2
DA:13,2
DA:14,2
DA:15,0
DA:19,2
DA:20,2
DA:21,1
DA:22,1
DA:26,2
LF:11
LH:10
BRDA:14,0,0,0
BRDA:14,0,1,2
BRDA:14,1,0,2
BRDA:14,1,1,1
BRDA:20,2,0,1
BRDA:20,2,1,1
BRF:6
BRH:5
end_of_record
TN:
SF:src/modules/Workspace/hooks/useEdgeFlowContext.ts
FN:5,(anonymous_0)
FNF:1
FNH:1
FNDA:17,(anonymous_0)
DA:5,2
DA:6,17
DA:7,17
DA:8,4
DA:10,13
LF:5
LH:5
BRDA:7,0,0,4
BRDA:7,0,1,13
BRF:2
BRH:2
end_of_record
TN:
SF:src/modules/Workspace/hooks/useGetFlowElements.ts
FN:24,(anonymous_0)
FN:40,(anonymous_1)
FN:46,(anonymous_2)
FN:55,(anonymous_3)
FN:69,(anonymous_4)
FN:70,(anonymous_5)
FN:89,(anonymous_6)
FN:92,(anonymous_7)
FN:93,(anonymous_8)
FN:96,(anonymous_9)
FNF:10
FNH:10
FNDA:12,(anonymous_0)
FNDA:6,(anonymous_1)
FNDA:3,(anonymous_2)
FNDA:3,(anonymous_3)
FNDA:3,(anonymous_4)
FNDA:3,(anonymous_5)
FNDA:9,(anonymous_6)
FNDA:9,(anonymous_7)
FNDA:42,(anonymous_8)
FNDA:9,(anonymous_9)
DA:24,1
DA:25,12
DA:26,12
DA:27,12
DA:28,12
DA:29,12
DA:30,12
DA:31,12
DA:32,12
DA:33,12
DA:34,12
DA:36,12
DA:38,12
DA:40,12
DA:41,6
DA:42,6
DA:44,6
DA:46,6
DA:47,3
DA:49,3
DA:50,1
DA:51,1
DA:55,6
DA:56,3
DA:62,3
DA:63,3
DA:65,3
DA:66,3
DA:69,6
DA:70,3
DA:72,3
DA:79,3
DA:80,3
DA:82,3
DA:83,3
DA:86,6
DA:87,6
DA:89,6
DA:91,9
DA:93,42
DA:96,9
DA:98,9
DA:105,9
DA:106,9
DA:109,6
DA:110,6
DA:126,12
LF:47
LH:47
BRDA:36,0,0,12
BRDA:36,0,1,6
BRDA:38,1,0,12
BRDA:38,1,1,6
BRDA:38,1,2,6
BRDA:38,1,3,6
BRDA:38,1,4,6
BRDA:49,2,0,1
BRDA:49,2,1,2
BRDA:86,3,0,6
BRDA:86,3,1,3
BRDA:91,4,0,9
BRDA:91,4,1,0
BRF:13
BRH:12
end_of_record
TN:
SF:src/modules/Workspace/hooks/useGetPoliciesMatching.ts
FN:15,(anonymous_0)
FN:23,(anonymous_1)
FN:29,(anonymous_2)
FN:31,(anonymous_3)
FN:32,(anonymous_4)
FN:36,(anonymous_5)
FN:37,(anonymous_6)
FN:42,(anonymous_7)
FN:43,(anonymous_8)
FN:54,(anonymous_9)
FN:55,(anonymous_10)
FNF:11
FNH:11
FNDA:15,(anonymous_0)
FNDA:14,(anonymous_1)
FNDA:1,(anonymous_2)
FNDA:1,(anonymous_3)
FNDA:1,(anonymous_4)
FNDA:3,(anonymous_5)
FNDA:3,(anonymous_6)
FNDA:2,(anonymous_7)
FNDA:2,(anonymous_8)
FNDA:2,(anonymous_9)
FNDA:3,(anonymous_10)
DA:15,1
DA:16,15
DA:17,15
DA:18,15
DA:19,15
DA:21,15
DA:23,14
DA:24,5
DA:26,4
DA:27,1
DA:28,1
DA:29,1
DA:31,1
DA:32,1
DA:36,3
DA:37,3
DA:38,3
DA:40,2
DA:42,2
DA:43,2
DA:47,3
DA:48,1
DA:51,2
DA:52,1
DA:54,1
DA:55,3
DA:56,2
DA:57,2
DA:58,2
DA:59,1
DA:62,2
DA:65,1
DA:68,1
LF:33
LH:33
BRDA:21,0,0,10
BRDA:21,0,1,5
BRDA:21,1,0,15
BRDA:21,1,1,5
BRDA:21,1,2,5
BRDA:24,2,0,1
BRDA:24,2,1,4
BRDA:26,3,0,1
BRDA:26,3,1,3
BRDA:38,4,0,1
BRDA:38,4,1,2
BRDA:47,5,0,1
BRDA:47,5,1,2
BRDA:51,6,0,1
BRDA:51,6,1,1
BRDA:56,7,0,2
BRDA:56,7,1,0
BRDA:58,8,0,1
BRDA:58,8,1,1
BRF:19
BRH:18
end_of_record
TN:
SF:src/modules/Workspace/hooks/useWorkspaceStore.ts
FN:17,(anonymous_0)
FN:19,(anonymous_1)
FN:22,(anonymous_2)
FN:27,(anonymous_3)
FN:32,(anonymous_4)
FN:38,(anonymous_5)
FN:57,(anonymous_6)
FN:58,(anonymous_7)
FN:60,(anonymous_8)
FN:66,(anonymous_9)
FN:67,(anonymous_10)
FN:69,(anonymous_11)
FN:75,(anonymous_12)
FN:77,(anonymous_13)
FN:86,(anonymous_14)
FN:88,(anonymous_15)
FN:95,(anonymous_16)
FN:97,(anonymous_17)
FN:108,(anonymous_18)
FN:110,(anonymous_19)
FN:127,(anonymous_20)
FNF:21
FNH:17
FNDA:1,(anonymous_0)
FNDA:9,(anonymous_1)
FNDA:3,(anonymous_2)
FNDA:3,(anonymous_3)
FNDA:1,(anonymous_4)
FNDA:3,(anonymous_5)
FNDA:3,(anonymous_6)
FNDA:0,(anonymous_7)
FNDA:8,(anonymous_8)
FNDA:2,(anonymous_9)
FNDA:0,(anonymous_10)
FNDA:2,(anonymous_11)
FNDA:1,(anonymous_12)
FNDA:2,(anonymous_13)
FNDA:2,(anonymous_14)
FNDA:6,(anonymous_15)
FNDA:0,(anonymous_16)
FNDA:0,(anonymous_17)
FNDA:1,(anonymous_18)
FNDA:2,(anonymous_19)
FNDA:1,(anonymous_20)
DA:10,1
DA:15,1
DA:17,1
DA:20,9
DA:23,3
DA:28,3
DA:33,1
DA:35,1
DA:39,3
DA:40,2
DA:48,1
DA:53,1
DA:58,3
DA:60,8
DA:61,3
DA:62,3
DA:67,2
DA:69,2
DA:70,2
DA:71,2
DA:76,1
DA:78,2
DA:80,2
DA:82,2
DA:87,2
DA:89,6
DA:90,4
DA:91,2
DA:96,0
DA:98,0
DA:99,0
DA:104,0
DA:109,1
DA:111,2
DA:112,1
DA:120,1
DA:127,1
LF:37
LH:33
BRDA:39,0,0,2
BRDA:39,0,1,1
BRDA:61,1,0,3
BRDA:61,1,1,0
BRDA:70,2,0,2
BRDA:70,2,1,0
BRDA:78,3,0,2
BRDA:78,3,1,1
BRDA:80,4,0,2
BRDA:80,4,1,1
BRDA:82,5,0,2
BRDA:82,5,1,1
BRDA:89,6,0,2
BRDA:89,6,1,4
BRDA:90,7,0,2
BRDA:90,7,1,2
BRDA:98,8,0,0
BRDA:98,8,1,0
BRDA:111,9,0,1
BRDA:111,9,1,1
BRF:20
BRH:16
end_of_record
TN:
SF:src/modules/Workspace/utils/adapter.utils.ts
FN:12,(anonymous_0)
FN:20,(anonymous_1)
FNF:2
FNH:1
FNDA:0,(anonymous_0)
FNDA:3,(anonymous_1)
DA:12,3
DA:13,0
DA:20,3
DA:21,3
DA:22,3
DA:23,3
DA:24,3
DA:31,3
DA:42,3
DA:49,3
LF:10
LH:9
BRDA:20,0,0,3
BRDA:20,0,1,3
BRF:2
BRH:2
end_of_record
TN:
SF:src/modules/Workspace/utils/combiner.utils.ts
FN:1,(anonymous_0)
FN:3,(anonymous_1)
FN:5,(anonymous_2)
FN:6,(anonymous_3)
FN:10,(anonymous_4)
FN:11,(anonymous_5)
FN:12,(anonymous_6)
FNF:7
FNH:7
FNDA:15,(anonymous_0)
FNDA:24,(anonymous_1)
FNDA:10,(anonymous_2)
FNDA:10,(anonymous_3)
FNDA:6,(anonymous_4)
FNDA:6,(anonymous_5)
FNDA:6,(anonymous_6)
DA:1,1
DA:2,15
DA:3,24
DA:5,1
DA:6,10
DA:10,1
DA:11,6
DA:12,6
LF:8
LH:8
BRDA:2,0,0,15
BRDA:2,0,1,13
BRDA:12,1,0,3
BRDA:12,1,1,3
BRDA:12,2,0,6
BRDA:12,2,1,4
BRF:6
BRH:6
end_of_record
TN:
SF:src/modules/Workspace/utils/group.utils.ts
FN:7,(anonymous_0)
FN:8,(anonymous_1)
FNF:2
FNH:2
FNDA:1,(anonymous_0)
FNDA:1,(anonymous_1)
DA:4,1
DA:5,1
DA:7,1
DA:8,1
DA:10,1
LF:5
LH:5
BRF:0
BRH:0
end_of_record
TN:
SF:src/modules/Workspace/utils/layout-utils.ts
FN:6,(anonymous_0)
FNF:1
FNH:1
FNDA:7,(anonymous_0)
DA:6,2
DA:8,7
DA:11,7
LF:3
LH:3
BRDA:8,0,0,7
BRDA:8,0,1,7
BRF:2
BRH:2
end_of_record
TN:
SF:src/modules/Workspace/utils/nodes-utils.ts
FN:29,(anonymous_0)
FN:39,(anonymous_1)
FN:119,(anonymous_2)
FN:154,(anonymous_3)
FN:240,(anonymous_4)
FN:257,(anonymous_5)
FN:303,(anonymous_6)
FNF:7
FNH:7
FNDA:8,(anonymous_0)
FNDA:5,(anonymous_1)
FNDA:5,(anonymous_2)
FNDA:5,(anonymous_3)
FNDA:11,(anonymous_4)
FNDA:4,(anonymous_5)
FNDA:3,(anonymous_6)
DA:15,2
DA:17,2
DA:18,2
DA:19,2
DA:20,2
DA:22,2
DA:29,2
DA:30,8
DA:36,8
DA:39,2
DA:46,5
DA:48,5
DA:51,5
DA:53,5
DA:64,5
DA:84,5
DA:85,5
DA:96,5
DA:116,5
DA:119,2
DA:124,5
DA:126,5
DA:137,5
DA:151,5
DA:154,2
DA:162,5
DA:164,5
DA:166,5
DA:168,5
DA:169,5
DA:170,5
DA:172,5
DA:183,5
DA:206,5
DA:207,5
DA:218,5
DA:237,5
DA:240,2
DA:246,11
DA:257,11
DA:258,4
DA:277,4
DA:280,11
DA:300,11
DA:303,2
DA:304,3
DA:305,1
DA:306,1
DA:307,1
DA:308,1
DA:310,2
DA:311,1
DA:312,1
DA:313,1
DA:314,1
DA:316,1
LF:56
LH:56
BRDA:34,0,0,8
BRDA:34,0,1,7
BRDA:48,1,0,5
BRDA:48,1,1,0
BRDA:48,1,2,0
BRDA:58,2,0,5
BRDA:58,2,1,5
BRDA:77,3,0,5
BRDA:77,3,1,5
BRDA:90,4,0,5
BRDA:90,4,1,5
BRDA:109,5,0,5
BRDA:109,5,1,5
BRDA:131,6,0,5
BRDA:131,6,1,5
BRDA:164,7,0,5
BRDA:164,7,1,0
BRDA:164,7,2,0
BRDA:177,8,0,5
BRDA:177,8,1,5
BRDA:196,9,0,5
BRDA:196,9,1,5
BRDA:212,10,0,5
BRDA:212,10,1,5
BRDA:230,11,0,5
BRDA:230,11,1,5
BRDA:304,12,0,1
BRDA:304,12,1,2
BRDA:310,13,0,1
BRDA:310,13,1,1
BRF:30
BRH:26
end_of_record
TN:
SF:src/modules/Workspace/utils/status-utils.ts
FN:21,(anonymous_0)
FN:33,(anonymous_1)
FN:34,(anonymous_2)
FN:37,(anonymous_3)
FN:51,(anonymous_4)
FN:67,(anonymous_5)
FN:96,(anonymous_6)
FN:107,(anonymous_7)
FN:112,(anonymous_8)
FN:115,(anonymous_9)
FN:116,(anonymous_10)
FN:128,(anonymous_11)
FN:141,(anonymous_12)
FNF:13
FNH:7
FNDA:47,(anonymous_0)
FNDA:6,(anonymous_1)
FNDA:7,(anonymous_2)
FNDA:3,(anonymous_3)
FNDA:5,(anonymous_4)
FNDA:4,(anonymous_5)
FNDA:1,(anonymous_6)
FNDA:0,(anonymous_7)
FNDA:0,(anonymous_8)
FNDA:0,(anonymous_9)
FNDA:0,(anonymous_10)
FNDA:0,(anonymous_11)
FNDA:0,(anonymous_12)
DA:21,3
DA:22,47
DA:24,46
DA:25,5
DA:26,4
DA:30,3
DA:33,3
DA:34,6
DA:35,7
DA:36,3
DA:37,3
DA:38,3
DA:39,2
DA:41,1
DA:47,1
DA:49,4
DA:50,3
DA:51,5
DA:52,3
DA:55,2
DA:59,2
DA:61,1
DA:67,3
DA:73,4
DA:74,4
DA:78,4
DA:80,4
DA:89,4
DA:93,4
DA:96,3
DA:103,1
DA:107,1
DA:108,0
DA:109,0
DA:110,0
DA:112,0
DA:113,0
DA:115,0
DA:116,0
DA:118,0
DA:123,0
DA:124,0
DA:127,0
DA:128,0
DA:129,0
DA:130,0
DA:131,0
DA:134,0
DA:135,0
DA:136,0
DA:140,0
DA:141,0
DA:142,0
DA:143,0
DA:148,0
DA:154,0
DA:157,0
DA:158,0
DA:159,0
DA:160,0
DA:162,0
DA:165,1
LF:62
LH:33
BRDA:22,0,0,1
BRDA:22,0,1,46
BRDA:24,1,0,41
BRDA:24,1,1,5
BRDA:25,2,0,1
BRDA:25,2,1,4
BRDA:26,3,0,1
BRDA:26,3,1,3
BRDA:35,4,0,3
BRDA:35,4,1,4
BRDA:38,5,0,1
BRDA:38,5,1,2
BRDA:39,6,0,1
BRDA:39,6,1,1
BRDA:49,7,0,3
BRDA:49,7,1,1
BRDA:52,8,0,1
BRDA:52,8,1,2
BRDA:78,9,0,4
BRDA:78,9,1,2
BRDA:80,10,0,4
BRDA:80,10,1,0
BRDA:108,11,0,0
BRDA:108,11,1,0
BRDA:110,12,0,0
BRDA:110,12,1,0
BRDA:110,13,0,0
BRDA:110,13,1,0
BRDA:119,14,0,0
BRDA:119,14,1,0
BRDA:120,15,0,0
BRDA:120,15,1,0
BRDA:128,16,0,0
BRDA:128,16,1,0
BRDA:129,17,0,0
BRDA:129,17,1,0
BRDA:136,18,0,0
BRDA:136,18,1,0
BRDA:136,18,2,0
BRDA:140,19,0,0
BRDA:140,19,1,0
BRDA:140,20,0,0
BRDA:140,20,1,0
BRDA:142,21,0,0
BRDA:142,21,1,0
BRDA:157,22,0,0
BRDA:157,22,1,0
BRDA:157,23,0,0
BRDA:157,23,1,0
BRF:49
BRH:21
end_of_record
TN:
SF:src/modules/Workspace/utils/topics-utils.ts
FN:14,(anonymous_0)
FN:16,(anonymous_1)
FN:17,(anonymous_2)
FN:24,(anonymous_3)
FN:31,(anonymous_4)
FN:44,(anonymous_5)
FN:53,(anonymous_6)
FN:58,(anonymous_7)
FN:59,(anonymous_8)
FN:71,(anonymous_9)
FN:71,(anonymous_10)
FN:73,(anonymous_11)
FN:90,(anonymous_12)
FN:117,(anonymous_13)
FN:126,(anonymous_14)
FN:134,(anonymous_15)
FN:142,(anonymous_16)
FN:144,(anonymous_17)
FN:145,(anonymous_18)
FN:147,(anonymous_19)
FN:152,(anonymous_20)
FN:153,(anonymous_21)
FN:157,(anonymous_22)
FN:166,(anonymous_23)
FN:171,(anonymous_24)
FN:181,(anonymous_25)
FN:183,(anonymous_26)
FNF:27
FNH:25
FNDA:30,(anonymous_0)
FNDA:28,(anonymous_1)
FNDA:28,(anonymous_2)
FNDA:15,(anonymous_3)
FNDA:638,(anonymous_4)
FNDA:6,(anonymous_5)
FNDA:30,(anonymous_6)
FNDA:1862,(anonymous_7)
FNDA:9,(anonymous_8)
FNDA:5,(anonymous_9)
FNDA:11,(anonymous_10)
FNDA:12,(anonymous_11)
FNDA:35,(anonymous_12)
FNDA:22,(anonymous_13)
FNDA:7,(anonymous_14)
FNDA:13,(anonymous_15)
FNDA:7,(anonymous_16)
FNDA:7,(anonymous_17)
FNDA:7,(anonymous_18)
FNDA:0,(anonymous_19)
FNDA:9,(anonymous_20)
FNDA:12,(anonymous_21)
FNDA:0,(anonymous_22)
FNDA:1,(anonymous_23)
FNDA:6,(anonymous_24)
FNDA:4,(anonymous_25)
FNDA:12,(anonymous_26)
DA:10,11
DA:11,11
DA:12,11
DA:14,11
DA:15,30
DA:17,28
DA:18,28
DA:19,28
DA:24,11
DA:25,15
DA:31,11
DA:32,638
DA:33,638
DA:34,2474
DA:35,2474
DA:36,604
DA:38,1870
DA:41,638
DA:44,11
DA:45,6
DA:46,6
DA:48,5
DA:49,5
DA:50,5
DA:53,11
DA:54,30
DA:55,30
DA:58,1862
DA:60,9
DA:71,11
DA:73,11
DA:74,12
DA:76,12
DA:77,10
DA:79,3
DA:82,7
DA:83,2
DA:84,2
DA:86,5
DA:87,5
DA:90,11
DA:96,35
DA:98,35
DA:99,14
DA:102,21
DA:103,7
DA:104,7
DA:105,14
DA:106,14
DA:108,7
DA:111,14
DA:117,11
DA:123,22
DA:124,22
DA:126,22
DA:127,7
DA:128,7
DA:131,22
DA:134,11
DA:140,13
DA:141,13
DA:142,6
DA:143,7
DA:144,7
DA:145,7
DA:147,7
DA:149,6
DA:151,13
DA:152,6
DA:153,12
DA:156,9
DA:157,9
DA:158,9
DA:160,6
DA:163,13
DA:166,11
DA:171,1
DA:172,6
DA:174,6
DA:175,0
DA:177,6
DA:181,11
DA:183,12
LF:83
LH:82
BRDA:16,0,0,30
BRDA:16,0,1,2
BRDA:31,1,0,34
BRDA:34,2,0,2339
BRDA:34,2,1,135
BRDA:35,3,0,604
BRDA:35,3,1,1870
BRDA:35,4,0,2474
BRDA:35,4,1,658
BRDA:46,5,0,1
BRDA:46,5,1,5
BRDA:49,6,0,0
BRDA:49,6,1,5
BRDA:53,7,0,8
BRDA:58,8,0,1862
BRDA:58,8,1,77
BRDA:76,9,0,2
BRDA:76,9,1,10
BRDA:77,10,0,3
BRDA:77,10,1,7
BRDA:82,11,0,2
BRDA:82,11,1,5
BRDA:98,12,0,14
BRDA:98,12,1,21
BRDA:99,13,0,14
BRDA:99,13,1,0
BRDA:102,14,0,7
BRDA:102,14,1,14
BRDA:120,15,0,22
BRDA:123,16,0,22
BRDA:123,16,1,1
BRDA:138,17,0,13
BRDA:141,18,0,6
BRDA:141,18,1,7
BRDA:147,19,0,0
BRDA:147,19,1,7
BRDA:151,20,0,6
BRDA:151,20,1,7
BRDA:157,21,0,0
BRDA:157,21,1,9
BRDA:174,22,0,0
BRDA:174,22,1,6
BRDA:174,23,0,6
BRDA:174,23,1,0
BRDA:177,24,0,0
BRDA:177,24,1,6
BRF:46
BRH:39
end_of_record
TN:
SF:src/utils/download.utils.ts
FN:3,(anonymous_0)
FN:6,downloadJSON
FNF:2
FNH:2
FNDA:2,(anonymous_0)
FNDA:1,downloadJSON
DA:3,2
DA:4,2
DA:7,1
DA:8,1
DA:9,1
DA:10,1
DA:12,1
LF:7
LH:7
BRF:0
BRH:0
end_of_record
TN:
SF:src/utils/types.utils.ts
FN:1,(anonymous_0)
FNF:1
FNH:1
FNDA:29,(anonymous_0)
DA:1,69
DA:2,29
LF:2
LH:2
BRDA:2,0,0,20
BRDA:2,0,1,9
BRF:2
BRH:2
end_of_record
