TN:
SF:src/__test-utils__/mocks.ts
FNF:0
FNH:0
DA:3,340
DA:6,340
DA:10,340
DA:11,340
DA:19,340
DA:20,340
DA:21,340
LF:7
LH:7
BRF:0
BRH:0
end_of_record
TN:
SF:src/__test-utils__/adapters/mqtt.ts
FNF:0
FNH:0
DA:3,64
LF:1
LH:1
BRF:0
BRH:0
end_of_record
TN:
SF:src/__test-utils__/adapters/types.ts
FN:2,(anonymous_0)
FNF:1
FNH:1
FNDA:221,(anonymous_0)
DA:2,221
DA:3,221
DA:4,221
DA:5,221
DA:6,221
DA:7,221
DA:8,221
DA:9,221
DA:10,221
DA:11,221
LF:10
LH:10
BRDA:2,0,0,221
BRDA:2,0,1,221
BRF:2
BRH:2
end_of_record
TN:
SF:src/__test-utils__/hooks/WrapperTestRoute.tsx
FN:5,(anonymous_0)
FNF:1
FNH:1
FNDA:17,(anonymous_0)
DA:5,6
DA:6,17
DA:8,17
LF:3
LH:3
BRF:0
BRH:0
end_of_record
TN:
SF:src/__test-utils__/react-flow/CustomNodeTesting.tsx
FN:20,(anonymous_0)
FN:24,(anonymous_1)
FN:27,(anonymous_2)
FN:34,(anonymous_3)
FNF:4
FNH:4
FNDA:123,(anonymous_0)
FNDA:47,(anonymous_1)
FNDA:60,(anonymous_2)
FNDA:5,(anonymous_3)
DA:20,24
DA:21,123
DA:22,123
DA:24,123
DA:25,47
DA:26,47
DA:27,60
DA:32,47
DA:33,5
DA:34,5
DA:43,123
LF:11
LH:11
BRDA:32,0,0,5
BRF:1
BRH:1
end_of_record
TN:
SF:src/__test-utils__/react-flow/ReactFlowTesting.tsx
FN:21,(anonymous_0)
FN:24,(anonymous_1)
FN:28,(anonymous_2)
FN:32,(anonymous_3)
FN:39,(anonymous_4)
FNF:5
FNH:5
FNDA:123,(anonymous_0)
FNDA:51,(anonymous_1)
FNDA:51,(anonymous_2)
FNDA:33,(anonymous_3)
FNDA:2,(anonymous_4)
DA:21,18
DA:22,123
DA:24,123
DA:25,51
DA:28,123
DA:29,51
DA:30,51
DA:31,26
DA:32,33
DA:37,51
DA:38,2
DA:39,2
DA:48,123
LF:13
LH:13
BRDA:21,0,0,20
BRDA:30,1,0,26
BRDA:37,2,0,2
BRDA:52,3,0,123
BRDA:52,3,1,103
BRDA:52,3,2,103
BRF:6
BRH:6
end_of_record
TN:
SF:src/__test-utils__/react-flow/nodes.ts
FNF:0
FNH:0
DA:20,109
DA:32,109
DA:40,109
DA:48,109
DA:56,109
DA:64,109
DA:72,109
DA:79,109
LF:8
LH:8
BRF:0
BRH:0
end_of_record
TN:
SF:src/__test-utils__/react-flow/providers.tsx
FN:8,(anonymous_0)
FNF:1
FNH:1
FNDA:101,(anonymous_0)
DA:8,62
DA:9,101
LF:2
LH:2
BRF:0
BRH:0
end_of_record
TN:
SF:src/__test-utils__/react-flow/topics.ts
FNF:0
FNH:0
DA:1,284
DA:2,284
DA:3,284
DA:4,284
DA:6,284
LF:5
LH:5
BRF:0
BRH:0
end_of_record
TN:
SF:src/__test-utils__/rjsf/CustomFormTesting.tsx
FN:18,(anonymous_0)
FNF:1
FNH:1
FNDA:21,(anonymous_0)
DA:18,10
DA:26,21
LF:2
LH:2
BRF:0
BRH:0
end_of_record
TN:
SF:src/__test-utils__/rjsf/rjsf.mocks.tsx
FN:22,(anonymous_0)
FNF:1
FNH:1
FNDA:9,(anonymous_0)
DA:22,4
DA:23,9
LF:2
LH:2
BRF:0
BRH:0
end_of_record
TN:
SF:src/__test-utils__/rjsf/schema.mocks.ts
FNF:0
FNH:0
DA:3,3
DA:52,3
DA:125,3
DA:128,3
LF:4
LH:4
BRF:0
BRH:0
end_of_record
TN:
SF:src/api/queryClient.ts
FNF:0
FNH:0
DA:4,47
LF:1
LH:1
BRF:0
BRH:0
end_of_record
TN:
SF:src/api/utils.ts
FN:31,(anonymous_0)
FN:39,(anonymous_1)
FNF:2
FNH:1
FNDA:2,(anonymous_0)
FNDA:0,(anonymous_1)
DA:3,735
DA:31,735
DA:32,2
DA:33,2
DA:35,2
DA:39,735
DA:40,0
DA:42,0
DA:43,0
LF:9
LH:6
BRDA:40,0,0,0
BRDA:42,1,0,0
BRF:2
BRH:0
end_of_record
TN:
SF:src/api/__generated__/core/ApiError.ts
FN:15,(anonymous_0)
FNF:1
FNH:1
FNDA:415,(anonymous_0)
DA:16,415
DA:18,415
DA:19,415
DA:20,415
DA:21,415
DA:22,415
DA:23,415
LF:7
LH:7
BRF:0
BRH:0
end_of_record
TN:
SF:src/api/__generated__/core/AxiosHttpRequest.ts
FN:13,(anonymous_0)
FN:23,(anonymous_1)
FNF:2
FNH:2
FNDA:33,(anonymous_0)
FNDA:23,(anonymous_1)
DA:14,33
DA:24,23
LF:2
LH:2
BRF:0
BRH:0
end_of_record
TN:
SF:src/api/__generated__/core/BaseHttpRequest.ts
FN:11,(anonymous_0)
FNF:1
FNH:1
FNDA:1964,(anonymous_0)
DA:11,1964
LF:1
LH:1
BRF:0
BRH:0
end_of_record
TN:
SF:src/api/__generated__/core/CancelablePromise.ts
FN:7,(anonymous_0)
FN:12,(anonymous_1)
FN:34,(anonymous_2)
FN:45,(anonymous_3)
FN:49,(anonymous_4)
FN:57,(anonymous_5)
FN:65,(anonymous_6)
FN:73,(anonymous_7)
FN:77,(anonymous_8)
FN:81,(anonymous_9)
FN:88,(anonymous_10)
FN:92,(anonymous_11)
FN:99,(anonymous_12)
FN:105,(anonymous_13)
FN:109,(anonymous_14)
FN:128,(anonymous_15)
FNF:16
FNH:7
FNDA:0,(anonymous_0)
FNDA:0,(anonymous_1)
FNDA:1421,(anonymous_2)
FNDA:1421,(anonymous_3)
FNDA:670,(anonymous_4)
FNDA:747,(anonymous_5)
FNDA:1421,(anonymous_6)
FNDA:0,(anonymous_7)
FNDA:0,(anonymous_8)
FNDA:1421,(anonymous_9)
FNDA:0,(anonymous_10)
FNDA:1421,(anonymous_11)
FNDA:0,(anonymous_12)
FNDA:0,(anonymous_13)
FNDA:0,(anonymous_14)
FNDA:0,(anonymous_15)
DA:8,0
DA:9,0
DA:13,0
DA:41,1421
DA:42,1421
DA:43,1421
DA:44,1421
DA:45,1421
DA:46,1421
DA:47,1421
DA:49,1421
DA:50,670
DA:51,0
DA:53,670
DA:54,670
DA:57,1421
DA:58,747
DA:59,0
DA:61,747
DA:62,747
DA:65,1421
DA:66,1421
DA:67,0
DA:69,1421
DA:72,1421
DA:73,0
DA:76,1421
DA:77,0
DA:80,1421
DA:81,1421
DA:84,1421
DA:89,0
DA:96,1421
DA:102,0
DA:106,0
DA:110,0
DA:111,0
DA:113,0
DA:114,0
DA:115,0
DA:116,0
DA:117,0
DA:120,0
DA:121,0
DA:124,0
DA:125,0
DA:129,0
LF:47
LH:24
BRDA:50,0,0,0
BRDA:50,1,0,670
BRDA:50,1,1,670
BRDA:50,1,2,670
BRDA:58,2,0,0
BRDA:58,3,0,747
BRDA:58,3,1,747
BRDA:58,3,2,747
BRDA:66,4,0,0
BRDA:66,5,0,1421
BRDA:66,5,1,1421
BRDA:66,5,2,1421
BRDA:110,6,0,0
BRDA:110,7,0,0
BRDA:110,7,1,0
BRDA:110,7,2,0
BRDA:114,8,0,0
BRF:17
BRH:9
end_of_record
TN:
SF:src/api/__generated__/core/OpenAPI.ts
FNF:0
FNH:0
DA:22,505
LF:1
LH:1
BRF:0
BRH:0
end_of_record
TN:
SF:src/api/__generated__/core/request.ts
FN:16,(anonymous_0)
FN:20,(anonymous_1)
FN:24,(anonymous_2)
FN:28,(anonymous_3)
FN:41,(anonymous_4)
FN:45,(anonymous_5)
FN:49,(anonymous_6)
FN:58,(anonymous_7)
FN:61,(anonymous_8)
FN:65,(anonymous_9)
FN:68,(anonymous_10)
FN:72,(anonymous_11)
FN:81,(anonymous_12)
FN:92,(anonymous_13)
FN:97,(anonymous_14)
FN:111,(anonymous_15)
FN:115,(anonymous_16)
FN:124,(anonymous_17)
FN:125,(anonymous_18)
FN:127,(anonymous_19)
FN:140,(anonymous_20)
FN:147,(anonymous_21)
FN:160,(anonymous_22)
FN:161,(anonymous_23)
FN:190,(anonymous_24)
FN:197,(anonymous_25)
FN:218,(anonymous_26)
FN:231,(anonymous_27)
FN:241,(anonymous_28)
FN:248,(anonymous_29)
FN:268,(anonymous_30)
FN:290,(anonymous_31)
FN:291,(anonymous_32)
FNF:33
FNH:22
FNDA:2567,(anonymous_0)
FNDA:2842,(anonymous_1)
FNDA:2842,(anonymous_2)
FNDA:0,(anonymous_3)
FNDA:0,(anonymous_4)
FNDA:1082,(anonymous_5)
FNDA:0,(anonymous_6)
FNDA:251,(anonymous_7)
FNDA:17,(anonymous_8)
FNDA:1144,(anonymous_9)
FNDA:0,(anonymous_10)
FNDA:0,(anonymous_11)
FNDA:1144,(anonymous_12)
FNDA:1421,(anonymous_13)
FNDA:363,(anonymous_14)
FNDA:1421,(anonymous_15)
FNDA:0,(anonymous_16)
FNDA:0,(anonymous_17)
FNDA:0,(anonymous_18)
FNDA:0,(anonymous_19)
FNDA:5684,(anonymous_20)
FNDA:1421,(anonymous_21)
FNDA:1423,(anonymous_22)
FNDA:1421,(anonymous_23)
FNDA:1421,(anonymous_24)
FNDA:1421,(anonymous_25)
FNDA:0,(anonymous_26)
FNDA:1082,(anonymous_27)
FNDA:1082,(anonymous_28)
FNDA:1082,(anonymous_29)
FNDA:0,(anonymous_30)
FNDA:1421,(anonymous_31)
FNDA:1421,(anonymous_32)
DA:16,505
DA:17,2567
DA:20,505
DA:21,2842
DA:24,505
DA:25,2842
DA:28,505
DA:29,0
DA:41,505
DA:42,0
DA:45,505
DA:46,1082
DA:49,505
DA:50,0
DA:51,0
DA:54,0
DA:58,505
DA:59,251
DA:61,251
DA:62,17
DA:65,251
DA:66,1144
DA:67,17
DA:68,0
DA:69,0
DA:71,17
DA:72,0
DA:73,0
DA:76,17
DA:81,251
DA:82,1144
DA:85,251
DA:86,17
DA:89,234
DA:92,505
DA:93,1421
DA:95,1421
DA:98,363
DA:99,363
DA:101,0
DA:104,1421
DA:105,1421
DA:106,251
DA:108,1170
DA:111,505
DA:112,1421
DA:113,0
DA:115,0
DA:116,0
DA:117,0
DA:119,0
DA:123,0
DA:124,0
DA:126,0
DA:127,0
DA:129,0
DA:133,0
DA:135,1421
DA:140,505
DA:141,5684
DA:142,0
DA:144,5684
DA:147,505
DA:148,1421
DA:149,1421
DA:150,1421
DA:151,1421
DA:152,1421
DA:154,1421
DA:160,1423
DA:161,1421
DA:166,1421
DA:167,0
DA:170,1421
DA:171,0
DA:172,0
DA:175,1421
DA:176,5
DA:177,5
DA:178,0
DA:179,0
DA:180,0
DA:181,0
DA:182,0
DA:183,0
DA:187,1421
DA:190,505
DA:191,1421
DA:192,5
DA:194,1416
DA:197,505
DA:207,1421
DA:209,1421
DA:218,1421
DA:220,1421
DA:221,1421
DA:223,747
DA:224,747
DA:225,412
DA:227,335
DA:231,505
DA:232,1082
DA:233,0
DA:234,0
DA:235,0
DA:238,1082
DA:241,505
DA:242,1082
DA:243,1082
DA:245,0
DA:248,505
DA:249,1082
DA:260,1082
DA:261,1082
DA:262,412
DA:265,670
DA:266,0
DA:267,0
DA:268,0
DA:269,0
DA:270,0
DA:272,0
DA:276,0
DA:290,505
DA:291,1421
DA:292,1421
DA:293,1421
DA:294,1421
DA:295,1421
DA:296,1421
DA:298,1421
DA:299,1421
DA:300,1082
DA:301,1082
DA:303,1082
DA:311,1082
DA:313,670
DA:316,747
LF:138
LH:96
BRDA:17,0,0,2567
BRDA:17,0,1,1438
BRDA:25,1,0,2842
BRDA:25,1,1,0
BRDA:30,2,0,0
BRDA:30,2,1,0
BRDA:30,2,2,0
BRDA:30,2,3,0
BRDA:30,2,4,0
BRDA:30,2,5,0
BRDA:30,2,6,0
BRDA:30,2,7,0
BRDA:46,3,0,1082
BRDA:46,3,1,1082
BRDA:66,4,0,17
BRDA:67,5,0,0
BRDA:67,5,1,17
BRDA:71,6,0,0
BRDA:71,6,1,17
BRDA:85,7,0,17
BRDA:93,8,0,1421
BRDA:93,8,1,1421
BRDA:98,9,0,363
BRDA:105,10,0,251
BRDA:112,11,0,0
BRDA:116,12,0,0
BRDA:116,12,1,0
BRDA:116,13,0,0
BRDA:116,13,1,0
BRDA:126,14,0,0
BRDA:126,14,1,0
BRDA:141,15,0,0
BRDA:152,16,0,1421
BRDA:152,16,1,0
BRDA:152,16,2,1421
BRDA:166,17,0,0
BRDA:170,18,0,0
BRDA:170,19,0,1421
BRDA:170,19,1,0
BRDA:175,20,0,5
BRDA:176,21,0,5
BRDA:176,21,1,0
BRDA:178,22,0,0
BRDA:178,22,1,0
BRDA:179,23,0,0
BRDA:179,23,1,0
BRDA:180,24,0,0
BRDA:180,24,1,0
BRDA:182,25,0,0
BRDA:191,26,0,5
BRDA:212,27,0,1421
BRDA:212,27,1,1416
BRDA:224,28,0,412
BRDA:232,29,0,0
BRDA:234,30,0,0
BRDA:242,31,0,1082
BRDA:261,32,0,412
BRDA:265,33,0,0
BRDA:266,34,0,0
BRDA:266,34,1,0
BRDA:267,35,0,0
BRDA:267,35,1,0
BRDA:290,36,0,23
BRDA:298,37,0,1421
BRDA:308,38,0,1082
BRDA:308,38,1,1082
BRF:66
BRH:28
end_of_record
TN:
SF:src/api/__generated__/models/BridgeSubscription.ts
FN:34,(anonymous_0)
FN:39,(anonymous_1)
FNF:2
FNH:2
FNDA:505,(anonymous_0)
FNDA:505,(anonymous_1)
DA:34,505
DA:39,505
DA:40,505
DA:41,505
DA:42,505
LF:5
LH:5
BRDA:39,0,0,505
BRDA:39,0,1,505
BRDA:34,1,0,505
BRDA:34,1,1,505
BRF:4
BRH:4
end_of_record
TN:
SF:src/api/__generated__/models/Capability.ts
FN:24,(anonymous_0)
FN:29,(anonymous_1)
FNF:2
FNH:2
FNDA:505,(anonymous_0)
FNDA:505,(anonymous_1)
DA:24,505
DA:29,505
DA:30,505
DA:31,505
DA:32,505
DA:33,505
DA:34,505
LF:7
LH:7
BRDA:29,0,0,505
BRDA:29,0,1,505
BRDA:24,1,0,505
BRDA:24,1,1,505
BRF:4
BRH:4
end_of_record
TN:
SF:src/api/__generated__/models/DataIdentifierReference.ts
FN:17,(anonymous_0)
FN:19,(anonymous_1)
FNF:2
FNH:2
FNDA:505,(anonymous_0)
FNDA:505,(anonymous_1)
DA:17,505
DA:19,505
DA:20,505
DA:21,505
LF:4
LH:4
BRDA:19,0,0,505
BRDA:19,0,1,505
BRDA:17,1,0,505
BRDA:17,1,1,505
BRF:4
BRH:4
end_of_record
TN:
SF:src/api/__generated__/models/DataPolicyValidator.ts
FN:20,(anonymous_0)
FN:25,(anonymous_1)
FNF:2
FNH:2
FNDA:505,(anonymous_0)
FNDA:505,(anonymous_1)
DA:20,505
DA:25,505
DA:26,505
LF:3
LH:3
BRDA:25,0,0,505
BRDA:25,0,1,505
BRDA:20,1,0,505
BRDA:20,1,1,505
BRF:4
BRH:4
end_of_record
TN:
SF:src/api/__generated__/models/EntityType.ts
FN:9,(anonymous_0)
FNF:1
FNH:1
FNDA:505,(anonymous_0)
DA:9,505
DA:10,505
DA:11,505
DA:12,505
DA:13,505
LF:5
LH:5
BRDA:9,0,0,505
BRDA:9,0,1,505
BRF:2
BRH:2
end_of_record
TN:
SF:src/api/__generated__/models/Event.ts
FN:35,(anonymous_0)
FN:40,(anonymous_1)
FNF:2
FNH:2
FNDA:505,(anonymous_0)
FNDA:505,(anonymous_1)
DA:35,505
DA:40,505
DA:41,505
DA:42,505
DA:43,505
DA:44,505
LF:6
LH:6
BRDA:40,0,0,505
BRDA:40,0,1,505
BRDA:35,1,0,505
BRDA:35,1,1,505
BRF:4
BRH:4
end_of_record
TN:
SF:src/api/__generated__/models/Listener.ts
FN:40,(anonymous_0)
FN:45,(anonymous_1)
FNF:2
FNH:2
FNDA:505,(anonymous_0)
FNDA:505,(anonymous_1)
DA:40,505
DA:45,505
DA:46,505
DA:47,505
DA:48,505
DA:49,505
DA:50,505
DA:51,505
LF:8
LH:8
BRDA:45,0,0,505
BRDA:45,0,1,505
BRDA:40,1,0,505
BRDA:40,1,1,505
BRF:4
BRH:4
end_of_record
TN:
SF:src/api/__generated__/models/LocalBridgeSubscription.ts
FN:42,(anonymous_0)
FN:47,(anonymous_1)
FNF:2
FNH:2
FNDA:505,(anonymous_0)
FNDA:505,(anonymous_1)
DA:42,505
DA:47,505
DA:48,505
DA:49,505
DA:50,505
LF:5
LH:5
BRDA:47,0,0,505
BRDA:47,0,1,505
BRDA:42,1,0,505
BRDA:42,1,1,505
BRF:4
BRH:4
end_of_record
TN:
SF:src/api/__generated__/models/Notification.ts
FN:27,(anonymous_0)
FN:32,(anonymous_1)
FNF:2
FNH:2
FNDA:505,(anonymous_0)
FNDA:505,(anonymous_1)
DA:27,505
DA:32,505
DA:33,505
DA:34,505
DA:35,505
LF:5
LH:5
BRDA:32,0,0,505
BRDA:32,0,1,505
BRDA:27,1,0,505
BRDA:27,1,1,505
BRF:4
BRH:4
end_of_record
TN:
SF:src/api/__generated__/models/ObjectNode.ts
FN:19,(anonymous_0)
FN:21,(anonymous_1)
FNF:2
FNH:2
FNDA:505,(anonymous_0)
FNDA:505,(anonymous_1)
DA:19,505
DA:21,505
DA:22,505
DA:23,505
DA:24,505
LF:5
LH:5
BRDA:21,0,0,505
BRDA:21,0,1,505
BRDA:19,1,0,505
BRDA:19,1,1,505
BRF:4
BRH:4
end_of_record
TN:
SF:src/api/__generated__/models/Payload.ts
FN:20,(anonymous_0)
FN:25,(anonymous_1)
FNF:2
FNH:2
FNDA:505,(anonymous_0)
FNDA:505,(anonymous_1)
DA:20,505
DA:25,505
DA:26,505
DA:27,505
DA:28,505
DA:29,505
LF:6
LH:6
BRDA:25,0,0,505
BRDA:25,0,1,505
BRDA:20,1,0,505
BRDA:20,1,1,505
BRF:4
BRH:4
end_of_record
TN:
SF:src/api/__generated__/models/QoS.ts
FN:9,(anonymous_0)
FNF:1
FNH:1
FNDA:505,(anonymous_0)
DA:9,505
DA:10,505
DA:11,505
DA:12,505
LF:4
LH:4
BRDA:9,0,0,505
BRDA:9,0,1,505
BRF:2
BRH:2
end_of_record
TN:
SF:src/api/__generated__/models/Script.ts
FN:33,(anonymous_0)
FN:38,(anonymous_1)
FNF:2
FNH:2
FNDA:505,(anonymous_0)
FNDA:505,(anonymous_1)
DA:33,505
DA:38,505
DA:39,505
LF:3
LH:3
BRDA:38,0,0,505
BRDA:38,0,1,505
BRDA:33,1,0,505
BRDA:33,1,1,505
BRF:4
BRH:4
end_of_record
TN:
SF:src/api/__generated__/models/Status.ts
FN:40,(anonymous_0)
FN:45,(anonymous_1)
FN:56,(anonymous_2)
FNF:3
FNH:3
FNDA:505,(anonymous_0)
FNDA:505,(anonymous_1)
FNDA:505,(anonymous_2)
DA:40,505
DA:45,505
DA:46,505
DA:47,505
DA:48,505
DA:49,505
DA:50,505
DA:56,505
DA:57,505
DA:58,505
LF:10
LH:10
BRDA:45,0,0,505
BRDA:45,0,1,505
BRDA:56,1,0,505
BRDA:56,1,1,505
BRDA:40,2,0,505
BRDA:40,2,1,505
BRF:6
BRH:6
end_of_record
TN:
SF:src/api/__generated__/models/StatusTransitionCommand.ts
FN:13,(anonymous_0)
FN:18,(anonymous_1)
FNF:2
FNH:2
FNDA:505,(anonymous_0)
FNDA:505,(anonymous_1)
DA:13,505
DA:18,505
DA:19,505
DA:20,505
DA:21,505
LF:5
LH:5
BRDA:18,0,0,505
BRDA:18,0,1,505
BRDA:13,1,0,505
BRDA:13,1,1,505
BRF:4
BRH:4
end_of_record
TN:
SF:src/api/__generated__/models/StatusTransitionResult.ts
FN:25,(anonymous_0)
FN:30,(anonymous_1)
FNF:2
FNH:2
FNDA:505,(anonymous_0)
FNDA:505,(anonymous_1)
DA:25,505
DA:30,505
DA:31,505
DA:32,505
LF:4
LH:4
BRDA:30,0,0,505
BRDA:30,0,1,505
BRDA:25,1,0,505
BRDA:25,1,1,505
BRF:4
BRH:4
end_of_record
TN:
SF:src/api/__generated__/models/TypeIdentifier.ts
FN:21,(anonymous_0)
FN:26,(anonymous_1)
FNF:2
FNH:2
FNDA:505,(anonymous_0)
FNDA:505,(anonymous_1)
DA:21,505
DA:26,505
DA:27,505
DA:28,505
DA:29,505
DA:30,505
DA:31,505
LF:7
LH:7
BRDA:26,0,0,505
BRDA:26,0,1,505
BRDA:21,1,0,505
BRDA:21,1,1,505
BRF:4
BRH:4
end_of_record
TN:
SF:src/api/__generated__/schemas/$Adapter.ts
FNF:0
FNH:0
DA:5,505
LF:1
LH:1
BRF:0
BRH:0
end_of_record
TN:
SF:src/api/__generated__/schemas/$AdapterConfig.ts
FNF:0
FNH:0
DA:5,505
LF:1
LH:1
BRF:0
BRH:0
end_of_record
TN:
SF:src/api/__generated__/schemas/$AdaptersList.ts
FNF:0
FNH:0
DA:5,505
LF:1
LH:1
BRF:0
BRH:0
end_of_record
TN:
SF:src/api/__generated__/schemas/$ApiBearerToken.ts
FNF:0
FNH:0
DA:5,505
LF:1
LH:1
BRF:0
BRH:0
end_of_record
TN:
SF:src/api/__generated__/schemas/$BehaviorPolicy.ts
FNF:0
FNH:0
DA:5,505
LF:1
LH:1
BRF:0
BRH:0
end_of_record
TN:
SF:src/api/__generated__/schemas/$BehaviorPolicyBehavior.ts
FNF:0
FNH:0
DA:5,505
LF:1
LH:1
BRF:0
BRH:0
end_of_record
TN:
SF:src/api/__generated__/schemas/$BehaviorPolicyDeserialization.ts
FNF:0
FNH:0
DA:5,505
LF:1
LH:1
BRF:0
BRH:0
end_of_record
TN:
SF:src/api/__generated__/schemas/$BehaviorPolicyDeserializer.ts
FNF:0
FNH:0
DA:5,505
LF:1
LH:1
BRF:0
BRH:0
end_of_record
TN:
SF:src/api/__generated__/schemas/$BehaviorPolicyList.ts
FNF:0
FNH:0
DA:5,505
LF:1
LH:1
BRF:0
BRH:0
end_of_record
TN:
SF:src/api/__generated__/schemas/$BehaviorPolicyMatching.ts
FNF:0
FNH:0
DA:5,505
LF:1
LH:1
BRF:0
BRH:0
end_of_record
TN:
SF:src/api/__generated__/schemas/$BehaviorPolicyOnEvent.ts
FNF:0
FNH:0
DA:5,505
LF:1
LH:1
BRF:0
BRH:0
end_of_record
TN:
SF:src/api/__generated__/schemas/$BehaviorPolicyOnTransition.ts
FNF:0
FNH:0
DA:5,505
LF:1
LH:1
BRF:0
BRH:0
end_of_record
TN:
SF:src/api/__generated__/schemas/$Bridge.ts
FNF:0
FNH:0
DA:5,505
LF:1
LH:1
BRF:0
BRH:0
end_of_record
TN:
SF:src/api/__generated__/schemas/$BridgeCustomUserProperty.ts
FNF:0
FNH:0
DA:5,505
LF:1
LH:1
BRF:0
BRH:0
end_of_record
TN:
SF:src/api/__generated__/schemas/$BridgeList.ts
FNF:0
FNH:0
DA:5,505
LF:1
LH:1
BRF:0
BRH:0
end_of_record
TN:
SF:src/api/__generated__/schemas/$BridgeSubscription.ts
FNF:0
FNH:0
DA:5,505
LF:1
LH:1
BRF:0
BRH:0
end_of_record
TN:
SF:src/api/__generated__/schemas/$Capability.ts
FNF:0
FNH:0
DA:5,505
LF:1
LH:1
BRF:0
BRH:0
end_of_record
TN:
SF:src/api/__generated__/schemas/$CapabilityList.ts
FNF:0
FNH:0
DA:5,505
LF:1
LH:1
BRF:0
BRH:0
end_of_record
TN:
SF:src/api/__generated__/schemas/$Combiner.ts
FNF:0
FNH:0
DA:5,505
LF:1
LH:1
BRF:0
BRH:0
end_of_record
TN:
SF:src/api/__generated__/schemas/$CombinerId.ts
FNF:0
FNH:0
DA:5,505
LF:1
LH:1
BRF:0
BRH:0
end_of_record
TN:
SF:src/api/__generated__/schemas/$CombinerList.ts
FNF:0
FNH:0
DA:5,505
LF:1
LH:1
BRF:0
BRH:0
end_of_record
TN:
SF:src/api/__generated__/schemas/$DataCombining.ts
FNF:0
FNH:0
DA:5,505
LF:1
LH:1
BRF:0
BRH:0
end_of_record
TN:
SF:src/api/__generated__/schemas/$DataCombiningList.ts
FNF:0
FNH:0
DA:5,505
LF:1
LH:1
BRF:0
BRH:0
end_of_record
TN:
SF:src/api/__generated__/schemas/$DataIdentifierReference.ts
FNF:0
FNH:0
DA:5,505
LF:1
LH:1
BRF:0
BRH:0
end_of_record
TN:
SF:src/api/__generated__/schemas/$DataPoint.ts
FNF:0
FNH:0
DA:5,505
LF:1
LH:1
BRF:0
BRH:0
end_of_record
TN:
SF:src/api/__generated__/schemas/$DataPolicy.ts
FNF:0
FNH:0
DA:5,505
LF:1
LH:1
BRF:0
BRH:0
end_of_record
TN:
SF:src/api/__generated__/schemas/$DataPolicyAction.ts
FNF:0
FNH:0
DA:5,505
LF:1
LH:1
BRF:0
BRH:0
end_of_record
TN:
SF:src/api/__generated__/schemas/$DataPolicyList.ts
FNF:0
FNH:0
DA:5,505
LF:1
LH:1
BRF:0
BRH:0
end_of_record
TN:
SF:src/api/__generated__/schemas/$DataPolicyMatching.ts
FNF:0
FNH:0
DA:5,505
LF:1
LH:1
BRF:0
BRH:0
end_of_record
TN:
SF:src/api/__generated__/schemas/$DataPolicyValidation.ts
FNF:0
FNH:0
DA:5,505
LF:1
LH:1
BRF:0
BRH:0
end_of_record
TN:
SF:src/api/__generated__/schemas/$DataPolicyValidator.ts
FNF:0
FNH:0
DA:5,505
LF:1
LH:1
BRF:0
BRH:0
end_of_record
TN:
SF:src/api/__generated__/schemas/$DomainTag.ts
FNF:0
FNH:0
DA:5,505
LF:1
LH:1
BRF:0
BRH:0
end_of_record
TN:
SF:src/api/__generated__/schemas/$DomainTagList.ts
FNF:0
FNH:0
DA:5,505
LF:1
LH:1
BRF:0
BRH:0
end_of_record
TN:
SF:src/api/__generated__/schemas/$EntityReference.ts
FNF:0
FNH:0
DA:5,505
LF:1
LH:1
BRF:0
BRH:0
end_of_record
TN:
SF:src/api/__generated__/schemas/$EntityReferenceList.ts
FNF:0
FNH:0
DA:5,505
LF:1
LH:1
BRF:0
BRH:0
end_of_record
TN:
SF:src/api/__generated__/schemas/$EntityType.ts
FNF:0
FNH:0
DA:5,505
LF:1
LH:1
BRF:0
BRH:0
end_of_record
TN:
SF:src/api/__generated__/schemas/$EnvironmentProperties.ts
FNF:0
FNH:0
DA:5,505
LF:1
LH:1
BRF:0
BRH:0
end_of_record
TN:
SF:src/api/__generated__/schemas/$Error.ts
FNF:0
FNH:0
DA:5,505
LF:1
LH:1
BRF:0
BRH:0
end_of_record
TN:
SF:src/api/__generated__/schemas/$Errors.ts
FNF:0
FNH:0
DA:5,505
LF:1
LH:1
BRF:0
BRH:0
end_of_record
TN:
SF:src/api/__generated__/schemas/$Event.ts
FNF:0
FNH:0
DA:5,505
LF:1
LH:1
BRF:0
BRH:0
end_of_record
TN:
SF:src/api/__generated__/schemas/$EventList.ts
FNF:0
FNH:0
DA:5,505
LF:1
LH:1
BRF:0
BRH:0
end_of_record
TN:
SF:src/api/__generated__/schemas/$Extension.ts
FNF:0
FNH:0
DA:5,505
LF:1
LH:1
BRF:0
BRH:0
end_of_record
TN:
SF:src/api/__generated__/schemas/$ExtensionList.ts
FNF:0
FNH:0
DA:5,505
LF:1
LH:1
BRF:0
BRH:0
end_of_record
TN:
SF:src/api/__generated__/schemas/$FieldMapping.ts
FNF:0
FNH:0
DA:5,505
LF:1
LH:1
BRF:0
BRH:0
end_of_record
TN:
SF:src/api/__generated__/schemas/$FirstUseInformation.ts
FNF:0
FNH:0
DA:5,505
LF:1
LH:1
BRF:0
BRH:0
end_of_record
TN:
SF:src/api/__generated__/schemas/$FsmStateInformationItem.ts
FNF:0
FNH:0
DA:5,505
LF:1
LH:1
BRF:0
BRH:0
end_of_record
TN:
SF:src/api/__generated__/schemas/$FsmStatesInformationListItem.ts
FNF:0
FNH:0
DA:5,505
LF:1
LH:1
BRF:0
BRH:0
end_of_record
TN:
SF:src/api/__generated__/schemas/$GatewayConfiguration.ts
FNF:0
FNH:0
DA:5,505
LF:1
LH:1
BRF:0
BRH:0
end_of_record
TN:
SF:src/api/__generated__/schemas/$HealthStatus.ts
FNF:0
FNH:0
DA:5,505
LF:1
LH:1
BRF:0
BRH:0
end_of_record
TN:
SF:src/api/__generated__/schemas/$ISA95ApiBean.ts
FNF:0
FNH:0
DA:5,505
LF:1
LH:1
BRF:0
BRH:0
end_of_record
TN:
SF:src/api/__generated__/schemas/$Instruction.ts
FNF:0
FNH:0
DA:5,505
LF:1
LH:1
BRF:0
BRH:0
end_of_record
TN:
SF:src/api/__generated__/schemas/$JsonNode.ts
FNF:0
FNH:0
DA:5,505
LF:1
LH:1
BRF:0
BRH:0
end_of_record
TN:
SF:src/api/__generated__/schemas/$Link.ts
FNF:0
FNH:0
DA:5,505
LF:1
LH:1
BRF:0
BRH:0
end_of_record
TN:
SF:src/api/__generated__/schemas/$LinkList.ts
FNF:0
FNH:0
DA:5,505
LF:1
LH:1
BRF:0
BRH:0
end_of_record
TN:
SF:src/api/__generated__/schemas/$Listener.ts
FNF:0
FNH:0
DA:5,505
LF:1
LH:1
BRF:0
BRH:0
end_of_record
TN:
SF:src/api/__generated__/schemas/$ListenerList.ts
FNF:0
FNH:0
DA:5,505
LF:1
LH:1
BRF:0
BRH:0
end_of_record
TN:
SF:src/api/__generated__/schemas/$LocalBridgeSubscription.ts
FNF:0
FNH:0
DA:5,505
LF:1
LH:1
BRF:0
BRH:0
end_of_record
TN:
SF:src/api/__generated__/schemas/$MappingId.ts
FNF:0
FNH:0
DA:5,505
LF:1
LH:1
BRF:0
BRH:0
end_of_record
TN:
SF:src/api/__generated__/schemas/$Metric.ts
FNF:0
FNH:0
DA:5,505
LF:1
LH:1
BRF:0
BRH:0
end_of_record
TN:
SF:src/api/__generated__/schemas/$MetricList.ts
FNF:0
FNH:0
DA:5,505
LF:1
LH:1
BRF:0
BRH:0
end_of_record
TN:
SF:src/api/__generated__/schemas/$Module.ts
FNF:0
FNH:0
DA:5,505
LF:1
LH:1
BRF:0
BRH:0
end_of_record
TN:
SF:src/api/__generated__/schemas/$ModuleList.ts
FNF:0
FNH:0
DA:5,505
LF:1
LH:1
BRF:0
BRH:0
end_of_record
TN:
SF:src/api/__generated__/schemas/$MqttUserProperty.ts
FNF:0
FNH:0
DA:5,505
LF:1
LH:1
BRF:0
BRH:0
end_of_record
TN:
SF:src/api/__generated__/schemas/$NorthboundMapping.ts
FNF:0
FNH:0
DA:5,505
LF:1
LH:1
BRF:0
BRH:0
end_of_record
TN:
SF:src/api/__generated__/schemas/$NorthboundMappingList.ts
FNF:0
FNH:0
DA:5,505
LF:1
LH:1
BRF:0
BRH:0
end_of_record
TN:
SF:src/api/__generated__/schemas/$Notification.ts
FNF:0
FNH:0
DA:5,505
LF:1
LH:1
BRF:0
BRH:0
end_of_record
TN:
SF:src/api/__generated__/schemas/$NotificationList.ts
FNF:0
FNH:0
DA:5,505
LF:1
LH:1
BRF:0
BRH:0
end_of_record
TN:
SF:src/api/__generated__/schemas/$ObjectNode.ts
FNF:0
FNH:0
DA:5,505
LF:1
LH:1
BRF:0
BRH:0
end_of_record
TN:
SF:src/api/__generated__/schemas/$PaginationCursor.ts
FNF:0
FNH:0
DA:5,505
LF:1
LH:1
BRF:0
BRH:0
end_of_record
TN:
SF:src/api/__generated__/schemas/$Payload.ts
FNF:0
FNH:0
DA:5,505
LF:1
LH:1
BRF:0
BRH:0
end_of_record
TN:
SF:src/api/__generated__/schemas/$PayloadSample.ts
FNF:0
FNH:0
DA:5,505
LF:1
LH:1
BRF:0
BRH:0
end_of_record
TN:
SF:src/api/__generated__/schemas/$PayloadSampleList.ts
FNF:0
FNH:0
DA:5,505
LF:1
LH:1
BRF:0
BRH:0
end_of_record
TN:
SF:src/api/__generated__/schemas/$PolicyOperation.ts
FNF:0
FNH:0
DA:5,505
LF:1
LH:1
BRF:0
BRH:0
end_of_record
TN:
SF:src/api/__generated__/schemas/$PolicySchema.ts
FNF:0
FNH:0
DA:5,505
LF:1
LH:1
BRF:0
BRH:0
end_of_record
TN:
SF:src/api/__generated__/schemas/$ProblemDetails.ts
FNF:0
FNH:0
DA:5,505
LF:1
LH:1
BRF:0
BRH:0
end_of_record
TN:
SF:src/api/__generated__/schemas/$ProtocolAdapter.ts
FNF:0
FNH:0
DA:5,505
LF:1
LH:1
BRF:0
BRH:0
end_of_record
TN:
SF:src/api/__generated__/schemas/$ProtocolAdapterCategory.ts
FNF:0
FNH:0
DA:5,505
LF:1
LH:1
BRF:0
BRH:0
end_of_record
TN:
SF:src/api/__generated__/schemas/$ProtocolAdaptersList.ts
FNF:0
FNH:0
DA:5,505
LF:1
LH:1
BRF:0
BRH:0
end_of_record
TN:
SF:src/api/__generated__/schemas/$QoS.ts
FNF:0
FNH:0
DA:5,505
LF:1
LH:1
BRF:0
BRH:0
end_of_record
TN:
SF:src/api/__generated__/schemas/$SchemaList.ts
FNF:0
FNH:0
DA:5,505
LF:1
LH:1
BRF:0
BRH:0
end_of_record
TN:
SF:src/api/__generated__/schemas/$SchemaReference.ts
FNF:0
FNH:0
DA:5,505
LF:1
LH:1
BRF:0
BRH:0
end_of_record
TN:
SF:src/api/__generated__/schemas/$Script.ts
FNF:0
FNH:0
DA:5,505
LF:1
LH:1
BRF:0
BRH:0
end_of_record
TN:
SF:src/api/__generated__/schemas/$ScriptList.ts
FNF:0
FNH:0
DA:5,505
LF:1
LH:1
BRF:0
BRH:0
end_of_record
TN:
SF:src/api/__generated__/schemas/$SouthboundMapping.ts
FNF:0
FNH:0
DA:5,505
LF:1
LH:1
BRF:0
BRH:0
end_of_record
TN:
SF:src/api/__generated__/schemas/$SouthboundMappingList.ts
FNF:0
FNH:0
DA:5,505
LF:1
LH:1
BRF:0
BRH:0
end_of_record
TN:
SF:src/api/__generated__/schemas/$Status.ts
FNF:0
FNH:0
DA:5,505
LF:1
LH:1
BRF:0
BRH:0
end_of_record
TN:
SF:src/api/__generated__/schemas/$StatusList.ts
FNF:0
FNH:0
DA:5,505
LF:1
LH:1
BRF:0
BRH:0
end_of_record
TN:
SF:src/api/__generated__/schemas/$StatusTransitionCommand.ts
FNF:0
FNH:0
DA:5,505
LF:1
LH:1
BRF:0
BRH:0
end_of_record
TN:
SF:src/api/__generated__/schemas/$StatusTransitionResult.ts
FNF:0
FNH:0
DA:5,505
LF:1
LH:1
BRF:0
BRH:0
end_of_record
TN:
SF:src/api/__generated__/schemas/$TagSchema.ts
FNF:0
FNH:0
DA:5,505
LF:1
LH:1
BRF:0
BRH:0
end_of_record
TN:
SF:src/api/__generated__/schemas/$TlsConfiguration.ts
FNF:0
FNH:0
DA:5,505
LF:1
LH:1
BRF:0
BRH:0
end_of_record
TN:
SF:src/api/__generated__/schemas/$TopicFilter.ts
FNF:0
FNH:0
DA:5,505
LF:1
LH:1
BRF:0
BRH:0
end_of_record
TN:
SF:src/api/__generated__/schemas/$TopicFilterId.ts
FNF:0
FNH:0
DA:5,505
LF:1
LH:1
BRF:0
BRH:0
end_of_record
TN:
SF:src/api/__generated__/schemas/$TopicFilterList.ts
FNF:0
FNH:0
DA:5,505
LF:1
LH:1
BRF:0
BRH:0
end_of_record
TN:
SF:src/api/__generated__/schemas/$TypeIdentifier.ts
FNF:0
FNH:0
DA:5,505
LF:1
LH:1
BRF:0
BRH:0
end_of_record
TN:
SF:src/api/__generated__/schemas/$UsernamePasswordCredentials.ts
FNF:0
FNH:0
DA:5,505
LF:1
LH:1
BRF:0
BRH:0
end_of_record
TN:
SF:src/api/__generated__/schemas/$ValuesTree.ts
FNF:0
FNH:0
DA:5,505
LF:1
LH:1
BRF:0
BRH:0
end_of_record
TN:
SF:src/api/__generated__/schemas/$WebsocketConfiguration.ts
FNF:0
FNH:0
DA:5,505
LF:1
LH:1
BRF:0
BRH:0
end_of_record
TN:
SF:src/api/__generated__/services/AuthenticationEndpointService.ts
FN:13,(anonymous_0)
FN:22,(anonymous_1)
FN:43,(anonymous_2)
FN:60,(anonymous_3)
FNF:4
FNH:1
FNDA:1964,(anonymous_0)
FNDA:0,(anonymous_1)
FNDA:0,(anonymous_2)
FNDA:0,(anonymous_3)
DA:13,1964
DA:25,0
DA:44,0
DA:63,0
LF:4
LH:1
BRF:0
BRH:0
end_of_record
TN:
SF:src/api/__generated__/services/AuthenticationService.ts
FN:13,(anonymous_0)
FN:22,(anonymous_1)
FN:43,(anonymous_2)
FN:60,(anonymous_3)
FNF:4
FNH:2
FNDA:1964,(anonymous_0)
FNDA:2,(anonymous_1)
FNDA:0,(anonymous_2)
FNDA:0,(anonymous_3)
DA:13,1964
DA:25,2
DA:44,0
DA:63,0
LF:4
LH:2
BRF:0
BRH:0
end_of_record
TN:
SF:src/api/__generated__/services/BridgesService.ts
FN:17,(anonymous_0)
FN:25,(anonymous_1)
FN:39,(anonymous_2)
FN:59,(anonymous_3)
FN:73,(anonymous_4)
FN:96,(anonymous_5)
FN:120,(anonymous_6)
FN:146,(anonymous_7)
FN:170,(anonymous_8)
FNF:9
FNH:3
FNDA:1964,(anonymous_0)
FNDA:77,(anonymous_1)
FNDA:0,(anonymous_2)
FNDA:5,(anonymous_3)
FNDA:0,(anonymous_4)
FNDA:0,(anonymous_5)
FNDA:0,(anonymous_6)
FNDA:0,(anonymous_7)
FNDA:0,(anonymous_8)
DA:17,1964
DA:26,77
DA:42,0
DA:60,5
DA:76,0
DA:99,0
DA:124,0
DA:149,0
DA:174,0
LF:9
LH:3
BRF:0
BRH:0
end_of_record
TN:
SF:src/api/__generated__/services/CombinersService.ts
FN:15,(anonymous_0)
FN:23,(anonymous_1)
FN:37,(anonymous_2)
FN:58,(anonymous_3)
FN:80,(anonymous_4)
FN:103,(anonymous_5)
FN:128,(anonymous_6)
FN:151,(anonymous_7)
FNF:8
FNH:4
FNDA:1964,(anonymous_0)
FNDA:74,(anonymous_1)
FNDA:0,(anonymous_2)
FNDA:0,(anonymous_3)
FNDA:4,(anonymous_4)
FNDA:3,(anonymous_5)
FNDA:0,(anonymous_6)
FNDA:0,(anonymous_7)
DA:15,1964
DA:24,74
DA:40,0
DA:61,0
DA:83,4
DA:107,3
DA:131,0
DA:155,0
LF:8
LH:4
BRF:0
BRH:0
end_of_record
TN:
SF:src/api/__generated__/services/DataHubBehaviorPoliciesService.ts
FN:13,(anonymous_0)
FN:30,(anonymous_1)
FN:62,(anonymous_2)
FN:90,(anonymous_3)
FN:125,(anonymous_4)
FN:157,(anonymous_5)
FNF:6
FNH:3
FNDA:1964,(anonymous_0)
FNDA:43,(anonymous_1)
FNDA:0,(anonymous_2)
FNDA:0,(anonymous_3)
FNDA:5,(anonymous_4)
FNDA:0,(anonymous_5)
DA:13,1964
DA:37,43
DA:65,0
DA:94,0
DA:129,5
DA:162,0
LF:6
LH:3
BRF:0
BRH:0
end_of_record
TN:
SF:src/api/__generated__/services/DataHubDataPoliciesService.ts
FN:13,(anonymous_0)
FN:31,(anonymous_1)
FN:68,(anonymous_2)
FN:96,(anonymous_3)
FN:130,(anonymous_4)
FN:163,(anonymous_5)
FNF:6
FNH:4
FNDA:1964,(anonymous_0)
FNDA:59,(anonymous_1)
FNDA:7,(anonymous_2)
FNDA:0,(anonymous_3)
FNDA:21,(anonymous_4)
FNDA:0,(anonymous_5)
DA:13,1964
DA:39,59
DA:71,7
DA:100,0
DA:134,21
DA:168,0
LF:6
LH:4
BRF:0
BRH:0
end_of_record
TN:
SF:src/api/__generated__/services/DataHubFsmService.ts
FN:12,(anonymous_0)
FN:20,(anonymous_1)
FNF:2
FNH:1
FNDA:1964,(anonymous_0)
FNDA:0,(anonymous_1)
DA:12,1964
DA:21,0
LF:2
LH:1
BRF:0
BRH:0
end_of_record
TN:
SF:src/api/__generated__/services/DataHubFunctionsService.ts
FN:12,(anonymous_0)
FN:20,(anonymous_1)
FNF:2
FNH:1
FNDA:1964,(anonymous_0)
FNDA:0,(anonymous_1)
DA:12,1964
DA:21,0
LF:2
LH:1
BRF:0
BRH:0
end_of_record
TN:
SF:src/api/__generated__/services/DataHubSchemasService.ts
FN:13,(anonymous_0)
FN:30,(anonymous_1)
FN:63,(anonymous_2)
FN:95,(anonymous_3)
FN:130,(anonymous_4)
FNF:5
FNH:3
FNDA:1964,(anonymous_0)
FNDA:52,(anonymous_1)
FNDA:0,(anonymous_2)
FNDA:2,(anonymous_3)
FNDA:0,(anonymous_4)
DA:13,1964
DA:37,52
DA:67,0
DA:99,2
DA:134,0
LF:5
LH:3
BRF:0
BRH:0
end_of_record
TN:
SF:src/api/__generated__/services/DataHubScriptsService.ts
FN:13,(anonymous_0)
FN:26,(anonymous_1)
FN:57,(anonymous_2)
FN:88,(anonymous_3)
FN:119,(anonymous_4)
FNF:5
FNH:2
FNDA:1964,(anonymous_0)
FNDA:49,(anonymous_1)
FNDA:0,(anonymous_2)
FNDA:0,(anonymous_3)
FNDA:0,(anonymous_4)
DA:13,1964
DA:33,49
DA:61,0
DA:92,0
DA:123,0
LF:5
LH:2
BRF:0
BRH:0
end_of_record
TN:
SF:src/api/__generated__/services/DataHubStateService.ts
FN:12,(anonymous_0)
FN:23,(anonymous_1)
FNF:2
FNH:1
FNDA:1964,(anonymous_0)
FNDA:0,(anonymous_1)
DA:12,1964
DA:26,0
LF:2
LH:1
BRF:0
BRH:0
end_of_record
TN:
SF:src/api/__generated__/services/DefaultService.ts
FN:10,(anonymous_0)
FN:16,(anonymous_1)
FNF:2
FNH:1
FNDA:1964,(anonymous_0)
FNDA:0,(anonymous_1)
DA:10,1964
DA:17,0
LF:2
LH:1
BRF:0
BRH:0
end_of_record
TN:
SF:src/api/__generated__/services/EventsService.ts
FN:12,(anonymous_0)
FN:22,(anonymous_1)
FNF:2
FNH:2
FNDA:1964,(anonymous_0)
FNDA:17,(anonymous_1)
DA:12,1964
DA:26,17
LF:2
LH:2
BRDA:23,0,0,17
BRF:1
BRH:1
end_of_record
TN:
SF:src/api/__generated__/services/FrontendService.ts
FN:14,(anonymous_0)
FN:22,(anonymous_1)
FN:35,(anonymous_2)
FN:48,(anonymous_3)
FNF:4
FNH:4
FNDA:1964,(anonymous_0)
FNDA:37,(anonymous_1)
FNDA:21,(anonymous_2)
FNDA:7,(anonymous_3)
DA:14,1964
DA:23,37
DA:36,21
DA:49,7
LF:4
LH:4
BRF:0
BRH:0
end_of_record
TN:
SF:src/api/__generated__/services/GatewayEndpointService.ts
FN:12,(anonymous_0)
FN:20,(anonymous_1)
FN:36,(anonymous_2)
FNF:3
FNH:1
FNDA:1964,(anonymous_0)
FNDA:0,(anonymous_1)
FNDA:0,(anonymous_2)
DA:12,1964
DA:21,0
DA:37,0
LF:3
LH:1
BRF:0
BRH:0
end_of_record
TN:
SF:src/api/__generated__/services/HealthCheckEndpointService.ts
FN:12,(anonymous_0)
FN:20,(anonymous_1)
FN:33,(anonymous_2)
FNF:3
FNH:1
FNDA:1964,(anonymous_0)
FNDA:0,(anonymous_1)
FNDA:0,(anonymous_2)
DA:12,1964
DA:21,0
DA:34,0
LF:3
LH:1
BRF:0
BRH:0
end_of_record
TN:
SF:src/api/__generated__/services/MetricsEndpointService.ts
FN:13,(anonymous_0)
FN:21,(anonymous_1)
FN:35,(anonymous_2)
FNF:3
FNH:1
FNDA:1964,(anonymous_0)
FNDA:0,(anonymous_1)
FNDA:0,(anonymous_2)
DA:13,1964
DA:22,0
DA:38,0
LF:3
LH:1
BRF:0
BRH:0
end_of_record
TN:
SF:src/api/__generated__/services/MetricsService.ts
FN:13,(anonymous_0)
FN:21,(anonymous_1)
FN:35,(anonymous_2)
FNF:3
FNH:3
FNDA:1964,(anonymous_0)
FNDA:25,(anonymous_1)
FNDA:33,(anonymous_2)
DA:13,1964
DA:22,25
DA:38,33
LF:3
LH:3
BRF:0
BRH:0
end_of_record
TN:
SF:src/api/__generated__/services/PayloadSamplingService.ts
FN:13,(anonymous_0)
FN:22,(anonymous_1)
FN:45,(anonymous_2)
FN:64,(anonymous_3)
FNF:4
FNH:4
FNDA:1964,(anonymous_0)
FNDA:27,(anonymous_1)
FNDA:20,(anonymous_2)
FNDA:26,(anonymous_3)
DA:13,1964
DA:25,27
DA:48,20
DA:67,26
LF:4
LH:4
BRF:0
BRH:0
end_of_record
TN:
SF:src/api/__generated__/services/ProtocolAdaptersService.ts
FN:26,(anonymous_0)
FN:37,(anonymous_1)
FN:65,(anonymous_2)
FN:79,(anonymous_3)
FN:101,(anonymous_4)
FN:124,(anonymous_5)
FN:153,(anonymous_6)
FN:183,(anonymous_7)
FN:206,(anonymous_8)
FN:233,(anonymous_9)
FN:256,(anonymous_10)
FN:283,(anonymous_11)
FN:307,(anonymous_12)
FN:333,(anonymous_13)
FN:356,(anonymous_14)
FN:384,(anonymous_15)
FN:411,(anonymous_16)
FN:438,(anonymous_17)
FN:468,(anonymous_18)
FN:493,(anonymous_19)
FN:506,(anonymous_20)
FN:519,(anonymous_21)
FN:533,(anonymous_22)
FN:554,(anonymous_23)
FN:568,(anonymous_24)
FN:589,(anonymous_25)
FN:603,(anonymous_26)
FN:626,(anonymous_27)
FNF:28
FNH:13
FNDA:1964,(anonymous_0)
FNDA:0,(anonymous_1)
FNDA:121,(anonymous_2)
FNDA:0,(anonymous_3)
FNDA:0,(anonymous_4)
FNDA:0,(anonymous_5)
FNDA:5,(anonymous_6)
FNDA:32,(anonymous_7)
FNDA:0,(anonymous_8)
FNDA:29,(anonymous_9)
FNDA:0,(anonymous_10)
FNDA:0,(anonymous_11)
FNDA:0,(anonymous_12)
FNDA:79,(anonymous_13)
FNDA:0,(anonymous_14)
FNDA:0,(anonymous_15)
FNDA:0,(anonymous_16)
FNDA:0,(anonymous_17)
FNDA:0,(anonymous_18)
FNDA:46,(anonymous_19)
FNDA:46,(anonymous_20)
FNDA:14,(anonymous_21)
FNDA:23,(anonymous_22)
FNDA:50,(anonymous_23)
FNDA:0,(anonymous_24)
FNDA:206,(anonymous_25)
FNDA:0,(anonymous_26)
FNDA:27,(anonymous_27)
DA:26,1964
DA:42,0
DA:66,121
DA:82,0
DA:104,0
DA:128,0
DA:158,5
DA:186,32
DA:210,0
DA:236,29
DA:260,0
DA:286,0
DA:311,0
DA:336,79
DA:360,0
DA:388,0
DA:415,0
DA:443,0
DA:472,0
DA:494,46
DA:507,46
DA:520,14
DA:536,23
DA:555,50
DA:571,0
DA:590,206
DA:606,0
DA:630,27
LF:28
LH:13
BRF:0
BRH:0
end_of_record
TN:
SF:src/api/__generated__/services/TopicFiltersService.ts
FN:13,(anonymous_0)
FN:21,(anonymous_1)
FN:35,(anonymous_2)
FN:57,(anonymous_3)
FN:78,(anonymous_4)
FN:97,(anonymous_5)
FN:121,(anonymous_6)
FN:147,(anonymous_7)
FNF:8
FNH:2
FNDA:1964,(anonymous_0)
FNDA:127,(anonymous_1)
FNDA:0,(anonymous_2)
FNDA:0,(anonymous_3)
FNDA:0,(anonymous_4)
FNDA:0,(anonymous_5)
FNDA:0,(anonymous_6)
FNDA:0,(anonymous_7)
DA:13,1964
DA:22,127
DA:38,0
DA:60,0
DA:81,0
DA:100,0
DA:125,0
DA:150,0
LF:8
LH:2
BRF:0
BRH:0
end_of_record
TN:
SF:src/api/__generated__/services/UnsService.ts
FN:12,(anonymous_0)
FN:20,(anonymous_1)
FN:34,(anonymous_2)
FNF:3
FNH:1
FNDA:1964,(anonymous_0)
FNDA:0,(anonymous_1)
FNDA:0,(anonymous_2)
DA:12,1964
DA:21,0
DA:37,0
LF:3
LH:1
BRF:0
BRH:0
end_of_record
TN:
SF:src/api/hooks/useCombiners/useCreateCombiner.ts
FN:11,(anonymous_0)
FN:15,(anonymous_1)
FN:21,(anonymous_2)
FNF:3
FNH:1
FNDA:321,(anonymous_0)
FNDA:0,(anonymous_1)
FNDA:0,(anonymous_2)
DA:11,37
DA:12,321
DA:13,321
DA:15,321
DA:16,0
DA:19,321
DA:22,0
LF:7
LH:5
BRF:0
BRH:0
end_of_record
TN:
SF:src/api/hooks/useCombiners/useDeleteCombiner.ts
FN:11,(anonymous_0)
FN:15,(anonymous_1)
FN:21,(anonymous_2)
FNF:3
FNH:3
FNDA:111,(anonymous_0)
FNDA:4,(anonymous_1)
FNDA:4,(anonymous_2)
DA:11,37
DA:12,111
DA:13,111
DA:15,111
DA:16,4
DA:19,111
DA:22,4
LF:7
LH:7
BRF:0
BRH:0
end_of_record
TN:
SF:src/api/hooks/useCombiners/useGetCombiner.ts
FN:7,(anonymous_0)
FN:12,(anonymous_1)
FNF:2
FNH:0
FNDA:0,(anonymous_0)
FNDA:0,(anonymous_1)
DA:7,37
DA:8,0
DA:10,0
DA:12,0
LF:4
LH:1
BRF:0
BRH:0
end_of_record
TN:
SF:src/api/hooks/useCombiners/useListCombinerMappingInstructions.ts
FN:7,(anonymous_0)
FN:18,(anonymous_1)
FNF:2
FNH:0
FNDA:0,(anonymous_0)
FNDA:0,(anonymous_1)
DA:7,37
DA:8,0
DA:10,0
DA:18,0
LF:4
LH:1
BRF:0
BRH:0
end_of_record
TN:
SF:src/api/hooks/useCombiners/useListCombinerMappings.ts
FN:7,(anonymous_0)
FN:12,(anonymous_1)
FNF:2
FNH:0
FNDA:0,(anonymous_0)
FNDA:0,(anonymous_1)
DA:7,37
DA:8,0
DA:10,0
DA:12,0
LF:4
LH:1
BRF:0
BRH:0
end_of_record
TN:
SF:src/api/hooks/useCombiners/useListCombiners.ts
FN:7,(anonymous_0)
FN:12,(anonymous_1)
FNF:2
FNH:2
FNDA:321,(anonymous_0)
FNDA:74,(anonymous_1)
DA:7,37
DA:8,321
DA:10,321
DA:12,74
LF:4
LH:4
BRF:0
BRH:0
end_of_record
TN:
SF:src/api/hooks/useCombiners/useUpdateCombiner.ts
FN:12,(anonymous_0)
FN:16,(anonymous_1)
FN:22,(anonymous_2)
FNF:3
FNH:3
FNDA:111,(anonymous_0)
FNDA:3,(anonymous_1)
FNDA:3,(anonymous_2)
DA:12,37
DA:13,111
DA:14,111
DA:16,111
DA:17,3
DA:20,111
DA:23,3
LF:7
LH:7
BRF:0
BRH:0
end_of_record
TN:
SF:src/api/hooks/useCombiners/__handlers__/index.ts
FN:88,(anonymous_0)
FN:120,(anonymous_1)
FN:125,(anonymous_2)
FN:130,(anonymous_3)
FN:135,(anonymous_4)
FN:142,(anonymous_5)
FN:146,(anonymous_6)
FNF:7
FNH:0
FNDA:0,(anonymous_0)
FNDA:0,(anonymous_1)
FNDA:0,(anonymous_2)
FNDA:0,(anonymous_3)
FNDA:0,(anonymous_4)
FNDA:0,(anonymous_5)
FNDA:0,(anonymous_6)
DA:21,138
DA:23,138
DA:28,138
DA:65,138
DA:76,138
DA:87,138
DA:89,0
DA:121,0
DA:122,0
DA:126,0
DA:127,0
DA:131,0
DA:132,0
DA:136,0
DA:137,0
DA:139,0
DA:143,0
DA:147,0
LF:18
LH:6
BRF:0
BRH:0
end_of_record
TN:
SF:src/api/hooks/useConnection/useGetAdaptersStatus.ts
FN:6,(anonymous_0)
FN:11,(anonymous_1)
FNF:2
FNH:2
FNDA:84,(anonymous_0)
FNDA:14,(anonymous_1)
DA:6,12
DA:7,84
DA:9,84
DA:11,14
LF:4
LH:4
BRF:0
BRH:0
end_of_record
TN:
SF:src/api/hooks/useConnection/useGetBridgesStatus.ts
FN:6,(anonymous_0)
FN:11,(anonymous_1)
FNF:2
FNH:2
FNDA:15,(anonymous_0)
FNDA:5,(anonymous_1)
DA:6,3
DA:7,15
DA:9,15
DA:11,5
LF:4
LH:4
BRF:0
BRH:0
end_of_record
TN:
SF:src/api/hooks/useConnection/__handlers__/index.ts
FN:19,(anonymous_0)
FN:28,(anonymous_1)
FNF:2
FNH:0
FNDA:0,(anonymous_0)
FNDA:0,(anonymous_1)
DA:6,174
DA:12,174
DA:18,174
DA:20,0
DA:29,0
LF:5
LH:3
BRF:0
BRH:0
end_of_record
TN:
SF:src/api/hooks/useDomainModel/useGetCombinedDataSchemas.ts
FN:13,(anonymous_0)
FN:17,(anonymous_1)
FN:21,(anonymous_2)
FN:30,(anonymous_3)
FN:33,(anonymous_4)
FNF:5
FNH:4
FNDA:149,(anonymous_0)
FNDA:30,(anonymous_1)
FNDA:0,(anonymous_2)
FNDA:6,(anonymous_3)
FNDA:9,(anonymous_4)
DA:13,20
DA:14,149
DA:16,149
DA:18,30
DA:22,0
DA:31,6
DA:33,9
LF:7
LH:6
BRDA:18,0,0,0
BRDA:18,0,1,30
BRF:2
BRH:1
end_of_record
TN:
SF:src/api/hooks/useDomainModel/useGetCombinedEntities.ts
FN:8,(anonymous_0)
FN:13,(anonymous_1)
FN:17,(anonymous_2)
FN:22,(anonymous_3)
FNF:4
FNH:4
FNDA:126,(anonymous_0)
FNDA:215,(anonymous_1)
FNDA:32,(anonymous_2)
FNDA:27,(anonymous_3)
DA:8,10
DA:9,126
DA:12,126
DA:14,215
DA:17,32
DA:22,27
LF:6
LH:6
BRDA:14,0,0,104
BRDA:14,0,1,111
BRF:2
BRH:2
end_of_record
TN:
SF:src/api/hooks/useDomainModel/useGetDomainTagSchema.ts
FN:8,(anonymous_0)
FN:13,(anonymous_1)
FNF:2
FNH:2
FNDA:71,(anonymous_0)
FNDA:23,(anonymous_1)
DA:8,8
DA:9,71
DA:11,71
DA:13,23
LF:4
LH:4
BRF:0
BRH:0
end_of_record
TN:
SF:src/api/hooks/useDomainModel/useGetSamplesForTopic.ts
FN:8,(anonymous_0)
FN:13,(anonymous_1)
FNF:2
FNH:2
FNDA:143,(anonymous_0)
FNDA:20,(anonymous_1)
DA:8,73
DA:9,143
DA:11,143
DA:13,20
LF:4
LH:4
BRDA:8,0,0,0
BRF:1
BRH:0
end_of_record
TN:
SF:src/api/hooks/useDomainModel/useGetSchemaForTopic.ts
FN:8,(anonymous_0)
FN:13,(anonymous_1)
FNF:2
FNH:2
FNDA:143,(anonymous_0)
FNDA:27,(anonymous_1)
DA:8,73
DA:9,143
DA:11,143
DA:13,27
LF:4
LH:4
BRDA:8,0,0,0
BRF:1
BRH:0
end_of_record
TN:
SF:src/api/hooks/useDomainModel/useListDomainNorthboundMappings.ts
FN:8,(anonymous_0)
FN:13,(anonymous_1)
FNF:2
FNH:2
FNDA:102,(anonymous_0)
FNDA:46,(anonymous_1)
DA:8,17
DA:9,102
DA:11,102
DA:13,46
LF:4
LH:4
BRF:0
BRH:0
end_of_record
TN:
SF:src/api/hooks/useDomainModel/useListDomainSouthboundMappings.ts
FN:8,(anonymous_0)
FN:13,(anonymous_1)
FNF:2
FNH:2
FNDA:102,(anonymous_0)
FNDA:46,(anonymous_1)
DA:8,17
DA:9,102
DA:11,102
DA:13,46
LF:4
LH:4
BRF:0
BRH:0
end_of_record
TN:
SF:src/api/hooks/useDomainModel/useListDomainTags.ts
FN:8,(anonymous_0)
FN:13,(anonymous_1)
FNF:2
FNH:2
FNDA:108,(anonymous_0)
FNDA:50,(anonymous_1)
DA:8,23
DA:9,108
DA:11,108
DA:13,50
LF:4
LH:4
BRF:0
BRH:0
end_of_record
TN:
SF:src/api/hooks/useDomainModel/useSamplingForTopic.ts
FN:7,(anonymous_0)
FN:30,(anonymous_1)
FN:34,(anonymous_2)
FNF:3
FNH:3
FNDA:143,(anonymous_0)
FNDA:26,(anonymous_1)
FNDA:64,(anonymous_2)
DA:7,73
DA:14,143
DA:21,143
DA:28,143
DA:30,143
DA:31,26
DA:34,143
DA:35,64
DA:36,38
DA:37,38
DA:38,18
DA:39,18
DA:40,0
DA:41,0
DA:44,38
DA:47,143
DA:48,143
DA:49,143
DA:50,143
DA:52,143
LF:20
LH:18
BRDA:35,0,0,26
BRDA:37,1,0,18
BRDA:39,2,0,0
BRDA:47,3,0,143
BRDA:47,3,1,119
BRDA:47,3,2,99
BRDA:48,4,0,143
BRDA:48,4,1,140
BRDA:48,4,2,140
BRDA:49,5,0,143
BRDA:49,5,1,140
BRDA:49,5,2,140
BRDA:50,6,0,143
BRDA:50,6,1,78
BRF:14
BRH:13
end_of_record
TN:
SF:src/api/hooks/useDomainModel/useStartSamplingForTopic.ts
FN:6,(anonymous_0)
FN:9,(anonymous_1)
FNF:2
FNH:2
FNDA:143,(anonymous_0)
FNDA:26,(anonymous_1)
DA:6,73
DA:7,143
DA:9,143
DA:10,26
DA:13,143
LF:5
LH:5
BRF:0
BRH:0
end_of_record
TN:
SF:src/api/hooks/useDomainModel/__handlers__/index.ts
FN:15,(anonymous_0)
FN:91,(anonymous_1)
FN:103,(anonymous_2)
FN:119,(anonymous_3)
FN:131,(anonymous_4)
FN:143,(anonymous_5)
FN:152,(anonymous_6)
FN:159,(anonymous_7)
FN:161,(anonymous_8)
FN:165,(anonymous_9)
FN:174,(anonymous_10)
FN:178,(anonymous_11)
FN:192,(anonymous_12)
FNF:13
FNH:1
FNDA:50,(anonymous_0)
FNDA:0,(anonymous_1)
FNDA:0,(anonymous_2)
FNDA:0,(anonymous_3)
FNDA:0,(anonymous_4)
FNDA:0,(anonymous_5)
FNDA:0,(anonymous_6)
FNDA:0,(anonymous_7)
FNDA:0,(anonymous_8)
FNDA:0,(anonymous_9)
FNDA:0,(anonymous_10)
FNDA:0,(anonymous_11)
FNDA:0,(anonymous_12)
DA:15,43
DA:16,50
DA:68,50
DA:69,2
DA:87,50
DA:90,43
DA:92,0
DA:94,0
DA:95,0
DA:100,0
DA:104,0
DA:106,0
DA:107,0
DA:108,0
DA:109,0
DA:110,0
DA:115,0
DA:120,0
DA:122,0
DA:123,0
DA:128,0
DA:132,0
DA:134,0
DA:135,0
DA:140,0
DA:144,0
DA:153,0
DA:155,0
DA:159,43
DA:160,0
DA:162,0
DA:166,0
DA:167,0
DA:168,0
DA:175,0
DA:179,0
DA:180,0
DA:181,0
DA:182,0
DA:183,0
DA:184,0
DA:186,0
DA:191,43
DA:193,0
DA:195,0
DA:196,0
DA:201,0
LF:47
LH:8
BRDA:15,0,0,0
BRDA:17,1,0,50
BRDA:17,1,1,0
BRDA:24,2,0,48
BRDA:24,2,1,2
BRDA:30,3,0,48
BRDA:30,3,1,2
BRDA:34,4,0,48
BRDA:34,4,1,2
BRDA:38,5,0,48
BRDA:38,5,1,2
BRDA:68,6,0,2
BRDA:94,7,0,0
BRDA:108,8,0,0
BRDA:122,9,0,0
BRDA:134,10,0,0
BRDA:181,11,0,0
BRDA:181,12,0,0
BRDA:181,12,1,0
BRDA:195,13,0,0
BRF:20
BRH:10
end_of_record
TN:
SF:src/api/hooks/useEvents/useGetEvents.ts
FN:6,(anonymous_0)
FN:11,(anonymous_1)
FNF:2
FNH:2
FNDA:51,(anonymous_0)
FNDA:17,(anonymous_1)
DA:6,11
DA:7,51
DA:9,51
DA:11,17
LF:4
LH:4
BRF:0
BRH:0
end_of_record
TN:
SF:src/api/hooks/useEvents/__handlers__/index.ts
FN:9,(anonymous_0)
FN:45,(anonymous_1)
FN:46,(anonymous_2)
FN:64,(anonymous_3)
FNF:4
FNH:3
FNDA:6237,(anonymous_0)
FNDA:75,(anonymous_1)
FNDA:2079,(anonymous_2)
FNDA:0,(anonymous_3)
DA:8,23
DA:9,6237
DA:15,23
DA:18,23
DA:29,23
DA:30,23
DA:31,23
DA:33,23
DA:45,23
DA:46,2079
DA:63,23
DA:65,0
LF:12
LH:11
BRDA:45,0,0,0
BRF:1
BRH:0
end_of_record
TN:
SF:src/api/hooks/useFrontendServices/useGetCapabilities.ts
FN:6,(anonymous_0)
FN:11,(anonymous_1)
FNF:2
FNH:2
FNDA:141,(anonymous_0)
FNDA:37,(anonymous_1)
DA:6,17
DA:7,141
DA:9,141
DA:11,37
LF:4
LH:4
BRF:0
BRH:0
end_of_record
TN:
SF:src/api/hooks/useFrontendServices/useGetCapability.ts
FN:6,(anonymous_0)
FN:9,(anonymous_1)
FN:12,(anonymous_2)
FNF:3
FNH:3
FNDA:141,(anonymous_0)
FNDA:58,(anonymous_1)
FNDA:21,(anonymous_2)
DA:6,17
DA:7,141
DA:9,141
DA:10,58
DA:12,21
DA:13,21
DA:15,12
LF:7
LH:7
BRDA:10,0,0,37
BRDA:10,1,0,58
BRDA:10,1,1,21
BRDA:10,1,2,21
BRDA:13,2,0,9
BRDA:13,3,0,21
BRDA:13,3,1,17
BRF:7
BRH:7
end_of_record
TN:
SF:src/api/hooks/useFrontendServices/useGetConfiguration.ts
FN:6,(anonymous_0)
FN:11,(anonymous_1)
FNF:2
FNH:2
FNDA:88,(anonymous_0)
FNDA:21,(anonymous_1)
DA:6,12
DA:7,88
DA:9,88
DA:11,21
LF:4
LH:4
BRF:0
BRH:0
end_of_record
TN:
SF:src/api/hooks/useFrontendServices/useGetNotifications.ts
FN:6,(anonymous_0)
FN:11,(anonymous_1)
FNF:2
FNH:2
FNDA:30,(anonymous_0)
FNDA:7,(anonymous_1)
DA:6,5
DA:7,30
DA:9,30
DA:11,7
LF:4
LH:4
BRF:0
BRH:0
end_of_record
TN:
SF:src/api/hooks/useFrontendServices/__handlers__/index.ts
FN:141,(anonymous_0)
FN:145,(anonymous_1)
FN:149,(anonymous_2)
FN:154,(anonymous_3)
FN:155,(anonymous_4)
FNF:5
FNH:0
FNDA:0,(anonymous_0)
FNDA:0,(anonymous_1)
FNDA:0,(anonymous_2)
FNDA:0,(anonymous_3)
FNDA:0,(anonymous_4)
DA:6,21
DA:8,21
DA:108,21
DA:117,21
DA:123,21
DA:130,21
DA:136,21
DA:140,21
DA:142,0
DA:146,0
DA:150,0
DA:154,21
DA:156,0
LF:13
LH:9
BRF:0
BRH:0
end_of_record
TN:
SF:src/api/hooks/useGateway/__handlers__/index.ts
FN:15,(anonymous_0)
FNF:1
FNH:0
FNDA:0,(anonymous_0)
DA:5,109
DA:14,109
DA:16,0
LF:3
LH:2
BRF:0
BRH:0
end_of_record
TN:
SF:src/api/hooks/useGetBridges/useGetBridge.ts
FN:5,(anonymous_0)
FN:10,(anonymous_1)
FNF:2
FNH:0
FNDA:0,(anonymous_0)
FNDA:0,(anonymous_1)
DA:5,14
DA:6,0
DA:8,0
DA:10,0
LF:4
LH:1
BRF:0
BRH:0
end_of_record
TN:
SF:src/api/hooks/useGetBridges/useListBridges.ts
FN:6,(anonymous_0)
FN:11,(anonymous_1)
FNF:2
FNH:2
FNDA:169,(anonymous_0)
FNDA:77,(anonymous_1)
DA:6,91
DA:7,169
DA:9,169
DA:12,77
DA:13,28
LF:5
LH:5
BRF:0
BRH:0
end_of_record
TN:
SF:src/api/hooks/useGetBridges/useSetConnectionStatus.ts
FN:12,(anonymous_0)
FN:16,(anonymous_1)
FN:22,(anonymous_2)
FNF:3
FNH:1
FNDA:141,(anonymous_0)
FNDA:0,(anonymous_1)
FNDA:0,(anonymous_2)
DA:12,17
DA:13,141
DA:14,141
DA:16,141
DA:17,0
DA:20,141
DA:24,0
LF:7
LH:5
BRF:0
BRH:0
end_of_record
TN:
SF:src/api/hooks/useGetBridges/__handlers__/index.ts
FN:45,(anonymous_0)
FN:49,(anonymous_1)
FN:54,(anonymous_2)
FN:58,(anonymous_3)
FN:62,(anonymous_4)
FN:66,(anonymous_5)
FN:74,(anonymous_6)
FNF:7
FNH:0
FNDA:0,(anonymous_0)
FNDA:0,(anonymous_1)
FNDA:0,(anonymous_2)
FNDA:0,(anonymous_3)
FNDA:0,(anonymous_4)
FNDA:0,(anonymous_5)
FNDA:0,(anonymous_6)
DA:8,169
DA:10,169
DA:17,169
DA:44,169
DA:46,0
DA:50,0
DA:51,0
DA:55,0
DA:59,0
DA:63,0
DA:67,0
DA:68,0
DA:75,0
LF:13
LH:4
BRF:0
BRH:0
end_of_record
TN:
SF:src/api/hooks/useGetMetrics/useGetMetrics.ts
FN:6,(anonymous_0)
FN:11,(anonymous_1)
FNF:2
FNH:2
FNDA:102,(anonymous_0)
FNDA:25,(anonymous_1)
DA:6,13
DA:7,102
DA:9,102
DA:11,25
LF:4
LH:4
BRF:0
BRH:0
end_of_record
TN:
SF:src/api/hooks/useGetMetrics/useGetSample.ts
FN:7,(anonymous_0)
FN:12,(anonymous_1)
FNF:2
FNH:2
FNDA:130,(anonymous_0)
FNDA:33,(anonymous_1)
DA:7,15
DA:8,130
DA:10,130
DA:12,33
LF:4
LH:4
BRF:0
BRH:0
end_of_record
TN:
SF:src/api/hooks/useGetMetrics/__handlers__/index.ts
FN:69,(anonymous_0)
FN:77,(anonymous_1)
FN:81,(anonymous_2)
FNF:3
FNH:1
FNDA:260,(anonymous_0)
FNDA:0,(anonymous_1)
FNDA:0,(anonymous_2)
DA:7,26
DA:55,26
DA:56,26
DA:59,26
DA:60,26
DA:61,26
DA:62,26
DA:64,26
DA:69,260
DA:76,26
DA:78,0
DA:82,0
LF:12
LH:10
BRF:0
BRH:0
end_of_record
TN:
SF:src/api/hooks/useGitHub/useGetReleases.ts
FN:8,(anonymous_0)
FN:11,(anonymous_1)
FN:12,(anonymous_2)
FNF:3
FNH:3
FNDA:30,(anonymous_0)
FNDA:7,(anonymous_1)
FNDA:7,(anonymous_2)
DA:8,5
DA:9,30
DA:12,7
DA:13,7
DA:14,3
DA:17,7
LF:6
LH:6
BRF:0
BRH:0
end_of_record
TN:
SF:src/api/hooks/useHttpClient/useHttpClient.ts
FN:17,(anonymous_0)
FN:21,(anonymous_1)
FN:26,(anonymous_2)
FN:31,createInstance
FN:35,(anonymous_4)
FN:41,(anonymous_5)
FN:52,(anonymous_6)
FN:56,(anonymous_7)
FN:74,(anonymous_8)
FN:77,createInstance
FNF:10
FNH:9
FNDA:1931,(anonymous_0)
FNDA:1398,(anonymous_1)
FNDA:6817,(anonymous_2)
FNDA:1931,createInstance
FNDA:1398,(anonymous_4)
FNDA:656,(anonymous_5)
FNDA:738,(anonymous_6)
FNDA:0,(anonymous_7)
FNDA:88,(anonymous_8)
FNDA:31,createInstance
DA:14,333
DA:18,1931
DA:22,1398
DA:26,333
DA:27,6817
DA:28,6811
DA:29,6811
DA:33,1931
DA:34,1931
DA:35,1931
DA:36,1398
DA:37,1398
DA:40,1931
DA:44,656
DA:46,656
DA:50,656
DA:55,738
DA:56,0
DA:58,738
DA:62,1931
DA:71,6811
DA:74,333
DA:75,88
DA:78,31
DA:83,88
LF:25
LH:24
BRDA:55,0,0,0
BRF:1
BRH:0
end_of_record
TN:
SF:src/api/hooks/usePostAuthentication/index.ts
FN:6,(anonymous_0)
FN:7,(anonymous_1)
FNF:2
FNH:2
FNDA:12,(anonymous_0)
FNDA:2,(anonymous_1)
DA:6,6
DA:7,12
DA:8,2
DA:12,2
DA:15,12
LF:5
LH:5
BRF:0
BRH:0
end_of_record
TN:
SF:src/api/hooks/useProtocolAdapters/useCreateDomainTags.ts
FN:13,(anonymous_0)
FN:17,(anonymous_1)
FN:23,(anonymous_2)
FNF:3
FNH:1
FNDA:71,(anonymous_0)
FNDA:0,(anonymous_1)
FNDA:0,(anonymous_2)
DA:13,8
DA:14,71
DA:15,71
DA:17,71
DA:18,0
DA:21,71
DA:24,0
LF:7
LH:5
BRF:0
BRH:0
end_of_record
TN:
SF:src/api/hooks/useProtocolAdapters/useDeleteDomainTags.ts
FN:12,(anonymous_0)
FN:16,(anonymous_1)
FN:22,(anonymous_2)
FNF:3
FNH:1
FNDA:71,(anonymous_0)
FNDA:0,(anonymous_1)
FNDA:0,(anonymous_2)
DA:12,8
DA:13,71
DA:14,71
DA:16,71
DA:17,0
DA:20,71
DA:23,0
LF:7
LH:5
BRF:0
BRH:0
end_of_record
TN:
SF:src/api/hooks/useProtocolAdapters/useDeleteProtocolAdapter.ts
FN:7,(anonymous_0)
FN:11,(anonymous_1)
FN:17,(anonymous_2)
FNF:3
FNH:1
FNDA:6,(anonymous_0)
FNDA:0,(anonymous_1)
FNDA:0,(anonymous_2)
DA:7,2
DA:8,6
DA:9,6
DA:11,6
DA:12,0
DA:15,6
DA:18,0
LF:7
LH:5
BRF:0
BRH:0
end_of_record
TN:
SF:src/api/hooks/useProtocolAdapters/useGetAdapterTypes.ts
FN:6,(anonymous_0)
FN:11,(anonymous_1)
FNF:2
FNH:2
FNDA:946,(anonymous_0)
FNDA:206,(anonymous_1)
DA:6,119
DA:7,946
DA:9,946
DA:11,206
LF:4
LH:4
BRF:0
BRH:0
end_of_record
TN:
SF:src/api/hooks/useProtocolAdapters/useGetDataPoints.ts
FN:6,(anonymous_0)
FN:16,(anonymous_1)
FNF:2
FNH:2
FNDA:33,(anonymous_0)
FNDA:5,(anonymous_1)
DA:6,5
DA:12,33
DA:14,33
DA:16,5
LF:4
LH:4
BRDA:16,0,0,5
BRDA:16,0,1,0
BRDA:17,1,0,33
BRDA:17,1,1,15
BRF:4
BRH:3
end_of_record
TN:
SF:src/api/hooks/useProtocolAdapters/useGetDomainTags.ts
FN:7,(anonymous_0)
FN:12,(anonymous_1)
FNF:2
FNH:2
FNDA:130,(anonymous_0)
FNDA:47,(anonymous_1)
DA:7,77
DA:8,130
DA:10,130
DA:12,47
LF:4
LH:4
BRF:0
BRH:0
end_of_record
TN:
SF:src/api/hooks/useProtocolAdapters/useGetWritingSchema.ts
FN:7,(anonymous_0)
FN:12,(anonymous_1)
FNF:2
FNH:2
FNDA:74,(anonymous_0)
FNDA:27,(anonymous_1)
DA:7,66
DA:8,74
DA:10,74
DA:12,27
LF:4
LH:4
BRF:0
BRH:0
end_of_record
TN:
SF:src/api/hooks/useProtocolAdapters/useListNorthboundMappings.ts
FN:7,(anonymous_0)
FN:12,(anonymous_1)
FNF:2
FNH:2
FNDA:156,(anonymous_0)
FNDA:32,(anonymous_1)
DA:7,21
DA:8,156
DA:10,156
DA:12,32
LF:4
LH:4
BRF:0
BRH:0
end_of_record
TN:
SF:src/api/hooks/useProtocolAdapters/useListProtocolAdapters.ts
FN:6,(anonymous_0)
FN:11,(anonymous_1)
FNF:2
FNH:2
FNDA:416,(anonymous_0)
FNDA:121,(anonymous_1)
DA:6,128
DA:7,416
DA:9,416
DA:12,121
DA:13,53
LF:5
LH:5
BRF:0
BRH:0
end_of_record
TN:
SF:src/api/hooks/useProtocolAdapters/useListSouthboundMappings.ts
FN:7,(anonymous_0)
FN:12,(anonymous_1)
FNF:2
FNH:2
FNDA:147,(anonymous_0)
FNDA:29,(anonymous_1)
DA:7,19
DA:8,147
DA:10,147
DA:12,29
LF:4
LH:4
BRF:0
BRH:0
end_of_record
TN:
SF:src/api/hooks/useProtocolAdapters/useSetConnectionStatus.ts
FN:12,(anonymous_0)
FN:16,(anonymous_1)
FN:22,(anonymous_2)
FNF:3
FNH:1
FNDA:141,(anonymous_0)
FNDA:0,(anonymous_1)
FNDA:0,(anonymous_2)
DA:12,17
DA:13,141
DA:14,141
DA:16,141
DA:17,0
DA:20,141
DA:23,0
LF:7
LH:5
BRF:0
BRH:0
end_of_record
TN:
SF:src/api/hooks/useProtocolAdapters/useUpdateAllDomainTags.ts
FN:13,(anonymous_0)
FN:17,(anonymous_1)
FN:23,(anonymous_2)
FNF:3
FNH:1
FNDA:71,(anonymous_0)
FNDA:0,(anonymous_1)
FNDA:0,(anonymous_2)
DA:13,8
DA:14,71
DA:15,71
DA:17,71
DA:18,0
DA:21,71
DA:24,0
LF:7
LH:5
BRF:0
BRH:0
end_of_record
TN:
SF:src/api/hooks/useProtocolAdapters/useUpdateDomainTags.ts
FN:14,(anonymous_0)
FN:18,(anonymous_1)
FN:24,(anonymous_2)
FNF:3
FNH:1
FNDA:71,(anonymous_0)
FNDA:0,(anonymous_1)
FNDA:0,(anonymous_2)
DA:14,8
DA:15,71
DA:16,71
DA:18,71
DA:19,0
DA:22,71
DA:25,0
LF:7
LH:5
BRF:0
BRH:0
end_of_record
TN:
SF:src/api/hooks/useProtocolAdapters/useUpdateNorthboundMappings.ts
FN:12,(anonymous_0)
FN:16,(anonymous_1)
FN:22,(anonymous_2)
FNF:3
FNH:1
FNDA:15,(anonymous_0)
FNDA:0,(anonymous_1)
FNDA:0,(anonymous_2)
DA:12,7
DA:13,15
DA:14,15
DA:16,15
DA:17,0
DA:20,15
DA:23,0
LF:7
LH:5
BRF:0
BRH:0
end_of_record
TN:
SF:src/api/hooks/useProtocolAdapters/useUpdateSouthboundMappings.ts
FN:12,(anonymous_0)
FN:16,(anonymous_1)
FN:22,(anonymous_2)
FNF:3
FNH:1
FNDA:6,(anonymous_0)
FNDA:0,(anonymous_1)
FNDA:0,(anonymous_2)
DA:12,5
DA:13,6
DA:14,6
DA:16,6
DA:17,0
DA:20,6
DA:23,0
LF:7
LH:5
BRF:0
BRH:0
end_of_record
TN:
SF:src/api/hooks/useProtocolAdapters/__handlers__/index.ts
FN:739,(anonymous_0)
FN:760,(anonymous_1)
FN:764,(anonymous_2)
FN:768,(anonymous_3)
FN:773,(anonymous_4)
FN:777,(anonymous_5)
FN:781,(anonymous_6)
FN:787,(anonymous_7)
FN:791,(anonymous_8)
FN:797,(anonymous_9)
FN:810,(anonymous_10)
FN:814,(anonymous_11)
FN:818,(anonymous_12)
FN:822,(anonymous_13)
FNF:14
FNH:1
FNDA:39,(anonymous_0)
FNDA:0,(anonymous_1)
FNDA:0,(anonymous_2)
FNDA:0,(anonymous_3)
FNDA:0,(anonymous_4)
FNDA:0,(anonymous_5)
FNDA:0,(anonymous_6)
FNDA:0,(anonymous_7)
FNDA:0,(anonymous_8)
FNDA:0,(anonymous_9)
FNDA:0,(anonymous_10)
FNDA:0,(anonymous_11)
FNDA:0,(anonymous_12)
FNDA:0,(anonymous_13)
DA:21,221
DA:28,221
DA:59,221
DA:196,221
DA:217,221
DA:222,221
DA:525,221
DA:544,221
DA:554,221
DA:592,221
DA:701,221
DA:702,221
DA:703,221
DA:705,221
DA:739,221
DA:740,39
DA:741,39
DA:743,0
DA:750,37
DA:755,2
DA:759,221
DA:761,0
DA:765,0
DA:769,0
DA:770,0
DA:774,0
DA:778,0
DA:782,0
DA:784,0
DA:788,0
DA:792,0
DA:796,221
DA:798,0
DA:800,0
DA:803,0
DA:804,0
DA:806,0
DA:807,0
DA:811,0
DA:815,0
DA:819,0
DA:823,0
LF:42
LH:21
BRDA:741,0,0,0
BRDA:741,0,1,37
BRDA:741,0,2,2
BRDA:800,1,0,0
BRDA:800,2,0,0
BRDA:800,2,1,0
BRDA:806,3,0,0
BRF:7
BRH:2
end_of_record
TN:
SF:src/api/hooks/useProtocolAdapters/__handlers__/mapping.mocks.ts
FN:28,(anonymous_0)
FN:34,(anonymous_1)
FN:38,(anonymous_2)
FN:42,(anonymous_3)
FN:46,(anonymous_4)
FN:52,(anonymous_5)
FN:59,(anonymous_6)
FN:71,(anonymous_7)
FN:78,(anonymous_8)
FN:92,(anonymous_9)
FNF:10
FNH:0
FNDA:0,(anonymous_0)
FNDA:0,(anonymous_1)
FNDA:0,(anonymous_2)
FNDA:0,(anonymous_3)
FNDA:0,(anonymous_4)
FNDA:0,(anonymous_5)
FNDA:0,(anonymous_6)
FNDA:0,(anonymous_7)
FNDA:0,(anonymous_8)
FNDA:0,(anonymous_9)
DA:8,22
DA:16,22
DA:25,22
DA:29,0
DA:30,0
DA:35,0
DA:39,0
DA:43,0
DA:47,0
DA:53,0
DA:54,0
DA:56,0
DA:60,0
DA:61,0
DA:72,0
DA:73,0
DA:75,0
DA:79,0
DA:80,0
DA:89,22
DA:93,0
DA:94,0
LF:22
LH:4
BRF:0
BRH:0
end_of_record
TN:
SF:src/api/hooks/useTopicFilters/useCreateTopicFilter.ts
FN:12,(anonymous_0)
FN:16,(anonymous_1)
FN:22,(anonymous_2)
FNF:3
FNH:1
FNDA:8,(anonymous_0)
FNDA:0,(anonymous_1)
FNDA:0,(anonymous_2)
DA:12,4
DA:13,8
DA:14,8
DA:16,8
DA:17,0
DA:20,8
DA:23,0
LF:7
LH:5
BRF:0
BRH:0
end_of_record
TN:
SF:src/api/hooks/useTopicFilters/useDeleteTopicFilter.ts
FN:11,(anonymous_0)
FN:15,(anonymous_1)
FN:21,(anonymous_2)
FNF:3
FNH:1
FNDA:8,(anonymous_0)
FNDA:0,(anonymous_1)
FNDA:0,(anonymous_2)
DA:11,4
DA:12,8
DA:13,8
DA:15,8
DA:16,0
DA:19,8
DA:22,0
LF:7
LH:5
BRF:0
BRH:0
end_of_record
TN:
SF:src/api/hooks/useTopicFilters/useListTopicFilters.ts
FN:8,(anonymous_0)
FN:13,(anonymous_1)
FNF:2
FNH:2
FNDA:293,(anonymous_0)
FNDA:94,(anonymous_1)
DA:8,99
DA:9,293
DA:11,287
DA:13,94
LF:4
LH:4
BRF:0
BRH:0
end_of_record
TN:
SF:src/api/hooks/useTopicFilters/useUpdateAllTopicFilters.ts
FN:12,(anonymous_0)
FN:17,(anonymous_1)
FN:20,(anonymous_2)
FNF:3
FNH:1
FNDA:8,(anonymous_0)
FNDA:0,(anonymous_1)
FNDA:0,(anonymous_2)
DA:12,4
DA:13,8
DA:14,8
DA:16,8
DA:18,0
DA:21,0
LF:6
LH:4
BRF:0
BRH:0
end_of_record
TN:
SF:src/api/hooks/useTopicFilters/useUpdateTopicFilter.ts
FN:13,(anonymous_0)
FN:17,(anonymous_1)
FN:23,(anonymous_2)
FNF:3
FNH:1
FNDA:8,(anonymous_0)
FNDA:0,(anonymous_1)
FNDA:0,(anonymous_2)
DA:13,4
DA:14,8
DA:15,8
DA:17,8
DA:18,0
DA:21,8
DA:24,0
LF:7
LH:5
BRF:0
BRH:0
end_of_record
TN:
SF:src/api/hooks/useTopicFilters/__handlers__/index.ts
FN:15,(anonymous_0)
FN:19,(anonymous_1)
FN:25,(anonymous_2)
FN:31,(anonymous_3)
FN:35,(anonymous_4)
FNF:5
FNH:0
FNDA:0,(anonymous_0)
FNDA:0,(anonymous_1)
FNDA:0,(anonymous_2)
FNDA:0,(anonymous_3)
FNDA:0,(anonymous_4)
DA:4,31
DA:6,31
DA:8,31
DA:14,31
DA:16,0
DA:20,0
DA:22,0
DA:26,0
DA:28,0
DA:32,0
DA:36,0
LF:11
LH:4
BRF:0
BRH:0
end_of_record
TN:
SF:src/api/hooks/useUnifiedNamespace/useSetUnifiedNamespace.ts
FN:10,(anonymous_0)
FN:14,(anonymous_1)
FN:20,(anonymous_2)
FNF:3
FNH:1
FNDA:4,(anonymous_0)
FNDA:0,(anonymous_1)
FNDA:0,(anonymous_2)
DA:10,2
DA:11,4
DA:12,4
DA:14,4
DA:15,0
DA:18,4
DA:21,0
LF:7
LH:5
BRF:0
BRH:0
end_of_record
TN:
SF:src/api/hooks/useValidationRules/useValidationRules.ts
FN:5,(anonymous_0)
FN:8,(anonymous_1)
FN:11,(anonymous_2)
FNF:3
FNH:3
FNDA:211,(anonymous_0)
FNDA:1056,(anonymous_1)
FNDA:587,(anonymous_2)
DA:5,18
DA:6,211
DA:8,211
DA:9,1056
DA:11,1056
DA:12,587
DA:15,1056
DA:16,326
DA:18,1056
DA:19,4
DA:20,4
DA:21,4
DA:23,1056
DA:25,0
DA:26,0
DA:27,0
DA:29,1056
DA:31,8
DA:32,8
DA:33,8
DA:35,1056
DA:36,575
DA:37,575
DA:42,575
DA:43,575
DA:44,575
DA:46,0
DA:47,0
DA:51,1056
DA:54,211
LF:30
LH:25
BRDA:12,0,0,0
BRDA:15,1,0,326
BRDA:18,2,0,4
BRDA:23,3,0,0
BRDA:29,4,0,8
BRDA:35,5,0,575
BRF:6
BRH:4
end_of_record
TN:
SF:src/api/types/api-devices.ts
FN:1,(anonymous_0)
FNF:1
FNH:1
FNDA:17,(anonymous_0)
DA:1,17
DA:2,17
DA:3,17
LF:3
LH:3
BRDA:1,0,0,17
BRDA:1,0,1,17
BRF:2
BRH:2
end_of_record
TN:
SF:src/api/types/json-schema.ts
FN:1,(anonymous_0)
FNF:1
FNH:1
FNDA:117,(anonymous_0)
DA:1,117
DA:2,117
DA:3,117
DA:4,117
LF:4
LH:4
BRDA:1,0,0,117
BRDA:1,0,1,117
BRF:2
BRH:2
end_of_record
TN:
SF:src/components/ConditonalWrapper.tsx
FN:10,(anonymous_0)
FNF:1
FNH:1
FNDA:83,(anonymous_0)
DA:10,15
DA:11,83
LF:2
LH:2
BRDA:11,0,0,14
BRDA:11,0,1,69
BRF:2
BRH:2
end_of_record
TN:
SF:src/components/ErrorMessage.tsx
FN:10,(anonymous_0)
FNF:1
FNH:1
FNDA:233,(anonymous_0)
DA:10,201
DA:11,233
LF:2
LH:2
BRDA:10,0,0,111
BRDA:15,1,0,233
BRDA:15,1,1,178
BRDA:16,2,0,233
BRDA:16,2,1,20
BRF:5
BRH:5
end_of_record
TN:
SF:src/components/Mermaid.tsx
FN:50,(anonymous_0)
FN:51,(anonymous_1)
FN:54,(anonymous_2)
FNF:3
FNH:3
FNDA:9,(anonymous_0)
FNDA:7,(anonymous_1)
FNDA:7,(anonymous_2)
DA:11,9
DA:50,9
DA:51,9
DA:52,7
DA:54,9
DA:55,7
DA:58,9
LF:7
LH:7
BRF:0
BRH:0
end_of_record
TN:
SF:src/components/PageContainer.tsx
FN:11,(anonymous_0)
FNF:1
FNH:1
FNDA:31,(anonymous_0)
DA:11,9
DA:12,31
LF:2
LH:2
BRDA:17,0,0,31
BRDA:17,0,1,31
BRF:2
BRH:2
end_of_record
TN:
SF:src/components/PasswordInput.tsx
FN:20,(anonymous_0)
FN:23,(anonymous_1)
FNF:2
FNH:1
FNDA:12,(anonymous_0)
FNDA:0,(anonymous_1)
DA:20,6
DA:21,12
DA:22,12
DA:23,12
DA:25,12
LF:5
LH:5
BRDA:27,0,0,0
BRDA:27,0,1,12
BRDA:33,1,0,0
BRDA:33,1,1,12
BRDA:35,2,0,0
BRDA:35,2,1,12
BRF:6
BRH:3
end_of_record
TN:
SF:src/components/SuspenseOutlet.tsx
FN:7,(anonymous_0)
FN:15,(anonymous_1)
FNF:2
FNH:1
FNDA:0,(anonymous_0)
FNDA:50,(anonymous_1)
DA:7,22
DA:8,0
DA:15,22
DA:16,50
LF:4
LH:3
BRF:0
BRH:0
end_of_record
TN:
SF:src/components/WarningMessage.tsx
FN:12,(anonymous_0)
FNF:1
FNH:1
FNDA:5,(anonymous_0)
DA:12,17
DA:13,5
LF:2
LH:2
BRDA:12,0,0,5
BRDA:15,1,0,5
BRDA:15,1,1,5
BRF:3
BRH:3
end_of_record
TN:
SF:src/components/Chakra/ButtonBadge.tsx
FN:11,(anonymous_0)
FNF:1
FNH:1
FNDA:39,(anonymous_0)
DA:11,9
DA:19,39
LF:2
LH:2
BRDA:50,0,0,39
BRDA:50,0,1,39
BRDA:50,0,2,4
BRDA:50,0,3,35
BRF:4
BRH:4
end_of_record
TN:
SF:src/components/Chakra/ClipboardCopyIconButton.tsx
FN:9,(anonymous_0)
FN:22,(anonymous_1)
FN:26,(anonymous_2)
FN:29,(anonymous_3)
FN:32,(anonymous_4)
FN:35,handleClick
FN:37,(anonymous_6)
FN:40,(anonymous_7)
FNF:8
FNH:7
FNDA:18,(anonymous_0)
FNDA:151,(anonymous_1)
FNDA:49,(anonymous_2)
FNDA:3,(anonymous_3)
FNDA:5,(anonymous_4)
FNDA:8,handleClick
FNDA:8,(anonymous_6)
FNDA:0,(anonymous_7)
DA:9,18
DA:10,18
DA:11,18
DA:12,18
DA:20,18
DA:22,18
DA:23,151
DA:24,151
DA:26,151
DA:27,49
DA:29,8
DA:30,3
DA:32,8
DA:36,8
DA:38,8
DA:41,0
DA:44,8
DA:47,151
LF:18
LH:17
BRDA:9,0,0,18
BRDA:9,0,1,18
BRDA:27,1,0,41
BRDA:51,2,0,151
BRDA:51,2,1,151
BRDA:58,3,0,0
BRDA:58,3,1,151
BRF:7
BRH:6
end_of_record
TN:
SF:src/components/Chakra/ColorPicker.tsx
FN:29,(anonymous_0)
FN:79,(anonymous_1)
FN:88,(anonymous_2)
FNF:3
FNH:3
FNDA:23,(anonymous_0)
FNDA:230,(anonymous_1)
FNDA:2,(anonymous_2)
DA:18,9
DA:28,9
DA:30,23
DA:31,23
DA:32,23
DA:34,23
DA:82,230
DA:89,2
DA:90,2
LF:9
LH:9
BRDA:31,0,0,23
BRDA:31,0,1,17
BRDA:32,1,0,23
BRDA:32,1,1,17
BRDA:35,2,0,23
BRDA:35,2,1,23
BRF:6
BRH:6
end_of_record
TN:
SF:src/components/Chakra/DrawerExpandButton.tsx
FN:12,(anonymous_0)
FNF:1
FNH:1
FNDA:68,(anonymous_0)
DA:12,27
DA:13,68
DA:14,68
LF:3
LH:3
BRDA:21,0,0,61
BRDA:21,0,1,7
BRDA:31,1,0,61
BRDA:31,1,1,7
BRF:4
BRH:4
end_of_record
TN:
SF:src/components/Chakra/IconButton.tsx
FN:10,(anonymous_0)
FNF:1
FNH:1
FNDA:4992,(anonymous_0)
DA:10,356
DA:11,4992
LF:2
LH:2
BRF:0
BRH:0
end_of_record
TN:
SF:src/components/Chakra/LoaderSpinner.tsx
FN:4,(anonymous_0)
FNF:1
FNH:1
FNDA:400,(anonymous_0)
DA:4,176
DA:5,400
LF:2
LH:2
BRF:0
BRH:0
end_of_record
TN:
SF:src/components/Chakra/ShortcutRenderer.tsx
FN:13,(anonymous_0)
FN:15,(anonymous_1)
FN:17,(anonymous_2)
FN:30,(anonymous_3)
FN:35,(anonymous_4)
FNF:5
FNH:5
FNDA:74,(anonymous_0)
FNDA:80,(anonymous_1)
FNDA:80,(anonymous_2)
FNDA:80,(anonymous_3)
FNDA:117,(anonymous_4)
DA:13,19
DA:14,74
DA:15,80
DA:17,74
DA:18,80
DA:20,80
DA:21,23
DA:22,23
DA:24,57
DA:27,74
DA:31,80
DA:32,80
DA:36,117
LF:13
LH:13
BRDA:20,0,0,23
BRDA:34,1,0,80
BRDA:34,1,1,6
BRDA:37,2,0,117
BRDA:37,2,1,37
BRDA:45,3,0,74
BRDA:45,3,1,74
BRF:7
BRH:7
end_of_record
TN:
SF:src/components/Chakra/SwitchModeButton.tsx
FN:8,(anonymous_0)
FN:15,(anonymous_1)
FNF:2
FNH:2
FNDA:23,(anonymous_0)
FNDA:4,(anonymous_1)
DA:8,5
DA:9,23
DA:10,23
DA:12,23
DA:15,4
LF:5
LH:5
BRDA:17,0,0,4
BRDA:17,0,1,19
BRF:2
BRH:2
end_of_record
TN:
SF:src/components/ConnectionController/ConnectionController.tsx
FN:24,(anonymous_0)
FN:35,(anonymous_1)
FN:37,(anonymous_2)
FN:41,(anonymous_3)
FN:47,(anonymous_4)
FN:54,(anonymous_5)
FN:65,(anonymous_6)
FNF:7
FNH:2
FNDA:141,(anonymous_0)
FNDA:64,(anonymous_1)
FNDA:0,(anonymous_2)
FNDA:0,(anonymous_3)
FNDA:0,(anonymous_4)
FNDA:0,(anonymous_5)
FNDA:0,(anonymous_6)
DA:24,17
DA:25,141
DA:26,141
DA:27,141
DA:28,141
DA:29,141
DA:31,141
DA:33,141
DA:35,141
DA:36,64
DA:37,0
DA:38,0
DA:41,0
DA:42,0
DA:47,141
DA:49,0
DA:53,0
DA:55,0
DA:56,0
DA:57,0
DA:66,0
DA:78,141
LF:22
LH:12
BRDA:24,0,0,25
BRDA:31,1,0,25
BRDA:31,1,1,116
BRDA:36,2,0,0
BRDA:49,3,0,0
BRDA:49,3,1,0
BRDA:56,4,0,0
BRF:7
BRH:3
end_of_record
TN:
SF:src/components/ConnectionController/components/ConnectionButton.tsx
FN:9,(anonymous_0)
FN:20,(anonymous_1)
FN:29,(anonymous_2)
FN:37,(anonymous_3)
FNF:4
FNH:4
FNDA:45,(anonymous_0)
FNDA:4,(anonymous_1)
FNDA:5,(anonymous_2)
FNDA:5,(anonymous_3)
DA:9,23
DA:10,45
DA:12,45
DA:20,4
DA:29,5
DA:37,5
LF:6
LH:6
BRDA:14,0,0,45
BRDA:14,0,1,31
BRDA:23,1,0,45
BRDA:23,1,1,14
BRDA:33,2,0,45
BRDA:33,2,1,40
BRF:6
BRH:6
end_of_record
TN:
SF:src/components/ConnectionController/components/ConnectionMenu.tsx
FN:7,(anonymous_0)
FN:16,(anonymous_1)
FN:26,(anonymous_2)
FN:35,(anonymous_3)
FNF:4
FNH:4
FNDA:151,(anonymous_0)
FNDA:6,(anonymous_1)
FNDA:7,(anonymous_2)
FNDA:4,(anonymous_3)
DA:7,25
DA:8,151
DA:10,151
DA:16,6
DA:26,7
DA:35,4
LF:6
LH:6
BRDA:12,0,0,151
BRDA:12,0,1,129
BRDA:22,1,0,151
BRDA:22,1,1,22
BRDA:33,2,0,151
BRDA:33,2,1,146
BRF:6
BRH:6
end_of_record
TN:
SF:src/components/ConnectionStatusBadge/ConnectionStatusBadge.tsx
FN:13,(anonymous_0)
FNF:1
FNH:1
FNDA:281,(anonymous_0)
DA:13,41
DA:14,281
DA:17,281
DA:23,281
DA:24,0
DA:33,281
LF:6
LH:5
BRDA:13,0,0,281
BRDA:18,1,0,9
BRDA:18,1,1,272
BRDA:20,2,0,272
BRDA:20,2,1,73
BRDA:23,3,0,0
BRF:6
BRH:5
end_of_record
TN:
SF:src/components/DateTime/DateTimeRangeSelector.tsx
FN:19,(anonymous_0)
FN:23,(anonymous_1)
FN:28,(anonymous_2)
FN:30,(anonymous_3)
FN:39,(anonymous_4)
FN:51,(anonymous_5)
FN:57,(anonymous_6)
FN:59,(anonymous_7)
FN:69,(anonymous_8)
FNF:9
FNH:3
FNDA:54,(anonymous_0)
FNDA:36,(anonymous_1)
FNDA:0,(anonymous_2)
FNDA:0,(anonymous_3)
FNDA:0,(anonymous_4)
FNDA:0,(anonymous_5)
FNDA:0,(anonymous_6)
FNDA:0,(anonymous_7)
FNDA:54,(anonymous_8)
DA:19,166
DA:20,54
DA:21,54
DA:23,54
DA:24,36
DA:25,36
DA:28,54
DA:29,0
DA:30,0
DA:31,0
DA:32,0
DA:33,0
DA:34,0
DA:35,0
DA:39,54
DA:40,0
DA:41,0
DA:42,0
DA:43,0
DA:44,0
DA:45,0
DA:49,54
DA:51,0
DA:57,0
DA:59,0
DA:69,54
LF:26
LH:10
BRDA:25,0,0,36
BRDA:34,1,0,0
BRDA:40,2,0,0
BRDA:40,2,1,0
BRDA:44,3,0,0
BRF:5
BRH:1
end_of_record
TN:
SF:src/components/DateTime/DateTimeRenderer.tsx
FN:14,(anonymous_0)
FNF:1
FNH:1
FNDA:565,(anonymous_0)
DA:14,50
DA:15,565
DA:16,565
DA:27,565
DA:35,565
DA:36,565
DA:38,0
DA:41,565
DA:42,550
DA:43,550
DA:58,15
LF:11
LH:10
BRDA:14,0,0,15
BRDA:14,1,0,561
BRDA:35,2,0,4
BRDA:35,2,1,561
BRDA:36,3,0,0
BRDA:41,4,0,550
BRDA:52,5,0,550
BRDA:52,5,1,0
BRF:8
BRH:6
end_of_record
TN:
SF:src/components/DateTime/components/Option.tsx
FN:10,(anonymous_0)
FNF:1
FNH:1
FNDA:2,(anonymous_0)
DA:10,168
DA:11,2
DA:14,2
DA:16,2
DA:17,0
DA:20,2
LF:6
LH:5
BRDA:16,0,0,0
BRDA:23,1,0,2
BRDA:23,1,1,2
BRF:3
BRH:2
end_of_record
TN:
SF:src/components/DateTime/components/OptionBadge.tsx
FN:11,(anonymous_0)
FNF:1
FNH:1
FNDA:7,(anonymous_0)
DA:11,171
DA:12,7
DA:13,7
DA:15,7
DA:17,5
LF:5
LH:5
BRDA:15,0,0,2
BRF:1
BRH:1
end_of_record
TN:
SF:src/components/DateTime/components/OptionCommand.tsx
FN:9,(anonymous_0)
FNF:1
FNH:1
FNDA:2,(anonymous_0)
DA:9,170
DA:10,2
LF:2
LH:2
BRF:0
BRH:0
end_of_record
TN:
SF:src/components/DateTime/hooks/useRangeTranslation.ts
FN:5,(anonymous_0)
FN:8,(anonymous_1)
FNF:2
FNH:2
FNDA:7,(anonymous_0)
FNDA:7,(anonymous_1)
DA:5,171
DA:6,7
DA:8,7
DA:9,7
DA:11,5
DA:12,5
DA:14,5
DA:15,5
DA:18,7
LF:9
LH:9
BRDA:9,0,0,2
BRDA:12,1,0,0
BRF:2
BRH:1
end_of_record
TN:
SF:src/components/DateTime/utils/duration.utils.ts
FN:4,(anonymous_0)
FN:13,(anonymous_1)
FNF:2
FNH:2
FNDA:550,(anonymous_0)
FNDA:2750,(anonymous_1)
DA:4,50
DA:5,550
DA:11,550
DA:13,2750
DA:16,550
DA:17,550
DA:18,0
DA:22,550
LF:8
LH:7
BRDA:16,0,0,0
BRDA:17,1,0,0
BRF:2
BRH:0
end_of_record
TN:
SF:src/components/DateTime/utils/range-option.mocks.ts
FNF:0
FNH:0
DA:4,11
DA:12,11
LF:2
LH:2
BRF:0
BRH:0
end_of_record
TN:
SF:src/components/DateTime/utils/range-option.utils.ts
FN:9,(anonymous_0)
FN:18,(anonymous_1)
FNF:2
FNH:2
FNDA:288,(anonymous_0)
FNDA:36,(anonymous_1)
DA:5,166
DA:9,166
DA:11,288
DA:13,288
DA:14,162
DA:15,0
DA:18,166
DA:19,36
DA:22,36
DA:23,36
DA:25,36
DA:26,0
DA:33,36
DA:34,0
DA:41,36
DA:42,0
DA:49,36
DA:50,18
DA:73,36
DA:74,36
DA:104,36
DA:105,36
DA:107,36
LF:23
LH:19
BRDA:11,0,0,0
BRDA:11,1,0,288
BRDA:11,1,1,288
BRDA:13,2,0,126
BRDA:13,2,1,162
BRDA:13,3,0,162
BRDA:19,4,0,0
BRDA:19,5,0,36
BRDA:19,5,1,36
BRDA:25,6,0,0
BRDA:33,7,0,0
BRDA:41,8,0,0
BRDA:49,9,0,18
BRDA:73,10,0,36
BRF:14
BRH:9
end_of_record
TN:
SF:src/components/ExpandableDrawer/ExpandableDrawer.tsx
FN:20,(anonymous_0)
FNF:1
FNH:1
FNDA:8,(anonymous_0)
DA:20,4
DA:22,8
DA:24,8
LF:3
LH:3
BRDA:25,0,0,8
BRDA:25,0,1,0
BRDA:26,1,0,8
BRDA:26,1,1,8
BRF:4
BRH:3
end_of_record
TN:
SF:src/components/Icons/TopicIcon.tsx
FN:9,(anonymous_0)
FN:14,(anonymous_1)
FN:19,(anonymous_2)
FN:24,(anonymous_3)
FN:29,(anonymous_4)
FNF:5
FNH:5
FNDA:702,(anonymous_0)
FNDA:252,(anonymous_1)
FNDA:569,(anonymous_2)
FNDA:16,(anonymous_3)
FNDA:403,(anonymous_4)
DA:9,159
DA:10,702
DA:11,702
DA:14,159
DA:15,252
DA:16,252
DA:19,159
DA:20,569
DA:21,569
DA:24,159
DA:25,16
DA:26,16
DA:29,159
DA:30,403
DA:31,403
LF:15
LH:15
BRF:0
BRH:0
end_of_record
TN:
SF:src/components/MQTT/EntityCreatableSelect.tsx
FN:32,(anonymous_0)
FN:37,(anonymous_1)
FN:55,(anonymous_2)
FN:64,(anonymous_3)
FN:88,(anonymous_4)
FN:99,(anonymous_5)
FN:101,(anonymous_6)
FN:105,(anonymous_7)
FN:111,(anonymous_8)
FN:133,(anonymous_9)
FN:134,(anonymous_10)
FN:159,(anonymous_11)
FN:162,(anonymous_12)
FN:178,(anonymous_13)
FN:181,(anonymous_14)
FN:202,(anonymous_15)
FN:204,(anonymous_16)
FNF:17
FNH:14
FNDA:236,(anonymous_0)
FNDA:0,(anonymous_1)
FNDA:286,(anonymous_2)
FNDA:171,(anonymous_3)
FNDA:236,(anonymous_4)
FNDA:70,(anonymous_5)
FNDA:20,(anonymous_6)
FNDA:3,(anonymous_7)
FNDA:0,(anonymous_8)
FNDA:9,(anonymous_9)
FNDA:0,(anonymous_10)
FNDA:25,(anonymous_11)
FNDA:3,(anonymous_12)
FNDA:168,(anonymous_13)
FNDA:76,(anonymous_14)
FNDA:32,(anonymous_15)
FNDA:8,(anonymous_16)
DA:32,70
DA:35,236
DA:38,0
DA:39,0
DA:56,286
DA:65,171
DA:88,70
DA:98,236
DA:99,236
DA:100,70
DA:101,70
DA:102,33
DA:104,236
DA:106,3
DA:107,3
DA:108,3
DA:110,0
DA:111,0
DA:112,0
DA:115,0
DA:120,236
DA:124,236
DA:126,236
DA:133,9
DA:134,0
DA:159,70
DA:160,25
DA:162,25
DA:167,25
DA:178,70
DA:179,168
DA:181,162
DA:187,162
DA:202,70
DA:203,32
DA:204,32
DA:206,32
LF:37
LH:30
BRDA:42,0,0,0
BRDA:42,0,1,0
BRDA:43,1,0,0
BRDA:43,1,1,0
BRDA:44,2,0,0
BRDA:44,2,1,0
BRDA:46,3,0,0
BRDA:46,3,1,0
BRDA:47,4,0,0
BRDA:47,4,1,0
BRDA:57,5,0,286
BRDA:57,5,1,123
BRDA:57,5,2,38
BRDA:58,6,0,286
BRDA:58,6,1,123
BRDA:58,6,2,47
BRDA:59,7,0,286
BRDA:59,7,1,123
BRDA:59,7,2,38
BRDA:68,8,0,171
BRDA:68,8,1,0
BRDA:69,9,0,171
BRDA:69,9,1,0
BRDA:70,10,0,171
BRDA:70,10,1,171
BRDA:90,11,0,78
BRDA:91,12,0,78
BRDA:100,13,0,0
BRDA:101,14,0,37
BRDA:106,15,0,3
BRDA:110,16,0,0
BRDA:124,17,0,158
BRDA:124,17,1,78
BRDA:162,18,0,25
BRDA:162,18,1,0
BRDA:181,19,0,162
BRDA:181,19,1,124
BRDA:204,20,0,32
BRDA:204,20,1,27
BRF:39
BRH:24
end_of_record
TN:
SF:src/components/MQTT/EntityTag.tsx
FN:18,(anonymous_0)
FN:28,(anonymous_1)
FN:32,(anonymous_2)
FN:36,(anonymous_3)
FN:40,(anonymous_4)
FNF:5
FNH:5
FNDA:546,(anonymous_0)
FNDA:98,(anonymous_1)
FNDA:13,(anonymous_2)
FNDA:228,(anonymous_3)
FNDA:207,(anonymous_4)
DA:18,140
DA:19,546
DA:20,546
DA:28,140
DA:29,98
DA:32,140
DA:33,13
DA:36,140
DA:37,228
DA:40,140
DA:41,207
LF:11
LH:11
BRDA:19,0,0,375
BRDA:19,0,1,171
BRDA:23,1,0,375
BRDA:23,1,1,171
BRF:4
BRH:4
end_of_record
TN:
SF:src/components/MQTT/topic-utils.ts
FN:3,(anonymous_0)
FNF:1
FNH:1
FNDA:438,(anonymous_0)
DA:1,140
DA:3,438
LF:2
LH:2
BRF:0
BRH:0
end_of_record
TN:
SF:src/components/MQTT/types.ts
FN:1,(anonymous_0)
FNF:1
FNH:1
FNDA:99,(anonymous_0)
DA:1,99
DA:2,99
DA:3,99
DA:4,99
LF:4
LH:4
BRDA:1,0,0,99
BRDA:1,0,1,99
BRF:2
BRH:2
end_of_record
TN:
SF:src/components/Modal/ConfirmationDialog.tsx
FN:24,(anonymous_0)
FN:44,(anonymous_1)
FNF:2
FNH:2
FNDA:255,(anonymous_0)
FNDA:16,(anonymous_1)
DA:24,49
DA:25,255
DA:26,255
DA:28,255
DA:45,16
DA:46,16
LF:6
LH:6
BRDA:51,0,0,255
BRDA:51,0,1,163
BRF:2
BRH:2
end_of_record
TN:
SF:src/components/PaginatedTable/PaginatedTable.tsx
FN:56,(anonymous_0)
FN:100,(anonymous_1)
FN:100,(anonymous_2)
FN:109,(anonymous_3)
FN:111,(anonymous_4)
FN:175,(anonymous_5)
FN:178,(anonymous_6)
FN:187,(anonymous_7)
FN:189,(anonymous_8)
FNF:9
FNH:9
FNDA:443,(anonymous_0)
FNDA:445,(anonymous_1)
FNDA:1682,(anonymous_2)
FNDA:445,(anonymous_3)
FNDA:1682,(anonymous_4)
FNDA:934,(anonymous_5)
FNDA:3372,(anonymous_6)
FNDA:114,(anonymous_7)
FNDA:362,(anonymous_8)
DA:54,166
DA:56,166
DA:69,443
DA:70,443
DA:71,443
DA:72,443
DA:74,443
DA:98,443
DA:100,1682
DA:104,443
DA:110,445
DA:112,1682
DA:176,934
DA:179,3372
DA:188,114
DA:190,362
LF:16
LH:16
BRDA:59,0,0,378
BRDA:62,1,0,236
BRDA:63,2,0,429
BRDA:64,3,0,231
BRDA:65,4,0,231
BRDA:66,5,0,297
BRDA:119,6,0,1682
BRDA:119,6,1,0
BRDA:120,7,0,1682
BRDA:120,7,1,1682
BRDA:120,7,2,1307
BRDA:132,8,0,1307
BRDA:132,8,1,1283
BRDA:141,9,0,1682
BRDA:141,9,1,1682
BRDA:141,9,2,375
BRDA:146,10,0,1682
BRDA:146,10,1,138
BRDA:159,11,0,443
BRDA:159,11,1,91
BRDA:162,12,0,18
BRDA:162,12,1,73
BRDA:166,13,0,73
BRDA:166,13,1,0
BRDA:167,14,0,73
BRDA:167,14,1,65
BRDA:174,15,0,443
BRDA:174,15,1,352
BRDA:185,16,0,443
BRDA:185,16,1,112
BRDA:191,17,0,0
BRDA:191,17,1,362
BRDA:200,18,0,443
BRDA:200,18,1,433
BRF:34
BRH:31
end_of_record
TN:
SF:src/components/PaginatedTable/components/Filter.tsx
FN:18,(anonymous_0)
FN:31,(anonymous_1)
FN:49,(anonymous_2)
FN:68,(anonymous_3)
FN:69,(anonymous_4)
FN:71,(anonymous_5)
FN:72,(anonymous_6)
FNF:7
FNH:5
FNDA:138,(anonymous_0)
FNDA:72,(anonymous_1)
FNDA:0,(anonymous_2)
FNDA:6,(anonymous_3)
FNDA:2994,(anonymous_4)
FNDA:0,(anonymous_5)
FNDA:15,(anonymous_6)
DA:18,166
DA:27,138
DA:29,138
DA:30,138
DA:31,72
DA:36,138
DA:38,138
DA:40,36
DA:41,36
DA:42,36
DA:44,36
DA:50,0
DA:51,0
DA:59,102
DA:61,87
DA:68,6
DA:69,2994
DA:71,0
DA:72,15
LF:19
LH:16
BRDA:31,0,0,27
BRDA:31,0,1,45
BRDA:38,1,0,36
BRDA:38,2,0,138
BRDA:38,2,1,51
BRDA:40,3,0,36
BRDA:40,3,1,0
BRDA:50,4,0,0
BRDA:50,4,1,0
BRDA:59,5,0,15
BRF:10
BRH:7
end_of_record
TN:
SF:src/components/PaginatedTable/components/PaginationBar.tsx
FN:33,(anonymous_0)
FN:37,(anonymous_1)
FN:46,(anonymous_2)
FN:52,(anonymous_3)
FN:58,(anonymous_4)
FN:64,(anonymous_5)
FN:90,(anonymous_6)
FN:114,(anonymous_7)
FN:118,(anonymous_8)
FNF:9
FNH:7
FNDA:1884,(anonymous_0)
FNDA:487,(anonymous_1)
FNDA:10,(anonymous_2)
FNDA:8,(anonymous_3)
FNDA:7,(anonymous_4)
FNDA:9,(anonymous_5)
FNDA:0,(anonymous_6)
FNDA:0,(anonymous_7)
FNDA:1515,(anonymous_8)
DA:33,176
DA:34,1884
DA:37,176
DA:38,487
DA:39,487
DA:41,487
DA:46,10
DA:52,8
DA:58,7
DA:64,9
DA:90,0
DA:115,0
DA:119,1515
LF:13
LH:11
BRDA:70,0,0,487
BRDA:70,0,1,401
BRDA:81,1,0,487
BRDA:81,1,1,401
BRDA:81,1,2,241
BRDA:101,2,0,487
BRDA:101,2,1,284
BRF:7
BRH:7
end_of_record
TN:
SF:src/components/PaginatedTable/utils/table-utils.ts
FN:4,(anonymous_0)
FNF:1
FNH:1
FNDA:1682,(anonymous_0)
DA:4,166
DA:5,1682
DA:6,1307
DA:7,1295
DA:10,1283
LF:5
LH:5
BRDA:5,0,0,375
BRDA:6,1,0,12
BRDA:7,2,0,12
BRF:3
BRH:3
end_of_record
TN:
SF:src/components/react-flow/MiniMap.tsx
FN:9,(anonymous_0)
FNF:1
FNH:1
FNDA:10,(anonymous_0)
DA:7,10
DA:9,10
DA:10,10
LF:3
LH:3
BRF:0
BRH:0
end_of_record
TN:
SF:src/components/react-flow/NodeToolbar.tsx
FN:9,(anonymous_0)
FNF:1
FNH:1
FNDA:375,(anonymous_0)
DA:7,71
DA:9,71
DA:10,375
LF:3
LH:3
BRF:0
BRH:0
end_of_record
TN:
SF:src/components/react-flow/Panel.tsx
FN:13,(anonymous_0)
FNF:1
FNH:1
FNDA:69,(anonymous_0)
DA:13,19
DA:14,69
LF:2
LH:2
BRF:0
BRH:0
end_of_record
TN:
SF:src/components/react-flow/ToolbarButtonGroup.tsx
FN:6,(anonymous_0)
FNF:1
FNH:1
FNDA:675,(anonymous_0)
DA:6,82
DA:7,675
LF:2
LH:2
BRF:0
BRH:0
end_of_record
TN:
SF:src/components/react-icons/hm/HmInput.tsx
FN:4,(anonymous_0)
FNF:1
FNH:1
FNDA:83,(anonymous_0)
DA:4,101
DA:5,83
LF:2
LH:2
BRF:0
BRH:0
end_of_record
TN:
SF:src/components/react-icons/hm/HmOutput.tsx
FN:4,(anonymous_0)
FNF:1
FNH:1
FNDA:186,(anonymous_0)
DA:4,101
DA:5,186
LF:2
LH:2
BRF:0
BRH:0
end_of_record
TN:
SF:src/components/rjsf/ArrayFieldItemTemplate.tsx
FN:32,(anonymous_0)
FN:55,(anonymous_1)
FN:65,(anonymous_2)
FN:73,(anonymous_3)
FN:83,(anonymous_4)
FN:84,(anonymous_5)
FN:85,(anonymous_6)
FN:86,(anonymous_7)
FN:88,(anonymous_8)
FNF:9
FNH:9
FNDA:117,(anonymous_0)
FNDA:75,(anonymous_1)
FNDA:75,(anonymous_2)
FNDA:75,(anonymous_3)
FNDA:75,(anonymous_4)
FNDA:75,(anonymous_5)
FNDA:75,(anonymous_6)
FNDA:75,(anonymous_7)
FNDA:5,(anonymous_8)
DA:32,102
DA:48,117
DA:49,117
DA:50,117
DA:51,117
DA:52,117
DA:53,117
DA:55,117
DA:56,75
DA:59,117
DA:65,117
DA:66,75
DA:70,75
DA:73,117
DA:74,75
DA:77,117
DA:79,117
DA:83,117
DA:84,117
DA:85,117
DA:86,117
DA:88,117
DA:89,5
DA:90,5
DA:102,117
DA:105,117
DA:110,117
LF:27
LH:27
BRDA:61,0,0,117
BRDA:61,0,1,5
BRDA:61,0,2,5
BRDA:61,0,3,5
BRDA:66,1,0,5
BRDA:66,1,1,70
BRDA:74,2,0,0
BRDA:79,3,0,0
BRDA:79,3,1,117
BRDA:79,4,0,117
BRDA:79,4,1,36
BRDA:79,4,2,0
BRDA:112,5,0,117
BRDA:112,5,1,117
BRDA:114,6,0,117
BRDA:114,6,1,5
BRDA:117,7,0,0
BRDA:117,7,1,5
BRDA:120,8,0,0
BRDA:120,8,1,5
BRDA:124,9,0,117
BRDA:124,9,1,112
BRDA:126,10,0,112
BRDA:126,10,1,98
BRDA:126,10,2,28
BRDA:128,11,0,28
BRDA:128,11,1,28
BRDA:128,11,2,18
BRDA:132,12,0,112
BRDA:132,12,1,98
BRDA:132,12,2,28
BRDA:136,13,0,28
BRDA:136,13,1,28
BRDA:136,13,2,18
BRDA:142,14,0,112
BRDA:142,14,1,0
BRDA:144,15,0,0
BRDA:144,15,1,0
BRDA:150,16,0,112
BRDA:150,16,1,102
BRDA:152,17,0,102
BRDA:152,17,1,102
BRDA:164,18,0,112
BRDA:164,18,1,5
BRDA:164,19,0,117
BRDA:164,19,1,5
BRF:46
BRH:38
end_of_record
TN:
SF:src/components/rjsf/ArrayFieldTemplate.tsx
FN:11,(anonymous_0)
FN:63,(anonymous_1)
FNF:2
FNH:2
FNDA:136,(anonymous_0)
FNDA:124,(anonymous_1)
DA:11,116
DA:25,136
DA:26,136
DA:27,136
DA:32,136
DA:33,136
DA:35,136
DA:36,136
DA:38,136
DA:64,124
LF:10
LH:10
BRDA:35,0,0,136
BRDA:35,0,1,9
BRDA:42,1,0,136
BRDA:42,1,1,126
BRDA:50,2,0,136
BRDA:50,2,1,126
BRDA:62,3,0,136
BRDA:62,3,1,62
BRDA:68,4,0,136
BRDA:68,4,1,128
BRDA:74,5,0,128
BRDA:74,5,1,128
BRDA:79,6,0,128
BRDA:79,6,1,57
BRDA:79,6,2,57
BRDA:79,6,3,4
BRF:16
BRH:16
end_of_record
TN:
SF:src/components/rjsf/BaseInputTemplate.tsx
FN:8,(anonymous_0)
FN:18,(anonymous_1)
FN:20,(anonymous_2)
FN:21,(anonymous_3)
FN:55,(anonymous_4)
FNF:5
FNH:4
FNDA:518,(anonymous_0)
FNDA:57,(anonymous_1)
FNDA:6,(anonymous_2)
FNDA:6,(anonymous_3)
FNDA:0,(anonymous_4)
DA:8,52
DA:9,518
DA:11,518
DA:12,518
DA:13,518
DA:15,0
DA:18,518
DA:19,57
DA:20,518
DA:21,518
DA:23,518
DA:56,0
LF:12
LH:10
BRDA:13,0,0,0
BRDA:13,1,0,518
BRDA:13,1,1,0
BRDA:19,2,0,0
BRDA:19,2,1,57
BRDA:20,3,0,6
BRDA:20,3,1,6
BRDA:21,4,0,6
BRDA:21,4,1,6
BRDA:27,5,0,518
BRDA:27,5,1,514
BRDA:30,6,0,518
BRDA:30,6,1,203
BRDA:36,7,0,518
BRDA:36,7,1,518
BRDA:41,8,0,501
BRDA:41,8,1,17
BRDA:41,9,0,518
BRDA:41,9,1,197
BRDA:42,10,0,518
BRDA:42,10,1,518
BRDA:48,11,0,0
BRDA:48,11,1,518
BRDA:51,12,0,0
BRDA:51,12,1,518
BRDA:54,13,0,0
BRDA:54,13,1,0
BRDA:54,14,0,0
BRDA:54,14,1,0
BRF:29
BRH:20
end_of_record
TN:
SF:src/components/rjsf/FieldTemplate.tsx
FN:15,(anonymous_0)
FNF:1
FNH:1
FNDA:1023,(anonymous_0)
DA:15,52
DA:37,1023
DA:39,1023
DA:40,1023
DA:46,1023
DA:47,0
DA:50,1023
LF:7
LH:6
BRDA:46,0,0,0
BRDA:70,1,0,1023
BRDA:70,1,1,329
BRDA:73,2,0,5
BRDA:73,2,1,1018
BRDA:73,3,0,1023
BRDA:73,3,1,329
BRDA:77,4,0,516
BRDA:77,4,1,502
BRDA:77,5,0,1018
BRDA:77,5,1,570
BRF:11
BRH:10
end_of_record
TN:
SF:src/components/rjsf/ObjectFieldTemplate.tsx
FN:14,(anonymous_0)
FN:56,(anonymous_1)
FN:66,(anonymous_2)
FN:72,(anonymous_3)
FN:73,(anonymous_4)
FN:84,(anonymous_5)
FN:85,(anonymous_6)
FN:90,(anonymous_7)
FN:101,(anonymous_8)
FN:102,(anonymous_9)
FNF:10
FNH:9
FNDA:407,(anonymous_0)
FNDA:493,(anonymous_1)
FNDA:273,(anonymous_2)
FNDA:273,(anonymous_3)
FNDA:1503,(anonymous_4)
FNDA:273,(anonymous_5)
FNDA:1503,(anonymous_6)
FNDA:639,(anonymous_7)
FNDA:639,(anonymous_8)
FNDA:0,(anonymous_9)
DA:14,52
DA:21,407
DA:22,407
DA:23,407
DA:24,407
DA:29,407
DA:31,407
DA:32,407
DA:33,293
DA:57,493
DA:66,273
DA:68,114
DA:73,1503
DA:74,273
DA:75,273
DA:85,1503
DA:86,273
DA:87,273
DA:91,639
DA:101,639
DA:103,0
LF:21
LH:20
BRDA:32,0,0,293
BRDA:36,1,0,293
BRDA:36,1,1,206
BRDA:46,2,0,293
BRDA:46,2,1,155
BRDA:74,3,0,0
BRDA:86,4,0,0
BRF:7
BRH:5
end_of_record
TN:
SF:src/components/rjsf/BatchModeMappings/BatchUploadButton.tsx
FN:28,(anonymous_0)
FN:36,(anonymous_1)
FNF:2
FNH:1
FNDA:12,(anonymous_0)
FNDA:0,(anonymous_1)
DA:28,118
DA:29,12
DA:30,12
DA:32,12
DA:34,12
DA:36,12
DA:37,0
DA:38,0
DA:41,12
LF:9
LH:7
BRDA:80,0,0,12
BRDA:80,0,1,12
BRDA:84,1,0,12
BRDA:84,1,1,12
BRF:4
BRH:4
end_of_record
TN:
SF:src/components/rjsf/BatchModeMappings/types.ts
FN:6,(anonymous_0)
FN:61,(anonymous_1)
FN:62,(anonymous_2)
FNF:3
FNH:3
FNDA:123,(anonymous_0)
FNDA:123,(anonymous_1)
FNDA:123,(anonymous_2)
DA:6,123
DA:7,123
DA:8,123
DA:9,123
DA:10,123
DA:61,123
DA:62,123
DA:63,123
LF:8
LH:8
BRDA:6,0,0,123
BRDA:6,0,1,123
BRDA:62,1,0,123
BRDA:62,1,1,123
BRDA:61,2,0,123
BRDA:61,2,1,123
BRF:6
BRH:6
end_of_record
TN:
SF:src/components/rjsf/BatchModeMappings/__test-utils__/store.mocks.ts
FNF:0
FNH:0
DA:5,19
DA:6,19
DA:31,19
DA:45,19
LF:4
LH:4
BRF:0
BRH:0
end_of_record
TN:
SF:src/components/rjsf/BatchModeMappings/components/ColumnMatcherStep.tsx
FN:13,(anonymous_0)
FN:17,(anonymous_1)
FN:22,(anonymous_2)
FN:29,(anonymous_3)
FN:35,(anonymous_4)
FN:50,(anonymous_5)
FN:63,(anonymous_6)
FN:69,(anonymous_7)
FN:79,(anonymous_8)
FN:88,(anonymous_9)
FN:97,(anonymous_10)
FNF:11
FNH:11
FNDA:21,(anonymous_0)
FNDA:9,(anonymous_1)
FNDA:18,(anonymous_2)
FNDA:9,(anonymous_3)
FNDA:36,(anonymous_4)
FNDA:42,(anonymous_5)
FNDA:9,(anonymous_6)
FNDA:12,(anonymous_7)
FNDA:42,(anonymous_8)
FNDA:45,(anonymous_9)
FNDA:3,(anonymous_10)
DA:13,122
DA:14,21
DA:15,21
DA:17,21
DA:18,9
DA:21,9
DA:23,18
DA:24,18
DA:29,21
DA:30,9
DA:32,9
DA:35,36
DA:48,21
DA:51,42
DA:52,42
DA:58,21
DA:63,21
DA:64,9
DA:65,9
DA:69,21
DA:70,12
DA:71,3
DA:72,3
DA:76,21
DA:80,42
DA:89,45
DA:97,3
LF:27
LH:27
BRDA:21,0,0,9
BRDA:21,0,1,0
BRDA:24,1,0,18
BRDA:24,1,1,0
BRDA:32,2,0,0
BRDA:52,3,0,42
BRDA:52,3,1,21
BRDA:70,4,0,3
BRDA:112,5,0,0
BRDA:112,5,1,42
BRF:10
BRH:6
end_of_record
TN:
SF:src/components/rjsf/BatchModeMappings/components/ConfirmStep.tsx
FN:6,(anonymous_0)
FN:9,(anonymous_1)
FN:11,(anonymous_2)
FNF:3
FNH:3
FNDA:14,(anonymous_0)
FNDA:3,(anonymous_1)
FNDA:3,(anonymous_2)
DA:6,123
DA:7,14
DA:9,14
DA:10,3
DA:11,3
DA:12,3
DA:14,3
DA:15,3
DA:19,14
DA:20,14
LF:10
LH:10
BRDA:10,0,0,3
BRDA:19,1,0,14
BRDA:19,1,1,9
BRDA:23,2,0,9
BRDA:23,2,1,5
BRDA:33,3,0,14
BRDA:33,3,1,5
BRDA:36,4,0,14
BRDA:36,4,1,5
BRF:9
BRH:9
end_of_record
TN:
SF:src/components/rjsf/BatchModeMappings/components/DataSourceStep.tsx
FN:15,(anonymous_0)
FN:25,(anonymous_1)
FN:28,(anonymous_2)
FN:37,(anonymous_3)
FNF:4
FNH:2
FNDA:22,(anonymous_0)
FNDA:0,(anonymous_1)
FNDA:0,(anonymous_2)
FNDA:5,(anonymous_3)
DA:15,121
DA:16,22
DA:17,22
DA:18,22
DA:19,22
DA:20,22
DA:26,0
DA:27,0
DA:28,0
DA:29,0
DA:38,5
DA:39,5
DA:40,5
DA:41,5
DA:44,5
DA:45,5
DA:47,5
DA:48,5
DA:53,5
DA:56,0
DA:57,0
DA:58,0
DA:59,0
DA:67,5
DA:71,22
LF:25
LH:17
BRDA:56,0,0,0
BRDA:56,0,1,0
BRDA:82,1,0,22
BRDA:82,1,1,10
BRDA:83,2,0,22
BRDA:83,2,1,5
BRDA:84,3,0,22
BRDA:84,3,1,12
BRDA:84,3,2,12
BRDA:86,4,0,12
BRDA:86,4,1,0
BRF:11
BRH:8
end_of_record
TN:
SF:src/components/rjsf/BatchModeMappings/components/MappingsValidationStep.tsx
FN:24,(anonymous_0)
FN:28,(anonymous_1)
FN:35,(anonymous_2)
FN:36,(anonymous_3)
FN:40,(anonymous_4)
FN:42,(anonymous_5)
FN:43,(anonymous_6)
FN:43,(anonymous_7)
FN:54,(anonymous_8)
FN:65,(anonymous_9)
FN:84,(anonymous_10)
FN:85,(anonymous_11)
FN:90,(anonymous_12)
FN:92,(anonymous_13)
[...]
BRDA:45,4,0,5
BRDA:45,4,1,0
BRDA:47,5,0,5
BRDA:47,5,1,0
BRF:11
BRH:7
end_of_record
TN:
SF:src/modules/Workspace/components/edges/MonitoringEdge.tsx
FN:14,(anonymous_0)
FN:27,(anonymous_1)
FN:30,(anonymous_2)
FN:33,(anonymous_3)
FN:37,(anonymous_4)
FN:41,(anonymous_5)
FNF:6
FNH:3
FNDA:18,(anonymous_0)
FNDA:13,(anonymous_1)
FNDA:0,(anonymous_2)
FNDA:3,(anonymous_3)
FNDA:0,(anonymous_4)
FNDA:0,(anonymous_5)
DA:14,3
DA:15,18
DA:16,18
DA:24,18
DA:25,18
DA:27,18
DA:28,13
DA:30,8
DA:33,18
DA:34,3
DA:37,18
DA:38,0
DA:41,18
DA:42,0
DA:45,18
LF:15
LH:13
BRDA:28,0,0,5
BRDA:58,1,0,18
BRDA:58,1,1,8
BRF:3
BRH:3
end_of_record
TN:
SF:src/modules/Workspace/components/edges/ObservabilityEdgeCTA.tsx
FN:14,(anonymous_0)
FNF:1
FNH:1
FNDA:23,(anonymous_0)
DA:14,6
DA:15,23
DA:16,23
DA:18,23
LF:4
LH:4
BRDA:23,0,0,23
BRDA:23,0,1,0
BRDA:25,1,0,23
BRDA:25,1,1,0
BRF:4
BRH:2
end_of_record
TN:
SF:src/modules/Workspace/components/nodes/ContextualToolbar.tsx
FN:43,(anonymous_0)
FN:61,(anonymous_1)
FN:62,(anonymous_2)
FN:65,(anonymous_3)
FN:66,(anonymous_4)
FN:73,(anonymous_5)
FN:76,(anonymous_6)
FN:80,(anonymous_7)
FN:84,(anonymous_8)
FN:92,(anonymous_9)
FN:93,(anonymous_10)
FN:95,(anonymous_11)
FN:104,(anonymous_12)
FN:107,(anonymous_13)
FN:114,(anonymous_14)
FN:127,(anonymous_15)
FN:133,(anonymous_16)
FN:165,(anonymous_17)
FN:167,(anonymous_18)
FN:171,(anonymous_19)
FN:180,(anonymous_20)
FN:193,(anonymous_21)
FNF:22
FNH:11
FNDA:321,(anonymous_0)
FNDA:116,(anonymous_1)
FNDA:86,(anonymous_2)
FNDA:116,(anonymous_3)
FNDA:14,(anonymous_4)
FNDA:119,(anonymous_5)
FNDA:80,(anonymous_6)
FNDA:46,(anonymous_7)
FNDA:0,(anonymous_8)
FNDA:153,(anonymous_9)
FNDA:105,(anonymous_10)
FNDA:38,(anonymous_11)
FNDA:0,(anonymous_12)
FNDA:0,(anonymous_13)
FNDA:0,(anonymous_14)
FNDA:0,(anonymous_15)
FNDA:0,(anonymous_16)
FNDA:0,(anonymous_17)
FNDA:0,(anonymous_18)
FNDA:0,(anonymous_19)
FNDA:0,(anonymous_20)
FNDA:0,(anonymous_21)
DA:43,30
DA:51,321
DA:52,321
DA:53,321
DA:54,321
DA:55,321
DA:56,321
DA:57,321
DA:58,321
DA:59,321
DA:61,321
DA:62,116
DA:65,321
DA:66,116
DA:67,14
DA:70,116
DA:73,321
DA:75,119
DA:76,80
DA:80,119
DA:81,46
DA:82,46
DA:83,46
DA:84,46
DA:85,46
DA:86,46
DA:89,119
DA:92,321
DA:93,153
DA:94,105
DA:95,74
DA:96,74
DA:99,31
DA:101,153
DA:104,321
DA:105,0
DA:107,0
DA:108,0
DA:109,0
DA:110,0
DA:114,0
DA:126,0
DA:128,0
DA:129,0
DA:134,0
DA:135,0
DA:141,0
DA:162,0
DA:165,321
DA:166,0
DA:167,0
DA:168,0
DA:170,0
DA:171,0
DA:172,0
DA:177,0
DA:180,0
DA:181,0
DA:184,0
DA:186,0
DA:187,0
DA:193,0
DA:194,0
DA:195,0
DA:196,0
DA:199,0
DA:202,0
DA:209,0
DA:221,321
DA:223,321
LF:70
LH:38
BRDA:48,0,0,294
BRDA:67,1,0,0
BRDA:67,1,1,14
BRDA:76,2,0,80
BRDA:76,2,1,46
BRDA:76,2,2,46
BRDA:82,3,0,0
BRDA:85,4,0,0
BRDA:89,5,0,7
BRDA:89,5,1,112
BRDA:94,6,0,74
BRDA:101,7,0,0
BRDA:101,7,1,153
BRDA:105,8,0,0
BRDA:127,9,0,0
BRDA:127,9,1,0
BRDA:128,10,0,0
BRDA:133,11,0,0
BRDA:133,11,1,0
BRDA:134,12,0,0
BRDA:166,13,0,0
BRDA:168,14,0,0
BRDA:173,15,0,0
BRDA:173,15,1,0
BRDA:186,16,0,0
BRDA:194,17,0,0
BRDA:212,18,0,0
BRDA:212,18,1,0
BRDA:225,19,0,321
BRDA:225,19,1,210
BRDA:230,20,0,22
BRDA:230,20,1,299
BRDA:230,21,0,299
BRDA:230,21,1,0
BRDA:232,22,0,321
BRDA:232,22,1,260
BRDA:232,22,2,238
BRDA:259,23,0,321
BRDA:259,23,1,294
BRDA:259,23,2,272
BRF:40
BRH:20
end_of_record
TN:
SF:src/modules/Workspace/components/nodes/NodeAdapter.tsx
FN:27,(anonymous_0)
FN:30,(anonymous_1)
FN:35,(anonymous_2)
FN:36,(anonymous_3)
FN:39,(anonymous_4)
FN:40,(anonymous_5)
FN:41,(anonymous_6)
FN:59,(anonymous_7)
FN:66,(anonymous_8)
FNF:9
FNH:9
FNDA:141,(anonymous_0)
FNDA:75,(anonymous_1)
FNDA:54,(anonymous_2)
FNDA:27,(anonymous_3)
FNDA:54,(anonymous_4)
FNDA:27,(anonymous_5)
FNDA:27,(anonymous_6)
FNDA:3,(anonymous_7)
FNDA:3,(anonymous_8)
DA:27,14
DA:28,141
DA:29,141
DA:30,141
DA:31,141
DA:32,141
DA:33,141
DA:35,141
DA:36,54
DA:39,141
DA:40,54
DA:41,54
DA:44,141
DA:45,141
DA:46,141
DA:48,141
DA:49,141
DA:51,141
DA:59,3
DA:66,3
LF:20
LH:20
BRDA:36,0,0,54
BRDA:36,0,1,27
BRDA:40,1,0,54
BRDA:40,1,1,27
BRDA:61,2,0,141
BRDA:61,2,1,24
BRDA:78,3,0,141
BRDA:78,3,1,141
BRDA:80,4,0,141
BRDA:80,4,1,24
BRDA:88,5,0,141
BRDA:88,5,1,141
BRDA:93,6,0,141
BRDA:93,6,1,141
BRDA:96,7,0,141
BRDA:96,7,1,0
BRDA:103,8,0,0
BRDA:103,8,1,0
BRF:18
BRH:15
end_of_record
TN:
SF:src/modules/Workspace/components/nodes/NodeBridge.tsx
FN:22,(anonymous_0)
FN:42,(anonymous_1)
FN:56,(anonymous_2)
FNF:3
FNH:3
FNDA:5,(anonymous_0)
FNDA:5,(anonymous_1)
FNDA:5,(anonymous_2)
DA:22,10
DA:23,5
DA:24,5
DA:25,5
DA:26,5
DA:27,5
DA:29,5
DA:42,5
DA:56,5
LF:9
LH:9
BRDA:39,0,0,5
BRDA:39,0,1,5
BRDA:41,1,0,5
BRDA:41,1,1,5
BRDA:50,2,0,5
BRDA:50,2,1,5
BRDA:55,3,0,5
BRDA:55,3,1,5
BRDA:60,4,0,5
BRDA:60,4,1,0
BRDA:67,5,0,0
BRDA:67,5,1,0
BRF:12
BRH:9
end_of_record
TN:
SF:src/modules/Workspace/components/nodes/NodeCombiner.tsx
FN:16,(anonymous_0)
FN:20,(anonymous_1)
FN:21,(anonymous_2)
FNF:3
FNH:3
FNDA:32,(anonymous_0)
FNDA:14,(anonymous_1)
FNDA:28,(anonymous_2)
DA:16,12
DA:17,32
DA:18,32
DA:20,32
DA:21,28
DA:24,32
LF:6
LH:6
BRF:0
BRH:0
end_of_record
TN:
SF:src/modules/Workspace/components/nodes/NodeDevice.tsx
FN:26,(anonymous_0)
FN:33,(anonymous_1)
FN:34,(anonymous_2)
FN:61,(anonymous_3)
FNF:4
FNH:3
FNDA:27,(anonymous_0)
FNDA:9,(anonymous_1)
FNDA:0,(anonymous_2)
FNDA:27,(anonymous_3)
DA:26,7
DA:27,27
DA:28,27
DA:29,27
DA:30,27
DA:31,27
DA:33,27
DA:34,9
DA:37,27
DA:62,27
LF:10
LH:10
BRDA:34,0,0,9
BRDA:34,0,1,9
BRDA:58,1,0,27
BRDA:58,1,1,27
BRDA:67,2,0,27
BRDA:67,2,1,0
BRDA:75,3,0,27
BRDA:75,3,1,0
BRDA:77,4,0,0
BRDA:77,4,1,0
BRF:10
BRH:6
end_of_record
TN:
SF:src/modules/Workspace/components/nodes/NodeEdge.tsx
FN:23,(anonymous_0)
FN:29,(anonymous_1)
FN:30,(anonymous_2)
FN:45,(anonymous_3)
FNF:4
FNH:3
FNDA:15,(anonymous_0)
FNDA:10,(anonymous_1)
FNDA:11,(anonymous_2)
FNDA:0,(anonymous_3)
DA:23,10
DA:24,15
DA:25,15
DA:26,15
DA:27,15
DA:29,15
DA:30,11
DA:33,15
DA:45,0
LF:9
LH:8
BRDA:30,0,0,10
BRDA:30,0,1,5
BRF:2
BRH:2
end_of_record
TN:
SF:src/modules/Workspace/components/nodes/NodeGroup.tsx
FN:18,(anonymous_0)
FN:27,(anonymous_1)
FN:31,(anonymous_2)
FN:36,(anonymous_3)
FN:40,(anonymous_4)
FN:55,(anonymous_5)
FN:55,(anonymous_6)
FNF:7
FNH:3
FNDA:72,(anonymous_0)
FNDA:3,(anonymous_1)
FNDA:3,(anonymous_2)
FNDA:0,(anonymous_3)
FNDA:0,(anonymous_4)
FNDA:0,(anonymous_5)
FNDA:0,(anonymous_6)
DA:18,12
DA:19,72
DA:20,72
DA:21,72
DA:22,72
DA:23,72
DA:24,72
DA:25,72
DA:27,72
DA:28,3
DA:31,72
DA:32,3
DA:33,3
DA:36,72
DA:38,0
DA:39,0
DA:41,0
DA:42,0
DA:50,0
DA:53,0
DA:54,0
DA:55,0
DA:59,72
LF:23
LH:15
BRDA:41,0,0,0
BRDA:41,0,1,0
BRDA:65,1,0,52
BRDA:65,1,1,20
BRDA:67,2,0,20
BRDA:67,2,1,52
BRDA:79,3,0,72
BRDA:79,3,1,52
BRDA:94,4,0,52
BRDA:94,4,1,20
BRDA:94,5,0,0
BRDA:94,5,1,20
BRDA:94,6,0,0
BRDA:94,6,1,0
BRDA:96,7,0,0
BRDA:96,7,1,72
BRF:16
BRH:10
end_of_record
TN:
SF:src/modules/Workspace/components/nodes/NodeHost.tsx
FN:10,(anonymous_0)
FNF:1
FNH:0
FNDA:0,(anonymous_0)
DA:10,7
DA:11,0
DA:12,0
LF:3
LH:1
BRF:0
BRH:0
end_of_record
TN:
SF:src/modules/Workspace/components/nodes/NodeListener.tsx
FN:15,(anonymous_0)
FN:18,(anonymous_1)
FNF:2
FNH:2
FNDA:5,(anonymous_0)
FNDA:5,(anonymous_1)
DA:15,10
DA:16,5
DA:18,5
DA:19,5
DA:20,0
DA:21,0
DA:24,5
LF:7
LH:5
BRDA:19,0,0,5
BRDA:20,1,0,0
BRDA:30,2,0,0
BRDA:30,2,1,5
BRDA:34,3,0,0
BRDA:34,3,1,5
BRF:6
BRH:3
end_of_record
TN:
SF:src/modules/Workspace/components/parts/GroupContentEditor.tsx
FN:20,(anonymous_0)
FN:24,(anonymous_1)
FN:29,(anonymous_2)
FN:36,(anonymous_3)
FN:48,(anonymous_4)
FN:54,(anonymous_5)
FN:59,(anonymous_6)
FN:65,(anonymous_7)
FN:70,(anonymous_8)
FN:75,(anonymous_9)
FN:84,(anonymous_10)
FN:85,(anonymous_11)
FN:85,(anonymous_12)
FN:85,(anonymous_13)
FNF:14
FNH:10
FNDA:18,(anonymous_0)
FNDA:8,(anonymous_1)
FNDA:14,(anonymous_2)
FNDA:14,(anonymous_3)
FNDA:14,(anonymous_4)
FNDA:0,(anonymous_5)
FNDA:13,(anonymous_6)
FNDA:0,(anonymous_7)
FNDA:0,(anonymous_8)
FNDA:0,(anonymous_9)
FNDA:13,(anonymous_10)
FNDA:26,(anonymous_11)
FNDA:21,(anonymous_12)
FNDA:26,(anonymous_13)
DA:20,7
DA:21,18
DA:22,18
DA:24,18
DA:25,8
DA:30,14
DA:37,14
DA:49,14
DA:54,0
DA:60,13
DA:65,0
DA:70,0
DA:75,0
DA:84,18
DA:85,26
DA:88,18
LF:16
LH:12
BRF:0
BRH:0
end_of_record
TN:
SF:src/modules/Workspace/components/parts/GroupMetadataEditor.tsx
FN:15,(anonymous_0)
FN:23,(anonymous_1)
FN:46,(anonymous_2)
FN:48,(anonymous_3)
FNF:4
FNH:3
FNDA:17,(anonymous_0)
FNDA:3,(anonymous_1)
FNDA:14,(anonymous_2)
FNDA:0,(anonymous_3)
DA:15,7
DA:16,17
DA:17,17
DA:23,17
DA:24,3
DA:25,3
DA:28,17
DA:47,14
DA:48,14
LF:9
LH:9
BRF:0
BRH:0
end_of_record
TN:
SF:src/modules/Workspace/components/parts/MappingBadge.tsx
FN:14,(anonymous_0)
FN:15,(anonymous_1)
FN:30,(anonymous_2)
FNF:3
FNH:3
FNDA:258,(anonymous_0)
FNDA:82,(anonymous_1)
FNDA:172,(anonymous_2)
DA:7,29
DA:14,29
DA:15,258
DA:16,82
DA:18,65
DA:20,12
DA:23,5
DA:27,258
DA:31,172
LF:9
LH:9
BRDA:16,0,0,65
BRDA:16,0,1,12
BRDA:16,0,2,5
BRDA:16,0,3,5
BRDA:34,1,0,258
BRDA:34,1,1,5
BRF:6
BRH:6
end_of_record
TN:
SF:src/modules/Workspace/components/parts/NodeNameCard.tsx
FN:21,(anonymous_0)
FN:22,(anonymous_1)
FNF:2
FNH:2
FNDA:177,(anonymous_0)
FNDA:121,(anonymous_1)
DA:21,42
DA:22,177
DA:23,121
DA:25,34
DA:37,6
DA:39,14
DA:41,20
DA:45,16
DA:48,5
DA:57,26
DA:61,177
LF:11
LH:11
BRDA:23,0,0,34
BRDA:23,0,1,6
BRDA:23,0,2,14
BRDA:23,0,3,20
BRDA:23,0,4,16
BRDA:23,0,5,5
BRDA:23,0,6,26
BRDA:67,1,0,177
BRDA:67,1,1,132
BRDA:72,2,0,177
BRDA:72,2,1,117
BRF:11
BRH:11
end_of_record
TN:
SF:src/modules/Workspace/components/parts/NodeWrapper.tsx
FN:8,(anonymous_0)
FNF:1
FNH:1
FNDA:225,(anonymous_0)
DA:8,28
DA:9,225
DA:13,225
LF:3
LH:3
BRDA:8,0,0,0
BRDA:14,1,0,154
BRDA:14,1,1,71
BRF:3
BRH:2
end_of_record
TN:
SF:src/modules/Workspace/hooks/EdgeFlowProvider.tsx
FN:30,(anonymous_0)
FNF:1
FNH:1
FNDA:347,(anonymous_0)
DA:18,88
DA:24,88
DA:30,88
DA:34,347
DA:35,347
DA:36,347
DA:38,347
LF:7
LH:7
BRF:0
BRH:0
end_of_record
TN:
SF:src/modules/Workspace/hooks/FlowContext.tsx
FNF:0
FNH:0
DA:15,88
LF:1
LH:1
BRF:0
BRH:0
end_of_record
TN:
SF:src/modules/Workspace/hooks/useContextMenu.ts
FN:6,(anonymous_0)
FN:13,(anonymous_1)
FN:19,(anonymous_2)
FNF:3
FNH:3
FNDA:292,(anonymous_0)
FNDA:97,(anonymous_1)
FNDA:22,(anonymous_2)
DA:6,30
DA:7,292
DA:9,292
DA:13,292
DA:14,97
DA:15,0
DA:19,292
DA:20,22
DA:21,17
DA:22,17
DA:26,292
LF:11
LH:10
BRDA:14,0,0,0
BRDA:14,1,0,97
BRDA:14,1,1,60
BRDA:20,2,0,17
BRF:4
BRH:3
end_of_record
TN:
SF:src/modules/Workspace/hooks/useEdgeFlowContext.ts
FN:5,(anonymous_0)
FNF:1
FNH:1
FNDA:146,(anonymous_0)
DA:5,17
DA:6,146
DA:7,146
DA:8,0
DA:10,146
LF:5
LH:4
BRDA:7,0,0,0
BRF:1
BRH:0
end_of_record
TN:
SF:src/modules/Workspace/hooks/useGetPoliciesMatching.ts
FN:15,(anonymous_0)
FN:23,(anonymous_1)
FN:29,(anonymous_2)
FN:31,(anonymous_3)
FN:32,(anonymous_4)
FN:36,(anonymous_5)
FN:37,(anonymous_6)
FN:42,(anonymous_7)
FN:43,(anonymous_8)
FN:54,(anonymous_9)
FN:55,(anonymous_10)
FNF:11
FNH:2
FNDA:18,(anonymous_0)
FNDA:8,(anonymous_1)
FNDA:0,(anonymous_2)
FNDA:0,(anonymous_3)
FNDA:0,(anonymous_4)
FNDA:0,(anonymous_5)
FNDA:0,(anonymous_6)
FNDA:0,(anonymous_7)
FNDA:0,(anonymous_8)
FNDA:0,(anonymous_9)
FNDA:0,(anonymous_10)
DA:15,3
DA:16,18
DA:17,18
DA:18,18
DA:19,18
DA:21,18
DA:23,8
DA:24,8
DA:26,8
DA:27,0
DA:28,0
DA:29,0
DA:31,0
DA:32,0
DA:36,8
DA:37,0
DA:38,0
DA:40,0
DA:42,0
DA:43,0
DA:47,8
DA:48,0
DA:51,8
DA:52,0
DA:54,0
DA:55,0
DA:56,0
DA:57,0
DA:58,0
DA:59,0
DA:62,0
DA:65,0
DA:68,8
LF:33
LH:13
BRDA:21,0,0,10
BRDA:21,1,0,18
BRDA:21,1,1,8
BRDA:21,1,2,8
BRDA:24,2,0,0
BRDA:26,3,0,0
BRDA:38,4,0,0
BRDA:47,5,0,0
BRDA:51,6,0,0
BRDA:56,7,0,0
BRDA:58,8,0,0
BRF:11
BRH:4
end_of_record
TN:
SF:src/modules/Workspace/hooks/useWorkspaceStore.ts
FN:17,(anonymous_0)
FN:19,(anonymous_1)
FN:22,(anonymous_2)
FN:27,(anonymous_3)
FN:32,(anonymous_4)
FN:38,(anonymous_5)
FN:57,(anonymous_6)
FN:58,(anonymous_7)
FN:60,(anonymous_8)
FN:66,(anonymous_9)
FN:67,(anonymous_10)
FN:69,(anonymous_11)
FN:75,(anonymous_12)
FN:77,(anonymous_13)
FN:86,(anonymous_14)
FN:88,(anonymous_15)
FN:95,(anonymous_16)
FN:97,(anonymous_17)
FN:108,(anonymous_18)
FN:110,(anonymous_19)
FN:127,(anonymous_20)
FNF:21
FNH:11
FNDA:54,(anonymous_0)
FNDA:98,(anonymous_1)
FNDA:4,(anonymous_2)
FNDA:0,(anonymous_3)
FNDA:0,(anonymous_4)
FNDA:0,(anonymous_5)
FNDA:73,(anonymous_6)
FNDA:0,(anonymous_7)
FNDA:93,(anonymous_8)
FNDA:7,(anonymous_9)
FNDA:0,(anonymous_10)
FNDA:7,(anonymous_11)
FNDA:0,(anonymous_12)
FNDA:0,(anonymous_13)
FNDA:3,(anonymous_14)
FNDA:0,(anonymous_15)
FNDA:3,(anonymous_16)
FNDA:3,(anonymous_17)
FNDA:0,(anonymous_18)
FNDA:0,(anonymous_19)
FNDA:54,(anonymous_20)
DA:10,54
DA:15,54
DA:17,54
DA:20,98
DA:23,4
DA:28,0
DA:33,0
DA:35,0
DA:39,0
DA:40,0
DA:48,0
DA:53,0
DA:58,73
DA:60,93
DA:61,73
DA:62,73
DA:67,7
DA:69,7
DA:70,7
DA:71,7
DA:76,0
DA:78,0
DA:80,0
DA:82,0
DA:87,3
DA:89,0
DA:90,0
DA:91,0
DA:96,3
DA:98,3
DA:99,3
DA:104,0
DA:109,0
DA:111,0
DA:112,0
DA:120,0
DA:127,54
LF:37
LH:18
BRDA:39,0,0,0
BRDA:61,1,0,73
BRDA:70,2,0,7
BRDA:78,3,0,0
BRDA:78,3,1,0
BRDA:80,4,0,0
BRDA:80,4,1,0
BRDA:82,5,0,0
BRDA:82,5,1,0
BRDA:89,6,0,0
BRDA:90,7,0,0
BRDA:98,8,0,3
BRDA:111,9,0,0
BRF:13
BRH:3
end_of_record
TN:
SF:src/modules/Workspace/utils/adapter.utils.ts
FN:12,(anonymous_0)
FN:20,(anonymous_1)
FNF:2
FNH:2
FNDA:141,(anonymous_0)
FNDA:101,(anonymous_1)
DA:12,101
DA:13,141
DA:20,101
DA:21,101
DA:22,101
DA:23,101
DA:24,101
DA:31,101
DA:42,101
DA:49,101
LF:10
LH:10
BRDA:20,0,0,101
BRDA:20,0,1,101
BRF:2
BRH:2
end_of_record
TN:
SF:src/modules/Workspace/utils/combiner.utils.ts
FN:1,(anonymous_0)
FN:3,(anonymous_1)
FN:5,(anonymous_2)
FN:6,(anonymous_3)
FN:10,(anonymous_4)
FN:11,(anonymous_5)
FN:12,(anonymous_6)
FNF:7
FNH:0
FNDA:0,(anonymous_0)
FNDA:0,(anonymous_1)
FNDA:0,(anonymous_2)
FNDA:0,(anonymous_3)
FNDA:0,(anonymous_4)
FNDA:0,(anonymous_5)
FNDA:0,(anonymous_6)
DA:1,30
DA:2,0
DA:3,0
DA:5,30
DA:6,0
DA:10,30
DA:11,0
DA:12,0
LF:8
LH:3
BRDA:2,0,0,0
BRDA:2,0,1,0
BRDA:12,1,0,0
BRDA:12,1,1,0
BRDA:12,2,0,0
BRDA:12,2,1,0
BRF:6
BRH:0
end_of_record
TN:
SF:src/modules/Workspace/utils/group.utils.ts
FN:7,(anonymous_0)
FN:8,(anonymous_1)
FNF:2
FNH:0
FNDA:0,(anonymous_0)
FNDA:0,(anonymous_1)
DA:4,30
DA:5,30
DA:7,30
DA:8,0
DA:10,0
LF:5
LH:3
BRF:0
BRH:0
end_of_record
TN:
SF:src/modules/Workspace/utils/nodes-utils.ts
FN:29,(anonymous_0)
FN:39,(anonymous_1)
FN:119,(anonymous_2)
FN:154,(anonymous_3)
FN:240,(anonymous_4)
FN:257,(anonymous_5)
FN:303,(anonymous_6)
FNF:7
FNH:1
FNDA:0,(anonymous_0)
FNDA:0,(anonymous_1)
FNDA:0,(anonymous_2)
FNDA:0,(anonymous_3)
FNDA:0,(anonymous_4)
FNDA:0,(anonymous_5)
FNDA:28,(anonymous_6)
DA:15,37
DA:17,37
DA:18,37
DA:19,37
DA:20,37
DA:22,37
DA:29,37
DA:30,0
DA:36,0
DA:39,37
DA:46,0
DA:48,0
DA:51,0
DA:53,0
DA:64,0
DA:84,0
DA:85,0
DA:96,0
DA:116,0
DA:119,37
DA:124,0
DA:126,0
DA:137,0
DA:151,0
DA:154,37
DA:162,0
DA:164,0
DA:166,0
DA:168,0
DA:169,0
DA:170,0
DA:172,0
DA:183,0
DA:206,0
DA:207,0
DA:218,0
DA:237,0
DA:240,37
DA:246,0
DA:257,0
DA:258,0
DA:277,0
DA:280,0
DA:300,0
DA:303,37
DA:304,28
DA:305,28
DA:306,28
DA:307,28
DA:308,28
DA:310,0
DA:311,0
DA:312,0
DA:313,0
DA:314,0
DA:316,0
LF:56
LH:17
BRDA:34,0,0,0
BRDA:34,0,1,0
BRDA:48,1,0,0
BRDA:48,1,1,0
BRDA:48,1,2,0
BRDA:58,2,0,0
BRDA:58,2,1,0
BRDA:77,3,0,0
BRDA:77,3,1,0
BRDA:90,4,0,0
BRDA:90,4,1,0
BRDA:109,5,0,0
BRDA:109,5,1,0
BRDA:131,6,0,0
BRDA:131,6,1,0
BRDA:164,7,0,0
BRDA:164,7,1,0
BRDA:164,7,2,0
BRDA:177,8,0,0
BRDA:177,8,1,0
BRDA:196,9,0,0
BRDA:196,9,1,0
BRDA:212,10,0,0
BRDA:212,10,1,0
BRDA:230,11,0,0
BRDA:230,11,1,0
BRDA:304,12,0,28
BRDA:310,13,0,0
BRF:28
BRH:1
end_of_record
TN:
SF:src/modules/Workspace/utils/status-utils.ts
FN:21,(anonymous_0)
FN:33,(anonymous_1)
FN:34,(anonymous_2)
FN:37,(anonymous_3)
FN:51,(anonymous_4)
FN:67,(anonymous_5)
FN:96,(anonymous_6)
FN:107,(anonymous_7)
FN:112,(anonymous_8)
FN:115,(anonymous_9)
FN:116,(anonymous_10)
FN:128,(anonymous_11)
FN:141,(anonymous_12)
FNF:13
FNH:0
FNDA:0,(anonymous_0)
FNDA:0,(anonymous_1)
FNDA:0,(anonymous_2)
FNDA:0,(anonymous_3)
FNDA:0,(anonymous_4)
FNDA:0,(anonymous_5)
FNDA:0,(anonymous_6)
FNDA:0,(anonymous_7)
FNDA:0,(anonymous_8)
FNDA:0,(anonymous_9)
FNDA:0,(anonymous_10)
FNDA:0,(anonymous_11)
FNDA:0,(anonymous_12)
DA:21,37
DA:22,0
DA:24,0
DA:25,0
DA:26,0
DA:30,0
DA:33,37
DA:34,0
DA:35,0
DA:36,0
DA:37,0
DA:38,0
DA:39,0
DA:41,0
DA:47,0
DA:49,0
DA:50,0
DA:51,0
DA:52,0
DA:55,0
DA:59,0
DA:61,0
DA:67,37
DA:73,0
DA:74,0
DA:78,0
DA:80,0
DA:89,0
DA:93,0
DA:96,37
DA:103,0
DA:107,0
DA:108,0
DA:109,0
DA:110,0
DA:112,0
DA:113,0
DA:115,0
DA:116,0
DA:118,0
DA:123,0
DA:124,0
DA:127,0
DA:128,0
DA:129,0
DA:130,0
DA:131,0
DA:134,0
DA:135,0
DA:136,0
DA:140,0
DA:141,0
DA:142,0
DA:143,0
DA:148,0
DA:154,0
DA:157,0
DA:158,0
DA:159,0
DA:160,0
DA:162,0
DA:165,0
LF:62
LH:4
BRDA:22,0,0,0
BRDA:24,1,0,0
BRDA:25,2,0,0
BRDA:26,3,0,0
BRDA:35,4,0,0
BRDA:38,5,0,0
BRDA:39,6,0,0
BRDA:49,7,0,0
BRDA:52,8,0,0
BRDA:78,9,0,0
BRDA:78,9,1,0
BRDA:80,10,0,0
BRDA:80,10,1,0
BRDA:108,11,0,0
BRDA:110,12,0,0
BRDA:110,13,0,0
BRDA:110,13,1,0
BRDA:119,14,0,0
BRDA:119,14,1,0
BRDA:120,15,0,0
BRDA:120,15,1,0
BRDA:128,16,0,0
BRDA:128,16,1,0
BRDA:129,17,0,0
BRDA:136,18,0,0
BRDA:136,18,1,0
BRDA:136,18,2,0
BRDA:140,19,0,0
BRDA:140,20,0,0
BRDA:140,20,1,0
BRDA:142,21,0,0
BRDA:142,21,1,0
BRDA:157,22,0,0
BRDA:157,23,0,0
BRDA:157,23,1,0
BRF:35
BRH:0
end_of_record
TN:
SF:src/modules/Workspace/utils/topics-utils.ts
FN:14,(anonymous_0)
FN:16,(anonymous_1)
FN:17,(anonymous_2)
FN:24,(anonymous_3)
FN:31,(anonymous_4)
FN:44,(anonymous_5)
FN:53,(anonymous_6)
FN:58,(anonymous_7)
FN:59,(anonymous_8)
FN:71,(anonymous_9)
FN:71,(anonymous_10)
FN:73,(anonymous_11)
FN:90,(anonymous_12)
FN:117,(anonymous_13)
FN:126,(anonymous_14)
FN:134,(anonymous_15)
FN:142,(anonymous_16)
FN:144,(anonymous_17)
FN:145,(anonymous_18)
FN:147,(anonymous_19)
FN:152,(anonymous_20)
FN:153,(anonymous_21)
FN:157,(anonymous_22)
FN:166,(anonymous_23)
FN:171,(anonymous_24)
FN:181,(anonymous_25)
FN:183,(anonymous_26)
FNF:27
FNH:17
FNDA:10,(anonymous_0)
FNDA:10,(anonymous_1)
FNDA:10,(anonymous_2)
FNDA:5,(anonymous_3)
FNDA:549,(anonymous_4)
FNDA:0,(anonymous_5)
FNDA:18,(anonymous_6)
FNDA:1584,(anonymous_7)
FNDA:18,(anonymous_8)
FNDA:0,(anonymous_9)
FNDA:0,(anonymous_10)
FNDA:0,(anonymous_11)
FNDA:12,(anonymous_12)
FNDA:3,(anonymous_13)
FNDA:3,(anonymous_14)
FNDA:25,(anonymous_15)
FNDA:0,(anonymous_16)
FNDA:0,(anonymous_17)
FNDA:0,(anonymous_18)
FNDA:0,(anonymous_19)
FNDA:3,(anonymous_20)
FNDA:3,(anonymous_21)
FNDA:0,(anonymous_22)
FNDA:12,(anonymous_23)
FNDA:0,(anonymous_24)
FNDA:42,(anonymous_25)
FNDA:84,(anonymous_26)
DA:10,117
DA:11,117
DA:12,117
DA:14,117
DA:15,10
DA:17,10
DA:18,10
DA:19,10
DA:24,117
DA:25,5
DA:31,117
DA:32,549
DA:33,549
DA:34,2115
DA:35,2115
DA:36,531
DA:38,1584
DA:41,549
DA:44,117
DA:45,0
DA:46,0
DA:48,0
DA:49,0
DA:50,0
DA:53,117
DA:54,18
DA:55,18
DA:58,1584
DA:60,18
DA:71,117
DA:73,117
DA:74,0
DA:76,0
DA:77,0
DA:79,0
DA:82,0
DA:83,0
DA:84,0
DA:86,0
DA:87,0
DA:90,117
DA:96,12
DA:98,12
DA:99,3
DA:102,9
DA:103,3
DA:104,3
DA:105,3
DA:106,3
DA:108,3
DA:111,6
DA:117,117
DA:123,3
DA:124,3
DA:126,3
DA:127,3
DA:128,3
DA:131,3
DA:134,117
DA:140,25
DA:141,25
DA:142,0
DA:143,0
DA:144,0
DA:145,0
DA:147,0
DA:149,0
DA:151,25
DA:152,3
DA:153,3
DA:156,3
DA:157,3
DA:158,3
DA:160,3
DA:163,25
DA:166,117
DA:171,12
DA:172,0
DA:174,0
DA:175,0
DA:177,0
DA:181,117
DA:183,84
LF:83
LH:59
BRDA:16,0,0,10
BRDA:16,0,1,0
BRDA:31,1,0,18
BRDA:34,2,0,2013
BRDA:34,2,1,102
BRDA:35,3,0,531
BRDA:35,3,1,1584
BRDA:35,4,0,2115
BRDA:35,4,1,588
BRDA:46,5,0,0
BRDA:49,6,0,0
BRDA:53,7,0,15
BRDA:58,8,0,1584
BRDA:58,8,1,45
BRDA:76,9,0,0
BRDA:77,10,0,0
BRDA:82,11,0,0
BRDA:98,12,0,3
BRDA:99,13,0,3
BRDA:99,13,1,0
BRDA:102,14,0,3
BRDA:120,15,0,3
BRDA:123,16,0,3
BRDA:123,16,1,0
BRDA:138,17,0,25
BRDA:141,18,0,0
BRDA:147,19,0,0
BRDA:147,19,1,0
BRDA:151,20,0,3
BRDA:157,21,0,0
BRDA:157,21,1,3
BRDA:174,22,0,0
BRDA:174,23,0,0
BRDA:174,23,1,0
BRDA:177,24,0,0
BRDA:177,24,1,0
BRF:36
BRH:19
end_of_record
TN:
SF:src/utils/download.utils.ts
FN:3,(anonymous_0)
FN:6,downloadJSON
FNF:2
FNH:0
FNDA:0,(anonymous_0)
FNDA:0,downloadJSON
DA:3,53
DA:4,0
DA:7,0
DA:8,0
DA:9,0
DA:10,0
DA:12,0
LF:7
LH:1
BRF:0
BRH:0
end_of_record
TN:
SF:src/utils/types.utils.ts
FN:1,(anonymous_0)
FNF:1
FNH:1
FNDA:2,(anonymous_0)
DA:1,272
DA:2,2
LF:2
LH:2
BRDA:2,0,0,2
BRDA:2,0,1,0
BRF:2
BRH:1
end_of_record
