TN:
SF:src/main.tsx
FN:24,(anonymous_0)
FNF:1
FNH:0
FNDA:0,(anonymous_0)
DA:11,40
DA:12,40
DA:15,40
DA:16,40
DA:17,40
DA:20,40
DA:24,0
DA:31,40
DA:32,0
LF:9
LH:7
BRDA:11,0,0,40
BRDA:16,1,0,40
BRDA:23,2,0,40
BRDA:23,2,1,0
BRDA:31,3,0,0
BRF:5
BRH:3
end_of_record
TN:
SF:src/__test-utils__/dev-console.ts
FNF:0
FNH:0
DA:1,34
DA:7,34
DA:8,34
DA:9,34
LF:4
LH:4
BRF:0
BRH:0
end_of_record
TN:
SF:src/__test-utils__/mocks.ts
FNF:0
FNH:0
DA:3,40
DA:6,40
DA:10,40
DA:11,40
DA:19,40
DA:20,40
DA:21,40
LF:7
LH:7
BRF:0
BRH:0
end_of_record
TN:
SF:src/__test-utils__/adapters/mqtt.ts
FNF:0
FNH:0
DA:3,15
LF:1
LH:1
BRF:0
BRH:0
end_of_record
TN:
SF:src/__test-utils__/adapters/types.ts
FN:2,(anonymous_0)
FNF:1
FNH:1
FNDA:40,(anonymous_0)
DA:2,40
DA:3,40
DA:4,40
DA:5,40
DA:6,40
DA:7,40
DA:8,40
DA:9,40
DA:10,40
DA:11,40
LF:10
LH:10
BRDA:2,0,0,40
BRDA:2,0,1,40
BRF:2
BRH:2
end_of_record
TN:
SF:src/__test-utils__/msw/handlers.ts
FN:31,(anonymous_0)
FNF:1
FNH:0
FNDA:0,(anonymous_0)
DA:17,40
DA:31,40
DA:35,0
LF:3
LH:2
BRF:0
BRH:0
end_of_record
TN:
SF:src/__test-utils__/react-flow/topics.ts
FNF:0
FNH:0
DA:1,40
DA:2,40
DA:3,40
DA:4,40
DA:6,40
LF:5
LH:5
BRF:0
BRH:0
end_of_record
TN:
SF:src/api/queryClient.ts
FNF:0
FNH:0
DA:4,40
LF:1
LH:1
BRF:0
BRH:0
end_of_record
TN:
SF:src/api/utils.ts
FN:31,(anonymous_0)
FN:39,(anonymous_1)
FNF:2
FNH:1
FNDA:17,(anonymous_0)
FNDA:0,(anonymous_1)
DA:3,40
DA:31,40
DA:32,17
DA:33,17
DA:35,0
DA:39,40
DA:40,0
DA:42,0
DA:43,0
LF:9
LH:5
BRDA:40,0,0,0
BRDA:42,1,0,0
BRF:2
BRH:0
end_of_record
TN:
SF:src/api/__generated__/core/ApiError.ts
FN:15,(anonymous_0)
FNF:1
FNH:1
FNDA:88,(anonymous_0)
DA:16,88
DA:18,88
DA:19,88
DA:20,88
DA:21,88
DA:22,88
DA:23,88
LF:7
LH:7
BRF:0
BRH:0
end_of_record
TN:
SF:src/api/__generated__/core/AxiosHttpRequest.ts
FN:13,(anonymous_0)
FN:23,(anonymous_1)
FNF:2
FNH:2
FNDA:308,(anonymous_0)
FNDA:58,(anonymous_1)
DA:14,308
DA:24,58
LF:2
LH:2
BRF:0
BRH:0
end_of_record
TN:
SF:src/api/__generated__/core/BaseHttpRequest.ts
FN:11,(anonymous_0)
FNF:1
FNH:1
FNDA:1164,(anonymous_0)
DA:11,1164
LF:1
LH:1
BRF:0
BRH:0
end_of_record
TN:
SF:src/api/__generated__/core/CancelablePromise.ts
FN:7,(anonymous_0)
FN:12,(anonymous_1)
FN:34,(anonymous_2)
FN:45,(anonymous_3)
FN:49,(anonymous_4)
FN:57,(anonymous_5)
FN:65,(anonymous_6)
FN:73,(anonymous_7)
FN:77,(anonymous_8)
FN:81,(anonymous_9)
FN:88,(anonymous_10)
FN:92,(anonymous_11)
FN:99,(anonymous_12)
FN:105,(anonymous_13)
FN:109,(anonymous_14)
FN:128,(anonymous_15)
FNF:16
FNH:7
FNDA:0,(anonymous_0)
FNDA:0,(anonymous_1)
FNDA:192,(anonymous_2)
FNDA:192,(anonymous_3)
FNDA:89,(anonymous_4)
FNDA:98,(anonymous_5)
FNDA:192,(anonymous_6)
FNDA:0,(anonymous_7)
FNDA:0,(anonymous_8)
FNDA:192,(anonymous_9)
FNDA:0,(anonymous_10)
FNDA:192,(anonymous_11)
FNDA:0,(anonymous_12)
FNDA:0,(anonymous_13)
FNDA:0,(anonymous_14)
FNDA:0,(anonymous_15)
DA:8,0
DA:9,0
DA:13,0
DA:41,192
DA:42,192
DA:43,192
DA:44,192
DA:45,192
DA:46,192
DA:47,192
DA:49,192
DA:50,89
DA:51,0
DA:53,89
DA:54,89
DA:57,192
DA:58,98
DA:59,0
DA:61,98
DA:62,98
DA:65,192
DA:66,192
DA:67,0
DA:69,192
DA:72,192
DA:73,0
DA:76,192
DA:77,0
DA:80,192
DA:81,192
DA:84,192
DA:89,0
DA:96,192
DA:102,0
DA:106,0
DA:110,0
DA:111,0
DA:113,0
DA:114,0
DA:115,0
DA:116,0
DA:117,0
DA:120,0
DA:121,0
DA:124,0
DA:125,0
DA:129,0
LF:47
LH:24
BRDA:50,0,0,0
BRDA:50,1,0,89
BRDA:50,1,1,89
BRDA:50,1,2,89
BRDA:58,2,0,0
BRDA:58,3,0,98
BRDA:58,3,1,98
BRDA:58,3,2,98
BRDA:66,4,0,0
BRDA:66,5,0,192
BRDA:66,5,1,192
BRDA:66,5,2,192
BRDA:110,6,0,0
BRDA:110,7,0,0
BRDA:110,7,1,0
BRDA:110,7,2,0
BRDA:114,8,0,0
BRF:17
BRH:9
end_of_record
TN:
SF:src/api/__generated__/core/OpenAPI.ts
FNF:0
FNH:0
DA:22,40
LF:1
LH:1
BRF:0
BRH:0
end_of_record
TN:
SF:src/api/__generated__/core/request.ts
FN:16,(anonymous_0)
FN:20,(anonymous_1)
FN:24,(anonymous_2)
FN:28,(anonymous_3)
FN:41,(anonymous_4)
FN:45,(anonymous_5)
FN:49,(anonymous_6)
FN:58,(anonymous_7)
FN:61,(anonymous_8)
FN:65,(anonymous_9)
FN:68,(anonymous_10)
FN:72,(anonymous_11)
FN:81,(anonymous_12)
FN:92,(anonymous_13)
FN:97,(anonymous_14)
FN:111,(anonymous_15)
FN:115,(anonymous_16)
FN:124,(anonymous_17)
FN:125,(anonymous_18)
FN:127,(anonymous_19)
FN:140,(anonymous_20)
FN:147,(anonymous_21)
FN:160,(anonymous_22)
FN:161,(anonymous_23)
FN:190,(anonymous_24)
FN:197,(anonymous_25)
FN:218,(anonymous_26)
FN:231,(anonymous_27)
FN:241,(anonymous_28)
FN:248,(anonymous_29)
FN:268,(anonymous_30)
FN:290,(anonymous_31)
FN:291,(anonymous_32)
FNF:33
FNH:21
FNDA:198,(anonymous_0)
FNDA:384,(anonymous_1)
FNDA:384,(anonymous_2)
FNDA:0,(anonymous_3)
FNDA:0,(anonymous_4)
FNDA:177,(anonymous_5)
FNDA:0,(anonymous_6)
FNDA:1,(anonymous_7)
FNDA:0,(anonymous_8)
FNDA:6,(anonymous_9)
FNDA:0,(anonymous_10)
FNDA:0,(anonymous_11)
FNDA:6,(anonymous_12)
FNDA:192,(anonymous_13)
FNDA:4,(anonymous_14)
FNDA:192,(anonymous_15)
FNDA:0,(anonymous_16)
FNDA:0,(anonymous_17)
FNDA:0,(anonymous_18)
FNDA:0,(anonymous_19)
FNDA:768,(anonymous_20)
FNDA:192,(anonymous_21)
FNDA:192,(anonymous_22)
FNDA:192,(anonymous_23)
FNDA:192,(anonymous_24)
FNDA:192,(anonymous_25)
FNDA:0,(anonymous_26)
FNDA:177,(anonymous_27)
FNDA:177,(anonymous_28)
FNDA:177,(anonymous_29)
FNDA:0,(anonymous_30)
FNDA:192,(anonymous_31)
FNDA:192,(anonymous_32)
DA:16,40
DA:17,198
DA:20,40
DA:21,384
DA:24,40
DA:25,384
DA:28,40
DA:29,0
DA:41,40
DA:42,0
DA:45,40
DA:46,177
DA:49,40
DA:50,0
DA:51,0
DA:54,0
DA:58,40
DA:59,1
DA:61,1
DA:62,0
DA:65,1
DA:66,6
DA:67,0
DA:68,0
DA:69,0
DA:71,0
DA:72,0
DA:73,0
DA:76,0
DA:81,1
DA:82,6
DA:85,1
DA:86,0
DA:89,1
DA:92,40
DA:93,192
DA:95,192
DA:98,4
DA:99,4
DA:101,0
DA:104,192
DA:105,192
DA:106,1
DA:108,191
DA:111,40
DA:112,192
DA:113,0
DA:115,0
DA:116,0
DA:117,0
DA:119,0
DA:123,0
DA:124,0
DA:126,0
DA:127,0
DA:129,0
DA:133,0
DA:135,192
DA:140,40
DA:141,768
DA:142,0
DA:144,768
DA:147,40
DA:148,192
DA:149,192
DA:150,192
DA:151,192
DA:152,192
DA:154,192
DA:160,192
DA:161,192
DA:166,192
DA:167,134
DA:170,192
DA:171,0
DA:172,0
DA:175,192
DA:176,19
DA:177,19
DA:178,0
DA:179,0
DA:180,0
DA:181,0
DA:182,0
DA:183,0
DA:187,192
DA:190,40
DA:191,192
DA:192,19
DA:194,173
DA:197,40
DA:207,192
DA:209,192
DA:218,192
DA:220,192
DA:221,192
DA:223,98
DA:224,98
DA:225,88
DA:227,10
DA:231,40
DA:232,177
DA:233,0
DA:234,0
DA:235,0
DA:238,177
DA:241,40
DA:242,177
DA:243,177
DA:245,0
DA:248,40
DA:249,177
DA:260,177
DA:261,177
DA:262,88
DA:265,89
DA:266,0
DA:267,0
DA:268,0
DA:269,0
DA:270,0
DA:272,0
DA:276,0
DA:290,40
DA:291,192
DA:292,192
DA:293,192
DA:294,192
DA:295,192
DA:296,192
DA:298,192
DA:299,192
DA:300,177
DA:301,177
DA:303,177
DA:311,177
DA:313,89
DA:316,98
LF:138
LH:92
BRDA:17,0,0,198
BRDA:17,0,1,192
BRDA:25,1,0,384
BRDA:25,1,1,134
BRDA:30,2,0,0
BRDA:30,2,1,0
BRDA:30,2,2,0
BRDA:30,2,3,0
BRDA:30,2,4,0
BRDA:30,2,5,0
BRDA:30,2,6,0
BRDA:30,2,7,0
BRDA:46,3,0,177
BRDA:46,3,1,177
BRDA:66,4,0,0
BRDA:67,5,0,0
BRDA:67,5,1,0
BRDA:71,6,0,0
BRDA:71,6,1,0
BRDA:85,7,0,0
BRDA:93,8,0,192
BRDA:93,8,1,192
BRDA:98,9,0,4
BRDA:105,10,0,1
BRDA:112,11,0,0
BRDA:116,12,0,0
BRDA:116,12,1,0
BRDA:116,13,0,0
BRDA:116,13,1,0
BRDA:126,14,0,0
BRDA:126,14,1,0
BRDA:141,15,0,0
BRDA:152,16,0,192
BRDA:152,16,1,0
BRDA:152,16,2,192
BRDA:166,17,0,134
BRDA:170,18,0,0
BRDA:170,19,0,192
BRDA:170,19,1,0
BRDA:175,20,0,19
BRDA:176,21,0,19
BRDA:176,21,1,0
BRDA:178,22,0,0
BRDA:178,22,1,0
BRDA:179,23,0,0
BRDA:179,23,1,0
BRDA:180,24,0,0
BRDA:180,24,1,0
BRDA:182,25,0,0
BRDA:191,26,0,19
BRDA:212,27,0,192
BRDA:212,27,1,173
BRDA:224,28,0,88
BRDA:232,29,0,0
BRDA:234,30,0,0
BRDA:242,31,0,177
BRDA:261,32,0,88
BRDA:265,33,0,0
BRDA:266,34,0,0
BRDA:266,34,1,0
BRDA:267,35,0,0
BRDA:267,35,1,0
BRDA:290,36,0,58
BRDA:298,37,0,192
BRDA:308,38,0,177
BRDA:308,38,1,177
BRF:66
BRH:26
end_of_record
TN:
SF:src/api/__generated__/models/BridgeSubscription.ts
FN:34,(anonymous_0)
FN:39,(anonymous_1)
FNF:2
FNH:2
FNDA:40,(anonymous_0)
FNDA:40,(anonymous_1)
DA:34,40
DA:39,40
DA:40,40
DA:41,40
DA:42,40
LF:5
LH:5
BRDA:39,0,0,40
BRDA:39,0,1,40
BRDA:34,1,0,40
BRDA:34,1,1,40
BRF:4
BRH:4
end_of_record
TN:
SF:src/api/__generated__/models/Capability.ts
FN:24,(anonymous_0)
FN:29,(anonymous_1)
FNF:2
FNH:2
FNDA:40,(anonymous_0)
FNDA:40,(anonymous_1)
DA:24,40
DA:29,40
DA:30,40
DA:31,40
DA:32,40
DA:33,40
DA:34,40
LF:7
LH:7
BRDA:29,0,0,40
BRDA:29,0,1,40
BRDA:24,1,0,40
BRDA:24,1,1,40
BRF:4
BRH:4
end_of_record
TN:
SF:src/api/__generated__/models/DataIdentifierReference.ts
FN:17,(anonymous_0)
FN:19,(anonymous_1)
FNF:2
FNH:2
FNDA:40,(anonymous_0)
FNDA:40,(anonymous_1)
DA:17,40
DA:19,40
DA:20,40
DA:21,40
LF:4
LH:4
BRDA:19,0,0,40
BRDA:19,0,1,40
BRDA:17,1,0,40
BRDA:17,1,1,40
BRF:4
BRH:4
end_of_record
TN:
SF:src/api/__generated__/models/DataPolicyValidator.ts
FN:20,(anonymous_0)
FN:25,(anonymous_1)
FNF:2
FNH:2
FNDA:40,(anonymous_0)
FNDA:40,(anonymous_1)
DA:20,40
DA:25,40
DA:26,40
LF:3
LH:3
BRDA:25,0,0,40
BRDA:25,0,1,40
BRDA:20,1,0,40
BRDA:20,1,1,40
BRF:4
BRH:4
end_of_record
TN:
SF:src/api/__generated__/models/EntityType.ts
FN:9,(anonymous_0)
FNF:1
FNH:1
FNDA:40,(anonymous_0)
DA:9,40
DA:10,40
DA:11,40
DA:12,40
DA:13,40
LF:5
LH:5
BRDA:9,0,0,40
BRDA:9,0,1,40
BRF:2
BRH:2
end_of_record
TN:
SF:src/api/__generated__/models/Event.ts
FN:35,(anonymous_0)
FN:40,(anonymous_1)
FNF:2
FNH:2
FNDA:40,(anonymous_0)
FNDA:40,(anonymous_1)
DA:35,40
DA:40,40
DA:41,40
DA:42,40
DA:43,40
DA:44,40
LF:6
LH:6
BRDA:40,0,0,40
BRDA:40,0,1,40
BRDA:35,1,0,40
BRDA:35,1,1,40
BRF:4
BRH:4
end_of_record
TN:
SF:src/api/__generated__/models/Listener.ts
FN:40,(anonymous_0)
FN:45,(anonymous_1)
FNF:2
FNH:2
FNDA:40,(anonymous_0)
FNDA:40,(anonymous_1)
DA:40,40
DA:45,40
DA:46,40
DA:47,40
DA:48,40
DA:49,40
DA:50,40
DA:51,40
LF:8
LH:8
BRDA:45,0,0,40
BRDA:45,0,1,40
BRDA:40,1,0,40
BRDA:40,1,1,40
BRF:4
BRH:4
end_of_record
TN:
SF:src/api/__generated__/models/LocalBridgeSubscription.ts
FN:42,(anonymous_0)
FN:47,(anonymous_1)
FNF:2
FNH:2
FNDA:40,(anonymous_0)
FNDA:40,(anonymous_1)
DA:42,40
DA:47,40
DA:48,40
DA:49,40
DA:50,40
LF:5
LH:5
BRDA:47,0,0,40
BRDA:47,0,1,40
BRDA:42,1,0,40
BRDA:42,1,1,40
BRF:4
BRH:4
end_of_record
TN:
SF:src/api/__generated__/models/Notification.ts
FN:27,(anonymous_0)
FN:32,(anonymous_1)
FNF:2
FNH:2
FNDA:40,(anonymous_0)
FNDA:40,(anonymous_1)
DA:27,40
DA:32,40
DA:33,40
DA:34,40
DA:35,40
LF:5
LH:5
BRDA:32,0,0,40
BRDA:32,0,1,40
BRDA:27,1,0,40
BRDA:27,1,1,40
BRF:4
BRH:4
end_of_record
TN:
SF:src/api/__generated__/models/ObjectNode.ts
FN:19,(anonymous_0)
FN:21,(anonymous_1)
FNF:2
FNH:2
FNDA:40,(anonymous_0)
FNDA:40,(anonymous_1)
DA:19,40
DA:21,40
DA:22,40
DA:23,40
DA:24,40
LF:5
LH:5
BRDA:21,0,0,40
BRDA:21,0,1,40
BRDA:19,1,0,40
BRDA:19,1,1,40
BRF:4
BRH:4
end_of_record
TN:
SF:src/api/__generated__/models/Payload.ts
FN:20,(anonymous_0)
FN:25,(anonymous_1)
FNF:2
FNH:2
FNDA:40,(anonymous_0)
FNDA:40,(anonymous_1)
DA:20,40
DA:25,40
DA:26,40
DA:27,40
DA:28,40
DA:29,40
LF:6
LH:6
BRDA:25,0,0,40
BRDA:25,0,1,40
BRDA:20,1,0,40
BRDA:20,1,1,40
BRF:4
BRH:4
end_of_record
TN:
SF:src/api/__generated__/models/QoS.ts
FN:9,(anonymous_0)
FNF:1
FNH:1
FNDA:40,(anonymous_0)
DA:9,40
DA:10,40
DA:11,40
DA:12,40
LF:4
LH:4
BRDA:9,0,0,40
BRDA:9,0,1,40
BRF:2
BRH:2
end_of_record
TN:
SF:src/api/__generated__/models/Script.ts
FN:33,(anonymous_0)
FN:38,(anonymous_1)
FNF:2
FNH:2
FNDA:40,(anonymous_0)
FNDA:40,(anonymous_1)
DA:33,40
DA:38,40
DA:39,40
LF:3
LH:3
BRDA:38,0,0,40
BRDA:38,0,1,40
BRDA:33,1,0,40
BRDA:33,1,1,40
BRF:4
BRH:4
end_of_record
TN:
SF:src/api/__generated__/models/Status.ts
FN:40,(anonymous_0)
FN:45,(anonymous_1)
FN:56,(anonymous_2)
FNF:3
FNH:3
FNDA:40,(anonymous_0)
FNDA:40,(anonymous_1)
FNDA:40,(anonymous_2)
DA:40,40
DA:45,40
DA:46,40
DA:47,40
DA:48,40
DA:49,40
DA:50,40
DA:56,40
DA:57,40
DA:58,40
LF:10
LH:10
BRDA:45,0,0,40
BRDA:45,0,1,40
BRDA:56,1,0,40
BRDA:56,1,1,40
BRDA:40,2,0,40
BRDA:40,2,1,40
BRF:6
BRH:6
end_of_record
TN:
SF:src/api/__generated__/models/StatusTransitionCommand.ts
FN:13,(anonymous_0)
FN:18,(anonymous_1)
FNF:2
FNH:2
FNDA:40,(anonymous_0)
FNDA:40,(anonymous_1)
DA:13,40
DA:18,40
DA:19,40
DA:20,40
DA:21,40
LF:5
LH:5
BRDA:18,0,0,40
BRDA:18,0,1,40
BRDA:13,1,0,40
BRDA:13,1,1,40
BRF:4
BRH:4
end_of_record
TN:
SF:src/api/__generated__/models/StatusTransitionResult.ts
FN:25,(anonymous_0)
FN:30,(anonymous_1)
FNF:2
FNH:2
FNDA:40,(anonymous_0)
FNDA:40,(anonymous_1)
DA:25,40
DA:30,40
DA:31,40
DA:32,40
LF:4
LH:4
BRDA:30,0,0,40
BRDA:30,0,1,40
BRDA:25,1,0,40
BRDA:25,1,1,40
BRF:4
BRH:4
end_of_record
TN:
SF:src/api/__generated__/models/TypeIdentifier.ts
FN:21,(anonymous_0)
FN:26,(anonymous_1)
FNF:2
FNH:2
FNDA:40,(anonymous_0)
FNDA:40,(anonymous_1)
DA:21,40
DA:26,40
DA:27,40
DA:28,40
DA:29,40
DA:30,40
DA:31,40
LF:7
LH:7
BRDA:26,0,0,40
BRDA:26,0,1,40
BRDA:21,1,0,40
BRDA:21,1,1,40
BRF:4
BRH:4
end_of_record
TN:
SF:src/api/__generated__/schemas/$Adapter.ts
FNF:0
FNH:0
DA:5,40
LF:1
LH:1
BRF:0
BRH:0
end_of_record
TN:
SF:src/api/__generated__/schemas/$AdapterConfig.ts
FNF:0
FNH:0
DA:5,40
LF:1
LH:1
BRF:0
BRH:0
end_of_record
TN:
SF:src/api/__generated__/schemas/$AdaptersList.ts
FNF:0
FNH:0
DA:5,40
LF:1
LH:1
BRF:0
BRH:0
end_of_record
TN:
SF:src/api/__generated__/schemas/$ApiBearerToken.ts
FNF:0
FNH:0
DA:5,40
LF:1
LH:1
BRF:0
BRH:0
end_of_record
TN:
SF:src/api/__generated__/schemas/$BehaviorPolicy.ts
FNF:0
FNH:0
DA:5,40
LF:1
LH:1
BRF:0
BRH:0
end_of_record
TN:
SF:src/api/__generated__/schemas/$BehaviorPolicyBehavior.ts
FNF:0
FNH:0
DA:5,40
LF:1
LH:1
BRF:0
BRH:0
end_of_record
TN:
SF:src/api/__generated__/schemas/$BehaviorPolicyDeserialization.ts
FNF:0
FNH:0
DA:5,40
LF:1
LH:1
BRF:0
BRH:0
end_of_record
TN:
SF:src/api/__generated__/schemas/$BehaviorPolicyDeserializer.ts
FNF:0
FNH:0
DA:5,40
LF:1
LH:1
BRF:0
BRH:0
end_of_record
TN:
SF:src/api/__generated__/schemas/$BehaviorPolicyList.ts
FNF:0
FNH:0
DA:5,40
LF:1
LH:1
BRF:0
BRH:0
end_of_record
TN:
SF:src/api/__generated__/schemas/$BehaviorPolicyMatching.ts
FNF:0
FNH:0
DA:5,40
LF:1
LH:1
BRF:0
BRH:0
end_of_record
TN:
SF:src/api/__generated__/schemas/$BehaviorPolicyOnEvent.ts
FNF:0
FNH:0
DA:5,40
LF:1
LH:1
BRF:0
BRH:0
end_of_record
TN:
SF:src/api/__generated__/schemas/$BehaviorPolicyOnTransition.ts
FNF:0
FNH:0
DA:5,40
LF:1
LH:1
BRF:0
BRH:0
end_of_record
TN:
SF:src/api/__generated__/schemas/$Bridge.ts
FNF:0
FNH:0
DA:5,40
LF:1
LH:1
BRF:0
BRH:0
end_of_record
TN:
SF:src/api/__generated__/schemas/$BridgeCustomUserProperty.ts
FNF:0
FNH:0
DA:5,40
LF:1
LH:1
BRF:0
BRH:0
end_of_record
TN:
SF:src/api/__generated__/schemas/$BridgeList.ts
FNF:0
FNH:0
DA:5,40
LF:1
LH:1
BRF:0
BRH:0
end_of_record
TN:
SF:src/api/__generated__/schemas/$BridgeSubscription.ts
FNF:0
FNH:0
DA:5,40
LF:1
LH:1
BRF:0
BRH:0
end_of_record
TN:
SF:src/api/__generated__/schemas/$Capability.ts
FNF:0
FNH:0
DA:5,40
LF:1
LH:1
BRF:0
BRH:0
end_of_record
TN:
SF:src/api/__generated__/schemas/$CapabilityList.ts
FNF:0
FNH:0
DA:5,40
LF:1
LH:1
BRF:0
BRH:0
end_of_record
TN:
SF:src/api/__generated__/schemas/$Combiner.ts
FNF:0
FNH:0
DA:5,40
LF:1
LH:1
BRF:0
BRH:0
end_of_record
TN:
SF:src/api/__generated__/schemas/$CombinerId.ts
FNF:0
FNH:0
DA:5,40
LF:1
LH:1
BRF:0
BRH:0
end_of_record
TN:
SF:src/api/__generated__/schemas/$CombinerList.ts
FNF:0
FNH:0
DA:5,40
LF:1
LH:1
BRF:0
BRH:0
end_of_record
TN:
SF:src/api/__generated__/schemas/$DataCombining.ts
FNF:0
FNH:0
DA:5,40
LF:1
LH:1
BRF:0
BRH:0
end_of_record
TN:
SF:src/api/__generated__/schemas/$DataCombiningList.ts
FNF:0
FNH:0
DA:5,40
LF:1
LH:1
BRF:0
BRH:0
end_of_record
TN:
SF:src/api/__generated__/schemas/$DataIdentifierReference.ts
FNF:0
FNH:0
DA:5,40
LF:1
LH:1
BRF:0
BRH:0
end_of_record
TN:
SF:src/api/__generated__/schemas/$DataPoint.ts
FNF:0
FNH:0
DA:5,40
LF:1
LH:1
BRF:0
BRH:0
end_of_record
TN:
SF:src/api/__generated__/schemas/$DataPolicy.ts
FNF:0
FNH:0
DA:5,40
LF:1
LH:1
BRF:0
BRH:0
end_of_record
TN:
SF:src/api/__generated__/schemas/$DataPolicyAction.ts
FNF:0
FNH:0
DA:5,40
LF:1
LH:1
BRF:0
BRH:0
end_of_record
TN:
SF:src/api/__generated__/schemas/$DataPolicyList.ts
FNF:0
FNH:0
DA:5,40
LF:1
LH:1
BRF:0
BRH:0
end_of_record
TN:
SF:src/api/__generated__/schemas/$DataPolicyMatching.ts
FNF:0
FNH:0
DA:5,40
LF:1
LH:1
BRF:0
BRH:0
end_of_record
TN:
SF:src/api/__generated__/schemas/$DataPolicyValidation.ts
FNF:0
FNH:0
DA:5,40
LF:1
LH:1
BRF:0
BRH:0
end_of_record
TN:
SF:src/api/__generated__/schemas/$DataPolicyValidator.ts
FNF:0
FNH:0
DA:5,40
LF:1
LH:1
BRF:0
BRH:0
end_of_record
TN:
SF:src/api/__generated__/schemas/$DomainTag.ts
FNF:0
FNH:0
DA:5,40
LF:1
LH:1
BRF:0
BRH:0
end_of_record
TN:
SF:src/api/__generated__/schemas/$DomainTagList.ts
FNF:0
FNH:0
DA:5,40
LF:1
LH:1
BRF:0
BRH:0
end_of_record
TN:
SF:src/api/__generated__/schemas/$EntityReference.ts
FNF:0
FNH:0
DA:5,40
LF:1
LH:1
BRF:0
BRH:0
end_of_record
TN:
SF:src/api/__generated__/schemas/$EntityReferenceList.ts
FNF:0
FNH:0
DA:5,40
LF:1
LH:1
BRF:0
BRH:0
end_of_record
TN:
SF:src/api/__generated__/schemas/$EntityType.ts
FNF:0
FNH:0
DA:5,40
LF:1
LH:1
BRF:0
BRH:0
end_of_record
TN:
SF:src/api/__generated__/schemas/$EnvironmentProperties.ts
FNF:0
FNH:0
DA:5,40
LF:1
LH:1
BRF:0
BRH:0
end_of_record
TN:
SF:src/api/__generated__/schemas/$Error.ts
FNF:0
FNH:0
DA:5,40
LF:1
LH:1
BRF:0
BRH:0
end_of_record
TN:
SF:src/api/__generated__/schemas/$Errors.ts
FNF:0
FNH:0
DA:5,40
LF:1
LH:1
BRF:0
BRH:0
end_of_record
TN:
SF:src/api/__generated__/schemas/$Event.ts
FNF:0
FNH:0
DA:5,40
LF:1
LH:1
BRF:0
BRH:0
end_of_record
TN:
SF:src/api/__generated__/schemas/$EventList.ts
FNF:0
FNH:0
DA:5,40
LF:1
LH:1
BRF:0
BRH:0
end_of_record
TN:
SF:src/api/__generated__/schemas/$Extension.ts
FNF:0
FNH:0
DA:5,40
LF:1
LH:1
BRF:0
BRH:0
end_of_record
TN:
SF:src/api/__generated__/schemas/$ExtensionList.ts
FNF:0
FNH:0
DA:5,40
LF:1
LH:1
BRF:0
BRH:0
end_of_record
TN:
SF:src/api/__generated__/schemas/$FieldMapping.ts
FNF:0
FNH:0
DA:5,40
LF:1
LH:1
BRF:0
BRH:0
end_of_record
TN:
SF:src/api/__generated__/schemas/$FirstUseInformation.ts
FNF:0
FNH:0
DA:5,40
LF:1
LH:1
BRF:0
BRH:0
end_of_record
TN:
SF:src/api/__generated__/schemas/$FsmStateInformationItem.ts
FNF:0
FNH:0
DA:5,40
LF:1
LH:1
BRF:0
BRH:0
end_of_record
TN:
SF:src/api/__generated__/schemas/$FsmStatesInformationListItem.ts
FNF:0
FNH:0
DA:5,40
LF:1
LH:1
BRF:0
BRH:0
end_of_record
TN:
SF:src/api/__generated__/schemas/$GatewayConfiguration.ts
FNF:0
FNH:0
DA:5,40
LF:1
LH:1
BRF:0
BRH:0
end_of_record
TN:
SF:src/api/__generated__/schemas/$HealthStatus.ts
FNF:0
FNH:0
DA:5,40
LF:1
LH:1
BRF:0
BRH:0
end_of_record
TN:
SF:src/api/__generated__/schemas/$ISA95ApiBean.ts
FNF:0
FNH:0
DA:5,40
LF:1
LH:1
BRF:0
BRH:0
end_of_record
TN:
SF:src/api/__generated__/schemas/$Instruction.ts
FNF:0
FNH:0
DA:5,40
LF:1
LH:1
BRF:0
BRH:0
end_of_record
TN:
SF:src/api/__generated__/schemas/$JsonNode.ts
FNF:0
FNH:0
DA:5,40
LF:1
LH:1
BRF:0
BRH:0
end_of_record
TN:
SF:src/api/__generated__/schemas/$Link.ts
FNF:0
FNH:0
DA:5,40
LF:1
LH:1
BRF:0
BRH:0
end_of_record
TN:
SF:src/api/__generated__/schemas/$LinkList.ts
FNF:0
FNH:0
DA:5,40
LF:1
LH:1
BRF:0
BRH:0
end_of_record
TN:
SF:src/api/__generated__/schemas/$Listener.ts
FNF:0
FNH:0
DA:5,40
LF:1
LH:1
BRF:0
BRH:0
end_of_record
TN:
SF:src/api/__generated__/schemas/$ListenerList.ts
FNF:0
FNH:0
DA:5,40
LF:1
LH:1
BRF:0
BRH:0
end_of_record
TN:
SF:src/api/__generated__/schemas/$LocalBridgeSubscription.ts
FNF:0
FNH:0
DA:5,40
LF:1
LH:1
BRF:0
BRH:0
end_of_record
TN:
SF:src/api/__generated__/schemas/$MappingId.ts
FNF:0
FNH:0
DA:5,40
LF:1
LH:1
BRF:0
BRH:0
end_of_record
TN:
SF:src/api/__generated__/schemas/$Metric.ts
FNF:0
FNH:0
DA:5,40
LF:1
LH:1
BRF:0
BRH:0
end_of_record
TN:
SF:src/api/__generated__/schemas/$MetricList.ts
FNF:0
FNH:0
DA:5,40
LF:1
LH:1
BRF:0
BRH:0
end_of_record
TN:
SF:src/api/__generated__/schemas/$Module.ts
FNF:0
FNH:0
DA:5,40
LF:1
LH:1
BRF:0
BRH:0
end_of_record
TN:
SF:src/api/__generated__/schemas/$ModuleList.ts
FNF:0
FNH:0
DA:5,40
LF:1
LH:1
BRF:0
BRH:0
end_of_record
TN:
SF:src/api/__generated__/schemas/$MqttUserProperty.ts
FNF:0
FNH:0
DA:5,40
LF:1
LH:1
BRF:0
BRH:0
end_of_record
TN:
SF:src/api/__generated__/schemas/$NorthboundMapping.ts
FNF:0
FNH:0
DA:5,40
LF:1
LH:1
BRF:0
BRH:0
end_of_record
TN:
SF:src/api/__generated__/schemas/$NorthboundMappingList.ts
FNF:0
FNH:0
DA:5,40
LF:1
LH:1
BRF:0
BRH:0
end_of_record
TN:
SF:src/api/__generated__/schemas/$Notification.ts
FNF:0
FNH:0
DA:5,40
LF:1
LH:1
BRF:0
BRH:0
end_of_record
TN:
SF:src/api/__generated__/schemas/$NotificationList.ts
FNF:0
FNH:0
DA:5,40
LF:1
LH:1
BRF:0
BRH:0
end_of_record
TN:
SF:src/api/__generated__/schemas/$ObjectNode.ts
FNF:0
FNH:0
DA:5,40
LF:1
LH:1
BRF:0
BRH:0
end_of_record
TN:
SF:src/api/__generated__/schemas/$PaginationCursor.ts
FNF:0
FNH:0
DA:5,40
LF:1
LH:1
BRF:0
BRH:0
end_of_record
TN:
SF:src/api/__generated__/schemas/$Payload.ts
FNF:0
FNH:0
DA:5,40
LF:1
LH:1
BRF:0
BRH:0
end_of_record
TN:
SF:src/api/__generated__/schemas/$PayloadSample.ts
FNF:0
FNH:0
DA:5,40
LF:1
LH:1
BRF:0
BRH:0
end_of_record
TN:
SF:src/api/__generated__/schemas/$PayloadSampleList.ts
FNF:0
FNH:0
DA:5,40
LF:1
LH:1
BRF:0
BRH:0
end_of_record
TN:
SF:src/api/__generated__/schemas/$PolicyOperation.ts
FNF:0
FNH:0
DA:5,40
LF:1
LH:1
BRF:0
BRH:0
end_of_record
TN:
SF:src/api/__generated__/schemas/$PolicySchema.ts
FNF:0
FNH:0
DA:5,40
LF:1
LH:1
BRF:0
BRH:0
end_of_record
TN:
SF:src/api/__generated__/schemas/$ProblemDetails.ts
FNF:0
FNH:0
DA:5,40
LF:1
LH:1
BRF:0
BRH:0
end_of_record
TN:
SF:src/api/__generated__/schemas/$ProtocolAdapter.ts
FNF:0
FNH:0
DA:5,40
LF:1
LH:1
BRF:0
BRH:0
end_of_record
TN:
SF:src/api/__generated__/schemas/$ProtocolAdapterCategory.ts
FNF:0
FNH:0
DA:5,40
LF:1
LH:1
BRF:0
BRH:0
end_of_record
TN:
SF:src/api/__generated__/schemas/$ProtocolAdaptersList.ts
FNF:0
FNH:0
DA:5,40
LF:1
LH:1
BRF:0
BRH:0
end_of_record
TN:
SF:src/api/__generated__/schemas/$QoS.ts
FNF:0
FNH:0
DA:5,40
LF:1
LH:1
BRF:0
BRH:0
end_of_record
TN:
SF:src/api/__generated__/schemas/$SchemaList.ts
FNF:0
FNH:0
DA:5,40
LF:1
LH:1
BRF:0
BRH:0
end_of_record
TN:
SF:src/api/__generated__/schemas/$SchemaReference.ts
FNF:0
FNH:0
DA:5,40
LF:1
LH:1
BRF:0
BRH:0
end_of_record
TN:
SF:src/api/__generated__/schemas/$Script.ts
FNF:0
FNH:0
DA:5,40
LF:1
LH:1
BRF:0
BRH:0
end_of_record
TN:
SF:src/api/__generated__/schemas/$ScriptList.ts
FNF:0
FNH:0
DA:5,40
LF:1
LH:1
BRF:0
BRH:0
end_of_record
TN:
SF:src/api/__generated__/schemas/$SouthboundMapping.ts
FNF:0
FNH:0
DA:5,40
LF:1
LH:1
BRF:0
BRH:0
end_of_record
TN:
SF:src/api/__generated__/schemas/$SouthboundMappingList.ts
FNF:0
FNH:0
DA:5,40
LF:1
LH:1
BRF:0
BRH:0
end_of_record
TN:
SF:src/api/__generated__/schemas/$Status.ts
FNF:0
FNH:0
DA:5,40
LF:1
LH:1
BRF:0
BRH:0
end_of_record
TN:
SF:src/api/__generated__/schemas/$StatusList.ts
FNF:0
FNH:0
DA:5,40
LF:1
LH:1
BRF:0
BRH:0
end_of_record
TN:
SF:src/api/__generated__/schemas/$StatusTransitionCommand.ts
FNF:0
FNH:0
DA:5,40
LF:1
LH:1
BRF:0
BRH:0
end_of_record
TN:
SF:src/api/__generated__/schemas/$StatusTransitionResult.ts
FNF:0
FNH:0
DA:5,40
LF:1
LH:1
BRF:0
BRH:0
end_of_record
TN:
SF:src/api/__generated__/schemas/$TagSchema.ts
FNF:0
FNH:0
DA:5,40
LF:1
LH:1
BRF:0
BRH:0
end_of_record
TN:
SF:src/api/__generated__/schemas/$TlsConfiguration.ts
FNF:0
FNH:0
DA:5,40
LF:1
LH:1
BRF:0
BRH:0
end_of_record
TN:
SF:src/api/__generated__/schemas/$TopicFilter.ts
FNF:0
FNH:0
DA:5,40
LF:1
LH:1
BRF:0
BRH:0
end_of_record
TN:
SF:src/api/__generated__/schemas/$TopicFilterId.ts
FNF:0
FNH:0
DA:5,40
LF:1
LH:1
BRF:0
BRH:0
end_of_record
TN:
SF:src/api/__generated__/schemas/$TopicFilterList.ts
FNF:0
FNH:0
DA:5,40
LF:1
LH:1
BRF:0
BRH:0
end_of_record
TN:
SF:src/api/__generated__/schemas/$TypeIdentifier.ts
FNF:0
FNH:0
DA:5,40
LF:1
LH:1
BRF:0
BRH:0
end_of_record
TN:
SF:src/api/__generated__/schemas/$UsernamePasswordCredentials.ts
FNF:0
FNH:0
DA:5,40
LF:1
LH:1
BRF:0
BRH:0
end_of_record
TN:
SF:src/api/__generated__/schemas/$ValuesTree.ts
FNF:0
FNH:0
DA:5,40
LF:1
LH:1
BRF:0
BRH:0
end_of_record
TN:
SF:src/api/__generated__/schemas/$WebsocketConfiguration.ts
FNF:0
FNH:0
DA:5,40
LF:1
LH:1
BRF:0
BRH:0
end_of_record
TN:
SF:src/api/__generated__/services/AuthenticationEndpointService.ts
FN:13,(anonymous_0)
FN:22,(anonymous_1)
FN:43,(anonymous_2)
FN:60,(anonymous_3)
FNF:4
FNH:1
FNDA:1164,(anonymous_0)
FNDA:0,(anonymous_1)
FNDA:0,(anonymous_2)
FNDA:0,(anonymous_3)
DA:13,1164
DA:25,0
DA:44,0
DA:63,0
LF:4
LH:1
BRF:0
BRH:0
end_of_record
TN:
SF:src/api/__generated__/services/AuthenticationService.ts
FN:13,(anonymous_0)
FN:22,(anonymous_1)
FN:43,(anonymous_2)
FN:60,(anonymous_3)
FNF:4
FNH:2
FNDA:1164,(anonymous_0)
FNDA:18,(anonymous_1)
FNDA:0,(anonymous_2)
FNDA:0,(anonymous_3)
DA:13,1164
DA:25,18
DA:44,0
DA:63,0
LF:4
LH:2
BRF:0
BRH:0
end_of_record
TN:
SF:src/api/__generated__/services/BridgesService.ts
FN:17,(anonymous_0)
FN:25,(anonymous_1)
FN:39,(anonymous_2)
FN:59,(anonymous_3)
FN:73,(anonymous_4)
FN:96,(anonymous_5)
FN:120,(anonymous_6)
FN:146,(anonymous_7)
FN:170,(anonymous_8)
FNF:9
FNH:3
FNDA:1164,(anonymous_0)
FNDA:1,(anonymous_1)
FNDA:0,(anonymous_2)
FNDA:1,(anonymous_3)
FNDA:0,(anonymous_4)
FNDA:0,(anonymous_5)
FNDA:0,(anonymous_6)
FNDA:0,(anonymous_7)
FNDA:0,(anonymous_8)
DA:17,1164
DA:26,1
DA:42,0
DA:60,1
DA:76,0
DA:99,0
DA:124,0
DA:149,0
DA:174,0
LF:9
LH:3
BRF:0
BRH:0
end_of_record
TN:
SF:src/api/__generated__/services/CombinersService.ts
FN:15,(anonymous_0)
FN:23,(anonymous_1)
FN:37,(anonymous_2)
FN:58,(anonymous_3)
FN:80,(anonymous_4)
FN:103,(anonymous_5)
FN:128,(anonymous_6)
FN:151,(anonymous_7)
FNF:8
FNH:2
FNDA:1164,(anonymous_0)
FNDA:1,(anonymous_1)
FNDA:0,(anonymous_2)
FNDA:0,(anonymous_3)
FNDA:0,(anonymous_4)
FNDA:0,(anonymous_5)
FNDA:0,(anonymous_6)
FNDA:0,(anonymous_7)
DA:15,1164
DA:24,1
DA:40,0
DA:61,0
DA:83,0
DA:107,0
DA:131,0
DA:155,0
LF:8
LH:2
BRF:0
BRH:0
end_of_record
TN:
SF:src/api/__generated__/services/DataHubBehaviorPoliciesService.ts
FN:13,(anonymous_0)
FN:30,(anonymous_1)
FN:62,(anonymous_2)
FN:90,(anonymous_3)
FN:125,(anonymous_4)
FN:157,(anonymous_5)
FNF:6
FNH:1
FNDA:1164,(anonymous_0)
FNDA:0,(anonymous_1)
FNDA:0,(anonymous_2)
FNDA:0,(anonymous_3)
FNDA:0,(anonymous_4)
FNDA:0,(anonymous_5)
DA:13,1164
DA:37,0
DA:65,0
DA:94,0
DA:129,0
DA:162,0
LF:6
LH:1
BRF:0
BRH:0
end_of_record
TN:
SF:src/api/__generated__/services/DataHubDataPoliciesService.ts
FN:13,(anonymous_0)
FN:31,(anonymous_1)
FN:68,(anonymous_2)
FN:96,(anonymous_3)
FN:130,(anonymous_4)
FN:163,(anonymous_5)
FNF:6
FNH:2
FNDA:1164,(anonymous_0)
FNDA:1,(anonymous_1)
FNDA:0,(anonymous_2)
FNDA:0,(anonymous_3)
FNDA:0,(anonymous_4)
FNDA:0,(anonymous_5)
DA:13,1164
DA:39,1
DA:71,0
DA:100,0
DA:134,0
DA:168,0
LF:6
LH:2
BRF:0
BRH:0
end_of_record
TN:
SF:src/api/__generated__/services/DataHubFsmService.ts
FN:12,(anonymous_0)
FN:20,(anonymous_1)
FNF:2
FNH:1
FNDA:1164,(anonymous_0)
FNDA:0,(anonymous_1)
DA:12,1164
DA:21,0
LF:2
LH:1
BRF:0
BRH:0
end_of_record
TN:
SF:src/api/__generated__/services/DataHubFunctionsService.ts
FN:12,(anonymous_0)
FN:20,(anonymous_1)
FNF:2
FNH:1
FNDA:1164,(anonymous_0)
FNDA:0,(anonymous_1)
DA:12,1164
DA:21,0
LF:2
LH:1
BRF:0
BRH:0
end_of_record
TN:
SF:src/api/__generated__/services/DataHubSchemasService.ts
FN:13,(anonymous_0)
FN:30,(anonymous_1)
FN:63,(anonymous_2)
FN:95,(anonymous_3)
FN:130,(anonymous_4)
FNF:5
FNH:1
FNDA:1164,(anonymous_0)
FNDA:0,(anonymous_1)
FNDA:0,(anonymous_2)
FNDA:0,(anonymous_3)
FNDA:0,(anonymous_4)
DA:13,1164
DA:37,0
DA:67,0
DA:99,0
DA:134,0
LF:5
LH:1
BRF:0
BRH:0
end_of_record
TN:
SF:src/api/__generated__/services/DataHubScriptsService.ts
FN:13,(anonymous_0)
FN:26,(anonymous_1)
FN:57,(anonymous_2)
FN:88,(anonymous_3)
FN:119,(anonymous_4)
FNF:5
FNH:1
FNDA:1164,(anonymous_0)
FNDA:0,(anonymous_1)
FNDA:0,(anonymous_2)
FNDA:0,(anonymous_3)
FNDA:0,(anonymous_4)
DA:13,1164
DA:33,0
DA:61,0
DA:92,0
DA:123,0
LF:5
LH:1
BRF:0
BRH:0
end_of_record
TN:
SF:src/api/__generated__/services/DataHubStateService.ts
FN:12,(anonymous_0)
FN:23,(anonymous_1)
FNF:2
FNH:1
FNDA:1164,(anonymous_0)
FNDA:0,(anonymous_1)
DA:12,1164
DA:26,0
LF:2
LH:1
BRF:0
BRH:0
end_of_record
TN:
SF:src/api/__generated__/services/DefaultService.ts
FN:10,(anonymous_0)
FN:16,(anonymous_1)
FNF:2
FNH:1
FNDA:1164,(anonymous_0)
FNDA:0,(anonymous_1)
DA:10,1164
DA:17,0
LF:2
LH:1
BRF:0
BRH:0
end_of_record
TN:
SF:src/api/__generated__/services/EventsService.ts
FN:12,(anonymous_0)
FN:22,(anonymous_1)
FNF:2
FNH:1
FNDA:1164,(anonymous_0)
FNDA:0,(anonymous_1)
DA:12,1164
DA:26,0
LF:2
LH:1
BRDA:23,0,0,0
BRF:1
BRH:0
end_of_record
TN:
SF:src/api/__generated__/services/FrontendService.ts
FN:14,(anonymous_0)
FN:22,(anonymous_1)
FN:35,(anonymous_2)
FN:48,(anonymous_3)
FNF:4
FNH:4
FNDA:1164,(anonymous_0)
FNDA:32,(anonymous_1)
FNDA:40,(anonymous_2)
FNDA:32,(anonymous_3)
DA:14,1164
DA:23,32
DA:36,40
DA:49,32
LF:4
LH:4
BRF:0
BRH:0
end_of_record
TN:
SF:src/api/__generated__/services/GatewayEndpointService.ts
FN:12,(anonymous_0)
FN:20,(anonymous_1)
FN:36,(anonymous_2)
FNF:3
FNH:2
FNDA:1164,(anonymous_0)
FNDA:0,(anonymous_1)
FNDA:1,(anonymous_2)
DA:12,1164
DA:21,0
DA:37,1
LF:3
LH:2
BRF:0
BRH:0
end_of_record
TN:
SF:src/api/__generated__/services/HealthCheckEndpointService.ts
FN:12,(anonymous_0)
FN:20,(anonymous_1)
FN:33,(anonymous_2)
FNF:3
FNH:1
FNDA:1164,(anonymous_0)
FNDA:0,(anonymous_1)
FNDA:0,(anonymous_2)
DA:12,1164
DA:21,0
DA:34,0
LF:3
LH:1
BRF:0
BRH:0
end_of_record
TN:
SF:src/api/__generated__/services/MetricsEndpointService.ts
FN:13,(anonymous_0)
FN:21,(anonymous_1)
FN:35,(anonymous_2)
FNF:3
FNH:1
FNDA:1164,(anonymous_0)
FNDA:0,(anonymous_1)
FNDA:0,(anonymous_2)
DA:13,1164
DA:22,0
DA:38,0
LF:3
LH:1
BRF:0
BRH:0
end_of_record
TN:
SF:src/api/__generated__/services/MetricsService.ts
FN:13,(anonymous_0)
FN:21,(anonymous_1)
FN:35,(anonymous_2)
FNF:3
FNH:1
FNDA:1164,(anonymous_0)
FNDA:0,(anonymous_1)
FNDA:0,(anonymous_2)
DA:13,1164
DA:22,0
DA:38,0
LF:3
LH:1
BRF:0
BRH:0
end_of_record
TN:
SF:src/api/__generated__/services/PayloadSamplingService.ts
FN:13,(anonymous_0)
FN:22,(anonymous_1)
FN:45,(anonymous_2)
FN:64,(anonymous_3)
FNF:4
FNH:1
FNDA:1164,(anonymous_0)
FNDA:0,(anonymous_1)
FNDA:0,(anonymous_2)
FNDA:0,(anonymous_3)
DA:13,1164
DA:25,0
DA:48,0
DA:67,0
LF:4
LH:1
BRF:0
BRH:0
end_of_record
TN:
SF:src/api/__generated__/services/ProtocolAdaptersService.ts
FN:26,(anonymous_0)
FN:37,(anonymous_1)
FN:65,(anonymous_2)
FN:79,(anonymous_3)
FN:101,(anonymous_4)
FN:124,(anonymous_5)
FN:153,(anonymous_6)
FN:183,(anonymous_7)
FN:206,(anonymous_8)
FN:233,(anonymous_9)
FN:256,(anonymous_10)
FN:283,(anonymous_11)
FN:307,(anonymous_12)
FN:333,(anonymous_13)
FN:356,(anonymous_14)
FN:384,(anonymous_15)
FN:411,(anonymous_16)
FN:438,(anonymous_17)
FN:468,(anonymous_18)
FN:493,(anonymous_19)
FN:506,(anonymous_20)
FN:519,(anonymous_21)
FN:533,(anonymous_22)
FN:554,(anonymous_23)
FN:568,(anonymous_24)
FN:589,(anonymous_25)
FN:603,(anonymous_26)
FN:626,(anonymous_27)
FNF:28
FNH:8
FNDA:1164,(anonymous_0)
FNDA:0,(anonymous_1)
FNDA:16,(anonymous_2)
FNDA:0,(anonymous_3)
FNDA:0,(anonymous_4)
FNDA:0,(anonymous_5)
FNDA:0,(anonymous_6)
FNDA:1,(anonymous_7)
FNDA:0,(anonymous_8)
FNDA:1,(anonymous_9)
FNDA:0,(anonymous_10)
FNDA:0,(anonymous_11)
FNDA:0,(anonymous_12)
FNDA:1,(anonymous_13)
FNDA:0,(anonymous_14)
FNDA:0,(anonymous_15)
FNDA:0,(anonymous_16)
FNDA:0,(anonymous_17)
FNDA:1,(anonymous_18)
FNDA:0,(anonymous_19)
FNDA:0,(anonymous_20)
FNDA:28,(anonymous_21)
FNDA:0,(anonymous_22)
FNDA:0,(anonymous_23)
FNDA:0,(anonymous_24)
FNDA:16,(anonymous_25)
FNDA:0,(anonymous_26)
FNDA:0,(anonymous_27)
DA:26,1164
DA:42,0
DA:66,16
DA:82,0
DA:104,0
DA:128,0
DA:158,0
DA:186,1
DA:210,0
DA:236,1
DA:260,0
DA:286,0
DA:311,0
DA:336,1
DA:360,0
DA:388,0
DA:415,0
DA:443,0
DA:472,1
DA:494,0
DA:507,0
DA:520,28
DA:536,0
DA:555,0
DA:571,0
DA:590,16
DA:606,0
DA:630,0
LF:28
LH:8
BRF:0
BRH:0
end_of_record
TN:
SF:src/api/__generated__/services/TopicFiltersService.ts
FN:13,(anonymous_0)
FN:21,(anonymous_1)
FN:35,(anonymous_2)
FN:57,(anonymous_3)
FN:78,(anonymous_4)
FN:97,(anonymous_5)
FN:121,(anonymous_6)
FN:147,(anonymous_7)
FNF:8
FNH:2
FNDA:1164,(anonymous_0)
FNDA:1,(anonymous_1)
FNDA:0,(anonymous_2)
FNDA:0,(anonymous_3)
FNDA:0,(anonymous_4)
FNDA:0,(anonymous_5)
FNDA:0,(anonymous_6)
FNDA:0,(anonymous_7)
DA:13,1164
DA:22,1
DA:38,0
DA:60,0
DA:81,0
DA:100,0
DA:125,0
DA:150,0
LF:8
LH:2
BRF:0
BRH:0
end_of_record
TN:
SF:src/api/__generated__/services/UnsService.ts
FN:12,(anonymous_0)
FN:20,(anonymous_1)
FN:34,(anonymous_2)
FNF:3
FNH:1
FNDA:1164,(anonymous_0)
FNDA:0,(anonymous_1)
FNDA:0,(anonymous_2)
DA:12,1164
DA:21,0
DA:37,0
LF:3
LH:1
BRF:0
BRH:0
end_of_record
TN:
SF:src/api/hooks/useCombiners/useCreateCombiner.ts
FN:11,(anonymous_0)
FN:15,(anonymous_1)
FN:21,(anonymous_2)
FNF:3
FNH:1
FNDA:60,(anonymous_0)
FNDA:0,(anonymous_1)
FNDA:0,(anonymous_2)
DA:11,1
DA:12,60
DA:13,60
DA:15,60
DA:16,0
DA:19,60
DA:22,0
LF:7
LH:5
BRF:0
BRH:0
end_of_record
TN:
SF:src/api/hooks/useCombiners/useDeleteCombiner.ts
FN:11,(anonymous_0)
FN:15,(anonymous_1)
FN:21,(anonymous_2)
FNF:3
FNH:0
FNDA:0,(anonymous_0)
FNDA:0,(anonymous_1)
FNDA:0,(anonymous_2)
DA:11,1
DA:12,0
DA:13,0
DA:15,0
DA:16,0
DA:19,0
DA:22,0
LF:7
LH:1
BRF:0
BRH:0
end_of_record
TN:
SF:src/api/hooks/useCombiners/useGetCombiner.ts
FN:7,(anonymous_0)
FN:12,(anonymous_1)
FNF:2
FNH:0
FNDA:0,(anonymous_0)
FNDA:0,(anonymous_1)
DA:7,1
DA:8,0
DA:10,0
DA:12,0
LF:4
LH:1
BRF:0
BRH:0
end_of_record
TN:
SF:src/api/hooks/useCombiners/useListCombinerMappingInstructions.ts
FN:7,(anonymous_0)
FN:18,(anonymous_1)
FNF:2
FNH:0
FNDA:0,(anonymous_0)
FNDA:0,(anonymous_1)
DA:7,1
DA:8,0
DA:10,0
DA:18,0
LF:4
LH:1
BRF:0
BRH:0
end_of_record
TN:
SF:src/api/hooks/useCombiners/useListCombinerMappings.ts
FN:7,(anonymous_0)
FN:12,(anonymous_1)
FNF:2
FNH:0
FNDA:0,(anonymous_0)
FNDA:0,(anonymous_1)
DA:7,1
DA:8,0
DA:10,0
DA:12,0
LF:4
LH:1
BRF:0
BRH:0
end_of_record
TN:
SF:src/api/hooks/useCombiners/useListCombiners.ts
FN:7,(anonymous_0)
FN:12,(anonymous_1)
FNF:2
FNH:2
FNDA:76,(anonymous_0)
FNDA:1,(anonymous_1)
DA:7,1
DA:8,76
DA:10,76
DA:12,1
LF:4
LH:4
BRF:0
BRH:0
end_of_record
TN:
SF:src/api/hooks/useCombiners/useUpdateCombiner.ts
FN:12,(anonymous_0)
FN:16,(anonymous_1)
FN:22,(anonymous_2)
FNF:3
FNH:0
FNDA:0,(anonymous_0)
FNDA:0,(anonymous_1)
FNDA:0,(anonymous_2)
DA:12,1
DA:13,0
DA:14,0
DA:16,0
DA:17,0
DA:20,0
DA:23,0
LF:7
LH:1
BRF:0
BRH:0
end_of_record
TN:
SF:src/api/hooks/useCombiners/__handlers__/index.ts
FN:88,(anonymous_0)
FN:120,(anonymous_1)
FN:125,(anonymous_2)
FN:130,(anonymous_3)
FN:135,(anonymous_4)
FN:142,(anonymous_5)
FN:146,(anonymous_6)
FNF:7
FNH:0
FNDA:0,(anonymous_0)
FNDA:0,(anonymous_1)
FNDA:0,(anonymous_2)
FNDA:0,(anonymous_3)
FNDA:0,(anonymous_4)
FNDA:0,(anonymous_5)
FNDA:0,(anonymous_6)
DA:21,40
DA:23,40
DA:28,40
DA:65,40
DA:76,40
DA:87,40
DA:89,0
DA:121,0
DA:122,0
DA:126,0
DA:127,0
DA:131,0
DA:132,0
DA:136,0
DA:137,0
DA:139,0
DA:143,0
DA:147,0
LF:18
LH:6
BRF:0
BRH:0
end_of_record
TN:
SF:src/api/hooks/useConnection/useGetAdaptersStatus.ts
FN:6,(anonymous_0)
FN:11,(anonymous_1)
FNF:2
FNH:2
FNDA:184,(anonymous_0)
FNDA:28,(anonymous_1)
DA:6,16
DA:7,184
DA:9,184
DA:11,28
LF:4
LH:4
BRF:0
BRH:0
end_of_record
TN:
SF:src/api/hooks/useConnection/useGetBridgesStatus.ts
FN:6,(anonymous_0)
FN:11,(anonymous_1)
FNF:2
FNH:2
FNDA:18,(anonymous_0)
FNDA:1,(anonymous_1)
DA:6,1
DA:7,18
DA:9,18
DA:11,1
LF:4
LH:4
BRF:0
BRH:0
end_of_record
TN:
SF:src/api/hooks/useConnection/__handlers__/index.ts
FN:19,(anonymous_0)
FN:28,(anonymous_1)
FNF:2
FNH:0
FNDA:0,(anonymous_0)
FNDA:0,(anonymous_1)
DA:6,40
DA:12,40
DA:18,40
DA:20,0
DA:29,0
LF:5
LH:3
BRF:0
BRH:0
end_of_record
TN:
SF:src/api/hooks/useDomainModel/useGetSamplesForTopic.ts
FN:8,(anonymous_0)
FN:13,(anonymous_1)
FNF:2
FNH:0
FNDA:0,(anonymous_0)
FNDA:0,(anonymous_1)
DA:8,15
DA:9,0
DA:11,0
DA:13,0
LF:4
LH:1
BRDA:8,0,0,0
BRF:1
BRH:0
end_of_record
TN:
SF:src/api/hooks/useDomainModel/useGetSchemaForTopic.ts
FN:8,(anonymous_0)
FN:13,(anonymous_1)
FNF:2
FNH:0
FNDA:0,(anonymous_0)
FNDA:0,(anonymous_1)
DA:8,15
DA:9,0
DA:11,0
DA:13,0
LF:4
LH:1
BRDA:8,0,0,0
BRF:1
BRH:0
end_of_record
TN:
SF:src/api/hooks/useDomainModel/useSamplingForTopic.ts
FN:7,(anonymous_0)
FN:30,(anonymous_1)
FN:34,(anonymous_2)
FNF:3
FNH:0
FNDA:0,(anonymous_0)
FNDA:0,(anonymous_1)
FNDA:0,(anonymous_2)
DA:7,15
DA:14,0
DA:21,0
DA:28,0
DA:30,0
DA:31,0
DA:34,0
DA:35,0
DA:36,0
DA:37,0
DA:38,0
DA:39,0
DA:40,0
DA:41,0
DA:44,0
DA:47,0
DA:48,0
DA:49,0
DA:50,0
DA:52,0
LF:20
LH:1
BRDA:35,0,0,0
BRDA:37,1,0,0
BRDA:39,2,0,0
BRDA:47,3,0,0
BRDA:47,3,1,0
BRDA:47,3,2,0
BRDA:48,4,0,0
BRDA:48,4,1,0
BRDA:48,4,2,0
BRDA:49,5,0,0
BRDA:49,5,1,0
BRDA:49,5,2,0
BRDA:50,6,0,0
BRDA:50,6,1,0
BRF:14
BRH:0
end_of_record
TN:
SF:src/api/hooks/useDomainModel/useStartSamplingForTopic.ts
FN:6,(anonymous_0)
FN:9,(anonymous_1)
FNF:2
FNH:0
FNDA:0,(anonymous_0)
FNDA:0,(anonymous_1)
DA:6,15
DA:7,0
DA:9,0
DA:10,0
DA:13,0
LF:5
LH:1
BRF:0
BRH:0
end_of_record
TN:
SF:src/api/hooks/useDomainModel/__handlers__/index.ts
FN:15,(anonymous_0)
FN:91,(anonymous_1)
FN:103,(anonymous_2)
FN:119,(anonymous_3)
FN:131,(anonymous_4)
FN:143,(anonymous_5)
FN:152,(anonymous_6)
FN:159,(anonymous_7)
FN:161,(anonymous_8)
FN:165,(anonymous_9)
FN:174,(anonymous_10)
FN:178,(anonymous_11)
FN:192,(anonymous_12)
FNF:13
FNH:0
FNDA:0,(anonymous_0)
FNDA:0,(anonymous_1)
FNDA:0,(anonymous_2)
FNDA:0,(anonymous_3)
FNDA:0,(anonymous_4)
FNDA:0,(anonymous_5)
FNDA:0,(anonymous_6)
FNDA:0,(anonymous_7)
FNDA:0,(anonymous_8)
FNDA:0,(anonymous_9)
FNDA:0,(anonymous_10)
FNDA:0,(anonymous_11)
FNDA:0,(anonymous_12)
DA:15,40
DA:16,0
DA:68,0
DA:69,0
DA:87,0
DA:90,40
DA:92,0
DA:94,0
DA:95,0
DA:100,0
DA:104,0
DA:106,0
DA:107,0
DA:108,0
DA:109,0
DA:110,0
DA:115,0
DA:120,0
DA:122,0
DA:123,0
DA:128,0
DA:132,0
DA:134,0
DA:135,0
DA:140,0
DA:144,0
DA:153,0
DA:155,0
DA:159,40
DA:160,0
DA:162,0
DA:166,0
DA:167,0
DA:168,0
DA:175,0
DA:179,0
DA:180,0
DA:181,0
DA:182,0
DA:183,0
DA:184,0
DA:186,0
DA:191,40
DA:193,0
DA:195,0
DA:196,0
DA:201,0
LF:47
LH:4
BRDA:15,0,0,0
BRDA:17,1,0,0
BRDA:17,1,1,0
BRDA:24,2,0,0
BRDA:24,2,1,0
BRDA:30,3,0,0
BRDA:30,3,1,0
BRDA:34,4,0,0
BRDA:34,4,1,0
BRDA:38,5,0,0
BRDA:38,5,1,0
BRDA:68,6,0,0
BRDA:94,7,0,0
BRDA:108,8,0,0
BRDA:122,9,0,0
BRDA:134,10,0,0
BRDA:181,11,0,0
BRDA:181,12,0,0
BRDA:181,12,1,0
BRDA:195,13,0,0
BRF:20
BRH:0
end_of_record
TN:
SF:src/api/hooks/useFrontendServices/useGetCapabilities.ts
FN:6,(anonymous_0)
FN:11,(anonymous_1)
FNF:2
FNH:2
FNDA:242,(anonymous_0)
FNDA:32,(anonymous_1)
DA:6,40
DA:7,242
DA:9,242
DA:11,32
LF:4
LH:4
BRF:0
BRH:0
end_of_record
TN:
SF:src/api/hooks/useFrontendServices/useGetCapability.ts
FN:6,(anonymous_0)
FN:9,(anonymous_1)
FN:12,(anonymous_2)
FNF:3
FNH:2
FNDA:242,(anonymous_0)
FNDA:36,(anonymous_1)
FNDA:0,(anonymous_2)
DA:6,40
DA:7,242
DA:9,242
DA:10,36
DA:12,0
DA:13,0
DA:15,0
LF:7
LH:4
BRDA:10,0,0,36
BRDA:10,1,0,36
BRDA:10,1,1,0
BRDA:10,1,2,0
BRDA:13,2,0,0
BRDA:13,3,0,0
BRDA:13,3,1,0
BRF:7
BRH:2
end_of_record
TN:
SF:src/api/hooks/useFrontendServices/useGetConfiguration.ts
FN:6,(anonymous_0)
FN:11,(anonymous_1)
FNF:2
FNH:2
FNDA:946,(anonymous_0)
FNDA:40,(anonymous_1)
DA:6,40
DA:7,946
DA:9,946
DA:11,40
LF:4
LH:4
BRF:0
BRH:0
end_of_record
TN:
SF:src/api/hooks/useFrontendServices/useGetNotifications.ts
FN:6,(anonymous_0)
FN:11,(anonymous_1)
FNF:2
FNH:2
FNDA:230,(anonymous_0)
FNDA:32,(anonymous_1)
DA:6,40
DA:7,230
DA:9,230
DA:11,32
LF:4
LH:4
BRF:0
BRH:0
end_of_record
TN:
SF:src/api/hooks/useFrontendServices/__handlers__/index.ts
FN:141,(anonymous_0)
FN:145,(anonymous_1)
FN:149,(anonymous_2)
FN:154,(anonymous_3)
FN:155,(anonymous_4)
FNF:5
FNH:0
FNDA:0,(anonymous_0)
FNDA:0,(anonymous_1)
FNDA:0,(anonymous_2)
FNDA:0,(anonymous_3)
FNDA:0,(anonymous_4)
DA:6,40
DA:8,40
DA:108,40
DA:117,40
DA:123,40
DA:130,40
DA:136,40
DA:140,40
DA:142,0
DA:146,0
DA:150,0
DA:154,40
DA:156,0
LF:13
LH:9
BRF:0
BRH:0
end_of_record
TN:
SF:src/api/hooks/useGateway/useGetListeners.ts
FN:6,(anonymous_0)
FN:11,(anonymous_1)
FNF:2
FNH:2
FNDA:16,(anonymous_0)
FNDA:1,(anonymous_1)
DA:6,1
DA:7,16
DA:9,16
DA:11,1
LF:4
LH:4
BRF:0
BRH:0
end_of_record
TN:
SF:src/api/hooks/useGateway/__handlers__/index.ts
FN:15,(anonymous_0)
FNF:1
FNH:0
FNDA:0,(anonymous_0)
DA:5,40
DA:14,40
DA:16,0
LF:3
LH:2
BRF:0
BRH:0
end_of_record
TN:
SF:src/api/hooks/useGetBridges/useListBridges.ts
FN:6,(anonymous_0)
FN:11,(anonymous_1)
FNF:2
FNH:2
FNDA:16,(anonymous_0)
FNDA:1,(anonymous_1)
DA:6,16
DA:7,16
DA:9,16
DA:12,1
DA:13,0
LF:5
LH:4
BRF:0
BRH:0
end_of_record
TN:
SF:src/api/hooks/useGetBridges/useSetConnectionStatus.ts
FN:12,(anonymous_0)
FN:16,(anonymous_1)
FN:22,(anonymous_2)
FNF:3
FNH:1
FNDA:164,(anonymous_0)
FNDA:0,(anonymous_1)
FNDA:0,(anonymous_2)
DA:12,16
DA:13,164
DA:14,164
DA:16,164
DA:17,0
DA:20,164
DA:24,0
LF:7
LH:5
BRF:0
BRH:0
end_of_record
TN:
SF:src/api/hooks/useGetBridges/__handlers__/index.ts
FN:45,(anonymous_0)
FN:49,(anonymous_1)
FN:54,(anonymous_2)
FN:58,(anonymous_3)
FN:62,(anonymous_4)
FN:66,(anonymous_5)
FN:74,(anonymous_6)
FNF:7
FNH:0
FNDA:0,(anonymous_0)
FNDA:0,(anonymous_1)
FNDA:0,(anonymous_2)
FNDA:0,(anonymous_3)
FNDA:0,(anonymous_4)
FNDA:0,(anonymous_5)
FNDA:0,(anonymous_6)
DA:8,40
DA:10,40
DA:17,40
DA:44,40
DA:46,0
DA:50,0
DA:51,0
DA:55,0
DA:59,0
DA:63,0
DA:67,0
DA:68,0
DA:75,0
LF:13
LH:4
BRF:0
BRH:0
end_of_record
TN:
SF:src/api/hooks/useGitHub/useGetReleases.ts
FN:8,(anonymous_0)
FN:11,(anonymous_1)
FN:12,(anonymous_2)
FNF:3
FNH:3
FNDA:230,(anonymous_0)
FNDA:17,(anonymous_1)
FNDA:17,(anonymous_2)
DA:8,40
DA:9,230
DA:12,17
DA:13,17
DA:14,16
DA:17,17
LF:6
LH:6
BRF:0
BRH:0
end_of_record
TN:
SF:src/api/hooks/useHttpClient/useHttpClient.ts
FN:17,(anonymous_0)
FN:21,(anonymous_1)
FN:26,(anonymous_2)
FN:31,createInstance
FN:35,(anonymous_4)
FN:41,(anonymous_5)
FN:52,(anonymous_6)
FN:56,(anonymous_7)
FN:74,(anonymous_8)
FN:77,createInstance
FNF:10
FNH:9
FNDA:856,(anonymous_0)
FNDA:134,(anonymous_1)
FNDA:2180,(anonymous_2)
FNDA:856,createInstance
FNDA:134,(anonymous_4)
FNDA:33,(anonymous_5)
FNDA:97,(anonymous_6)
FNDA:0,(anonymous_7)
FNDA:946,(anonymous_8)
FNDA:290,createInstance
DA:14,40
DA:18,856
DA:22,134
DA:26,40
DA:27,2180
DA:28,2180
DA:29,2180
DA:33,856
DA:34,856
DA:35,856
DA:36,134
DA:37,134
DA:40,856
DA:44,33
DA:46,33
DA:50,33
DA:55,97
DA:56,0
DA:58,97
DA:62,856
DA:71,2180
DA:74,40
DA:75,946
DA:78,290
DA:83,946
LF:25
LH:24
BRDA:55,0,0,0
BRF:1
BRH:0
end_of_record
TN:
SF:src/api/hooks/usePostAuthentication/index.ts
FN:6,(anonymous_0)
FN:7,(anonymous_1)
FNF:2
FNH:2
FNDA:186,(anonymous_0)
FNDA:18,(anonymous_1)
DA:6,40
DA:7,186
DA:8,18
DA:12,18
DA:15,186
LF:5
LH:5
BRF:0
BRH:0
end_of_record
TN:
SF:src/api/hooks/usePostAuthentication/__handlers__/index.ts
FN:16,(anonymous_0)
FN:18,(anonymous_1)
FN:23,(anonymous_2)
FN:29,(anonymous_3)
FNF:4
FNH:0
FNDA:0,(anonymous_0)
FNDA:0,(anonymous_1)
FNDA:0,(anonymous_2)
FNDA:0,(anonymous_3)
DA:7,40
DA:11,40
DA:16,40
DA:17,0
DA:18,0
DA:19,0
DA:23,0
DA:24,0
DA:28,40
DA:30,0
LF:10
LH:4
BRDA:17,0,0,0
BRDA:17,1,0,0
BRDA:17,1,1,0
BRF:3
BRH:0
end_of_record
TN:
SF:src/api/hooks/useProtocolAdapters/useCreateProtocolAdapter.ts
FN:13,(anonymous_0)
FN:17,(anonymous_1)
FN:23,(anonymous_2)
FN:24,(anonymous_3)
FN:35,(anonymous_4)
FNF:5
FNH:4
FNDA:94,(anonymous_0)
FNDA:1,(anonymous_1)
FNDA:1,(anonymous_2)
FNDA:1,(anonymous_3)
FNDA:0,(anonymous_4)
DA:13,15
DA:14,94
DA:15,94
DA:17,94
DA:18,1
DA:21,94
DA:24,1
DA:25,1
DA:30,1
DA:36,0
LF:10
LH:9
BRDA:31,0,0,1
BRDA:31,0,1,1
BRF:2
BRH:2
end_of_record
TN:
SF:src/api/hooks/useProtocolAdapters/useDeleteProtocolAdapter.ts
FN:7,(anonymous_0)
FN:11,(anonymous_1)
FN:17,(anonymous_2)
FNF:3
FNH:1
FNDA:74,(anonymous_0)
FNDA:0,(anonymous_1)
FNDA:0,(anonymous_2)
DA:7,16
DA:8,74
DA:9,74
DA:11,74
DA:12,0
DA:15,74
DA:18,0
LF:7
LH:5
BRF:0
BRH:0
end_of_record
TN:
SF:src/api/hooks/useProtocolAdapters/useGetAdapterTypes.ts
FN:6,(anonymous_0)
FN:11,(anonymous_1)
FNF:2
FNH:2
FNDA:440,(anonymous_0)
FNDA:16,(anonymous_1)
DA:6,16
DA:7,440
DA:9,440
DA:11,16
LF:4
LH:4
BRF:0
BRH:0
end_of_record
TN:
SF:src/api/hooks/useProtocolAdapters/useGetDomainTags.ts
FN:7,(anonymous_0)
FN:12,(anonymous_1)
FNF:2
FNH:2
FNDA:14,(anonymous_0)
FNDA:1,(anonymous_1)
DA:7,16
DA:8,14
DA:10,14
DA:12,1
LF:4
LH:4
BRF:0
BRH:0
end_of_record
TN:
SF:src/api/hooks/useProtocolAdapters/useGetWritingSchema.ts
FN:7,(anonymous_0)
FN:12,(anonymous_1)
FNF:2
FNH:0
FNDA:0,(anonymous_0)
FNDA:0,(anonymous_1)
DA:7,15
DA:8,0
DA:10,0
DA:12,0
LF:4
LH:1
BRF:0
BRH:0
end_of_record
TN:
SF:src/api/hooks/useProtocolAdapters/useListNorthboundMappings.ts
FN:7,(anonymous_0)
FN:12,(anonymous_1)
FNF:2
FNH:2
FNDA:12,(anonymous_0)
FNDA:1,(anonymous_1)
DA:7,1
DA:8,12
DA:10,12
DA:12,1
LF:4
LH:4
BRF:0
BRH:0
end_of_record
TN:
SF:src/api/hooks/useProtocolAdapters/useListProtocolAdapters.ts
FN:6,(anonymous_0)
FN:11,(anonymous_1)
FNF:2
FNH:2
FNDA:246,(anonymous_0)
FNDA:16,(anonymous_1)
DA:6,16
DA:7,246
DA:9,246
DA:12,16
DA:13,16
LF:5
LH:5
BRF:0
BRH:0
end_of_record
TN:
SF:src/api/hooks/useProtocolAdapters/useListSouthboundMappings.ts
FN:7,(anonymous_0)
FN:12,(anonymous_1)
FNF:2
FNH:2
FNDA:12,(anonymous_0)
FNDA:1,(anonymous_1)
DA:7,1
DA:8,12
DA:10,12
DA:12,1
LF:4
LH:4
BRF:0
BRH:0
end_of_record
TN:
SF:src/api/hooks/useProtocolAdapters/useSetConnectionStatus.ts
FN:12,(anonymous_0)
FN:16,(anonymous_1)
FN:22,(anonymous_2)
FNF:3
FNH:1
FNDA:164,(anonymous_0)
FNDA:0,(anonymous_1)
FNDA:0,(anonymous_2)
DA:12,16
DA:13,164
DA:14,164
DA:16,164
DA:17,0
DA:20,164
DA:23,0
LF:7
LH:5
BRF:0
BRH:0
end_of_record
TN:
SF:src/api/hooks/useProtocolAdapters/useUpdateProtocolAdapter.ts
FN:11,(anonymous_0)
FN:15,(anonymous_1)
FN:21,(anonymous_2)
FNF:3
FNH:1
FNDA:94,(anonymous_0)
FNDA:0,(anonymous_1)
FNDA:0,(anonymous_2)
DA:11,15
DA:12,94
DA:13,94
DA:15,94
DA:16,0
DA:19,94
DA:22,0
LF:7
LH:5
BRF:0
BRH:0
end_of_record
TN:
SF:src/api/hooks/useProtocolAdapters/__handlers__/index.ts
FN:739,(anonymous_0)
FN:760,(anonymous_1)
FN:764,(anonymous_2)
FN:768,(anonymous_3)
FN:773,(anonymous_4)
FN:777,(anonymous_5)
FN:781,(anonymous_6)
FN:787,(anonymous_7)
FN:791,(anonymous_8)
FN:797,(anonymous_9)
FN:810,(anonymous_10)
FN:814,(anonymous_11)
FN:818,(anonymous_12)
FN:822,(anonymous_13)
FNF:14
FNH:0
FNDA:0,(anonymous_0)
FNDA:0,(anonymous_1)
FNDA:0,(anonymous_2)
FNDA:0,(anonymous_3)
FNDA:0,(anonymous_4)
FNDA:0,(anonymous_5)
FNDA:0,(anonymous_6)
FNDA:0,(anonymous_7)
FNDA:0,(anonymous_8)
FNDA:0,(anonymous_9)
FNDA:0,(anonymous_10)
FNDA:0,(anonymous_11)
FNDA:0,(anonymous_12)
FNDA:0,(anonymous_13)
DA:21,40
DA:28,40
DA:59,40
DA:196,40
DA:217,40
DA:222,40
DA:525,40
DA:544,40
DA:554,40
DA:592,40
DA:701,40
DA:702,40
DA:703,40
DA:705,40
DA:739,40
DA:740,0
DA:741,0
DA:743,0
DA:750,0
DA:755,0
DA:759,40
DA:761,0
DA:765,0
DA:769,0
DA:770,0
DA:774,0
DA:778,0
DA:782,0
DA:784,0
DA:788,0
DA:792,0
DA:796,40
DA:798,0
DA:800,0
DA:803,0
DA:804,0
DA:806,0
DA:807,0
DA:811,0
DA:815,0
DA:819,0
DA:823,0
LF:42
LH:17
BRDA:741,0,0,0
BRDA:741,0,1,0
BRDA:741,0,2,0
BRDA:800,1,0,0
BRDA:800,2,0,0
BRDA:800,2,1,0
BRDA:806,3,0,0
BRF:7
BRH:0
end_of_record
TN:
SF:src/api/hooks/useTopicFilters/useListTopicFilters.ts
FN:8,(anonymous_0)
FN:13,(anonymous_1)
FNF:2
FNH:2
FNDA:12,(anonymous_0)
FNDA:1,(anonymous_1)
DA:8,16
DA:9,12
DA:11,12
DA:13,1
LF:4
LH:4
BRF:0
BRH:0
end_of_record
TN:
SF:src/api/types/api-devices.ts
FN:1,(anonymous_0)
FNF:1
FNH:1
FNDA:16,(anonymous_0)
DA:1,16
DA:2,16
DA:3,16
LF:3
LH:3
BRDA:1,0,0,16
BRDA:1,0,1,16
BRF:2
BRH:2
end_of_record
TN:
SF:src/api/types/json-schema.ts
FN:1,(anonymous_0)
FNF:1
FNH:1
FNDA:16,(anonymous_0)
DA:1,16
DA:2,16
DA:3,16
DA:4,16
LF:4
LH:4
BRDA:1,0,0,16
BRDA:1,0,1,16
BRF:2
BRH:2
end_of_record
TN:
SF:src/components/ConditonalWrapper.tsx
FN:1,(anonymous_0)
FN:10,(anonymous_1)
FNF:2
FNH:2
FNDA:40,(anonymous_0)
FNDA:80,(anonymous_1)
DA:1,320
DA:10,40
DA:11,80
LF:3
LH:3
BRDA:1,0,0,80
BRDA:1,0,1,40
BRDA:1,1,0,40
BRDA:11,2,0,0
BRDA:11,2,1,80
BRF:5
BRH:4
end_of_record
TN:
SF:src/components/ErrorMessage.tsx
FN:1,(anonymous_0)
FN:10,(anonymous_1)
FNF:2
FNH:2
FNDA:40,(anonymous_0)
FNDA:4,(anonymous_1)
DA:1,320
DA:10,40
DA:11,4
DA:20,40
DA:22,40
LF:5
LH:5
BRDA:1,0,0,80
BRDA:1,0,1,40
BRDA:1,1,0,40
BRDA:10,2,0,4
BRDA:15,3,0,4
BRDA:15,3,1,0
BRDA:16,4,0,4
BRDA:16,4,1,0
BRF:8
BRH:6
end_of_record
TN:
SF:src/components/PageContainer.tsx
FN:1,(anonymous_0)
FN:11,(anonymous_1)
FNF:2
FNH:2
FNDA:16,(anonymous_0)
FNDA:154,(anonymous_1)
DA:1,128
DA:11,16
DA:12,154
DA:26,16
DA:28,16
LF:5
LH:5
BRDA:1,0,0,32
BRDA:1,0,1,16
BRDA:1,1,0,16
BRDA:17,2,0,154
BRDA:17,2,1,154
BRF:5
BRH:5
end_of_record
TN:
SF:src/components/PasswordInput.tsx
FN:1,(anonymous_0)
FN:20,(anonymous_1)
FN:23,(anonymous_2)
FN:20,(anonymous_3)
FNF:4
FNH:3
FNDA:40,(anonymous_0)
FNDA:186,(anonymous_1)
FNDA:0,(anonymous_2)
FNDA:39,(anonymous_3)
DA:1,360
DA:20,186
DA:21,186
DA:22,186
DA:23,186
DA:25,186
DA:40,40
DA:42,40
LF:8
LH:8
BRDA:1,0,0,80
BRDA:1,0,1,40
BRDA:1,1,0,40
BRDA:27,2,0,0
BRDA:27,2,1,186
BRDA:33,3,0,0
BRDA:33,3,1,186
BRDA:35,4,0,0
BRDA:35,4,1,186
BRF:9
BRH:6
end_of_record
TN:
SF:src/components/SuspenseOutlet.tsx
FN:1,(anonymous_0)
FN:7,(anonymous_1)
FN:15,(anonymous_2)
FNF:3
FNH:3
FNDA:80,(anonymous_0)
FNDA:156,(anonymous_1)
FNDA:290,(anonymous_2)
DA:1,360
DA:7,40
DA:8,156
DA:13,40
DA:15,40
DA:16,290
DA:21,40
DA:23,80
LF:8
LH:8
BRDA:1,0,0,80
BRDA:1,0,1,40
BRDA:1,1,0,40
BRF:3
BRH:3
end_of_record
TN:
SF:src/components/WarningMessage.tsx
FN:1,(anonymous_0)
FN:12,(anonymous_1)
FNF:2
FNH:1
FNDA:16,(anonymous_0)
FNDA:0,(anonymous_1)
DA:1,128
DA:12,16
DA:13,0
DA:28,16
DA:30,16
LF:5
LH:4
BRDA:1,0,0,32
BRDA:1,0,1,16
BRDA:1,1,0,16
BRDA:12,2,0,0
BRDA:15,3,0,0
BRDA:15,3,1,0
BRF:6
BRH:3
end_of_record
TN:
SF:src/components/Chakra/ButtonBadge.tsx
FN:1,(anonymous_0)
FN:11,(anonymous_1)
FNF:2
FNH:2
FNDA:40,(anonymous_0)
FNDA:196,(anonymous_1)
DA:1,320
DA:11,40
DA:19,196
DA:57,40
DA:59,40
LF:5
LH:5
BRDA:1,0,0,80
BRDA:1,0,1,40
BRDA:1,1,0,40
BRDA:50,2,0,196
BRDA:50,2,1,196
BRDA:50,2,2,0
BRDA:50,2,3,196
BRF:7
BRH:6
end_of_record
TN:
SF:src/components/Chakra/IconButton.tsx
FN:1,(anonymous_0)
FN:10,(anonymous_1)
FNF:2
FNH:2
FNDA:40,(anonymous_0)
FNDA:682,(anonymous_1)
DA:1,320
DA:10,40
DA:11,682
DA:16,40
DA:18,40
LF:5
LH:5
BRDA:1,0,0,80
BRDA:1,0,1,40
BRDA:1,1,0,40
BRF:3
BRH:3
end_of_record
TN:
SF:src/components/Chakra/LoaderSpinner.tsx
FN:1,(anonymous_0)
FN:4,(anonymous_1)
FNF:2
FNH:2
FNDA:40,(anonymous_0)
FNDA:274,(anonymous_1)
DA:1,320
DA:4,40
DA:5,274
DA:6,40
DA:8,40
LF:5
LH:5
BRDA:1,0,0,80
BRDA:1,0,1,40
BRDA:1,1,0,40
BRF:3
BRH:3
end_of_record
TN:
SF:src/components/Chakra/SwitchModeButton.tsx
FN:1,(anonymous_0)
FN:8,(anonymous_1)
FN:15,(anonymous_2)
FN:8,(anonymous_3)
FNF:4
FNH:3
FNDA:40,(anonymous_0)
FNDA:162,(anonymous_1)
FNDA:0,(anonymous_2)
FNDA:17,(anonymous_3)
DA:1,360
DA:8,162
DA:9,162
DA:10,162
DA:12,162
DA:15,0
DA:21,40
DA:23,40
LF:8
LH:7
BRDA:1,0,0,80
BRDA:1,0,1,40
BRDA:1,1,0,40
BRDA:17,2,0,0
BRDA:17,2,1,162
BRF:5
BRH:4
end_of_record
TN:
SF:src/components/ConnectionController/ConnectionController.tsx
FN:1,(anonymous_0)
FN:24,(anonymous_1)
FN:35,(anonymous_2)
FN:37,(anonymous_3)
FN:41,(anonymous_4)
FN:47,(anonymous_5)
FN:54,(anonymous_6)
FN:65,(anonymous_7)
FN:24,(anonymous_8)
FNF:9
FNH:4
FNDA:16,(anonymous_0)
FNDA:164,(anonymous_1)
FNDA:144,(anonymous_2)
FNDA:0,(anonymous_3)
FNDA:0,(anonymous_4)
FNDA:0,(anonymous_5)
FNDA:0,(anonymous_6)
FNDA:0,(anonymous_7)
FNDA:15,(anonymous_8)
DA:1,144
DA:24,164
DA:25,164
DA:26,164
DA:27,164
DA:28,164
DA:29,164
DA:31,164
DA:33,164
DA:35,164
DA:36,144
DA:37,0
DA:38,0
DA:41,0
DA:42,0
DA:47,164
DA:49,0
DA:53,0
DA:55,0
DA:56,0
DA:57,0
DA:66,0
DA:78,164
DA:79,16
DA:81,16
LF:25
LH:15
BRDA:1,0,0,32
BRDA:1,0,1,16
BRDA:1,1,0,16
BRDA:24,2,0,0
BRDA:31,3,0,0
BRDA:31,3,1,164
BRDA:36,4,0,0
BRDA:49,5,0,0
BRDA:49,5,1,0
BRDA:56,6,0,0
BRF:10
BRH:4
end_of_record
TN:
SF:src/components/ConnectionController/components/ConnectionButton.tsx
FN:1,(anonymous_0)
FN:9,(anonymous_1)
FN:20,(anonymous_2)
FN:29,(anonymous_3)
FN:37,(anonymous_4)
FN:9,(anonymous_5)
FNF:6
FNH:1
FNDA:16,(anonymous_0)
FNDA:0,(anonymous_1)
FNDA:0,(anonymous_2)
FNDA:0,(anonymous_3)
FNDA:0,(anonymous_4)
FNDA:0,(anonymous_5)
DA:1,144
DA:9,16
DA:10,16
DA:12,0
DA:20,0
DA:29,0
DA:37,0
DA:41,16
DA:43,16
LF:9
LH:5
BRDA:1,0,0,32
BRDA:1,0,1,16
BRDA:1,1,0,16
BRDA:14,2,0,0
BRDA:14,2,1,0
BRDA:23,3,0,0
BRDA:23,3,1,0
BRDA:33,4,0,0
BRDA:33,4,1,0
BRF:9
BRH:3
end_of_record
TN:
SF:src/components/ConnectionController/components/ConnectionMenu.tsx
FN:1,(anonymous_0)
FN:7,(anonymous_1)
FN:16,(anonymous_2)
FN:26,(anonymous_3)
FN:35,(anonymous_4)
FN:7,(anonymous_5)
FNF:6
FNH:3
FNDA:16,(anonymous_0)
FNDA:164,(anonymous_1)
FNDA:0,(anonymous_2)
FNDA:0,(anonymous_3)
FNDA:0,(anonymous_4)
FNDA:15,(anonymous_5)
DA:1,144
DA:7,164
DA:8,164
DA:10,164
DA:16,0
DA:26,0
DA:35,0
DA:41,16
DA:43,16
LF:9
LH:6
BRDA:1,0,0,32
BRDA:1,0,1,16
BRDA:1,1,0,16
BRDA:12,2,0,164
BRDA:12,2,1,164
BRDA:22,3,0,164
BRDA:22,3,1,0
BRDA:33,4,0,164
BRDA:33,4,1,164
BRF:9
BRH:8
end_of_record
TN:
SF:src/components/ConnectionStatusBadge/ConnectionStatusBadge.tsx
FN:1,(anonymous_0)
FN:13,(anonymous_1)
FN:13,(anonymous_2)
FNF:3
FNH:3
FNDA:16,(anonymous_0)
FNDA:180,(anonymous_1)
FNDA:15,(anonymous_2)
DA:1,144
DA:13,180
DA:14,180
DA:17,180
DA:23,180
DA:24,0
DA:33,180
DA:38,16
DA:40,16
LF:9
LH:8
BRDA:1,0,0,32
BRDA:1,0,1,16
BRDA:1,1,0,16
BRDA:13,2,0,180
BRDA:18,3,0,0
BRDA:18,3,1,180
BRDA:20,4,0,180
BRDA:20,4,1,168
BRDA:23,5,0,0
BRF:9
BRH:7
end_of_record
TN:
SF:src/components/DateTime/DateTimeRangeSelector.tsx
FN:1,(anonymous_0)
FN:19,(anonymous_1)
FN:23,(anonymous_2)
FN:28,(anonymous_3)
FN:30,(anonymous_4)
FN:39,(anonymous_5)
FN:51,(anonymous_6)
FN:57,(anonymous_7)
FN:59,(anonymous_8)
FN:69,(anonymous_9)
FN:19,(anonymous_10)
FNF:11
FNH:1
FNDA:16,(anonymous_0)
FNDA:0,(anonymous_1)
FNDA:0,(anonymous_2)
FNDA:0,(anonymous_3)
FNDA:0,(anonymous_4)
FNDA:0,(anonymous_5)
FNDA:0,(anonymous_6)
FNDA:0,(anonymous_7)
FNDA:0,(anonymous_8)
FNDA:0,(anonymous_9)
FNDA:0,(anonymous_10)
DA:1,144
DA:19,16
DA:20,16
DA:21,0
DA:23,0
DA:24,0
DA:25,0
DA:28,0
DA:29,0
DA:30,0
DA:31,0
DA:32,0
DA:33,0
DA:34,0
DA:35,0
DA:39,0
DA:40,0
DA:41,0
DA:42,0
DA:43,0
DA:44,0
DA:45,0
DA:49,0
DA:51,0
DA:57,0
DA:59,0
DA:69,0
DA:72,16
DA:74,16
LF:29
LH:5
BRDA:1,0,0,32
BRDA:1,0,1,16
BRDA:1,1,0,16
BRDA:25,2,0,0
BRDA:34,3,0,0
BRDA:40,4,0,0
BRDA:40,4,1,0
BRDA:44,5,0,0
BRF:8
BRH:3
end_of_record
TN:
SF:src/components/DateTime/DateTimeRenderer.tsx
FN:1,(anonymous_0)
FN:14,(anonymous_1)
FN:14,(anonymous_2)
FNF:3
FNH:3
FNDA:16,(anonymous_0)
FNDA:164,(anonymous_1)
FNDA:15,(anonymous_2)
DA:1,144
DA:14,164
DA:15,164
DA:16,164
DA:27,164
DA:35,164
DA:36,164
DA:38,0
DA:41,164
DA:42,164
DA:43,164
DA:58,0
DA:63,16
DA:65,16
LF:14
LH:12
BRDA:1,0,0,32
BRDA:1,0,1,16
BRDA:1,1,0,16
BRDA:14,2,0,0
BRDA:14,3,0,164
BRDA:35,4,0,0
BRDA:35,4,1,164
BRDA:36,5,0,0
BRDA:41,6,0,164
BRDA:52,7,0,164
BRDA:52,7,1,0
BRF:11
BRH:7
end_of_record
TN:
SF:src/components/DateTime/components/Option.tsx
FN:1,(anonymous_0)
FN:10,(anonymous_1)
FNF:2
FNH:1
FNDA:16,(anonymous_0)
FNDA:0,(anonymous_1)
DA:1,128
DA:10,16
DA:11,0
DA:14,0
DA:16,0
DA:17,0
DA:20,0
DA:28,16
DA:30,16
LF:9
LH:4
BRDA:1,0,0,32
BRDA:1,0,1,16
BRDA:1,1,0,16
BRDA:16,2,0,0
BRDA:23,3,0,0
BRDA:23,3,1,0
BRF:6
BRH:3
end_of_record
TN:
SF:src/components/DateTime/components/OptionBadge.tsx
FN:1,(anonymous_0)
FN:11,(anonymous_1)
FN:11,(anonymous_2)
FNF:3
FNH:1
FNDA:16,(anonymous_0)
FNDA:0,(anonymous_1)
FNDA:0,(anonymous_2)
DA:1,144
DA:11,16
DA:12,16
DA:13,0
DA:15,0
DA:17,0
DA:32,16
DA:34,16
LF:8
LH:5
BRDA:1,0,0,32
BRDA:1,0,1,16
BRDA:1,1,0,16
BRDA:15,2,0,0
BRF:4
BRH:3
end_of_record
TN:
SF:src/components/DateTime/components/OptionCommand.tsx
FN:1,(anonymous_0)
FN:9,(anonymous_1)
FNF:2
FNH:1
FNDA:16,(anonymous_0)
FNDA:0,(anonymous_1)
DA:1,128
DA:9,16
DA:10,0
DA:17,16
DA:19,16
LF:5
LH:4
BRDA:1,0,0,32
BRDA:1,0,1,16
BRDA:1,1,0,16
BRF:3
BRH:3
end_of_record
TN:
SF:src/components/DateTime/hooks/useRangeTranslation.ts
FN:5,(anonymous_0)
FN:8,(anonymous_1)
FNF:2
FNH:0
FNDA:0,(anonymous_0)
FNDA:0,(anonymous_1)
DA:5,16
DA:6,0
DA:8,0
DA:9,0
DA:11,0
DA:12,0
DA:14,0
DA:15,0
DA:18,0
LF:9
LH:1
BRDA:9,0,0,0
BRDA:12,1,0,0
BRF:2
BRH:0
end_of_record
TN:
SF:src/components/DateTime/utils/duration.utils.ts
FN:4,(anonymous_0)
FN:13,(anonymous_1)
FNF:2
FNH:2
FNDA:164,(anonymous_0)
FNDA:820,(anonymous_1)
DA:4,16
DA:5,164
DA:11,164
DA:13,820
DA:16,164
DA:17,164
DA:18,0
DA:22,164
LF:8
LH:7
BRDA:16,0,0,0
BRDA:17,1,0,0
BRF:2
BRH:0
end_of_record
TN:
SF:src/components/DateTime/utils/range-option.utils.ts
FN:9,(anonymous_0)
FN:18,(anonymous_1)
FNF:2
FNH:0
FNDA:0,(anonymous_0)
FNDA:0,(anonymous_1)
DA:5,16
DA:9,16
DA:11,0
DA:13,0
DA:14,0
DA:15,0
DA:18,16
DA:19,0
DA:22,0
DA:23,0
DA:25,0
DA:26,0
DA:33,0
DA:34,0
DA:41,0
DA:42,0
DA:49,0
DA:50,0
DA:73,0
DA:74,0
DA:104,0
DA:105,0
DA:107,0
LF:23
LH:3
BRDA:11,0,0,0
BRDA:11,1,0,0
BRDA:11,1,1,0
BRDA:13,2,0,0
BRDA:13,2,1,0
BRDA:13,3,0,0
BRDA:19,4,0,0
BRDA:19,5,0,0
BRDA:19,5,1,0
BRDA:25,6,0,0
BRDA:33,7,0,0
BRDA:41,8,0,0
BRDA:49,9,0,0
BRDA:73,10,0,0
BRF:14
BRH:0
end_of_record
TN:
SF:src/components/Icons/TopicIcon.tsx
FN:1,(anonymous_0)
FN:9,(anonymous_1)
FN:9,(anonymous_2)
FN:14,(anonymous_3)
FN:14,(anonymous_4)
FN:19,(anonymous_5)
FN:19,(anonymous_6)
FN:24,(anonymous_7)
FN:24,(anonymous_8)
FN:29,(anonymous_9)
FN:29,(anonymous_10)
FNF:11
FNH:7
FNDA:200,(anonymous_0)
FNDA:578,(anonymous_1)
FNDA:15,(anonymous_2)
FNDA:0,(anonymous_3)
FNDA:0,(anonymous_4)
FNDA:588,(anonymous_5)
FNDA:15,(anonymous_6)
FNDA:0,(anonymous_7)
FNDA:0,(anonymous_8)
FNDA:734,(anonymous_9)
FNDA:17,(anonymous_10)
DA:1,640
DA:9,578
DA:10,578
DA:11,578
DA:12,40
DA:14,40
DA:15,40
DA:16,0
DA:17,40
DA:19,588
DA:20,588
DA:21,588
DA:22,40
DA:24,40
DA:25,40
DA:26,0
DA:27,40
DA:29,734
DA:30,734
DA:31,734
DA:32,40
LF:21
LH:19
BRDA:1,0,0,40
BRDA:1,0,1,0
BRDA:1,1,0,40
BRDA:1,2,0,40
BRDA:1,2,1,40
BRF:5
BRH:4
end_of_record
TN:
SF:src/components/MQTT/EntityCreatableSelect.tsx
FN:1,(anonymous_0)
FN:32,(anonymous_1)
FN:37,(anonymous_2)
FN:55,(anonymous_3)
FN:64,(anonymous_4)
FN:88,(anonymous_5)
FN:99,(anonymous_6)
FN:101,(anonymous_7)
FN:105,(anonymous_8)
FN:111,(anonymous_9)
FN:133,(anonymous_10)
FN:134,(anonymous_11)
FN:88,(anonymous_12)
FN:159,(anonymous_13)
FN:162,(anonymous_14)
FN:159,(anonymous_15)
FN:178,(anonymous_16)
FN:181,(anonymous_17)
FN:178,(anonymous_18)
FN:202,(anonymous_19)
FN:204,(anonymous_20)
FN:202,(anonymous_21)
FNF:22
FNH:1
FNDA:60,(anonymous_0)
FNDA:0,(anonymous_1)
FNDA:0,(anonymous_2)
FNDA:0,(anonymous_3)
FNDA:0,(anonymous_4)
FNDA:0,(anonymous_5)
FNDA:0,(anonymous_6)
FNDA:0,(anonymous_7)
FNDA:0,(anonymous_8)
FNDA:0,(anonymous_9)
FNDA:0,(anonymous_10)
FNDA:0,(anonymous_11)
FNDA:0,(anonymous_12)
FNDA:0,(anonymous_13)
FNDA:0,(anonymous_14)
FNDA:0,(anonymous_15)
FNDA:0,(anonymous_16)
FNDA:0,(anonymous_17)
FNDA:0,(anonymous_18)
FNDA:0,(anonymous_19)
FNDA:0,(anonymous_20)
FNDA:0,(anonymous_21)
DA:1,210
DA:32,15
DA:35,0
DA:38,0
DA:39,0
DA:56,0
DA:65,0
DA:88,15
DA:97,0
DA:98,15
DA:99,0
DA:100,0
DA:101,0
DA:102,0
DA:104,0
DA:106,0
DA:107,0
DA:108,0
DA:110,0
DA:111,0
DA:112,0
DA:115,0
DA:120,0
DA:124,0
DA:126,0
DA:133,0
DA:134,0
DA:147,15
DA:159,15
DA:160,15
DA:162,0
DA:167,0
DA:176,15
DA:178,15
DA:179,15
DA:181,0
DA:187,0
DA:196,15
DA:202,60
DA:203,15
DA:204,0
DA:206,0
DA:215,15
LF:43
LH:14
BRDA:1,0,0,15
BRDA:1,0,1,0
BRDA:1,1,0,15
BRDA:1,2,0,15
BRDA:1,2,1,15
BRDA:42,3,0,0
BRDA:42,3,1,0
BRDA:43,4,0,0
BRDA:43,4,1,0
BRDA:44,5,0,0
BRDA:44,5,1,0
BRDA:46,6,0,0
BRDA:46,6,1,0
BRDA:47,7,0,0
BRDA:47,7,1,0
BRDA:57,8,0,0
BRDA:57,8,1,0
BRDA:57,8,2,0
BRDA:58,9,0,0
BRDA:58,9,1,0
BRDA:58,9,2,0
BRDA:59,10,0,0
BRDA:59,10,1,0
BRDA:59,10,2,0
BRDA:68,11,0,0
BRDA:68,11,1,0
BRDA:69,12,0,0
BRDA:69,12,1,0
BRDA:70,13,0,0
BRDA:70,13,1,0
BRDA:90,14,0,0
BRDA:91,15,0,0
BRDA:100,16,0,0
BRDA:101,17,0,0
BRDA:106,18,0,0
BRDA:110,19,0,0
BRDA:124,20,0,0
BRDA:124,20,1,0
BRDA:162,21,0,0
BRDA:162,21,1,0
BRDA:181,22,0,0
BRDA:181,22,1,0
BRDA:204,23,0,0
BRDA:204,23,1,0
BRF:44
BRH:4
end_of_record
TN:
SF:src/components/MQTT/EntityTag.tsx
FN:1,(anonymous_0)
FN:18,(anonymous_1)
FN:28,(anonymous_2)
FN:32,(anonymous_3)
FN:36,(anonymous_4)
FN:40,(anonymous_5)
FNF:6
FNH:3
FNDA:80,(anonymous_0)
FNDA:8,(anonymous_1)
FNDA:8,(anonymous_2)
FNDA:0,(anonymous_3)
FNDA:0,(anonymous_4)
FNDA:0,(anonymous_5)
DA:1,192
DA:18,16
DA:19,8
DA:20,8
DA:26,16
DA:28,16
DA:29,8
DA:30,16
DA:32,16
DA:33,0
DA:34,16
DA:36,16
DA:37,0
DA:38,16
DA:40,80
DA:41,0
DA:42,16
LF:17
LH:14
BRDA:1,0,0,32
BRDA:1,0,1,16
BRDA:1,1,0,16
BRDA:19,2,0,8
BRDA:19,2,1,0
BRDA:23,3,0,8
BRDA:23,3,1,0
BRF:7
BRH:5
end_of_record
TN:
SF:src/components/MQTT/topic-utils.ts
FN:3,(anonymous_0)
FNF:1
FNH:1
FNDA:8,(anonymous_0)
DA:1,16
DA:3,16
LF:2
LH:2
BRF:0
BRH:0
end_of_record
TN:
SF:src/components/MQTT/types.ts
FN:1,(anonymous_0)
FNF:1
FNH:1
FNDA:16,(anonymous_0)
DA:1,16
DA:2,16
DA:3,16
DA:4,16
LF:4
LH:4
BRDA:1,0,0,16
BRDA:1,0,1,16
BRF:2
BRH:2
end_of_record
TN:
SF:src/components/Modal/ConfirmationDialog.tsx
FN:1,(anonymous_0)
FN:24,(anonymous_1)
FN:44,(anonymous_2)
FN:24,(anonymous_3)
FNF:4
FNH:3
FNDA:16,(anonymous_0)
FNDA:74,(anonymous_1)
FNDA:0,(anonymous_2)
FNDA:15,(anonymous_3)
DA:1,128
DA:24,74
DA:25,74
DA:26,74
DA:28,74
DA:45,0
DA:46,0
DA:58,16
DA:60,16
LF:9
LH:7
BRDA:1,0,0,16
BRDA:1,0,1,0
BRDA:1,1,0,16
BRDA:1,2,0,16
BRDA:1,2,1,16
BRDA:51,3,0,74
BRDA:51,3,1,74
BRF:7
BRH:6
end_of_record
TN:
SF:src/components/PaginatedTable/PaginatedTable.tsx
FN:1,(anonymous_0)
FN:56,(anonymous_1)
FN:100,(anonymous_2)
FN:100,(anonymous_3)
FN:109,(anonymous_4)
FN:111,(anonymous_5)
FN:175,(anonymous_6)
FN:178,(anonymous_7)
FN:187,(anonymous_8)
FN:189,(anonymous_9)
FN:56,(anonymous_10)
FNF:11
FNH:9
FNDA:16,(anonymous_0)
FNDA:74,(anonymous_1)
FNDA:74,(anonymous_2)
FNDA:370,(anonymous_3)
FNDA:74,(anonymous_4)
FNDA:370,(anonymous_5)
FNDA:164,(anonymous_6)
FNDA:820,(anonymous_7)
FNDA:0,(anonymous_8)
FNDA:0,(anonymous_9)
FNDA:15,(anonymous_10)
DA:1,128
DA:54,16
DA:56,16
DA:68,74
DA:69,74
DA:70,74
DA:71,74
DA:72,74
DA:74,74
DA:98,74
DA:100,370
DA:104,74
DA:110,74
DA:112,370
DA:176,164
DA:179,820
DA:188,0
DA:190,0
DA:205,16
DA:207,16
LF:20
LH:18
BRDA:1,0,0,16
BRDA:1,0,1,0
BRDA:1,1,0,16
BRDA:1,2,0,16
BRDA:1,2,1,16
BRDA:59,3,0,74
BRDA:62,4,0,74
BRDA:63,5,0,74
BRDA:64,6,0,74
BRDA:65,7,0,74
BRDA:66,8,0,74
BRDA:119,9,0,370
BRDA:119,9,1,0
BRDA:120,10,0,370
BRDA:120,10,1,370
BRDA:120,10,2,296
BRDA:132,11,0,296
BRDA:132,11,1,296
BRDA:141,12,0,370
BRDA:141,12,1,370
BRDA:141,12,2,74
BRDA:146,13,0,370
BRDA:146,13,1,0
BRDA:159,14,0,74
BRDA:159,14,1,0
BRDA:162,15,0,0
BRDA:162,15,1,0
BRDA:166,16,0,0
BRDA:166,16,1,0
BRDA:167,17,0,0
BRDA:167,17,1,0
BRDA:174,18,0,74
BRDA:174,18,1,74
BRDA:185,19,0,74
BRDA:185,19,1,0
BRDA:191,20,0,0
BRDA:191,20,1,0
BRDA:200,21,0,74
BRDA:200,21,1,74
BRF:39
BRH:26
end_of_record
TN:
SF:src/components/PaginatedTable/components/Filter.tsx
FN:1,(anonymous_0)
FN:18,(anonymous_1)
FN:31,(anonymous_2)
FN:49,(anonymous_3)
FN:68,(anonymous_4)
FN:69,(anonymous_5)
FN:71,(anonymous_6)
FN:72,(anonymous_7)
FN:18,(anonymous_8)
FNF:9
FNH:1
FNDA:16,(anonymous_0)
FNDA:0,(anonymous_1)
FNDA:0,(anonymous_2)
FNDA:0,(anonymous_3)
FNDA:0,(anonymous_4)
FNDA:0,(anonymous_5)
FNDA:0,(anonymous_6)
FNDA:0,(anonymous_7)
FNDA:0,(anonymous_8)
DA:1,144
DA:18,16
DA:26,0
DA:27,16
DA:29,0
DA:30,0
DA:31,0
DA:36,0
DA:38,0
DA:40,0
DA:41,0
DA:42,0
DA:44,0
DA:50,0
DA:51,0
DA:59,0
DA:61,0
DA:68,0
DA:69,0
DA:71,0
DA:72,0
DA:82,16
LF:22
LH:4
BRDA:1,0,0,32
BRDA:1,0,1,16
BRDA:1,1,0,16
BRDA:31,2,0,0
BRDA:31,2,1,0
BRDA:38,3,0,0
BRDA:38,4,0,0
BRDA:38,4,1,0
BRDA:40,5,0,0
BRDA:40,5,1,0
BRDA:50,6,0,0
BRDA:50,6,1,0
BRDA:59,7,0,0
BRF:13
BRH:3
end_of_record
TN:
SF:src/components/PaginatedTable/components/PaginationBar.tsx
FN:1,(anonymous_0)
FN:33,(anonymous_1)
FN:37,(anonymous_2)
FN:46,(anonymous_3)
FN:52,(anonymous_4)
FN:58,(anonymous_5)
FN:64,(anonymous_6)
FN:90,(anonymous_7)
FN:114,(anonymous_8)
FN:118,(anonymous_9)
FN:37,(anonymous_10)
FNF:11
FNH:5
FNDA:32,(anonymous_0)
FNDA:296,(anonymous_1)
FNDA:74,(anonymous_2)
FNDA:0,(anonymous_3)
FNDA:0,(anonymous_4)
FNDA:0,(anonymous_5)
FNDA:0,(anonymous_6)
FNDA:0,(anonymous_7)
FNDA:0,(anonymous_8)
FNDA:444,(anonymous_9)
FNDA:15,(anonymous_10)
DA:1,160
DA:33,16
DA:34,296
DA:35,16
DA:37,74
DA:38,74
DA:39,74
DA:41,74
DA:46,0
DA:52,0
DA:58,0
DA:64,0
DA:90,0
DA:115,0
DA:119,444
DA:129,16
DA:131,32
LF:17
LH:11
BRDA:1,0,0,32
BRDA:1,0,1,16
BRDA:1,1,0,16
BRDA:70,2,0,74
BRDA:70,2,1,74
BRDA:81,3,0,74
BRDA:81,3,1,74
BRDA:81,3,2,74
BRDA:101,4,0,74
BRDA:101,4,1,74
BRF:10
BRH:10
end_of_record
TN:
SF:src/components/PaginatedTable/utils/table-utils.ts
FN:4,(anonymous_0)
FNF:1
FNH:1
FNDA:370,(anonymous_0)
DA:4,16
DA:5,370
DA:6,296
DA:7,296
DA:10,296
LF:5
LH:5
BRDA:5,0,0,74
BRDA:6,1,0,0
BRDA:7,2,0,0
BRF:3
BRH:1
end_of_record
TN:
SF:src/components/react-flow/MiniMap.tsx
FN:1,(anonymous_0)
FN:9,(anonymous_1)
FNF:2
FNH:2
FNDA:2,(anonymous_0)
FNDA:16,(anonymous_1)
DA:1,9
DA:7,1
DA:9,1
DA:10,16
DA:25,1
DA:27,2
LF:6
LH:6
BRDA:1,0,0,2
BRDA:1,0,1,1
BRDA:1,1,0,1
BRF:3
BRH:3
end_of_record
TN:
SF:src/components/react-flow/NodeToolbar.tsx
FN:1,(anonymous_0)
FN:9,(anonymous_1)
FNF:2
FNH:2
FNDA:2,(anonymous_0)
FNDA:60,(anonymous_1)
DA:1,9
DA:7,1
DA:9,1
DA:10,60
DA:35,1
DA:37,2
LF:6
LH:6
BRDA:1,0,0,2
BRDA:1,0,1,1
BRDA:1,1,0,1
BRF:3
BRH:3
end_of_record
TN:
SF:src/components/react-flow/Panel.tsx
FN:1,(anonymous_0)
FN:13,(anonymous_1)
FNF:2
FNH:2
FNDA:1,(anonymous_0)
FNDA:40,(anonymous_1)
DA:1,8
DA:13,1
DA:14,40
DA:32,1
DA:34,1
LF:5
LH:5
BRDA:1,0,0,2
BRDA:1,0,1,1
BRDA:1,1,0,1
BRF:3
BRH:3
end_of_record
TN:
SF:src/components/react-flow/ToolbarButtonGroup.tsx
FN:1,(anonymous_0)
FN:6,(anonymous_1)
FNF:2
FNH:2
FNDA:1,(anonymous_0)
FNDA:44,(anonymous_1)
DA:1,8
DA:6,1
DA:7,44
DA:12,1
DA:14,1
LF:5
LH:5
BRDA:1,0,0,2
BRDA:1,0,1,1
BRDA:1,1,0,1
BRF:3
BRH:3
end_of_record
TN:
SF:src/components/react-icons/hm/HmInput.tsx
FN:1,(anonymous_0)
FN:4,(anonymous_1)
FNF:2
FNH:2
FNDA:16,(anonymous_0)
FNDA:8,(anonymous_1)
DA:1,128
DA:4,16
DA:5,8
DA:30,16
LF:4
LH:4
BRDA:1,0,0,32
BRDA:1,0,1,16
BRDA:1,1,0,16
BRF:3
BRH:3
end_of_record
TN:
SF:src/components/react-icons/hm/HmOutput.tsx
FN:1,(anonymous_0)
FN:4,(anonymous_1)
FNF:2
FNH:2
FNDA:16,(anonymous_0)
FNDA:34,(anonymous_1)
DA:1,128
DA:4,16
DA:5,34
DA:30,16
LF:4
LH:4
BRDA:1,0,0,32
BRDA:1,0,1,16
BRDA:1,1,0,16
BRF:3
BRH:3
end_of_record
TN:
SF:src/components/rjsf/ArrayFieldItemTemplate.tsx
FN:1,(anonymous_0)
FN:32,(anonymous_1)
FN:55,(anonymous_2)
FN:65,(anonymous_3)
FN:73,(anonymous_4)
FN:83,(anonymous_5)
FN:84,(anonymous_6)
FN:85,(anonymous_7)
FN:86,(anonymous_8)
FN:88,(anonymous_9)
FN:32,(anonymous_10)
FNF:11
FNH:1
FNDA:15,(anonymous_0)
FNDA:0,(anonymous_1)
FNDA:0,(anonymous_2)
FNDA:0,(anonymous_3)
FNDA:0,(anonymous_4)
FNDA:0,(anonymous_5)
FNDA:0,(anonymous_6)
FNDA:0,(anonymous_7)
FNDA:0,(anonymous_8)
FNDA:0,(anonymous_9)
FNDA:0,(anonymous_10)
DA:1,135
DA:32,15
DA:48,0
DA:49,0
DA:50,0
DA:51,0
DA:52,0
DA:53,0
DA:55,0
DA:56,0
DA:59,15
DA:65,0
DA:66,0
DA:70,0
DA:73,0
DA:74,0
DA:77,0
DA:79,0
DA:83,0
DA:84,0
DA:85,0
DA:86,0
DA:88,0
DA:89,0
DA:90,0
DA:102,0
DA:105,0
DA:110,0
DA:168,15
LF:29
LH:4
BRDA:1,0,0,30
BRDA:1,0,1,15
BRDA:1,1,0,15
BRDA:61,2,0,0
BRDA:61,2,1,0
BRDA:61,2,2,0
BRDA:61,2,3,0
BRDA:66,3,0,0
BRDA:66,3,1,0
BRDA:74,4,0,0
BRDA:79,5,0,0
BRDA:79,5,1,0
BRDA:79,6,0,0
BRDA:79,6,1,0
BRDA:79,6,2,0
BRDA:112,7,0,0
BRDA:112,7,1,0
BRDA:114,8,0,0
BRDA:114,8,1,0
BRDA:117,9,0,0
BRDA:117,9,1,0
BRDA:120,10,0,0
BRDA:120,10,1,0
BRDA:124,11,0,0
BRDA:124,11,1,0
BRDA:126,12,0,0
BRDA:126,12,1,0
BRDA:126,12,2,0
BRDA:128,13,0,0
BRDA:128,13,1,0
BRDA:128,13,2,0
BRDA:131,14,0,0
BRDA:131,14,1,0
BRDA:131,14,2,0
BRDA:136,15,0,0
BRDA:136,15,1,0
BRDA:136,15,2,0
BRDA:142,16,0,0
BRDA:142,16,1,0
BRDA:144,17,0,0
BRDA:144,17,1,0
BRDA:150,18,0,0
BRDA:150,18,1,0
BRDA:152,19,0,0
BRDA:152,19,1,0
BRDA:164,20,0,0
BRDA:164,20,1,0
BRDA:164,21,0,0
BRDA:164,21,1,0
BRF:49
BRH:3
end_of_record
TN:
SF:src/components/rjsf/ArrayFieldTemplate.tsx
FN:1,(anonymous_0)
FN:11,(anonymous_1)
FN:63,(anonymous_2)
FNF:3
FNH:1
FNDA:15,(anonymous_0)
FNDA:0,(anonymous_1)
FNDA:0,(anonymous_2)
DA:1,120
DA:11,15
DA:25,0
DA:26,0
DA:27,0
DA:32,0
DA:33,0
DA:35,0
DA:36,0
DA:38,0
DA:64,0
DA:87,15
LF:12
LH:3
BRDA:1,0,0,30
BRDA:1,0,1,15
BRDA:1,1,0,15
BRDA:35,2,0,0
BRDA:35,2,1,0
BRDA:42,3,0,0
BRDA:42,3,1,0
BRDA:50,4,0,0
BRDA:50,4,1,0
BRDA:62,5,0,0
BRDA:62,5,1,0
BRDA:68,6,0,0
BRDA:68,6,1,0
BRDA:74,7,0,0
BRDA:74,7,1,0
BRDA:79,8,0,0
BRDA:79,8,1,0
BRDA:79,8,2,0
BRDA:79,8,3,0
BRF:19
BRH:3
end_of_record
TN:
SF:src/components/rjsf/BaseInputTemplate.tsx
FN:1,(anonymous_0)
FN:8,(anonymous_1)
FN:18,(anonymous_2)
FN:20,(anonymous_3)
FN:21,(anonymous_4)
FN:55,(anonymous_5)
FNF:6
FNH:5
FNDA:15,(anonymous_0)
FNDA:676,(anonymous_1)
FNDA:13,(anonymous_2)
FNDA:10,(anonymous_3)
FNDA:14,(anonymous_4)
FNDA:0,(anonymous_5)
DA:1,120
DA:8,15
DA:9,676
DA:11,676
DA:12,676
DA:13,676
DA:15,0
DA:18,676
DA:19,13
DA:20,676
DA:21,676
DA:23,676
DA:56,0
DA:62,15
LF:14
LH:12
BRDA:1,0,0,30
BRDA:1,0,1,15
BRDA:1,1,0,15
BRDA:13,2,0,0
BRDA:13,3,0,676
BRDA:13,3,1,0
BRDA:19,4,0,0
BRDA:19,4,1,13
BRDA:20,5,0,10
BRDA:20,5,1,10
BRDA:21,6,0,14
BRDA:21,6,1,14
BRDA:27,7,0,676
BRDA:27,7,1,676
BRDA:30,8,0,676
BRDA:30,8,1,310
BRDA:36,9,0,676
BRDA:36,9,1,676
BRDA:41,10,0,484
BRDA:41,10,1,192
BRDA:41,11,0,676
BRDA:41,11,1,462
BRDA:42,12,0,676
BRDA:42,12,1,676
BRDA:48,13,0,0
BRDA:48,13,1,676
BRDA:51,14,0,0
BRDA:51,14,1,676
BRDA:54,15,0,0
BRDA:54,15,1,0
BRDA:54,16,0,0
BRDA:54,16,1,0
BRF:32
BRH:23
end_of_record
TN:
SF:src/components/rjsf/FieldTemplate.tsx
FN:1,(anonymous_0)
FN:15,(anonymous_1)
FNF:2
FNH:2
FNDA:15,(anonymous_0)
FNDA:1198,(anonymous_1)
DA:1,120
DA:15,15
DA:37,1198
DA:39,1198
DA:40,1198
DA:46,1198
DA:47,0
DA:50,1198
DA:84,15
LF:9
LH:8
BRDA:1,0,0,30
BRDA:1,0,1,15
BRDA:1,1,0,15
BRDA:46,2,0,0
BRDA:70,3,0,1198
BRDA:70,3,1,552
BRDA:73,4,0,44
BRDA:73,4,1,1154
BRDA:73,5,0,1198
BRDA:73,5,1,552
BRDA:77,6,0,754
BRDA:77,6,1,400
BRDA:77,7,0,1154
BRDA:77,7,1,754
BRF:14
BRH:13
end_of_record
TN:
SF:src/components/rjsf/ObjectFieldTemplate.tsx
FN:1,(anonymous_0)
FN:14,(anonymous_1)
FN:56,(anonymous_2)
FN:66,(anonymous_3)
FN:72,(anonymous_4)
FN:73,(anonymous_5)
FN:84,(anonymous_6)
FN:85,(anonymous_7)
FN:90,(anonymous_8)
FN:101,(anonymous_9)
FN:102,(anonymous_10)
FN:14,(anonymous_11)
FNF:12
FNH:11
FNDA:15,(anonymous_0)
FNDA:420,(anonymous_1)
FNDA:714,(anonymous_2)
FNDA:378,(anonymous_3)
FNDA:378,(anonymous_4)
FNDA:3132,(anonymous_5)
FNDA:378,(anonymous_6)
FNDA:3132,(anonymous_7)
FNDA:1044,(anonymous_8)
FNDA:1044,(anonymous_9)
FNDA:0,(anonymous_10)
FNDA:15,(anonymous_11)
DA:1,135
DA:14,15
DA:20,420
DA:21,420
DA:22,420
DA:23,420
DA:24,420
DA:29,420
DA:31,420
DA:32,420
DA:33,294
DA:57,714
DA:66,378
DA:68,126
DA:73,3132
DA:74,378
DA:75,330
DA:85,3132
DA:86,378
DA:87,330
DA:91,1044
DA:101,1044
DA:103,0
DA:110,15
LF:24
LH:23
BRDA:1,0,0,30
BRDA:1,0,1,15
BRDA:1,1,0,15
BRDA:32,2,0,294
BRDA:36,3,0,294
BRDA:36,3,1,294
BRDA:46,4,0,294
BRDA:46,4,1,222
BRDA:74,5,0,48
BRDA:86,6,0,48
BRF:10
BRH:10
end_of_record
TN:
SF:src/components/rjsf/BatchModeMappings/BatchUploadButton.tsx
FN:1,(anonymous_0)
FN:28,(anonymous_1)
FN:36,(anonymous_2)
FN:28,(anonymous_3)
FNF:4
FNH:1
FNDA:15,(anonymous_0)
FNDA:0,(anonymous_1)
FNDA:0,(anonymous_2)
FNDA:0,(anonymous_3)
DA:1,135
DA:28,15
DA:29,0
DA:30,0
DA:32,15
DA:34,0
DA:36,0
DA:37,0
DA:38,0
DA:41,0
DA:98,15
DA:100,15
LF:12
LH:5
BRDA:1,0,0,30
BRDA:1,0,1,15
BRDA:1,1,0,15
BRDA:80,2,0,0
BRDA:80,2,1,0
BRDA:84,3,0,0
BRDA:84,3,1,0
BRF:7
BRH:3
end_of_record
TN:
SF:src/components/rjsf/BatchModeMappings/types.ts
FN:6,(anonymous_0)
FN:61,(anonymous_1)
FN:62,(anonymous_2)
FNF:3
FNH:3
FNDA:15,(anonymous_0)
FNDA:15,(anonymous_1)
FNDA:15,(anonymous_2)
DA:6,15
DA:7,15
DA:8,15
DA:9,15
DA:10,15
DA:61,15
DA:62,15
DA:63,15
LF:8
LH:8
BRDA:6,0,0,15
BRDA:6,0,1,15
BRDA:62,1,0,15
BRDA:62,1,1,15
BRDA:61,2,0,15
BRDA:61,2,1,15
BRF:6
BRH:6
end_of_record
TN:
SF:src/components/rjsf/BatchModeMappings/components/ColumnMatcherStep.tsx
FN:1,(anonymous_0)
FN:13,(anonymous_1)
FN:17,(anonymous_2)
FN:22,(anonymous_3)
FN:29,(anonymous_4)
FN:35,(anonymous_5)
FN:50,(anonymous_6)
FN:63,(anonymous_7)
FN:69,(anonymous_8)
FN:79,(anonymous_9)
FN:88,(anonymous_10)
FN:97,(anonymous_11)
FN:13,(anonymous_12)
FNF:13
FNH:1
FNDA:15,(anonymous_0)
FNDA:0,(anonymous_1)
FNDA:0,(anonymous_2)
FNDA:0,(anonymous_3)
FNDA:0,(anonymous_4)
FNDA:0,(anonymous_5)
FNDA:0,(anonymous_6)
FNDA:0,(anonymous_7)
FNDA:0,(anonymous_8)
FNDA:0,(anonymous_9)
FNDA:0,(anonymous_10)
FNDA:0,(anonymous_11)
FNDA:0,(anonymous_12)
DA:1,135
DA:13,15
DA:14,0
DA:15,0
DA:17,0
DA:18,0
DA:21,0
DA:23,0
DA:24,0
DA:29,0
DA:30,0
DA:32,0
DA:35,0
DA:48,0
DA:51,0
DA:52,0
DA:58,15
DA:63,0
DA:64,0
DA:65,0
DA:69,0
DA:70,0
DA:71,0
DA:72,0
DA:76,0
DA:80,0
DA:89,0
DA:97,0
DA:126,15
DA:128,15
LF:30
LH:5
BRDA:1,0,0,30
BRDA:1,0,1,15
BRDA:1,1,0,15
BRDA:21,2,0,0
BRDA:21,2,1,0
BRDA:24,3,0,0
BRDA:24,3,1,0
BRDA:32,4,0,0
BRDA:52,5,0,0
BRDA:52,5,1,0
BRDA:70,6,0,0
BRDA:112,7,0,0
BRDA:112,7,1,0
BRF:13
BRH:3
end_of_record
TN:
SF:src/components/rjsf/BatchModeMappings/components/ConfirmStep.tsx
FN:1,(anonymous_0)
FN:6,(anonymous_1)
FN:9,(anonymous_2)
FN:11,(anonymous_3)
FN:6,(anonymous_4)
FNF:5
FNH:1
FNDA:15,(anonymous_0)
FNDA:0,(anonymous_1)
FNDA:0,(anonymous_2)
FNDA:0,(anonymous_3)
FNDA:0,(anonymous_4)
DA:1,135
DA:6,15
DA:7,15
DA:9,0
DA:10,0
DA:11,0
DA:12,0
DA:14,0
DA:15,0
DA:19,0
DA:20,0
DA:45,15
DA:47,15
LF:13
LH:5
BRDA:1,0,0,30
BRDA:1,0,1,15
BRDA:1,1,0,15
BRDA:10,2,0,0
BRDA:19,3,0,0
BRDA:19,3,1,0
BRDA:23,4,0,0
BRDA:23,4,1,0
BRDA:33,5,0,0
BRDA:33,5,1,0
BRDA:36,6,0,0
BRDA:36,6,1,0
BRF:12
BRH:3
end_of_record
TN:
SF:src/components/rjsf/BatchModeMappings/components/DataSourceStep.tsx
FN:1,(anonymous_0)
FN:15,(anonymous_1)
FN:25,(anonymous_2)
FN:28,(anonymous_3)
FN:37,(anonymous_4)
FN:15,(anonymous_5)
FNF:6
FNH:1
FNDA:15,(anonymous_0)
FNDA:0,(anonymous_1)
FNDA:0,(anonymous_2)
FNDA:0,(anonymous_3)
FNDA:0,(anonymous_4)
FNDA:0,(anonymous_5)
DA:1,135
DA:15,15
DA:16,0
DA:17,0
DA:18,0
DA:19,0
DA:20,15
DA:26,0
DA:27,0
DA:28,0
DA:29,0
DA:38,0
DA:39,0
DA:40,0
DA:41,0
DA:44,0
DA:45,0
DA:47,0
DA:48,0
DA:53,0
DA:56,0
DA:57,0
DA:58,0
DA:59,0
DA:67,0
DA:71,0
DA:93,15
DA:95,15
LF:28
LH:5
BRDA:1,0,0,30
BRDA:1,0,1,15
BRDA:1,1,0,15
BRDA:56,2,0,0
BRDA:56,2,1,0
BRDA:82,3,0,0
BRDA:82,3,1,0
BRDA:83,4,0,0
BRDA:83,4,1,0
BRDA:84,5,0,0
BRDA:84,5,1,0
BRDA:84,5,2,0
BRDA:86,6,0,0
BRDA:86,6,1,0
BRF:14
BRH:3
end_of_record
TN:
SF:src/components/rjsf/BatchModeMappings/components/MappingsValidationStep.tsx
FN:1,(anonymous_0)
FN:24,(anonymous_1)
FN:28,(anonymous_2)
FN:35,(anonymous_3)
FN:36,(anonymous_4)
FN:40,(anonymous_5)
FN:42,(anonymous_6)
FN:43,(anonymous_7)
FN:43,(anonymous_8)
FN:54,(anonymous_9)
FN:65,(anonymous_10)
FN:84,(anonymous_11)
FN:85,(anonymous_12)
FN:90,(anonymous_13)
FN:92,(anonymous_14)
FN:94,(anonymous_15)
FN:95,(anonymous_16)
FN:113,(anonymous_17)
FN:127,(anonymous_18)
FN:132,(anonymous_19)
FN:134,(anonymous_20)
FN:146,(anonymous_21)
FN:147,(anonymous_22)
FN:150,(anonymous_23)
FN:158,(anonymous_24)
FN:24,(anonymous_25)
FNF:26
FNH:1
FNDA:15,(anonymous_0)
FNDA:0,(anonymous_1)
FNDA:0,(anonymous_2)
FNDA:0,(anonymous_3)
FNDA:0,(anonymous_4)
FNDA:0,(anonymous_5)
FNDA:0,(anonymous_6)
FNDA:0,(anonymous_7)
FNDA:0,(anonymous_8)
FNDA:0,(anonymous_9)
FNDA:0,(anonymous_10)
FNDA:0,(anonymous_11)
FNDA:0,(anonymous_12)
FNDA:0,(anonymous_13)
FNDA:0,(anonymous_14)
FNDA:0,(anonymous_15)
FNDA:0,(anonymous_16)
FNDA:0,(anonymous_17)
FNDA:0,(anonymous_18)
FNDA:0,(anonymous_19)
FNDA:0,(anonymous_20)
FNDA:0,(anonymous_21)
FNDA:0,(anonymous_22)
FNDA:0,(anonymous_23)
FNDA:0,(anonymous_24)
FNDA:0,(anonymous_25)
DA:1,135
DA:24,15
DA:25,0
DA:26,15
DA:28,0
DA:29,0
DA:30,0
DA:32,0
DA:35,0
DA:37,0
DA:41,0
DA:42,0
DA:43,0
DA:44,0
DA:55,0
DA:56,0
DA:66,0
DA:84,0
DA:85,0
DA:91,0
DA:92,0
DA:94,0
DA:95,0
DA:96,0
DA:97,0
DA:100,0
DA:101,0
DA:110,0
DA:114,0
DA:124,0
DA:127,0
DA:128,0
DA:130,0
DA:132,0
DA:133,0
DA:135,0
DA:136,0
DA:141,0
DA:142,0
DA:145,0
DA:146,0
DA:147,0
DA:150,0
DA:151,0
DA:154,0
DA:158,0
DA:166,15
DA:168,15
LF:48
LH:5
BRDA:1,0,0,30
BRDA:1,0,1,15
BRDA:1,1,0,15
BRDA:30,2,0,0
BRDA:30,2,1,0
BRDA:39,3,0,0
BRDA:39,3,1,0
BRDA:61,4,0,0
BRDA:61,4,1,0
BRDA:96,5,0,0
BRDA:96,5,1,0
BRDA:97,6,0,0
BRDA:97,6,1,0
BRDA:100,7,0,0
BRDA:128,8,0,0
BRDA:128,9,0,0
BRDA:128,9,1,0
BRDA:128,9,2,0
BRDA:147,10,0,0
BRDA:147,10,1,0
BRDA:151,11,0,0
BRDA:151,11,1,0
BRDA:158,12,0,0
BRDA:158,12,1,0
BRF:24
BRH:3
end_of_record
TN:
SF:src/components/rjsf/BatchModeMappings/components/UploadStepper.tsx
FN:1,(anonymous_0)
FN:27,(anonymous_1)
FN:41,(anonymous_2)
FN:42,(anonymous_3)
FNF:4
FNH:1
FNDA:15,(anonymous_0)
FNDA:0,(anonymous_1)
FNDA:0,(anonymous_2)
FNDA:0,(anonymous_3)
DA:1,120
DA:27,15
DA:35,0
DA:37,0
DA:41,0
DA:43,0
DA:62,15
LF:7
LH:3
BRDA:1,0,0,30
BRDA:1,0,1,15
BRDA:1,1,0,15
BRF:3
BRH:3
end_of_record
TN:
SF:src/components/rjsf/BatchModeMappings/hooks/useBatchModeSteps.ts
FN:14,(anonymous_0)
FN:20,(anonymous_1)
FN:30,(anonymous_2)
FN:31,(anonymous_3)
FNF:4
FNH:0
FNDA:0,(anonymous_0)
FNDA:0,(anonymous_1)
FNDA:0,(anonymous_2)
FNDA:0,(anonymous_3)
DA:14,15
DA:15,0
DA:16,0
DA:17,0
DA:19,0
DA:21,0
DA:22,0
DA:23,0
DA:25,0
DA:30,0
DA:31,0
DA:34,0
DA:62,0
LF:13
LH:1
BRDA:21,0,0,0
BRDA:22,1,0,0
BRDA:23,2,0,0
BRF:3
BRH:0
end_of_record
TN:
SF:src/components/rjsf/BatchModeMappings/utils/config.utils.ts
FNF:0
FNH:0
DA:4,15
DA:10,15
LF:2
LH:2
BRF:0
BRH:0
end_of_record
TN:
SF:src/components/rjsf/BatchModeMappings/utils/levenshtein.utils.ts
FN:6,(anonymous_0)
FN:10,(anonymous_1)
FN:104,(anonymous_2)
FN:109,(anonymous_3)
FNF:4
FNH:0
FNDA:0,(anonymous_0)
FNDA:0,(anonymous_1)
FNDA:0,(anonymous_2)
FNDA:0,(anonymous_3)
DA:6,15
DA:7,0
DA:10,15
DA:11,0
DA:12,0
DA:15,0
DA:16,0
DA:17,0
DA:18,0
DA:21,0
DA:22,0
DA:24,0
DA:25,0
DA:26,0
DA:29,0
DA:31,0
DA:32,0
DA:35,0
DA:36,0
DA:38,0
DA:39,0
DA:42,0
DA:48,0
DA:56,0
DA:58,0
DA:59,0
DA:60,0
DA:63,0
DA:65,0
DA:66,0
DA:67,0
DA:68,0
DA:69,0
DA:70,0
DA:71,0
DA:72,0
DA:73,0
DA:74,0
DA:75,0
DA:76,0
DA:77,0
DA:78,0
DA:79,0
DA:80,0
DA:81,0
DA:82,0
DA:86,0
DA:87,0
DA:88,0
DA:89,0
DA:90,0
DA:91,0
DA:92,0
DA:96,0
DA:104,15
DA:109,0
DA:110,0
DA:113,0
DA:115,0
LF:59
LH:3
BRDA:7,0,0,0
BRDA:7,0,1,0
BRDA:7,1,0,0
BRDA:7,1,1,0
BRDA:7,2,0,0
BRDA:7,2,1,0
BRDA:7,3,0,0
BRDA:7,3,1,0
BRDA:11,4,0,0
BRDA:15,5,0,0
BRDA:24,6,0,0
BRDA:24,6,1,0
BRDA:31,7,0,0
BRDA:31,7,1,0
BRDA:38,8,0,0
BRDA:38,9,0,0
BRDA:38,9,1,0
BRDA:107,10,0,0
BRDA:113,11,0,0
BRDA:113,11,1,0
BRDA:113,12,0,0
BRDA:113,12,1,0
BRDA:115,13,0,0
BRDA:115,13,1,0
BRF:24
BRH:0
end_of_record
TN:
SF:src/components/rjsf/Fields/CompactArrayField.tsx
FN:1,(anonymous_0)
FN:12,(anonymous_1)
FNF:2
FNH:1
FNDA:15,(anonymous_0)
FNDA:0,(anonymous_1)
DA:1,120
DA:12,15
DA:13,0
DA:15,0
DA:24,0
DA:25,15
DA:27,15
LF:7
LH:4
BRDA:1,0,0,30
BRDA:1,0,1,15
BRDA:1,1,0,15
BRF:3
BRH:3
end_of_record
TN:
SF:src/components/rjsf/Fields/InternalNotice.tsx
FN:1,(anonymous_0)
FN:10,(anonymous_1)
FNF:2
FNH:1
FNDA:15,(anonymous_0)
FNDA:0,(anonymous_1)
DA:1,120
DA:10,15
DA:11,0
DA:12,0
DA:14,0
DA:29,15
LF:6
LH:3
BRDA:1,0,0,30
BRDA:1,0,1,15
BRDA:1,1,0,15
BRDA:20,2,0,0
BRDA:20,2,1,0
BRDA:23,3,0,0
BRDA:23,3,1,0
BRDA:25,4,0,0
BRDA:25,4,1,0
BRF:9
BRH:3
end_of_record
TN:
SF:src/components/rjsf/Fields/MqttTransformationField.tsx
FN:1,(anonymous_0)
FN:15,(anonymous_1)
FN:22,(anonymous_2)
FN:26,(anonymous_3)
FN:30,(anonymous_4)
FN:31,(anonymous_5)
FN:38,(anonymous_6)
FN:42,(anonymous_7)
FN:47,(anonymous_8)
FN:48,(anonymous_9)
FN:66,(anonymous_10)
FN:68,(anonymous_11)
FN:15,(anonymous_12)
FNF:13
FNH:1
FNDA:15,(anonymous_0)
FNDA:0,(anonymous_1)
FNDA:0,(anonymous_2)
FNDA:0,(anonymous_3)
FNDA:0,(anonymous_4)
FNDA:0,(anonymous_5)
FNDA:0,(anonymous_6)
FNDA:0,(anonymous_7)
FNDA:0,(anonymous_8)
FNDA:0,(anonymous_9)
FNDA:0,(anonymous_10)
FNDA:0,(anonymous_11)
FNDA:0,(anonymous_12)
DA:1,135
DA:15,15
DA:16,15
DA:17,0
DA:18,0
DA:20,0
DA:22,0
DA:23,0
DA:26,0
DA:27,0
DA:30,0
DA:31,0
DA:32,0
DA:33,0
DA:34,0
DA:38,0
DA:39,0
DA:42,0
DA:43,0
DA:44,0
DA:47,0
DA:48,0
DA:66,0
DA:67,0
DA:68,0
DA:69,0
DA:70,0
DA:72,0
DA:74,0
DA:78,0
DA:84,0
DA:89,0
DA:91,0
DA:92,0
DA:94,0
DA:125,15
LF:36
LH:4
BRDA:1,0,0,30
BRDA:1,0,1,15
BRDA:1,1,0,15
BRDA:20,2,0,0
BRDA:20,2,1,0
BRDA:32,3,0,0
BRDA:32,3,1,0
BRDA:49,4,0,0
BRDA:49,4,1,0
BRDA:67,5,0,0
BRDA:70,6,0,0
BRDA:74,7,0,0
BRDA:74,7,1,0
BRDA:91,8,0,0
BRDA:91,9,0,0
BRDA:91,9,1,0
BRDA:91,9,2,0
BRDA:98,10,0,0
BRDA:98,10,1,0
BRDA:106,11,0,0
BRDA:106,11,1,0
BRDA:113,12,0,0
BRDA:113,12,1,0
BRF:23
BRH:3
end_of_record
TN:
SF:src/components/rjsf/Form/ChakraRJSForm.tsx
FN:1,(anonymous_0)
FN:39,(anonymous_1)
FN:54,(anonymous_2)
FN:62,(anonymous_3)
FN:69,(anonymous_4)
FN:71,(anonymous_5)
FN:79,(anonymous_6)
FN:81,(anonymous_7)
FN:133,(anonymous_8)
FN:39,(anonymous_9)
FNF:10
FNH:8
FNDA:15,(anonymous_0)
FNDA:106,(anonymous_1)
FNDA:30,(anonymous_2)
FNDA:1,(anonymous_3)
FNDA:30,(anonymous_4)
FNDA:16,(anonymous_5)
FNDA:0,(anonymous_6)
FNDA:0,(anonymous_7)
FNDA:12,(anonymous_8)
FNDA:15,(anonymous_9)
DA:1,135
DA:36,15
DA:39,15
DA:49,106
DA:50,106
DA:51,106
DA:52,106
DA:53,106
DA:54,106
DA:55,30
DA:56,0
DA:58,30
DA:61,106
DA:63,1
DA:68,106
DA:70,30
DA:71,30
DA:77,106
DA:80,0
DA:81,0
DA:83,0
DA:84,0
DA:85,0
DA:86,0
DA:87,0
DA:90,0
DA:95,106
DA:98,106
DA:100,106
DA:133,12
DA:138,15
DA:140,15
LF:32
LH:23
BRDA:1,0,0,30
BRDA:1,0,1,15
BRDA:1,1,0,15
BRDA:48,2,0,106
BRDA:55,3,0,0
BRDA:83,4,0,0
BRDA:83,5,0,0
BRDA:83,5,1,0
BRDA:106,6,0,0
BRDA:106,6,1,106
BRDA:120,7,0,106
[...]
FN:165,(anonymous_18)
FN:167,(anonymous_19)
FN:171,(anonymous_20)
FN:180,(anonymous_21)
FN:193,(anonymous_22)
FN:43,(anonymous_23)
FNF:24
FNH:13
FNDA:1,(anonymous_0)
FNDA:60,(anonymous_1)
FNDA:36,(anonymous_2)
FNDA:108,(anonymous_3)
FNDA:36,(anonymous_4)
FNDA:0,(anonymous_5)
FNDA:36,(anonymous_6)
FNDA:18,(anonymous_7)
FNDA:6,(anonymous_8)
FNDA:12,(anonymous_9)
FNDA:36,(anonymous_10)
FNDA:18,(anonymous_11)
FNDA:6,(anonymous_12)
FNDA:0,(anonymous_13)
FNDA:0,(anonymous_14)
FNDA:0,(anonymous_15)
FNDA:0,(anonymous_16)
FNDA:0,(anonymous_17)
FNDA:0,(anonymous_18)
FNDA:0,(anonymous_19)
FNDA:0,(anonymous_20)
FNDA:0,(anonymous_21)
FNDA:0,(anonymous_22)
FNDA:1,(anonymous_23)
DA:1,8
DA:43,1
DA:50,60
DA:51,60
DA:52,60
DA:53,60
DA:54,60
DA:55,60
DA:56,60
DA:57,60
DA:58,60
DA:59,60
DA:61,60
DA:62,108
DA:65,60
DA:66,36
DA:67,0
DA:70,36
DA:73,60
DA:75,36
DA:76,18
DA:80,36
DA:81,6
DA:82,6
DA:83,6
DA:84,12
DA:85,6
DA:86,6
DA:89,36
DA:92,60
DA:93,36
DA:94,18
DA:95,6
DA:96,6
DA:99,12
DA:101,36
DA:104,60
DA:105,0
DA:107,0
DA:108,0
DA:109,0
DA:110,0
DA:114,0
DA:126,0
DA:128,0
DA:129,0
DA:134,0
DA:135,0
DA:141,0
DA:162,0
DA:165,60
DA:166,0
DA:167,0
DA:168,0
DA:170,0
DA:171,0
DA:172,0
DA:177,0
DA:180,0
DA:181,0
DA:184,0
DA:186,0
DA:187,0
DA:193,0
DA:194,0
DA:195,0
DA:196,0
DA:199,0
DA:202,0
DA:209,0
DA:221,60
DA:223,60
DA:274,1
DA:276,1
LF:74
LH:41
BRDA:1,0,0,1
BRDA:1,0,1,0
BRDA:1,1,0,1
BRDA:1,2,0,1
BRDA:1,2,1,1
BRDA:48,3,0,40
BRDA:67,4,0,0
BRDA:67,4,1,0
BRDA:76,5,0,18
BRDA:76,5,1,6
BRDA:76,5,2,6
BRDA:82,6,0,0
BRDA:85,7,0,6
BRDA:89,8,0,0
BRDA:89,8,1,36
BRDA:94,9,0,6
BRDA:101,10,0,0
BRDA:101,10,1,36
BRDA:105,11,0,0
BRDA:127,12,0,0
BRDA:127,12,1,0
BRDA:128,13,0,0
BRDA:133,14,0,0
BRDA:133,14,1,0
BRDA:134,15,0,0
BRDA:166,16,0,0
BRDA:168,17,0,0
BRDA:173,18,0,0
BRDA:173,18,1,0
BRDA:186,19,0,0
BRDA:194,20,0,0
BRDA:212,21,0,0
BRDA:212,21,1,0
BRDA:225,22,0,60
BRDA:225,22,1,12
BRDA:230,23,0,0
BRDA:230,23,1,60
BRDA:230,24,0,60
BRDA:230,24,1,0
BRDA:232,25,0,60
BRDA:232,25,1,60
BRDA:232,25,2,60
BRDA:259,26,0,60
BRDA:259,26,1,40
BRDA:259,26,2,40
BRF:45
BRH:22
end_of_record
TN:
SF:src/modules/Workspace/components/nodes/NodeAdapter.tsx
FN:1,(anonymous_0)
FN:27,(anonymous_1)
FN:30,(anonymous_2)
FN:35,(anonymous_3)
FN:36,(anonymous_4)
FN:39,(anonymous_5)
FN:40,(anonymous_6)
FN:41,(anonymous_7)
FN:59,(anonymous_8)
FN:66,(anonymous_9)
FN:27,(anonymous_10)
FNF:11
FNH:6
FNDA:1,(anonymous_0)
FNDA:12,(anonymous_1)
FNDA:12,(anonymous_2)
FNDA:2,(anonymous_3)
FNDA:0,(anonymous_4)
FNDA:2,(anonymous_5)
FNDA:0,(anonymous_6)
FNDA:0,(anonymous_7)
FNDA:0,(anonymous_8)
FNDA:0,(anonymous_9)
FNDA:1,(anonymous_10)
DA:1,9
DA:27,12
DA:28,12
DA:29,12
DA:30,12
DA:31,12
DA:32,12
DA:33,12
DA:35,12
DA:36,2
DA:39,12
DA:40,2
DA:41,2
DA:44,12
DA:45,12
DA:46,12
DA:48,12
DA:49,12
DA:51,12
DA:59,0
DA:66,0
DA:118,1
DA:120,1
LF:23
LH:21
BRDA:1,0,0,2
BRDA:1,0,1,1
BRDA:1,1,0,1
BRDA:36,2,0,2
BRDA:36,2,1,2
BRDA:40,3,0,2
BRDA:40,3,1,2
BRDA:61,4,0,12
BRDA:61,4,1,0
BRDA:78,5,0,12
BRDA:78,5,1,12
BRDA:80,6,0,12
BRDA:80,6,1,0
BRDA:88,7,0,12
BRDA:88,7,1,12
BRDA:93,8,0,12
BRDA:93,8,1,12
BRDA:96,9,0,12
BRDA:96,9,1,0
BRDA:103,10,0,0
BRDA:103,10,1,0
BRF:21
BRH:16
end_of_record
TN:
SF:src/modules/Workspace/components/nodes/NodeBridge.tsx
FN:1,(anonymous_0)
FN:22,(anonymous_1)
FN:42,(anonymous_2)
FN:56,(anonymous_3)
FN:22,(anonymous_4)
FNF:5
FNH:1
FNDA:1,(anonymous_0)
FNDA:0,(anonymous_1)
FNDA:0,(anonymous_2)
FNDA:0,(anonymous_3)
FNDA:0,(anonymous_4)
DA:1,9
DA:22,1
DA:23,0
DA:24,0
DA:25,0
DA:26,0
DA:27,1
DA:29,0
DA:42,0
DA:56,0
DA:82,1
DA:84,1
LF:12
LH:5
BRDA:1,0,0,2
BRDA:1,0,1,1
BRDA:1,1,0,1
BRDA:39,2,0,0
BRDA:39,2,1,0
BRDA:41,3,0,0
BRDA:41,3,1,0
BRDA:50,4,0,0
BRDA:50,4,1,0
BRDA:55,5,0,0
BRDA:55,5,1,0
BRDA:60,6,0,0
BRDA:60,6,1,0
BRDA:67,7,0,0
BRDA:67,7,1,0
BRF:15
BRH:3
end_of_record
TN:
SF:src/modules/Workspace/components/nodes/NodeCombiner.tsx
FN:1,(anonymous_0)
FN:16,(anonymous_1)
FN:20,(anonymous_2)
FN:21,(anonymous_3)
FN:16,(anonymous_4)
FNF:5
FNH:1
FNDA:1,(anonymous_0)
FNDA:0,(anonymous_1)
FNDA:0,(anonymous_2)
FNDA:0,(anonymous_3)
FNDA:0,(anonymous_4)
DA:1,9
DA:16,1
DA:17,0
DA:18,1
DA:20,0
DA:21,0
DA:24,0
DA:62,1
DA:64,1
LF:9
LH:5
BRDA:1,0,0,2
BRDA:1,0,1,1
BRDA:1,1,0,1
BRF:3
BRH:3
end_of_record
TN:
SF:src/modules/Workspace/components/nodes/NodeDevice.tsx
FN:1,(anonymous_0)
FN:26,(anonymous_1)
FN:33,(anonymous_2)
FN:34,(anonymous_3)
FN:61,(anonymous_4)
FN:26,(anonymous_5)
FNF:6
FNH:6
FNDA:1,(anonymous_0)
FNDA:14,(anonymous_1)
FNDA:4,(anonymous_2)
FNDA:2,(anonymous_3)
FNDA:14,(anonymous_4)
FNDA:1,(anonymous_5)
DA:1,9
DA:26,14
DA:27,14
DA:28,14
DA:29,14
DA:30,14
DA:31,14
DA:33,14
DA:34,4
DA:37,14
DA:62,14
DA:87,1
DA:89,1
LF:13
LH:13
BRDA:1,0,0,2
BRDA:1,0,1,1
BRDA:1,1,0,1
BRDA:34,2,0,4
BRDA:34,2,1,2
BRDA:58,3,0,14
BRDA:58,3,1,14
BRDA:67,4,0,14
BRDA:67,4,1,0
BRDA:75,5,0,14
BRDA:75,5,1,0
BRDA:77,6,0,0
BRDA:77,6,1,0
BRF:13
BRH:9
end_of_record
TN:
SF:src/modules/Workspace/components/nodes/NodeEdge.tsx
FN:1,(anonymous_0)
FN:23,(anonymous_1)
FN:29,(anonymous_2)
FN:30,(anonymous_3)
FN:45,(anonymous_4)
FN:23,(anonymous_5)
FNF:6
FNH:4
FNDA:1,(anonymous_0)
FNDA:12,(anonymous_1)
FNDA:2,(anonymous_2)
FNDA:0,(anonymous_3)
FNDA:0,(anonymous_4)
FNDA:1,(anonymous_5)
DA:1,9
DA:23,12
DA:24,12
DA:25,12
DA:26,12
DA:27,12
DA:29,12
DA:30,2
DA:33,12
DA:45,0
DA:97,1
DA:99,1
LF:12
LH:11
BRDA:1,0,0,2
BRDA:1,0,1,1
BRDA:1,1,0,1
BRDA:30,2,0,2
BRDA:30,2,1,2
BRF:5
BRH:5
end_of_record
TN:
SF:src/modules/Workspace/components/nodes/NodeGroup.tsx
FN:1,(anonymous_0)
FN:18,(anonymous_1)
FN:27,(anonymous_2)
FN:31,(anonymous_3)
FN:36,(anonymous_4)
FN:40,(anonymous_5)
FN:55,(anonymous_6)
FN:55,(anonymous_7)
FN:18,(anonymous_8)
FNF:9
FNH:1
FNDA:1,(anonymous_0)
FNDA:0,(anonymous_1)
FNDA:0,(anonymous_2)
FNDA:0,(anonymous_3)
FNDA:0,(anonymous_4)
FNDA:0,(anonymous_5)
FNDA:0,(anonymous_6)
FNDA:0,(anonymous_7)
FNDA:0,(anonymous_8)
DA:1,9
DA:18,1
DA:19,0
DA:20,0
DA:21,0
DA:22,0
DA:23,0
DA:24,1
DA:25,0
DA:27,0
DA:28,0
DA:31,0
DA:32,0
DA:33,0
DA:36,0
DA:38,0
DA:39,0
DA:41,0
DA:42,0
DA:50,0
DA:53,0
DA:54,0
DA:55,0
DA:59,0
DA:117,1
DA:119,1
LF:26
LH:5
BRDA:1,0,0,2
BRDA:1,0,1,1
BRDA:1,1,0,1
BRDA:41,2,0,0
BRDA:41,2,1,0
BRDA:65,3,0,0
BRDA:65,3,1,0
BRDA:67,4,0,0
BRDA:67,4,1,0
BRDA:79,5,0,0
BRDA:79,5,1,0
BRDA:94,6,0,0
BRDA:94,6,1,0
BRDA:94,7,0,0
BRDA:94,7,1,0
BRDA:94,8,0,0
BRDA:94,8,1,0
BRDA:96,9,0,0
BRDA:96,9,1,0
BRF:19
BRH:3
end_of_record
TN:
SF:src/modules/Workspace/components/nodes/NodeHost.tsx
FN:1,(anonymous_0)
FN:10,(anonymous_1)
FNF:2
FNH:1
FNDA:1,(anonymous_0)
FNDA:0,(anonymous_1)
DA:1,8
DA:10,1
DA:11,0
DA:12,0
DA:27,1
DA:29,1
LF:6
LH:4
BRDA:1,0,0,2
BRDA:1,0,1,1
BRDA:1,1,0,1
BRF:3
BRH:3
end_of_record
TN:
SF:src/modules/Workspace/components/nodes/NodeListener.tsx
FN:1,(anonymous_0)
FN:15,(anonymous_1)
FN:18,(anonymous_2)
FN:15,(anonymous_3)
FNF:4
FNH:1
FNDA:1,(anonymous_0)
FNDA:0,(anonymous_1)
FNDA:0,(anonymous_2)
FNDA:0,(anonymous_3)
DA:1,9
DA:15,1
DA:16,1
DA:18,0
DA:19,0
DA:20,0
DA:21,0
DA:24,0
DA:43,1
DA:45,1
LF:10
LH:5
BRDA:1,0,0,2
BRDA:1,0,1,1
BRDA:1,1,0,1
BRDA:19,2,0,0
BRDA:20,3,0,0
BRDA:30,4,0,0
BRDA:30,4,1,0
BRDA:34,5,0,0
BRDA:34,5,1,0
BRF:9
BRH:3
end_of_record
TN:
SF:src/modules/Workspace/components/parts/MappingBadge.tsx
FN:1,(anonymous_0)
FN:14,(anonymous_1)
FN:15,(anonymous_2)
FN:30,(anonymous_3)
FNF:4
FNH:4
FNDA:1,(anonymous_0)
FNDA:38,(anonymous_1)
FNDA:6,(anonymous_2)
FNDA:8,(anonymous_3)
DA:1,9
DA:7,1
DA:14,38
DA:15,38
DA:16,6
DA:18,2
DA:20,2
DA:23,2
DA:27,38
DA:31,8
DA:41,1
DA:43,1
LF:12
LH:12
BRDA:1,0,0,2
BRDA:1,0,1,1
BRDA:1,1,0,1
BRDA:16,2,0,2
BRDA:16,2,1,2
BRDA:16,2,2,2
BRDA:16,2,3,2
BRDA:34,3,0,38
BRDA:34,3,1,0
BRF:9
BRH:8
end_of_record
TN:
SF:src/modules/Workspace/components/parts/NodeNameCard.tsx
FN:1,(anonymous_0)
FN:21,(anonymous_1)
FN:22,(anonymous_2)
FNF:3
FNH:3
FNDA:15,(anonymous_0)
FNDA:32,(anonymous_1)
FNDA:30,(anonymous_2)
DA:1,135
DA:21,32
DA:22,32
DA:23,30
DA:25,30
DA:37,0
DA:39,0
DA:41,0
DA:45,0
DA:48,0
DA:57,0
DA:61,32
DA:82,15
DA:84,15
LF:14
LH:8
BRDA:1,0,0,30
BRDA:1,0,1,15
BRDA:1,1,0,15
BRDA:23,2,0,30
BRDA:23,2,1,0
BRDA:23,2,2,0
BRDA:23,2,3,0
BRDA:23,2,4,0
BRDA:23,2,5,0
BRDA:23,2,6,0
BRDA:67,3,0,32
BRDA:67,3,1,32
BRDA:72,4,0,32
BRDA:72,4,1,0
BRF:14
BRH:7
end_of_record
TN:
SF:src/modules/Workspace/components/parts/NodeWrapper.tsx
FN:1,(anonymous_0)
FN:8,(anonymous_1)
FNF:2
FNH:2
FNDA:1,(anonymous_0)
FNDA:38,(anonymous_1)
DA:1,8
DA:8,1
DA:9,38
DA:13,38
DA:18,1
DA:20,1
LF:6
LH:6
BRDA:1,0,0,2
BRDA:1,0,1,1
BRDA:1,1,0,1
BRDA:8,2,0,0
BRDA:14,3,0,6
BRDA:14,3,1,32
BRF:6
BRH:5
end_of_record
TN:
SF:src/modules/Workspace/hooks/EdgeFlowProvider.tsx
FN:1,(anonymous_0)
FN:30,(anonymous_1)
FN:30,(anonymous_2)
FNF:3
FNH:3
FNDA:1,(anonymous_0)
FNDA:2,(anonymous_1)
FNDA:1,(anonymous_2)
DA:1,8
DA:18,1
DA:24,1
DA:30,1
DA:33,2
DA:34,2
DA:35,2
DA:36,2
DA:38,2
DA:43,1
LF:10
LH:10
BRDA:1,0,0,1
BRDA:1,0,1,0
BRDA:1,1,0,1
BRDA:1,2,0,1
BRDA:1,2,1,1
BRF:5
BRH:4
end_of_record
TN:
SF:src/modules/Workspace/hooks/FlowContext.tsx
FNF:0
FNH:0
DA:15,1
LF:1
LH:1
BRF:0
BRH:0
end_of_record
TN:
SF:src/modules/Workspace/hooks/useContextMenu.ts
FN:6,(anonymous_0)
FN:13,(anonymous_1)
FN:19,(anonymous_2)
FNF:3
FNH:2
FNDA:38,(anonymous_0)
FNDA:11,(anonymous_1)
FNDA:0,(anonymous_2)
DA:6,1
DA:7,38
DA:9,38
DA:13,38
DA:14,11
DA:15,0
DA:19,38
DA:20,0
DA:21,0
DA:22,0
DA:26,38
LF:11
LH:7
BRDA:14,0,0,0
BRDA:14,1,0,11
BRDA:14,1,1,3
BRDA:20,2,0,0
BRF:4
BRH:2
end_of_record
TN:
SF:src/modules/Workspace/hooks/useEdgeFlowContext.ts
FN:5,(anonymous_0)
FNF:1
FNH:1
FNDA:84,(anonymous_0)
DA:5,1
DA:6,84
DA:7,84
DA:8,0
DA:10,84
LF:5
LH:4
BRDA:7,0,0,0
BRF:1
BRH:0
end_of_record
TN:
SF:src/modules/Workspace/hooks/useGetFlowElements.ts
FN:24,(anonymous_0)
FN:40,(anonymous_1)
FN:46,(anonymous_2)
FN:55,(anonymous_3)
FN:69,(anonymous_4)
FN:70,(anonymous_5)
FN:89,(anonymous_6)
FN:92,(anonymous_7)
FN:93,(anonymous_8)
FN:96,(anonymous_9)
FNF:10
FNH:4
FNDA:16,(anonymous_0)
FNDA:2,(anonymous_1)
FNDA:0,(anonymous_2)
FNDA:0,(anonymous_3)
FNDA:2,(anonymous_4)
FNDA:2,(anonymous_5)
FNDA:0,(anonymous_6)
FNDA:0,(anonymous_7)
FNDA:0,(anonymous_8)
FNDA:0,(anonymous_9)
DA:24,1
DA:25,16
DA:26,16
DA:27,16
DA:28,16
DA:29,16
DA:30,16
DA:31,16
DA:32,16
DA:33,16
DA:34,16
DA:36,16
DA:38,16
DA:40,16
DA:41,2
DA:42,2
DA:44,2
DA:46,2
DA:47,0
DA:49,0
DA:50,0
DA:51,0
DA:55,2
DA:56,0
DA:62,0
DA:63,0
DA:65,0
DA:66,0
DA:69,2
DA:70,2
DA:72,2
DA:79,2
DA:80,2
DA:82,2
DA:83,2
DA:86,2
DA:87,2
DA:89,2
DA:91,0
DA:93,0
DA:96,0
DA:98,0
DA:105,0
DA:106,0
DA:109,2
DA:110,2
DA:126,16
LF:47
LH:32
BRDA:36,0,0,16
BRDA:36,0,1,16
BRDA:38,1,0,16
BRDA:38,1,1,16
BRDA:38,1,2,0
BRDA:38,1,3,0
BRDA:38,1,4,0
BRDA:49,2,0,0
BRDA:86,3,0,2
BRDA:86,3,1,2
BRDA:91,4,0,0
BRDA:91,4,1,0
BRF:12
BRH:6
end_of_record
TN:
SF:src/modules/Workspace/hooks/useGetPoliciesMatching.ts
FN:15,(anonymous_0)
FN:23,(anonymous_1)
FN:29,(anonymous_2)
FN:31,(anonymous_3)
FN:32,(anonymous_4)
FN:36,(anonymous_5)
FN:37,(anonymous_6)
FN:42,(anonymous_7)
FN:43,(anonymous_8)
FN:54,(anonymous_9)
FN:55,(anonymous_10)
FNF:11
FNH:1
FNDA:12,(anonymous_0)
FNDA:0,(anonymous_1)
FNDA:0,(anonymous_2)
FNDA:0,(anonymous_3)
FNDA:0,(anonymous_4)
FNDA:0,(anonymous_5)
FNDA:0,(anonymous_6)
FNDA:0,(anonymous_7)
FNDA:0,(anonymous_8)
FNDA:0,(anonymous_9)
FNDA:0,(anonymous_10)
DA:15,1
DA:16,12
DA:17,12
DA:18,12
DA:19,12
DA:21,12
DA:23,0
DA:24,0
DA:26,0
DA:27,0
DA:28,0
DA:29,0
DA:31,0
DA:32,0
DA:36,0
DA:37,0
DA:38,0
DA:40,0
DA:42,0
DA:43,0
DA:47,0
DA:48,0
DA:51,0
DA:52,0
DA:54,0
DA:55,0
DA:56,0
DA:57,0
DA:58,0
DA:59,0
DA:62,0
DA:65,0
DA:68,0
LF:33
LH:6
BRDA:21,0,0,12
BRDA:21,1,0,12
BRDA:21,1,1,0
BRDA:21,1,2,0
BRDA:24,2,0,0
BRDA:26,3,0,0
BRDA:38,4,0,0
BRDA:47,5,0,0
BRDA:51,6,0,0
BRDA:56,7,0,0
BRDA:58,8,0,0
BRF:11
BRH:2
end_of_record
TN:
SF:src/modules/Workspace/hooks/useWorkspaceStore.ts
FN:17,(anonymous_0)
FN:19,(anonymous_1)
FN:22,(anonymous_2)
FN:27,(anonymous_3)
FN:32,(anonymous_4)
FN:38,(anonymous_5)
FN:57,(anonymous_6)
FN:58,(anonymous_7)
FN:60,(anonymous_8)
FN:66,(anonymous_9)
FN:67,(anonymous_10)
FN:69,(anonymous_11)
FN:75,(anonymous_12)
FN:77,(anonymous_13)
FN:86,(anonymous_14)
FN:88,(anonymous_15)
FN:95,(anonymous_16)
FN:97,(anonymous_17)
FN:108,(anonymous_18)
FN:110,(anonymous_19)
FN:127,(anonymous_20)
FNF:21
FNH:7
FNDA:16,(anonymous_0)
FNDA:0,(anonymous_1)
FNDA:5,(anonymous_2)
FNDA:0,(anonymous_3)
FNDA:0,(anonymous_4)
FNDA:0,(anonymous_5)
FNDA:1,(anonymous_6)
FNDA:0,(anonymous_7)
FNDA:3,(anonymous_8)
FNDA:1,(anonymous_9)
FNDA:0,(anonymous_10)
FNDA:2,(anonymous_11)
FNDA:0,(anonymous_12)
FNDA:0,(anonymous_13)
FNDA:0,(anonymous_14)
FNDA:0,(anonymous_15)
FNDA:0,(anonymous_16)
FNDA:0,(anonymous_17)
FNDA:0,(anonymous_18)
FNDA:0,(anonymous_19)
FNDA:16,(anonymous_20)
DA:10,16
DA:15,16
DA:17,16
DA:20,0
DA:23,5
DA:28,0
DA:33,0
DA:35,0
DA:39,0
DA:40,0
DA:48,0
DA:53,0
DA:58,1
DA:60,3
DA:61,1
DA:62,1
DA:67,1
DA:69,2
DA:70,1
DA:71,1
DA:76,0
DA:78,0
DA:80,0
DA:82,0
DA:87,0
DA:89,0
DA:90,0
DA:91,0
DA:96,0
DA:98,0
DA:99,0
DA:104,0
DA:109,0
DA:111,0
DA:112,0
DA:120,0
DA:127,16
LF:37
LH:13
BRDA:39,0,0,0
BRDA:61,1,0,1
BRDA:70,2,0,1
BRDA:78,3,0,0
BRDA:78,3,1,0
BRDA:80,4,0,0
BRDA:80,4,1,0
BRDA:82,5,0,0
BRDA:82,5,1,0
BRDA:89,6,0,0
BRDA:90,7,0,0
BRDA:98,8,0,0
BRDA:111,9,0,0
BRF:13
BRH:2
end_of_record
TN:
SF:src/modules/Workspace/utils/adapter.utils.ts
FN:12,(anonymous_0)
FN:20,(anonymous_1)
FNF:2
FNH:2
FNDA:12,(anonymous_0)
FNDA:16,(anonymous_1)
DA:12,16
DA:13,12
DA:20,16
DA:21,16
DA:22,16
DA:23,16
DA:24,16
DA:31,16
DA:42,16
DA:49,16
LF:10
LH:10
BRDA:20,0,0,16
BRDA:20,0,1,16
BRF:2
BRH:2
end_of_record
TN:
SF:src/modules/Workspace/utils/combiner.utils.ts
FN:1,(anonymous_0)
FN:3,(anonymous_1)
FN:5,(anonymous_2)
FN:6,(anonymous_3)
FN:10,(anonymous_4)
FN:11,(anonymous_5)
FN:12,(anonymous_6)
FNF:7
FNH:0
FNDA:0,(anonymous_0)
FNDA:0,(anonymous_1)
FNDA:0,(anonymous_2)
FNDA:0,(anonymous_3)
FNDA:0,(anonymous_4)
FNDA:0,(anonymous_5)
FNDA:0,(anonymous_6)
DA:1,1
DA:2,0
DA:3,0
DA:5,1
DA:6,0
DA:10,1
DA:11,0
DA:12,0
LF:8
LH:3
BRDA:2,0,0,0
BRDA:2,0,1,0
BRDA:12,1,0,0
BRDA:12,1,1,0
BRDA:12,2,0,0
BRDA:12,2,1,0
BRF:6
BRH:0
end_of_record
TN:
SF:src/modules/Workspace/utils/group.utils.ts
FN:7,(anonymous_0)
FN:8,(anonymous_1)
FNF:2
FNH:0
FNDA:0,(anonymous_0)
FNDA:0,(anonymous_1)
DA:4,1
DA:5,1
DA:7,1
DA:8,0
DA:10,0
LF:5
LH:3
BRF:0
BRH:0
end_of_record
TN:
SF:src/modules/Workspace/utils/layout-utils.ts
FN:6,(anonymous_0)
FNF:1
FNH:1
FNDA:2,(anonymous_0)
DA:6,1
DA:8,2
DA:11,2
LF:3
LH:3
BRDA:8,0,0,2
BRDA:8,0,1,2
BRF:2
BRH:2
end_of_record
TN:
SF:src/modules/Workspace/utils/nodes-utils.ts
FN:29,(anonymous_0)
FN:39,(anonymous_1)
FN:119,(anonymous_2)
FN:154,(anonymous_3)
FN:240,(anonymous_4)
FN:257,(anonymous_5)
FN:303,(anonymous_6)
FNF:7
FNH:2
FNDA:2,(anonymous_0)
FNDA:0,(anonymous_1)
FNDA:0,(anonymous_2)
FNDA:2,(anonymous_3)
FNDA:0,(anonymous_4)
FNDA:0,(anonymous_5)
FNDA:0,(anonymous_6)
DA:15,1
DA:17,1
DA:18,1
DA:19,1
DA:20,1
DA:22,1
DA:29,1
DA:30,2
DA:36,2
DA:39,1
DA:46,0
DA:48,0
DA:51,0
DA:53,0
DA:64,0
DA:84,0
DA:85,0
DA:96,0
DA:116,0
DA:119,1
DA:124,0
DA:126,0
DA:137,0
DA:151,0
DA:154,1
DA:162,2
DA:164,2
DA:166,2
DA:168,2
DA:169,2
DA:170,2
DA:172,2
DA:183,2
DA:206,2
DA:207,2
DA:218,2
DA:237,2
DA:240,1
DA:246,0
DA:257,0
DA:258,0
DA:277,0
DA:280,0
DA:300,0
DA:303,1
DA:304,0
DA:305,0
DA:306,0
DA:307,0
DA:308,0
DA:310,0
DA:311,0
DA:312,0
DA:313,0
DA:314,0
DA:316,0
LF:56
LH:26
BRDA:34,0,0,2
BRDA:34,0,1,2
BRDA:48,1,0,0
BRDA:48,1,1,0
BRDA:48,1,2,0
BRDA:58,2,0,0
BRDA:58,2,1,0
BRDA:77,3,0,0
BRDA:77,3,1,0
BRDA:90,4,0,0
BRDA:90,4,1,0
BRDA:109,5,0,0
BRDA:109,5,1,0
BRDA:131,6,0,0
BRDA:131,6,1,0
BRDA:164,7,0,2
BRDA:164,7,1,0
BRDA:164,7,2,0
BRDA:177,8,0,2
BRDA:177,8,1,2
BRDA:196,9,0,2
BRDA:196,9,1,2
BRDA:212,10,0,2
BRDA:212,10,1,2
BRDA:230,11,0,2
BRDA:230,11,1,2
BRDA:304,12,0,0
BRDA:310,13,0,0
BRF:28
BRH:11
end_of_record
TN:
SF:src/modules/Workspace/utils/status-utils.ts
FN:21,(anonymous_0)
FN:33,(anonymous_1)
FN:34,(anonymous_2)
FN:37,(anonymous_3)
FN:51,(anonymous_4)
FN:67,(anonymous_5)
FN:96,(anonymous_6)
FN:107,(anonymous_7)
FN:112,(anonymous_8)
FN:115,(anonymous_9)
FN:116,(anonymous_10)
FN:128,(anonymous_11)
FN:141,(anonymous_12)
FNF:13
FNH:1
FNDA:8,(anonymous_0)
FNDA:0,(anonymous_1)
FNDA:0,(anonymous_2)
FNDA:0,(anonymous_3)
FNDA:0,(anonymous_4)
FNDA:0,(anonymous_5)
FNDA:0,(anonymous_6)
FNDA:0,(anonymous_7)
FNDA:0,(anonymous_8)
FNDA:0,(anonymous_9)
FNDA:0,(anonymous_10)
FNDA:0,(anonymous_11)
FNDA:0,(anonymous_12)
DA:21,1
DA:22,8
DA:24,8
DA:25,0
DA:26,0
DA:30,0
DA:33,1
DA:34,0
DA:35,0
DA:36,0
DA:37,0
DA:38,0
DA:39,0
DA:41,0
DA:47,0
DA:49,0
DA:50,0
DA:51,0
DA:52,0
DA:55,0
DA:59,0
DA:61,0
DA:67,1
DA:73,0
DA:74,0
DA:78,0
DA:80,0
DA:89,0
DA:93,0
DA:96,1
DA:103,0
DA:107,0
DA:108,0
DA:109,0
DA:110,0
DA:112,0
DA:113,0
DA:115,0
DA:116,0
DA:118,0
DA:123,0
DA:124,0
DA:127,0
DA:128,0
DA:129,0
DA:130,0
DA:131,0
DA:134,0
DA:135,0
DA:136,0
DA:140,0
DA:141,0
DA:142,0
DA:143,0
DA:148,0
DA:154,0
DA:157,0
DA:158,0
DA:159,0
DA:160,0
DA:162,0
DA:165,0
LF:62
LH:6
BRDA:22,0,0,0
BRDA:24,1,0,8
BRDA:25,2,0,0
BRDA:26,3,0,0
BRDA:35,4,0,0
BRDA:38,5,0,0
BRDA:39,6,0,0
BRDA:49,7,0,0
BRDA:52,8,0,0
BRDA:78,9,0,0
BRDA:78,9,1,0
BRDA:80,10,0,0
BRDA:80,10,1,0
BRDA:108,11,0,0
BRDA:110,12,0,0
BRDA:110,13,0,0
BRDA:110,13,1,0
BRDA:119,14,0,0
BRDA:119,14,1,0
BRDA:120,15,0,0
BRDA:120,15,1,0
BRDA:128,16,0,0
BRDA:128,16,1,0
BRDA:129,17,0,0
BRDA:136,18,0,0
BRDA:136,18,1,0
BRDA:136,18,2,0
BRDA:140,19,0,0
BRDA:140,20,0,0
BRDA:140,20,1,0
BRDA:142,21,0,0
BRDA:142,21,1,0
BRDA:157,22,0,0
BRDA:157,23,0,0
BRDA:157,23,1,0
BRF:35
BRH:1
end_of_record
TN:
SF:src/modules/Workspace/utils/topics-utils.ts
FN:14,(anonymous_0)
FN:16,(anonymous_1)
FN:17,(anonymous_2)
FN:24,(anonymous_3)
FN:31,(anonymous_4)
FN:44,(anonymous_5)
FN:53,(anonymous_6)
FN:58,(anonymous_7)
FN:59,(anonymous_8)
FN:71,(anonymous_9)
FN:71,(anonymous_10)
FN:73,(anonymous_11)
FN:90,(anonymous_12)
FN:117,(anonymous_13)
FN:126,(anonymous_14)
FN:134,(anonymous_15)
FN:142,(anonymous_16)
FN:144,(anonymous_17)
FN:145,(anonymous_18)
FN:147,(anonymous_19)
FN:152,(anonymous_20)
FN:153,(anonymous_21)
FN:157,(anonymous_22)
FN:166,(anonymous_23)
FN:171,(anonymous_24)
FN:181,(anonymous_25)
FN:183,(anonymous_26)
FNF:27
FNH:4
FNDA:0,(anonymous_0)
FNDA:0,(anonymous_1)
FNDA:0,(anonymous_2)
FNDA:0,(anonymous_3)
FNDA:32,(anonymous_4)
FNDA:0,(anonymous_5)
FNDA:2,(anonymous_6)
FNDA:126,(anonymous_7)
FNDA:0,(anonymous_8)
FNDA:0,(anonymous_9)
FNDA:0,(anonymous_10)
FNDA:0,(anonymous_11)
FNDA:0,(anonymous_12)
FNDA:2,(anonymous_13)
FNDA:0,(anonymous_14)
FNDA:0,(anonymous_15)
FNDA:0,(anonymous_16)
FNDA:0,(anonymous_17)
FNDA:0,(anonymous_18)
FNDA:0,(anonymous_19)
FNDA:0,(anonymous_20)
FNDA:0,(anonymous_21)
FNDA:0,(anonymous_22)
FNDA:0,(anonymous_23)
FNDA:0,(anonymous_24)
FNDA:0,(anonymous_25)
FNDA:0,(anonymous_26)
DA:10,16
DA:11,16
DA:12,16
DA:14,16
DA:15,0
DA:17,0
DA:18,0
DA:19,0
DA:24,16
DA:25,0
DA:31,16
DA:32,32
DA:33,32
DA:34,156
DA:35,156
DA:36,30
DA:38,126
DA:41,32
DA:44,16
DA:45,0
DA:46,0
DA:48,0
DA:49,0
DA:50,0
DA:53,16
DA:54,2
DA:55,2
DA:58,126
DA:60,0
DA:71,16
DA:73,16
DA:74,0
DA:76,0
DA:77,0
DA:79,0
DA:82,0
DA:83,0
DA:84,0
DA:86,0
DA:87,0
DA:90,16
DA:96,0
DA:98,0
DA:99,0
DA:102,0
DA:103,0
DA:104,0
DA:105,0
DA:106,0
DA:108,0
DA:111,0
DA:117,16
DA:123,2
DA:124,2
DA:126,2
DA:127,0
DA:128,0
DA:131,2
DA:134,16
DA:140,0
DA:141,0
DA:142,0
DA:143,0
DA:144,0
DA:145,0
DA:147,0
DA:149,0
DA:151,0
DA:152,0
DA:153,0
DA:156,0
DA:157,0
DA:158,0
DA:160,0
DA:163,0
DA:166,16
DA:171,0
DA:172,0
DA:174,0
DA:175,0
DA:177,0
DA:181,16
DA:183,0
LF:83
LH:29
BRDA:16,0,0,0
BRDA:16,0,1,0
BRDA:31,1,0,2
BRDA:34,2,0,148
BRDA:34,2,1,8
BRDA:35,3,0,30
BRDA:35,3,1,126
BRDA:35,4,0,156
BRDA:35,4,1,34
BRDA:46,5,0,0
BRDA:49,6,0,0
BRDA:53,7,0,0
BRDA:58,8,0,126
BRDA:58,8,1,6
BRDA:76,9,0,0
BRDA:77,10,0,0
BRDA:82,11,0,0
BRDA:98,12,0,0
BRDA:99,13,0,0
BRDA:99,13,1,0
BRDA:102,14,0,0
BRDA:120,15,0,2
BRDA:123,16,0,2
BRDA:123,16,1,0
BRDA:138,17,0,0
BRDA:141,18,0,0
BRDA:147,19,0,0
BRDA:147,19,1,0
BRDA:151,20,0,0
BRDA:157,21,0,0
BRDA:157,21,1,0
BRDA:174,22,0,0
BRDA:174,23,0,0
BRDA:174,23,1,0
BRDA:177,24,0,0
BRDA:177,24,1,0
BRF:36
BRH:11
end_of_record
TN:
SF:src/utils/types.utils.ts
FN:1,(anonymous_0)
FNF:1
FNH:0
FNDA:0,(anonymous_0)
DA:1,40
DA:2,0
LF:2
LH:1
BRDA:2,0,0,0
BRDA:2,0,1,0
BRF:2
BRH:0
end_of_record
